[2025-04-23T07:01:17.957+0000] {local_task_job_runner.py:123} INFO - ::group::Pre task execution logs
[2025-04-23T07:01:17.966+0000] {taskinstance.py:2614} INFO - Dependencies all met for dep_context=non-requeueable deps ti=<TaskInstance: fetch_weather_data.load_to_postgres scheduled__2025-04-23T07:00:00+00:00 [queued]>
[2025-04-23T07:01:17.969+0000] {taskinstance.py:2614} INFO - Dependencies all met for dep_context=requeueable deps ti=<TaskInstance: fetch_weather_data.load_to_postgres scheduled__2025-04-23T07:00:00+00:00 [queued]>
[2025-04-23T07:01:17.969+0000] {taskinstance.py:2867} INFO - Starting attempt 1 of 2
[2025-04-23T07:01:17.976+0000] {taskinstance.py:2890} INFO - Executing <Task(_PythonDecoratedOperator): load_to_postgres> on 2025-04-23 07:00:00+00:00
[2025-04-23T07:01:17.982+0000] {warnings.py:112} WARNING - /home/***/.local/lib/python3.12/site-packages/***/task/task_runner/standard_task_runner.py:70: DeprecationWarning: This process (pid=12684) is multi-threaded, use of fork() may lead to deadlocks in the child.
  pid = os.fork()

[2025-04-23T07:01:17.983+0000] {standard_task_runner.py:72} INFO - Started process 12686 to run task
[2025-04-23T07:01:17.983+0000] {standard_task_runner.py:104} INFO - Running: ['***', 'tasks', 'run', 'fetch_weather_data', 'load_to_postgres', 'scheduled__2025-04-23T07:00:00+00:00', '--job-id', '85', '--raw', '--subdir', 'DAGS_FOLDER/el_30min.py', '--cfg-path', '/tmp/tmpesm0440p']
[2025-04-23T07:01:17.984+0000] {standard_task_runner.py:105} INFO - Job 85: Subtask load_to_postgres
[2025-04-23T07:01:18.006+0000] {task_command.py:467} INFO - Running <TaskInstance: fetch_weather_data.load_to_postgres scheduled__2025-04-23T07:00:00+00:00 [running]> on host eb276ba0497d
[2025-04-23T07:01:18.086+0000] {taskinstance.py:3134} INFO - Exporting env vars: AIRFLOW_CTX_DAG_OWNER='***' AIRFLOW_CTX_DAG_ID='fetch_weather_data' AIRFLOW_CTX_TASK_ID='load_to_postgres' AIRFLOW_CTX_EXECUTION_DATE='2025-04-23T07:00:00+00:00' AIRFLOW_CTX_TRY_NUMBER='1' AIRFLOW_CTX_DAG_RUN_ID='scheduled__2025-04-23T07:00:00+00:00'
[2025-04-23T07:01:18.087+0000] {taskinstance.py:732} INFO - ::endgroup::
[2025-04-23T07:01:18.092+0000] {base.py:84} INFO - Retrieving connection 'postgres'
[2025-04-23T07:01:18.097+0000] {el_30min.py:206} INFO - Weather data with air quality loaded successfully into PostgreSQL
[2025-04-23T07:01:18.097+0000] {python.py:240} INFO - Done. Returned value was: None
[2025-04-23T07:01:18.102+0000] {taskinstance.py:341} INFO - ::group::Post task execution logs
[2025-04-23T07:01:18.103+0000] {taskinstance.py:353} INFO - Marking task as SUCCESS. dag_id=fetch_weather_data, task_id=load_to_postgres, run_id=scheduled__2025-04-23T07:00:00+00:00, execution_date=20250423T070000, start_date=20250423T070117, end_date=20250423T070118
[2025-04-23T07:01:18.155+0000] {local_task_job_runner.py:266} INFO - Task exited with return code 0
[2025-04-23T07:01:18.163+0000] {taskinstance.py:3901} INFO - 0 downstream tasks scheduled from follow-on schedule check
[2025-04-23T07:01:18.163+0000] {local_task_job_runner.py:245} INFO - ::endgroup::
[2025-04-23T07:30:03.014+0000] {local_task_job_runner.py:123} INFO - ::group::Pre task execution logs
[2025-04-23T07:30:03.024+0000] {taskinstance.py:2614} INFO - Dependencies all met for dep_context=non-requeueable deps ti=<TaskInstance: fetch_weather_data.load_to_postgres scheduled__2025-04-23T07:00:00+00:00 [queued]>
[2025-04-23T07:30:03.027+0000] {taskinstance.py:2614} INFO - Dependencies all met for dep_context=requeueable deps ti=<TaskInstance: fetch_weather_data.load_to_postgres scheduled__2025-04-23T07:00:00+00:00 [queued]>
[2025-04-23T07:30:03.028+0000] {taskinstance.py:2867} INFO - Starting attempt 1 of 2
[2025-04-23T07:30:03.034+0000] {taskinstance.py:2890} INFO - Executing <Task(_PythonDecoratedOperator): load_to_postgres> on 2025-04-23 07:00:00+00:00
[2025-04-23T07:30:03.040+0000] {warnings.py:112} WARNING - /home/***/.local/lib/python3.12/site-packages/***/task/task_runner/standard_task_runner.py:70: DeprecationWarning: This process (pid=16035) is multi-threaded, use of fork() may lead to deadlocks in the child.
  pid = os.fork()

[2025-04-23T07:30:03.041+0000] {standard_task_runner.py:72} INFO - Started process 16037 to run task
[2025-04-23T07:30:03.041+0000] {standard_task_runner.py:104} INFO - Running: ['***', 'tasks', 'run', 'fetch_weather_data', 'load_to_postgres', 'scheduled__2025-04-23T07:00:00+00:00', '--job-id', '170', '--raw', '--subdir', 'DAGS_FOLDER/el_30min.py', '--cfg-path', '/tmp/tmpv13xiezm']
[2025-04-23T07:30:03.043+0000] {standard_task_runner.py:105} INFO - Job 170: Subtask load_to_postgres
[2025-04-23T07:30:03.065+0000] {task_command.py:467} INFO - Running <TaskInstance: fetch_weather_data.load_to_postgres scheduled__2025-04-23T07:00:00+00:00 [running]> on host eb276ba0497d
[2025-04-23T07:30:03.147+0000] {taskinstance.py:3134} INFO - Exporting env vars: AIRFLOW_CTX_DAG_OWNER='***' AIRFLOW_CTX_DAG_ID='fetch_weather_data' AIRFLOW_CTX_TASK_ID='load_to_postgres' AIRFLOW_CTX_EXECUTION_DATE='2025-04-23T07:00:00+00:00' AIRFLOW_CTX_TRY_NUMBER='1' AIRFLOW_CTX_DAG_RUN_ID='scheduled__2025-04-23T07:00:00+00:00'
[2025-04-23T07:30:03.148+0000] {taskinstance.py:732} INFO - ::endgroup::
[2025-04-23T07:30:03.153+0000] {base.py:84} INFO - Retrieving connection 'postgres'
[2025-04-23T07:30:03.158+0000] {el_30min.py:206} INFO - Weather data with air quality loaded successfully into PostgreSQL
[2025-04-23T07:30:03.158+0000] {python.py:240} INFO - Done. Returned value was: None
[2025-04-23T07:30:03.163+0000] {taskinstance.py:341} INFO - ::group::Post task execution logs
[2025-04-23T07:30:03.163+0000] {taskinstance.py:353} INFO - Marking task as SUCCESS. dag_id=fetch_weather_data, task_id=load_to_postgres, run_id=scheduled__2025-04-23T07:00:00+00:00, execution_date=20250423T070000, start_date=20250423T073003, end_date=20250423T073003
[2025-04-23T07:30:03.214+0000] {local_task_job_runner.py:266} INFO - Task exited with return code 0
[2025-04-23T07:30:03.221+0000] {taskinstance.py:3901} INFO - 0 downstream tasks scheduled from follow-on schedule check
[2025-04-23T07:30:03.222+0000] {local_task_job_runner.py:245} INFO - ::endgroup::
