[2025-04-23T08:31:50.517+0000] {local_task_job_runner.py:123} INFO - ::group::Pre task execution logs
[2025-04-23T08:31:50.525+0000] {taskinstance.py:2614} INFO - Dependencies all met for dep_context=non-requeueable deps ti=<TaskInstance: fetch_weather_data.extract_weather_data scheduled__2025-04-23T08:00:00+00:00 [queued]>
[2025-04-23T08:31:50.528+0000] {taskinstance.py:2614} INFO - Dependencies all met for dep_context=requeueable deps ti=<TaskInstance: fetch_weather_data.extract_weather_data scheduled__2025-04-23T08:00:00+00:00 [queued]>
[2025-04-23T08:31:50.529+0000] {taskinstance.py:2867} INFO - Starting attempt 1 of 2
[2025-04-23T08:31:50.534+0000] {taskinstance.py:2890} INFO - Executing <Task(_PythonDecoratedOperator): extract_weather_data> on 2025-04-23 08:00:00+00:00
[2025-04-23T08:31:50.540+0000] {warnings.py:112} WARNING - /home/***/.local/lib/python3.12/site-packages/***/task/task_runner/standard_task_runner.py:70: DeprecationWarning: This process (pid=210) is multi-threaded, use of fork() may lead to deadlocks in the child.
  pid = os.fork()

[2025-04-23T08:31:50.541+0000] {standard_task_runner.py:72} INFO - Started process 212 to run task
[2025-04-23T08:31:50.542+0000] {standard_task_runner.py:104} INFO - Running: ['***', 'tasks', 'run', 'fetch_weather_data', 'extract_weather_data', 'scheduled__2025-04-23T08:00:00+00:00', '--job-id', '174', '--raw', '--subdir', 'DAGS_FOLDER/el_30min.py', '--cfg-path', '/tmp/tmpudc4egq5']
[2025-04-23T08:31:50.543+0000] {standard_task_runner.py:105} INFO - Job 174: Subtask extract_weather_data
[2025-04-23T08:31:50.563+0000] {task_command.py:467} INFO - Running <TaskInstance: fetch_weather_data.extract_weather_data scheduled__2025-04-23T08:00:00+00:00 [running]> on host eb276ba0497d
[2025-04-23T08:31:50.598+0000] {taskinstance.py:3134} INFO - Exporting env vars: AIRFLOW_CTX_DAG_OWNER='***' AIRFLOW_CTX_DAG_ID='fetch_weather_data' AIRFLOW_CTX_TASK_ID='extract_weather_data' AIRFLOW_CTX_EXECUTION_DATE='2025-04-23T08:00:00+00:00' AIRFLOW_CTX_TRY_NUMBER='1' AIRFLOW_CTX_DAG_RUN_ID='scheduled__2025-04-23T08:00:00+00:00'
[2025-04-23T08:31:50.599+0000] {taskinstance.py:732} INFO - ::endgroup::
[2025-04-23T08:31:51.016+0000] {el_30min.py:94} INFO - Kathmandu Weather data fetched successfully
[2025-04-23T08:31:51.017+0000] {el_30min.py:95} INFO - Response data: {'location': {'name': 'Kathmandu', 'region': '', 'country': 'Nepal', 'lat': 27.7167, 'lon': 85.3167, 'tz_id': 'Asia/Kathmandu', 'localtime_epoch': 1745397600, 'localtime': '2025-04-23 14:25'}, 'current': {'last_updated_epoch': 1745397000, 'last_updated': '2025-04-23 14:15', 'temp_c': 31.1, 'temp_f': 88.0, 'is_day': 1, 'condition': {'text': 'Sunny', 'icon': '//cdn.weatherapi.com/weather/64x64/day/113.png', 'code': 1000}, 'wind_mph': 7.4, 'wind_kph': 11.9, 'wind_degree': 249, 'wind_dir': 'WSW', 'pressure_mb': 1010.0, 'pressure_in': 29.83, 'precip_mm': 0.0, 'precip_in': 0.0, 'humidity': 24, 'cloud': 25, 'feelslike_c': 28.9, 'feelslike_f': 83.9, 'windchill_c': 31.4, 'windchill_f': 88.5, 'heatindex_c': 29.2, 'heatindex_f': 84.5, 'dewpoint_c': -0.4, 'dewpoint_f': 31.3, 'vis_km': 10.0, 'vis_miles': 6.0, 'uv': 6.0, 'gust_mph': 8.5, 'gust_kph': 13.7, 'air_quality': {'co': 865.8, 'no2': 2.775, 'o3': 171.0, 'so2': 13.135, 'pm2_5': 61.235, 'pm10': 203.315, 'us-epa-index': 3, 'gb-defra-index': 8}}}
[2025-04-23T08:31:51.020+0000] {python.py:240} INFO - Done. Returned value was:   location_name country      lat  ...     pm10 us_epa_index  gb_defra_index
0     Kathmandu   Nepal  27.7167  ...  203.315            3               8

[1 rows x 42 columns]
[2025-04-23T08:31:51.063+0000] {taskinstance.py:341} INFO - ::group::Post task execution logs
[2025-04-23T08:31:51.063+0000] {taskinstance.py:353} INFO - Marking task as SUCCESS. dag_id=fetch_weather_data, task_id=extract_weather_data, run_id=scheduled__2025-04-23T08:00:00+00:00, execution_date=20250423T080000, start_date=20250423T083150, end_date=20250423T083151
[2025-04-23T08:31:51.115+0000] {local_task_job_runner.py:266} INFO - Task exited with return code 0
[2025-04-23T08:31:51.125+0000] {taskinstance.py:3901} INFO - 1 downstream tasks scheduled from follow-on schedule check
[2025-04-23T08:31:51.126+0000] {local_task_job_runner.py:245} INFO - ::endgroup::
