[2025-04-23T11:02:51.491+0000] {local_task_job_runner.py:123} INFO - ::group::Pre task execution logs
[2025-04-23T11:02:51.502+0000] {taskinstance.py:2614} INFO - Dependencies all met for dep_context=non-requeueable deps ti=<TaskInstance: dbt_transform.dbt_task_group.dim_country_run manual__2025-04-23T10:57:01.209842+00:00 [queued]>
[2025-04-23T11:02:51.506+0000] {taskinstance.py:2614} INFO - Dependencies all met for dep_context=requeueable deps ti=<TaskInstance: dbt_transform.dbt_task_group.dim_country_run manual__2025-04-23T10:57:01.209842+00:00 [queued]>
[2025-04-23T11:02:51.506+0000] {taskinstance.py:2867} INFO - Starting attempt 2 of 4
[2025-04-23T11:02:51.512+0000] {taskinstance.py:2890} INFO - Executing <Task(DbtRunLocalOperator): dbt_task_group.dim_country_run> on 2025-04-23 10:57:01.209842+00:00
[2025-04-23T11:02:51.518+0000] {warnings.py:112} WARNING - /home/***/.local/lib/python3.12/site-packages/***/task/task_runner/standard_task_runner.py:70: DeprecationWarning: This process (pid=14300) is multi-threaded, use of fork() may lead to deadlocks in the child.
  pid = os.fork()

[2025-04-23T11:02:51.518+0000] {standard_task_runner.py:72} INFO - Started process 14301 to run task
[2025-04-23T11:02:51.519+0000] {standard_task_runner.py:104} INFO - Running: ['***', 'tasks', 'run', 'dbt_transform', 'dbt_task_group.dim_country_run', 'manual__2025-04-23T10:57:01.209842+00:00', '--job-id', '326', '--raw', '--subdir', 'DAGS_FOLDER/dbtdag.py', '--cfg-path', '/tmp/tmp1ifagbl5']
[2025-04-23T11:02:51.519+0000] {standard_task_runner.py:105} INFO - Job 326: Subtask dbt_task_group.dim_country_run
[2025-04-23T11:02:51.541+0000] {task_command.py:467} INFO - Running <TaskInstance: dbt_transform.dbt_task_group.dim_country_run manual__2025-04-23T10:57:01.209842+00:00 [running]> on host eb276ba0497d
[2025-04-23T11:02:51.583+0000] {taskinstance.py:3134} INFO - Exporting env vars: AIRFLOW_CTX_DAG_OWNER='***' AIRFLOW_CTX_DAG_ID='dbt_transform' AIRFLOW_CTX_TASK_ID='dbt_task_group.dim_country_run' AIRFLOW_CTX_EXECUTION_DATE='2025-04-23T10:57:01.209842+00:00' AIRFLOW_CTX_TRY_NUMBER='2' AIRFLOW_CTX_DAG_RUN_ID='manual__2025-04-23T10:57:01.209842+00:00'
[2025-04-23T11:02:51.584+0000] {taskinstance.py:732} INFO - ::endgroup::
[2025-04-23T11:02:52.205+0000] {local.py:213} INFO - dbtRunner is available. Using dbtRunner for invoking dbt.
[2025-04-23T11:02:52.205+0000] {local.py:416} INFO - Cloning project to writable temp directory /tmp/tmp3irv1684 from /opt/airflow/dags/dbt/weather
[2025-04-23T11:02:52.205+0000] {local.py:427} INFO - Partial parse is enabled and the latest partial parse file is /tmp/cosmos/dbt_transform__dbt_task_group/target/partial_parse.msgpack
[2025-04-23T11:02:52.209+0000] {config.py:360} INFO - Profile caching is enable.
[2025-04-23T11:02:52.214+0000] {base.py:84} INFO - Retrieving connection 'postgres'
[2025-04-23T11:02:52.215+0000] {config.py:340} INFO - Profile found in cache using profile: /tmp/cosmos/profile/e6e13df970e8fe3ebb4d61c03236437e24a01a4909ada5aa9ec817ff39ff3ca3/profiles.yml.
[2025-04-23T11:02:52.217+0000] {runner.py:60} INFO - Trying to run dbtRunner with:
 ['deps', '--project-dir', '/tmp/tmp3irv1684', '--profiles-dir', '/tmp/cosmos/profile/e6e13df970e8fe3ebb4d61c03236437e24a01a4909ada5aa9ec817ff39ff3ca3', '--profile', 'default', '--target', 'dev']
 in /tmp/tmp3irv1684
[2025-04-23T11:02:52.244+0000] {logging_mixin.py:190} INFO - 11:02:52  Running with dbt=1.8.7
[2025-04-23T11:02:52.727+0000] {logging_mixin.py:190} INFO - 11:02:52  Installing dbt-labs/dbt_utils
[2025-04-23T11:02:53.516+0000] {logging_mixin.py:190} INFO - 11:02:53  Installed from version 0.9.6
[2025-04-23T11:02:53.517+0000] {logging_mixin.py:190} INFO - 11:02:53  Updated version available: 1.3.0
[2025-04-23T11:02:53.517+0000] {logging_mixin.py:190} INFO - 11:02:53
[2025-04-23T11:02:53.518+0000] {logging_mixin.py:190} INFO - 11:02:53  Updates available for packages: ['dbt-labs/dbt_utils']                 
Update your versions in packages.yml, then run dbt deps
[2025-04-23T11:02:54.436+0000] {runner.py:60} INFO - Trying to run dbtRunner with:
 ['run', '--models', 'dim_country', '--project-dir', '/tmp/tmp3irv1684', '--profiles-dir', '/tmp/cosmos/profile/e6e13df970e8fe3ebb4d61c03236437e24a01a4909ada5aa9ec817ff39ff3ca3', '--profile', 'default', '--target', 'dev']
 in /tmp/tmp3irv1684
[2025-04-23T11:02:54.440+0000] {logging_mixin.py:190} INFO - 11:02:54  Running with dbt=1.8.7
[2025-04-23T11:02:54.514+0000] {logging_mixin.py:190} INFO - 11:02:54  Registered adapter: postgres=1.9.0
[2025-04-23T11:02:54.899+0000] {logging_mixin.py:190} INFO - 11:02:54  Found 5 models, 626 macros
[2025-04-23T11:02:54.900+0000] {logging_mixin.py:190} INFO - 11:02:54
[2025-04-23T11:02:54.945+0000] {logging_mixin.py:190} INFO - 11:02:54  Concurrency: 1 threads (target='dev')
[2025-04-23T11:02:54.945+0000] {logging_mixin.py:190} INFO - 11:02:54
[2025-04-23T11:02:54.947+0000] {logging_mixin.py:190} INFO - 11:02:54  1 of 1 START sql table model transformed.dim_country ........................... [RUN]
[2025-04-23T11:02:55.014+0000] {logging_mixin.py:190} INFO - 11:02:55  1 of 1 OK created sql table model transformed.dim_country ...................... [SELECT 1 in 0.07s]
[2025-04-23T11:02:55.019+0000] {logging_mixin.py:190} INFO - 11:02:55
[2025-04-23T11:02:55.019+0000] {logging_mixin.py:190} INFO - 11:02:55  Finished running 1 table model in 0 hours 0 minutes and 0.12 seconds (0.12s).
[2025-04-23T11:02:55.035+0000] {logging_mixin.py:190} INFO - 11:02:55
[2025-04-23T11:02:55.035+0000] {logging_mixin.py:190} INFO - 11:02:55  Completed successfully
[2025-04-23T11:02:55.035+0000] {logging_mixin.py:190} INFO - 11:02:55
[2025-04-23T11:02:55.035+0000] {logging_mixin.py:190} INFO - 11:02:55  Done. PASS=1 WARN=0 ERROR=0 SKIP=0 TOTAL=1
[2025-04-23T11:02:56.020+0000] {local.py:465} INFO - Inlets: [Dataset(uri='postgres://192.168.88.40:9878/postgres.transformed.stg_weather_data', extra=None)]
[2025-04-23T11:02:56.020+0000] {local.py:466} INFO - Outlets: [Dataset(uri='postgres://192.168.88.40:9878/postgres.transformed.dim_country', extra=None)]
[2025-04-23T11:02:56.020+0000] {local.py:656} INFO - Assigning inlets/outlets with DatasetAlias
[2025-04-23T11:02:56.049+0000] {taskinstance.py:341} INFO - ::group::Post task execution logs
[2025-04-23T11:02:56.050+0000] {taskinstance.py:353} INFO - Marking task as SUCCESS. dag_id=dbt_transform, task_id=dbt_task_group.dim_country_run, run_id=manual__2025-04-23T10:57:01.209842+00:00, execution_date=20250423T105701, start_date=20250423T110251, end_date=20250423T110256
[2025-04-23T11:02:56.054+0000] {taskinstance.py:3064} INFO - Creating event for DatasetModel(uri='postgres://192.168.88.40:9878/postgres.transformed.dim_country', extra={}) through aliases "dbt_transform__dbt_task_group__dim_country_run"
[2025-04-23T11:02:56.102+0000] {local_task_job_runner.py:266} INFO - Task exited with return code 0
[2025-04-23T11:02:56.117+0000] {taskinstance.py:3901} INFO - 1 downstream tasks scheduled from follow-on schedule check
[2025-04-23T11:02:56.118+0000] {local_task_job_runner.py:245} INFO - ::endgroup::
