[2025-04-23T10:04:22.904+0000] {local_task_job_runner.py:123} INFO - ::group::Pre task execution logs
[2025-04-23T10:04:22.914+0000] {taskinstance.py:2614} INFO - Dependencies all met for dep_context=non-requeueable deps ti=<TaskInstance: fetch_weather_data_daily.extract_backfill_data_2025-04-21 scheduled__2025-04-22T00:00:00+00:00 [queued]>
[2025-04-23T10:04:22.918+0000] {taskinstance.py:2614} INFO - Dependencies all met for dep_context=requeueable deps ti=<TaskInstance: fetch_weather_data_daily.extract_backfill_data_2025-04-21 scheduled__2025-04-22T00:00:00+00:00 [queued]>
[2025-04-23T10:04:22.918+0000] {taskinstance.py:2867} INFO - Starting attempt 1 of 2
[2025-04-23T10:04:22.924+0000] {taskinstance.py:2890} INFO - Executing <Task(_PythonDecoratedOperator): extract_backfill_data_2025-04-21> on 2025-04-22 00:00:00+00:00
[2025-04-23T10:04:22.930+0000] {warnings.py:112} WARNING - /home/***/.local/lib/python3.12/site-packages/***/task/task_runner/standard_task_runner.py:70: DeprecationWarning: This process (pid=8897) is multi-threaded, use of fork() may lead to deadlocks in the child.
  pid = os.fork()

[2025-04-23T10:04:22.930+0000] {standard_task_runner.py:72} INFO - Started process 8899 to run task
[2025-04-23T10:04:22.931+0000] {standard_task_runner.py:104} INFO - Running: ['***', 'tasks', 'run', 'fetch_weather_data_daily', 'extract_backfill_data_2025-04-21', 'scheduled__2025-04-22T00:00:00+00:00', '--job-id', '282', '--raw', '--subdir', 'DAGS_FOLDER/el_daily.py', '--cfg-path', '/tmp/tmp5kvbu4w9']
[2025-04-23T10:04:22.932+0000] {standard_task_runner.py:105} INFO - Job 282: Subtask extract_backfill_data_2025-04-21
[2025-04-23T10:04:22.955+0000] {task_command.py:467} INFO - Running <TaskInstance: fetch_weather_data_daily.extract_backfill_data_2025-04-21 scheduled__2025-04-22T00:00:00+00:00 [running]> on host eb276ba0497d
[2025-04-23T10:04:22.987+0000] {taskinstance.py:3134} INFO - Exporting env vars: AIRFLOW_CTX_DAG_OWNER='***' AIRFLOW_CTX_DAG_ID='fetch_weather_data_daily' AIRFLOW_CTX_TASK_ID='extract_backfill_data_2025-04-21' AIRFLOW_CTX_EXECUTION_DATE='2025-04-22T00:00:00+00:00' AIRFLOW_CTX_TRY_NUMBER='1' AIRFLOW_CTX_DAG_RUN_ID='scheduled__2025-04-22T00:00:00+00:00'
[2025-04-23T10:04:22.988+0000] {taskinstance.py:732} INFO - ::endgroup::
[2025-04-23T10:04:23.355+0000] {python.py:240} INFO - Done. Returned value was:          name region country      lat  ...  vis_miles gust_mph  gust_kph   uv
0   Kathmandu          Nepal  27.7167  ...        6.0      9.4      15.1  0.0
1   Kathmandu          Nepal  27.7167  ...        6.0      8.9      14.4  0.0
2   Kathmandu          Nepal  27.7167  ...        6.0      6.6      10.6  0.0
3   Kathmandu          Nepal  27.7167  ...        6.0      4.7       7.6  0.0
4   Kathmandu          Nepal  27.7167  ...        6.0      2.3       3.8  0.0
5   Kathmandu          Nepal  27.7167  ...        6.0      3.3       5.3  0.0
6   Kathmandu          Nepal  27.7167  ...        6.0      2.7       4.3  5.0
7   Kathmandu          Nepal  27.7167  ...        6.0      3.2       5.1  6.0
8   Kathmandu          Nepal  27.7167  ...        6.0      6.6      10.6  6.0
9   Kathmandu          Nepal  27.7167  ...        6.0      8.7      13.9  6.0
10  Kathmandu          Nepal  27.7167  ...        6.0     10.9      17.6  7.0
11  Kathmandu          Nepal  27.7167  ...        6.0     12.3      19.8  7.0
12  Kathmandu          Nepal  27.7167  ...        6.0     13.2      21.2  7.0
13  Kathmandu          Nepal  27.7167  ...        6.0     14.7      23.6  7.0
14  Kathmandu          Nepal  27.7167  ...        6.0     14.8      23.8  7.0
15  Kathmandu          Nepal  27.7167  ...        6.0     14.6      23.4  7.0
16  Kathmandu          Nepal  27.7167  ...        6.0     13.0      21.0  7.0
17  Kathmandu          Nepal  27.7167  ...        6.0     11.7      18.8  7.0
18  Kathmandu          Nepal  27.7167  ...        6.0      9.1      14.7  6.0
19  Kathmandu          Nepal  27.7167  ...        6.0      9.7      15.6  0.0
20  Kathmandu          Nepal  27.7167  ...        6.0      7.5      12.1  0.0
21  Kathmandu          Nepal  27.7167  ...        6.0      7.3      11.8  0.0
22  Kathmandu          Nepal  27.7167  ...        6.0      7.0      11.3  0.0
23  Kathmandu          Nepal  27.7167  ...        6.0      6.1       9.8  0.0

[24 rows x 41 columns]
[2025-04-23T10:04:23.412+0000] {taskinstance.py:341} INFO - ::group::Post task execution logs
[2025-04-23T10:04:23.412+0000] {taskinstance.py:353} INFO - Marking task as SUCCESS. dag_id=fetch_weather_data_daily, task_id=extract_backfill_data_2025-04-21, run_id=scheduled__2025-04-22T00:00:00+00:00, execution_date=20250422T000000, start_date=20250423T100422, end_date=20250423T100423
[2025-04-23T10:04:23.464+0000] {local_task_job_runner.py:266} INFO - Task exited with return code 0
[2025-04-23T10:04:23.480+0000] {taskinstance.py:3901} INFO - 1 downstream tasks scheduled from follow-on schedule check
[2025-04-23T10:04:23.481+0000] {local_task_job_runner.py:245} INFO - ::endgroup::
