[2025-04-23T07:25:00.925+0000] {local_task_job_runner.py:123} INFO - ::group::Pre task execution logs
[2025-04-23T07:25:00.933+0000] {taskinstance.py:2614} INFO - Dependencies all met for dep_context=non-requeueable deps ti=<TaskInstance: fetch_weather_data.create_tables scheduled__2025-04-23T07:24:00+00:00 [queued]>
[2025-04-23T07:25:00.936+0000] {taskinstance.py:2614} INFO - Dependencies all met for dep_context=requeueable deps ti=<TaskInstance: fetch_weather_data.create_tables scheduled__2025-04-23T07:24:00+00:00 [queued]>
[2025-04-23T07:25:00.936+0000] {taskinstance.py:2867} INFO - Starting attempt 1 of 2
[2025-04-23T07:25:00.943+0000] {taskinstance.py:2890} INFO - Executing <Task(_PythonDecoratedOperator): create_tables> on 2025-04-23 07:24:00+00:00
[2025-04-23T07:25:00.949+0000] {warnings.py:112} WARNING - /home/***/.local/lib/python3.12/site-packages/***/task/task_runner/standard_task_runner.py:70: DeprecationWarning: This process (pid=15516) is multi-threaded, use of fork() may lead to deadlocks in the child.
  pid = os.fork()

[2025-04-23T07:25:00.950+0000] {standard_task_runner.py:72} INFO - Started process 15518 to run task
[2025-04-23T07:25:00.950+0000] {standard_task_runner.py:104} INFO - Running: ['***', 'tasks', 'run', 'fetch_weather_data', 'create_tables', 'scheduled__2025-04-23T07:24:00+00:00', '--job-id', '155', '--raw', '--subdir', 'DAGS_FOLDER/el_30min.py', '--cfg-path', '/tmp/tmpbekiewdc']
[2025-04-23T07:25:00.952+0000] {standard_task_runner.py:105} INFO - Job 155: Subtask create_tables
[2025-04-23T07:25:00.975+0000] {task_command.py:467} INFO - Running <TaskInstance: fetch_weather_data.create_tables scheduled__2025-04-23T07:24:00+00:00 [running]> on host eb276ba0497d
[2025-04-23T07:25:01.013+0000] {taskinstance.py:3134} INFO - Exporting env vars: AIRFLOW_CTX_DAG_OWNER='***' AIRFLOW_CTX_DAG_ID='fetch_weather_data' AIRFLOW_CTX_TASK_ID='create_tables' AIRFLOW_CTX_EXECUTION_DATE='2025-04-23T07:24:00+00:00' AIRFLOW_CTX_TRY_NUMBER='1' AIRFLOW_CTX_DAG_RUN_ID='scheduled__2025-04-23T07:24:00+00:00'
[2025-04-23T07:25:01.014+0000] {taskinstance.py:732} INFO - ::endgroup::
[2025-04-23T07:25:01.019+0000] {base.py:84} INFO - Retrieving connection 'postgres'
[2025-04-23T07:25:01.022+0000] {python.py:240} INFO - Done. Returned value was: None
[2025-04-23T07:25:01.027+0000] {taskinstance.py:341} INFO - ::group::Post task execution logs
[2025-04-23T07:25:01.027+0000] {taskinstance.py:353} INFO - Marking task as SUCCESS. dag_id=fetch_weather_data, task_id=create_tables, run_id=scheduled__2025-04-23T07:24:00+00:00, execution_date=20250423T072400, start_date=20250423T072500, end_date=20250423T072501
[2025-04-23T07:25:01.083+0000] {local_task_job_runner.py:266} INFO - Task exited with return code 0
[2025-04-23T07:25:01.098+0000] {taskinstance.py:3901} INFO - 1 downstream tasks scheduled from follow-on schedule check
[2025-04-23T07:25:01.099+0000] {local_task_job_runner.py:245} INFO - ::endgroup::
