[2025-04-23T09:00:00.826+0000] {local_task_job_runner.py:123} INFO - ::group::Pre task execution logs
[2025-04-23T09:00:00.833+0000] {taskinstance.py:2614} INFO - Dependencies all met for dep_context=non-requeueable deps ti=<TaskInstance: fetch_weather_data.create_tables scheduled__2025-04-23T08:30:00+00:00 [queued]>
[2025-04-23T09:00:00.836+0000] {taskinstance.py:2614} INFO - Dependencies all met for dep_context=requeueable deps ti=<TaskInstance: fetch_weather_data.create_tables scheduled__2025-04-23T08:30:00+00:00 [queued]>
[2025-04-23T09:00:00.836+0000] {taskinstance.py:2867} INFO - Starting attempt 1 of 2
[2025-04-23T09:00:00.843+0000] {taskinstance.py:2890} INFO - Executing <Task(_PythonDecoratedOperator): create_tables> on 2025-04-23 08:30:00+00:00
[2025-04-23T09:00:00.849+0000] {warnings.py:112} WARNING - /home/***/.local/lib/python3.12/site-packages/***/task/task_runner/standard_task_runner.py:70: DeprecationWarning: This process (pid=2337) is multi-threaded, use of fork() may lead to deadlocks in the child.
  pid = os.fork()

[2025-04-23T09:00:00.850+0000] {standard_task_runner.py:72} INFO - Started process 2339 to run task
[2025-04-23T09:00:00.850+0000] {standard_task_runner.py:104} INFO - Running: ['***', 'tasks', 'run', 'fetch_weather_data', 'create_tables', 'scheduled__2025-04-23T08:30:00+00:00', '--job-id', '177', '--raw', '--subdir', 'DAGS_FOLDER/el_30min.py', '--cfg-path', '/tmp/tmp7o5ncb6f']
[2025-04-23T09:00:00.851+0000] {standard_task_runner.py:105} INFO - Job 177: Subtask create_tables
[2025-04-23T09:00:00.876+0000] {task_command.py:467} INFO - Running <TaskInstance: fetch_weather_data.create_tables scheduled__2025-04-23T08:30:00+00:00 [running]> on host eb276ba0497d
[2025-04-23T09:00:00.912+0000] {taskinstance.py:3134} INFO - Exporting env vars: AIRFLOW_CTX_DAG_OWNER='***' AIRFLOW_CTX_DAG_ID='fetch_weather_data' AIRFLOW_CTX_TASK_ID='create_tables' AIRFLOW_CTX_EXECUTION_DATE='2025-04-23T08:30:00+00:00' AIRFLOW_CTX_TRY_NUMBER='1' AIRFLOW_CTX_DAG_RUN_ID='scheduled__2025-04-23T08:30:00+00:00'
[2025-04-23T09:00:00.913+0000] {taskinstance.py:732} INFO - ::endgroup::
[2025-04-23T09:00:00.918+0000] {base.py:84} INFO - Retrieving connection 'postgres'
[2025-04-23T09:00:00.921+0000] {python.py:240} INFO - Done. Returned value was: None
[2025-04-23T09:00:00.926+0000] {taskinstance.py:341} INFO - ::group::Post task execution logs
[2025-04-23T09:00:00.926+0000] {taskinstance.py:353} INFO - Marking task as SUCCESS. dag_id=fetch_weather_data, task_id=create_tables, run_id=scheduled__2025-04-23T08:30:00+00:00, execution_date=20250423T083000, start_date=20250423T090000, end_date=20250423T090000
[2025-04-23T09:00:00.982+0000] {local_task_job_runner.py:266} INFO - Task exited with return code 0
[2025-04-23T09:00:00.998+0000] {taskinstance.py:3901} INFO - 1 downstream tasks scheduled from follow-on schedule check
[2025-04-23T09:00:00.999+0000] {local_task_job_runner.py:245} INFO - ::endgroup::
