[2025-04-23T07:03:01.879+0000] {local_task_job_runner.py:123} INFO - ::group::Pre task execution logs
[2025-04-23T07:03:01.888+0000] {taskinstance.py:2614} INFO - Dependencies all met for dep_context=non-requeueable deps ti=<TaskInstance: fetch_weather_data.extract_weather_data scheduled__2025-04-23T07:02:00+00:00 [queued]>
[2025-04-23T07:03:01.892+0000] {taskinstance.py:2614} INFO - Dependencies all met for dep_context=requeueable deps ti=<TaskInstance: fetch_weather_data.extract_weather_data scheduled__2025-04-23T07:02:00+00:00 [queued]>
[2025-04-23T07:03:01.892+0000] {taskinstance.py:2867} INFO - Starting attempt 1 of 2
[2025-04-23T07:03:01.898+0000] {taskinstance.py:2890} INFO - Executing <Task(_PythonDecoratedOperator): extract_weather_data> on 2025-04-23 07:02:00+00:00
[2025-04-23T07:03:01.904+0000] {warnings.py:112} WARNING - /home/***/.local/lib/python3.12/site-packages/***/task/task_runner/standard_task_runner.py:70: DeprecationWarning: This process (pid=12890) is multi-threaded, use of fork() may lead to deadlocks in the child.
  pid = os.fork()

[2025-04-23T07:03:01.905+0000] {standard_task_runner.py:72} INFO - Started process 12892 to run task
[2025-04-23T07:03:01.905+0000] {standard_task_runner.py:104} INFO - Running: ['***', 'tasks', 'run', 'fetch_weather_data', 'extract_weather_data', 'scheduled__2025-04-23T07:02:00+00:00', '--job-id', '90', '--raw', '--subdir', 'DAGS_FOLDER/el_30min.py', '--cfg-path', '/tmp/tmp15a3z1_q']
[2025-04-23T07:03:01.906+0000] {standard_task_runner.py:105} INFO - Job 90: Subtask extract_weather_data
[2025-04-23T07:03:01.927+0000] {task_command.py:467} INFO - Running <TaskInstance: fetch_weather_data.extract_weather_data scheduled__2025-04-23T07:02:00+00:00 [running]> on host eb276ba0497d
[2025-04-23T07:03:01.961+0000] {taskinstance.py:3134} INFO - Exporting env vars: AIRFLOW_CTX_DAG_OWNER='***' AIRFLOW_CTX_DAG_ID='fetch_weather_data' AIRFLOW_CTX_TASK_ID='extract_weather_data' AIRFLOW_CTX_EXECUTION_DATE='2025-04-23T07:02:00+00:00' AIRFLOW_CTX_TRY_NUMBER='1' AIRFLOW_CTX_DAG_RUN_ID='scheduled__2025-04-23T07:02:00+00:00'
[2025-04-23T07:03:01.962+0000] {taskinstance.py:732} INFO - ::endgroup::
[2025-04-23T07:03:02.308+0000] {el_30min.py:94} INFO - Kathmandu Weather data fetched successfully
[2025-04-23T07:03:02.309+0000] {el_30min.py:95} INFO - Response data: {'location': {'name': 'Kathmandu', 'region': '', 'country': 'Nepal', 'lat': 27.7167, 'lon': 85.3167, 'tz_id': 'Asia/Kathmandu', 'localtime_epoch': 1745391604, 'localtime': '2025-04-23 12:45'}, 'current': {'last_updated_epoch': 1745390700, 'last_updated': '2025-04-23 12:30', 'temp_c': 30.2, 'temp_f': 86.4, 'is_day': 1, 'condition': {'text': 'Sunny', 'icon': '//cdn.weatherapi.com/weather/64x64/day/113.png', 'code': 1000}, 'wind_mph': 5.4, 'wind_kph': 8.6, 'wind_degree': 248, 'wind_dir': 'WSW', 'pressure_mb': 1012.0, 'pressure_in': 29.88, 'precip_mm': 0.0, 'precip_in': 0.0, 'humidity': 25, 'cloud': 25, 'feelslike_c': 28.0, 'feelslike_f': 82.4, 'windchill_c': 31.1, 'windchill_f': 88.0, 'heatindex_c': 28.8, 'heatindex_f': 83.9, 'dewpoint_c': -1.2, 'dewpoint_f': 29.9, 'vis_km': 8.0, 'vis_miles': 4.0, 'uv': 10.7, 'gust_mph': 6.2, 'gust_kph': 9.9, 'air_quality': {'co': 1008.25, 'no2': 14.43, 'o3': 142.0, 'so2': 13.505, 'pm2_5': 99.345, 'pm10': 172.235, 'us-epa-index': 4, 'gb-defra-index': 10}}}
[2025-04-23T07:03:02.312+0000] {python.py:240} INFO - Done. Returned value was:   location_name country      lat  ...     pm10 us_epa_index  gb_defra_index
0     Kathmandu   Nepal  27.7167  ...  172.235            4              10

[1 rows x 42 columns]
[2025-04-23T07:03:02.364+0000] {taskinstance.py:341} INFO - ::group::Post task execution logs
[2025-04-23T07:03:02.365+0000] {taskinstance.py:353} INFO - Marking task as SUCCESS. dag_id=fetch_weather_data, task_id=extract_weather_data, run_id=scheduled__2025-04-23T07:02:00+00:00, execution_date=20250423T070200, start_date=20250423T070301, end_date=20250423T070302
[2025-04-23T07:03:02.399+0000] {local_task_job_runner.py:266} INFO - Task exited with return code 0
[2025-04-23T07:03:02.410+0000] {taskinstance.py:3901} INFO - 1 downstream tasks scheduled from follow-on schedule check
[2025-04-23T07:03:02.412+0000] {local_task_job_runner.py:245} INFO - ::endgroup::
