[2025-04-23T11:02:56.604+0000] {local_task_job_runner.py:123} INFO - ::group::Pre task execution logs
[2025-04-23T11:02:56.616+0000] {taskinstance.py:2614} INFO - Dependencies all met for dep_context=non-requeueable deps ti=<TaskInstance: dbt_transform.dbt_task_group.dim_district_run manual__2025-04-23T10:57:01.209842+00:00 [queued]>
[2025-04-23T11:02:56.620+0000] {taskinstance.py:2614} INFO - Dependencies all met for dep_context=requeueable deps ti=<TaskInstance: dbt_transform.dbt_task_group.dim_district_run manual__2025-04-23T10:57:01.209842+00:00 [queued]>
[2025-04-23T11:02:56.620+0000] {taskinstance.py:2867} INFO - Starting attempt 2 of 4
[2025-04-23T11:02:56.627+0000] {taskinstance.py:2890} INFO - Executing <Task(DbtRunLocalOperator): dbt_task_group.dim_district_run> on 2025-04-23 10:57:01.209842+00:00
[2025-04-23T11:02:56.633+0000] {warnings.py:112} WARNING - /home/***/.local/lib/python3.12/site-packages/***/task/task_runner/standard_task_runner.py:70: DeprecationWarning: This process (pid=14310) is multi-threaded, use of fork() may lead to deadlocks in the child.
  pid = os.fork()

[2025-04-23T11:02:56.633+0000] {standard_task_runner.py:72} INFO - Started process 14311 to run task
[2025-04-23T11:02:56.634+0000] {standard_task_runner.py:104} INFO - Running: ['***', 'tasks', 'run', 'dbt_transform', 'dbt_task_group.dim_district_run', 'manual__2025-04-23T10:57:01.209842+00:00', '--job-id', '327', '--raw', '--subdir', 'DAGS_FOLDER/dbtdag.py', '--cfg-path', '/tmp/tmpr6ixxnlv']
[2025-04-23T11:02:56.634+0000] {standard_task_runner.py:105} INFO - Job 327: Subtask dbt_task_group.dim_district_run
[2025-04-23T11:02:56.658+0000] {task_command.py:467} INFO - Running <TaskInstance: dbt_transform.dbt_task_group.dim_district_run manual__2025-04-23T10:57:01.209842+00:00 [running]> on host eb276ba0497d
[2025-04-23T11:02:56.700+0000] {taskinstance.py:3134} INFO - Exporting env vars: AIRFLOW_CTX_DAG_OWNER='***' AIRFLOW_CTX_DAG_ID='dbt_transform' AIRFLOW_CTX_TASK_ID='dbt_task_group.dim_district_run' AIRFLOW_CTX_EXECUTION_DATE='2025-04-23T10:57:01.209842+00:00' AIRFLOW_CTX_TRY_NUMBER='2' AIRFLOW_CTX_DAG_RUN_ID='manual__2025-04-23T10:57:01.209842+00:00'
[2025-04-23T11:02:56.701+0000] {taskinstance.py:732} INFO - ::endgroup::
[2025-04-23T11:02:57.326+0000] {local.py:213} INFO - dbtRunner is available. Using dbtRunner for invoking dbt.
[2025-04-23T11:02:57.326+0000] {local.py:416} INFO - Cloning project to writable temp directory /tmp/tmp35p956pv from /opt/airflow/dags/dbt/weather
[2025-04-23T11:02:57.327+0000] {local.py:427} INFO - Partial parse is enabled and the latest partial parse file is /tmp/cosmos/dbt_transform__dbt_task_group/target/partial_parse.msgpack
[2025-04-23T11:02:57.331+0000] {config.py:360} INFO - Profile caching is enable.
[2025-04-23T11:02:57.336+0000] {base.py:84} INFO - Retrieving connection 'postgres'
[2025-04-23T11:02:57.336+0000] {config.py:340} INFO - Profile found in cache using profile: /tmp/cosmos/profile/e6e13df970e8fe3ebb4d61c03236437e24a01a4909ada5aa9ec817ff39ff3ca3/profiles.yml.
[2025-04-23T11:02:57.338+0000] {runner.py:60} INFO - Trying to run dbtRunner with:
 ['deps', '--project-dir', '/tmp/tmp35p956pv', '--profiles-dir', '/tmp/cosmos/profile/e6e13df970e8fe3ebb4d61c03236437e24a01a4909ada5aa9ec817ff39ff3ca3', '--profile', 'default', '--target', 'dev']
 in /tmp/tmp35p956pv
[2025-04-23T11:02:57.366+0000] {logging_mixin.py:190} INFO - 11:02:57  Running with dbt=1.8.7
[2025-04-23T11:02:57.821+0000] {logging_mixin.py:190} INFO - 11:02:57  Installing dbt-labs/dbt_utils
[2025-04-23T11:02:58.622+0000] {logging_mixin.py:190} INFO - 11:02:58  Installed from version 0.9.6
[2025-04-23T11:02:58.623+0000] {logging_mixin.py:190} INFO - 11:02:58  Updated version available: 1.3.0
[2025-04-23T11:02:58.624+0000] {logging_mixin.py:190} INFO - 11:02:58
[2025-04-23T11:02:58.624+0000] {logging_mixin.py:190} INFO - 11:02:58  Updates available for packages: ['dbt-labs/dbt_utils']                 
Update your versions in packages.yml, then run dbt deps
[2025-04-23T11:02:59.560+0000] {runner.py:60} INFO - Trying to run dbtRunner with:
 ['run', '--models', 'dim_district', '--project-dir', '/tmp/tmp35p956pv', '--profiles-dir', '/tmp/cosmos/profile/e6e13df970e8fe3ebb4d61c03236437e24a01a4909ada5aa9ec817ff39ff3ca3', '--profile', 'default', '--target', 'dev']
 in /tmp/tmp35p956pv
[2025-04-23T11:02:59.565+0000] {logging_mixin.py:190} INFO - 11:02:59  Running with dbt=1.8.7
[2025-04-23T11:02:59.638+0000] {logging_mixin.py:190} INFO - 11:02:59  Registered adapter: postgres=1.9.0
[2025-04-23T11:03:00.026+0000] {logging_mixin.py:190} INFO - 11:03:00  Found 5 models, 626 macros
[2025-04-23T11:03:00.027+0000] {logging_mixin.py:190} INFO - 11:03:00
[2025-04-23T11:03:00.071+0000] {logging_mixin.py:190} INFO - 11:03:00  Concurrency: 1 threads (target='dev')
[2025-04-23T11:03:00.071+0000] {logging_mixin.py:190} INFO - 11:03:00
[2025-04-23T11:03:00.073+0000] {logging_mixin.py:190} INFO - 11:03:00  1 of 1 START sql table model transformed.dim_district .......................... [RUN]
[2025-04-23T11:03:00.136+0000] {logging_mixin.py:190} INFO - 11:03:00  1 of 1 OK created sql table model transformed.dim_district ..................... [SELECT 1 in 0.06s]
[2025-04-23T11:03:00.141+0000] {logging_mixin.py:190} INFO - 11:03:00
[2025-04-23T11:03:00.141+0000] {logging_mixin.py:190} INFO - 11:03:00  Finished running 1 table model in 0 hours 0 minutes and 0.11 seconds (0.11s).
[2025-04-23T11:03:00.157+0000] {logging_mixin.py:190} INFO - 11:03:00
[2025-04-23T11:03:00.157+0000] {logging_mixin.py:190} INFO - 11:03:00  Completed successfully
[2025-04-23T11:03:00.157+0000] {logging_mixin.py:190} INFO - 11:03:00
[2025-04-23T11:03:00.158+0000] {logging_mixin.py:190} INFO - 11:03:00  Done. PASS=1 WARN=0 ERROR=0 SKIP=0 TOTAL=1
[2025-04-23T11:03:01.146+0000] {local.py:465} INFO - Inlets: [Dataset(uri='postgres://192.168.88.40:9878/postgres.transformed.dim_country', extra=None), Dataset(uri='postgres://192.168.88.40:9878/postgres.transformed.stg_weather_data', extra=None)]
[2025-04-23T11:03:01.146+0000] {local.py:466} INFO - Outlets: [Dataset(uri='postgres://192.168.88.40:9878/postgres.transformed.dim_district', extra=None)]
[2025-04-23T11:03:01.146+0000] {local.py:656} INFO - Assigning inlets/outlets with DatasetAlias
[2025-04-23T11:03:01.176+0000] {taskinstance.py:341} INFO - ::group::Post task execution logs
[2025-04-23T11:03:01.176+0000] {taskinstance.py:353} INFO - Marking task as SUCCESS. dag_id=dbt_transform, task_id=dbt_task_group.dim_district_run, run_id=manual__2025-04-23T10:57:01.209842+00:00, execution_date=20250423T105701, start_date=20250423T110256, end_date=20250423T110301
[2025-04-23T11:03:01.179+0000] {taskinstance.py:3064} INFO - Creating event for DatasetModel(uri='postgres://192.168.88.40:9878/postgres.transformed.dim_district', extra={}) through aliases "dbt_transform__dbt_task_group__dim_district_run"
[2025-04-23T11:03:01.258+0000] {local_task_job_runner.py:266} INFO - Task exited with return code 0
[2025-04-23T11:03:01.273+0000] {taskinstance.py:3901} INFO - 1 downstream tasks scheduled from follow-on schedule check
[2025-04-23T11:03:01.274+0000] {local_task_job_runner.py:245} INFO - ::endgroup::
