[2025-04-22T09:53:49.196+0000] {processor.py:186} INFO - Started process (PID=99) to work on /home/airflow/.local/lib/python3.12/site-packages/airflow/example_dags/example_local_kubernetes_executor.py
[2025-04-22T09:53:49.196+0000] {processor.py:914} INFO - Processing file /home/airflow/.local/lib/python3.12/site-packages/airflow/example_dags/example_local_kubernetes_executor.py for tasks to queue
[2025-04-22T09:53:49.197+0000] {logging_mixin.py:190} INFO - [2025-04-22T09:53:49.197+0000] {dagbag.py:588} INFO - Filling up the DagBag from /home/airflow/.local/lib/python3.12/site-packages/airflow/example_dags/example_local_kubernetes_executor.py
[2025-04-22T09:53:49.203+0000] {processor.py:925} INFO - DAG(s) 'example_local_kubernetes_executor' retrieved from /home/airflow/.local/lib/python3.12/site-packages/airflow/example_dags/example_local_kubernetes_executor.py
[2025-04-22T09:53:49.210+0000] {logging_mixin.py:190} INFO - [2025-04-22T09:53:49.210+0000] {dag.py:3239} INFO - Sync 1 DAGs
[2025-04-22T09:53:49.218+0000] {logging_mixin.py:190} INFO - [2025-04-22T09:53:49.218+0000] {dag.py:4180} INFO - Setting next_dagrun for example_local_kubernetes_executor to None, run_after=None
[2025-04-22T09:53:49.228+0000] {processor.py:208} INFO - Processing /home/airflow/.local/lib/python3.12/site-packages/airflow/example_dags/example_local_kubernetes_executor.py took 0.035 seconds
[2025-04-22T09:55:02.276+0000] {processor.py:186} INFO - Started process (PID=99) to work on /home/airflow/.local/lib/python3.12/site-packages/airflow/example_dags/example_local_kubernetes_executor.py
[2025-04-22T09:55:02.276+0000] {processor.py:914} INFO - Processing file /home/airflow/.local/lib/python3.12/site-packages/airflow/example_dags/example_local_kubernetes_executor.py for tasks to queue
[2025-04-22T09:55:02.277+0000] {logging_mixin.py:190} INFO - [2025-04-22T09:55:02.277+0000] {dagbag.py:588} INFO - Filling up the DagBag from /home/airflow/.local/lib/python3.12/site-packages/airflow/example_dags/example_local_kubernetes_executor.py
[2025-04-22T09:55:02.282+0000] {processor.py:925} INFO - DAG(s) 'example_local_kubernetes_executor' retrieved from /home/airflow/.local/lib/python3.12/site-packages/airflow/example_dags/example_local_kubernetes_executor.py
[2025-04-22T09:55:02.331+0000] {logging_mixin.py:190} INFO - [2025-04-22T09:55:02.331+0000] {dag.py:3239} INFO - Sync 1 DAGs
[2025-04-22T09:55:02.336+0000] {logging_mixin.py:190} INFO - [2025-04-22T09:55:02.336+0000] {dag.py:4180} INFO - Setting next_dagrun for example_local_kubernetes_executor to None, run_after=None
[2025-04-22T09:55:02.342+0000] {processor.py:208} INFO - Processing /home/airflow/.local/lib/python3.12/site-packages/airflow/example_dags/example_local_kubernetes_executor.py took 0.069 seconds
[2025-04-22T09:55:33.102+0000] {processor.py:186} INFO - Started process (PID=162) to work on /home/airflow/.local/lib/python3.12/site-packages/airflow/example_dags/example_local_kubernetes_executor.py
[2025-04-22T09:55:33.102+0000] {processor.py:914} INFO - Processing file /home/airflow/.local/lib/python3.12/site-packages/airflow/example_dags/example_local_kubernetes_executor.py for tasks to queue
[2025-04-22T09:55:33.103+0000] {logging_mixin.py:190} INFO - [2025-04-22T09:55:33.103+0000] {dagbag.py:588} INFO - Filling up the DagBag from /home/airflow/.local/lib/python3.12/site-packages/airflow/example_dags/example_local_kubernetes_executor.py
[2025-04-22T09:55:33.108+0000] {processor.py:925} INFO - DAG(s) 'example_local_kubernetes_executor' retrieved from /home/airflow/.local/lib/python3.12/site-packages/airflow/example_dags/example_local_kubernetes_executor.py
[2025-04-22T09:55:33.117+0000] {logging_mixin.py:190} INFO - [2025-04-22T09:55:33.117+0000] {dag.py:3239} INFO - Sync 1 DAGs
[2025-04-22T09:55:33.123+0000] {logging_mixin.py:190} INFO - [2025-04-22T09:55:33.123+0000] {dag.py:4180} INFO - Setting next_dagrun for example_local_kubernetes_executor to None, run_after=None
[2025-04-22T09:55:33.129+0000] {processor.py:208} INFO - Processing /home/airflow/.local/lib/python3.12/site-packages/airflow/example_dags/example_local_kubernetes_executor.py took 0.030 seconds
[2025-04-22T09:56:04.359+0000] {processor.py:186} INFO - Started process (PID=224) to work on /home/airflow/.local/lib/python3.12/site-packages/airflow/example_dags/example_local_kubernetes_executor.py
[2025-04-22T09:56:04.360+0000] {processor.py:914} INFO - Processing file /home/airflow/.local/lib/python3.12/site-packages/airflow/example_dags/example_local_kubernetes_executor.py for tasks to queue
[2025-04-22T09:56:04.361+0000] {logging_mixin.py:190} INFO - [2025-04-22T09:56:04.361+0000] {dagbag.py:588} INFO - Filling up the DagBag from /home/airflow/.local/lib/python3.12/site-packages/airflow/example_dags/example_local_kubernetes_executor.py
[2025-04-22T09:56:04.366+0000] {processor.py:925} INFO - DAG(s) 'example_local_kubernetes_executor' retrieved from /home/airflow/.local/lib/python3.12/site-packages/airflow/example_dags/example_local_kubernetes_executor.py
[2025-04-22T09:56:04.375+0000] {logging_mixin.py:190} INFO - [2025-04-22T09:56:04.375+0000] {dag.py:3239} INFO - Sync 1 DAGs
[2025-04-22T09:56:04.381+0000] {logging_mixin.py:190} INFO - [2025-04-22T09:56:04.381+0000] {dag.py:4180} INFO - Setting next_dagrun for example_local_kubernetes_executor to None, run_after=None
[2025-04-22T09:56:04.388+0000] {processor.py:208} INFO - Processing /home/airflow/.local/lib/python3.12/site-packages/airflow/example_dags/example_local_kubernetes_executor.py took 0.031 seconds
[2025-04-22T09:56:35.600+0000] {processor.py:186} INFO - Started process (PID=287) to work on /home/airflow/.local/lib/python3.12/site-packages/airflow/example_dags/example_local_kubernetes_executor.py
[2025-04-22T09:56:35.601+0000] {processor.py:914} INFO - Processing file /home/airflow/.local/lib/python3.12/site-packages/airflow/example_dags/example_local_kubernetes_executor.py for tasks to queue
[2025-04-22T09:56:35.602+0000] {logging_mixin.py:190} INFO - [2025-04-22T09:56:35.602+0000] {dagbag.py:588} INFO - Filling up the DagBag from /home/airflow/.local/lib/python3.12/site-packages/airflow/example_dags/example_local_kubernetes_executor.py
[2025-04-22T09:56:35.606+0000] {processor.py:925} INFO - DAG(s) 'example_local_kubernetes_executor' retrieved from /home/airflow/.local/lib/python3.12/site-packages/airflow/example_dags/example_local_kubernetes_executor.py
[2025-04-22T09:56:35.615+0000] {logging_mixin.py:190} INFO - [2025-04-22T09:56:35.615+0000] {dag.py:3239} INFO - Sync 1 DAGs
[2025-04-22T09:56:35.621+0000] {logging_mixin.py:190} INFO - [2025-04-22T09:56:35.621+0000] {dag.py:4180} INFO - Setting next_dagrun for example_local_kubernetes_executor to None, run_after=None
[2025-04-22T09:56:35.628+0000] {processor.py:208} INFO - Processing /home/airflow/.local/lib/python3.12/site-packages/airflow/example_dags/example_local_kubernetes_executor.py took 0.030 seconds
[2025-04-22T09:57:06.866+0000] {processor.py:186} INFO - Started process (PID=350) to work on /home/airflow/.local/lib/python3.12/site-packages/airflow/example_dags/example_local_kubernetes_executor.py
[2025-04-22T09:57:06.867+0000] {processor.py:914} INFO - Processing file /home/airflow/.local/lib/python3.12/site-packages/airflow/example_dags/example_local_kubernetes_executor.py for tasks to queue
[2025-04-22T09:57:06.867+0000] {logging_mixin.py:190} INFO - [2025-04-22T09:57:06.867+0000] {dagbag.py:588} INFO - Filling up the DagBag from /home/airflow/.local/lib/python3.12/site-packages/airflow/example_dags/example_local_kubernetes_executor.py
[2025-04-22T09:57:06.872+0000] {processor.py:925} INFO - DAG(s) 'example_local_kubernetes_executor' retrieved from /home/airflow/.local/lib/python3.12/site-packages/airflow/example_dags/example_local_kubernetes_executor.py
[2025-04-22T09:57:06.881+0000] {logging_mixin.py:190} INFO - [2025-04-22T09:57:06.881+0000] {dag.py:3239} INFO - Sync 1 DAGs
[2025-04-22T09:57:06.887+0000] {logging_mixin.py:190} INFO - [2025-04-22T09:57:06.887+0000] {dag.py:4180} INFO - Setting next_dagrun for example_local_kubernetes_executor to None, run_after=None
[2025-04-22T09:57:06.893+0000] {processor.py:208} INFO - Processing /home/airflow/.local/lib/python3.12/site-packages/airflow/example_dags/example_local_kubernetes_executor.py took 0.030 seconds
[2025-04-22T09:57:38.158+0000] {processor.py:186} INFO - Started process (PID=413) to work on /home/airflow/.local/lib/python3.12/site-packages/airflow/example_dags/example_local_kubernetes_executor.py
[2025-04-22T09:57:38.158+0000] {processor.py:914} INFO - Processing file /home/airflow/.local/lib/python3.12/site-packages/airflow/example_dags/example_local_kubernetes_executor.py for tasks to queue
[2025-04-22T09:57:38.159+0000] {logging_mixin.py:190} INFO - [2025-04-22T09:57:38.159+0000] {dagbag.py:588} INFO - Filling up the DagBag from /home/airflow/.local/lib/python3.12/site-packages/airflow/example_dags/example_local_kubernetes_executor.py
[2025-04-22T09:57:38.163+0000] {processor.py:925} INFO - DAG(s) 'example_local_kubernetes_executor' retrieved from /home/airflow/.local/lib/python3.12/site-packages/airflow/example_dags/example_local_kubernetes_executor.py
[2025-04-22T09:57:38.172+0000] {logging_mixin.py:190} INFO - [2025-04-22T09:57:38.172+0000] {dag.py:3239} INFO - Sync 1 DAGs
[2025-04-22T09:57:38.178+0000] {logging_mixin.py:190} INFO - [2025-04-22T09:57:38.178+0000] {dag.py:4180} INFO - Setting next_dagrun for example_local_kubernetes_executor to None, run_after=None
[2025-04-22T09:57:38.185+0000] {processor.py:208} INFO - Processing /home/airflow/.local/lib/python3.12/site-packages/airflow/example_dags/example_local_kubernetes_executor.py took 0.029 seconds
[2025-04-22T09:58:34.623+0000] {processor.py:186} INFO - Started process (PID=99) to work on /home/airflow/.local/lib/python3.12/site-packages/airflow/example_dags/example_local_kubernetes_executor.py
[2025-04-22T09:58:34.623+0000] {processor.py:914} INFO - Processing file /home/airflow/.local/lib/python3.12/site-packages/airflow/example_dags/example_local_kubernetes_executor.py for tasks to queue
[2025-04-22T09:58:34.624+0000] {logging_mixin.py:190} INFO - [2025-04-22T09:58:34.624+0000] {dagbag.py:588} INFO - Filling up the DagBag from /home/airflow/.local/lib/python3.12/site-packages/airflow/example_dags/example_local_kubernetes_executor.py
[2025-04-22T09:58:34.628+0000] {processor.py:925} INFO - DAG(s) 'example_local_kubernetes_executor' retrieved from /home/airflow/.local/lib/python3.12/site-packages/airflow/example_dags/example_local_kubernetes_executor.py
[2025-04-22T09:58:34.638+0000] {logging_mixin.py:190} INFO - [2025-04-22T09:58:34.638+0000] {dag.py:3239} INFO - Sync 1 DAGs
[2025-04-22T09:58:34.644+0000] {logging_mixin.py:190} INFO - [2025-04-22T09:58:34.644+0000] {dag.py:4180} INFO - Setting next_dagrun for example_local_kubernetes_executor to None, run_after=None
[2025-04-22T09:58:34.650+0000] {processor.py:208} INFO - Processing /home/airflow/.local/lib/python3.12/site-packages/airflow/example_dags/example_local_kubernetes_executor.py took 0.032 seconds
[2025-04-22T09:59:04.988+0000] {processor.py:186} INFO - Started process (PID=161) to work on /home/airflow/.local/lib/python3.12/site-packages/airflow/example_dags/example_local_kubernetes_executor.py
[2025-04-22T09:59:04.988+0000] {processor.py:914} INFO - Processing file /home/airflow/.local/lib/python3.12/site-packages/airflow/example_dags/example_local_kubernetes_executor.py for tasks to queue
[2025-04-22T09:59:04.989+0000] {logging_mixin.py:190} INFO - [2025-04-22T09:59:04.989+0000] {dagbag.py:588} INFO - Filling up the DagBag from /home/airflow/.local/lib/python3.12/site-packages/airflow/example_dags/example_local_kubernetes_executor.py
[2025-04-22T09:59:04.993+0000] {processor.py:925} INFO - DAG(s) 'example_local_kubernetes_executor' retrieved from /home/airflow/.local/lib/python3.12/site-packages/airflow/example_dags/example_local_kubernetes_executor.py
[2025-04-22T09:59:05.002+0000] {logging_mixin.py:190} INFO - [2025-04-22T09:59:05.002+0000] {dag.py:3239} INFO - Sync 1 DAGs
[2025-04-22T09:59:05.008+0000] {logging_mixin.py:190} INFO - [2025-04-22T09:59:05.008+0000] {dag.py:4180} INFO - Setting next_dagrun for example_local_kubernetes_executor to None, run_after=None
[2025-04-22T09:59:05.015+0000] {processor.py:208} INFO - Processing /home/airflow/.local/lib/python3.12/site-packages/airflow/example_dags/example_local_kubernetes_executor.py took 0.031 seconds
[2025-04-22T09:59:35.446+0000] {processor.py:186} INFO - Started process (PID=224) to work on /home/airflow/.local/lib/python3.12/site-packages/airflow/example_dags/example_local_kubernetes_executor.py
[2025-04-22T09:59:35.446+0000] {processor.py:914} INFO - Processing file /home/airflow/.local/lib/python3.12/site-packages/airflow/example_dags/example_local_kubernetes_executor.py for tasks to queue
[2025-04-22T09:59:35.447+0000] {logging_mixin.py:190} INFO - [2025-04-22T09:59:35.447+0000] {dagbag.py:588} INFO - Filling up the DagBag from /home/airflow/.local/lib/python3.12/site-packages/airflow/example_dags/example_local_kubernetes_executor.py
[2025-04-22T09:59:35.451+0000] {processor.py:925} INFO - DAG(s) 'example_local_kubernetes_executor' retrieved from /home/airflow/.local/lib/python3.12/site-packages/airflow/example_dags/example_local_kubernetes_executor.py
[2025-04-22T09:59:35.460+0000] {logging_mixin.py:190} INFO - [2025-04-22T09:59:35.460+0000] {dag.py:3239} INFO - Sync 1 DAGs
[2025-04-22T09:59:35.466+0000] {logging_mixin.py:190} INFO - [2025-04-22T09:59:35.466+0000] {dag.py:4180} INFO - Setting next_dagrun for example_local_kubernetes_executor to None, run_after=None
[2025-04-22T09:59:35.473+0000] {processor.py:208} INFO - Processing /home/airflow/.local/lib/python3.12/site-packages/airflow/example_dags/example_local_kubernetes_executor.py took 0.032 seconds
[2025-04-22T10:00:05.827+0000] {processor.py:186} INFO - Started process (PID=287) to work on /home/airflow/.local/lib/python3.12/site-packages/airflow/example_dags/example_local_kubernetes_executor.py
[2025-04-22T10:00:05.828+0000] {processor.py:914} INFO - Processing file /home/airflow/.local/lib/python3.12/site-packages/airflow/example_dags/example_local_kubernetes_executor.py for tasks to queue
[2025-04-22T10:00:05.829+0000] {logging_mixin.py:190} INFO - [2025-04-22T10:00:05.829+0000] {dagbag.py:588} INFO - Filling up the DagBag from /home/airflow/.local/lib/python3.12/site-packages/airflow/example_dags/example_local_kubernetes_executor.py
[2025-04-22T10:00:05.833+0000] {processor.py:925} INFO - DAG(s) 'example_local_kubernetes_executor' retrieved from /home/airflow/.local/lib/python3.12/site-packages/airflow/example_dags/example_local_kubernetes_executor.py
[2025-04-22T10:00:05.842+0000] {logging_mixin.py:190} INFO - [2025-04-22T10:00:05.842+0000] {dag.py:3239} INFO - Sync 1 DAGs
[2025-04-22T10:00:05.847+0000] {logging_mixin.py:190} INFO - [2025-04-22T10:00:05.847+0000] {dag.py:4180} INFO - Setting next_dagrun for example_local_kubernetes_executor to None, run_after=None
[2025-04-22T10:00:05.854+0000] {processor.py:208} INFO - Processing /home/airflow/.local/lib/python3.12/site-packages/airflow/example_dags/example_local_kubernetes_executor.py took 0.031 seconds
[2025-04-22T10:00:55.130+0000] {processor.py:186} INFO - Started process (PID=99) to work on /home/airflow/.local/lib/python3.12/site-packages/airflow/example_dags/example_local_kubernetes_executor.py
[2025-04-22T10:00:55.131+0000] {processor.py:914} INFO - Processing file /home/airflow/.local/lib/python3.12/site-packages/airflow/example_dags/example_local_kubernetes_executor.py for tasks to queue
[2025-04-22T10:00:55.132+0000] {logging_mixin.py:190} INFO - [2025-04-22T10:00:55.131+0000] {dagbag.py:588} INFO - Filling up the DagBag from /home/airflow/.local/lib/python3.12/site-packages/airflow/example_dags/example_local_kubernetes_executor.py
[2025-04-22T10:00:55.137+0000] {processor.py:925} INFO - DAG(s) 'example_local_kubernetes_executor' retrieved from /home/airflow/.local/lib/python3.12/site-packages/airflow/example_dags/example_local_kubernetes_executor.py
[2025-04-22T10:00:55.146+0000] {logging_mixin.py:190} INFO - [2025-04-22T10:00:55.146+0000] {dag.py:3239} INFO - Sync 1 DAGs
[2025-04-22T10:00:55.153+0000] {logging_mixin.py:190} INFO - [2025-04-22T10:00:55.153+0000] {dag.py:4180} INFO - Setting next_dagrun for example_local_kubernetes_executor to None, run_after=None
[2025-04-22T10:00:55.159+0000] {processor.py:208} INFO - Processing /home/airflow/.local/lib/python3.12/site-packages/airflow/example_dags/example_local_kubernetes_executor.py took 0.032 seconds
[2025-04-22T10:01:25.461+0000] {processor.py:186} INFO - Started process (PID=161) to work on /home/airflow/.local/lib/python3.12/site-packages/airflow/example_dags/example_local_kubernetes_executor.py
[2025-04-22T10:01:25.462+0000] {processor.py:914} INFO - Processing file /home/airflow/.local/lib/python3.12/site-packages/airflow/example_dags/example_local_kubernetes_executor.py for tasks to queue
[2025-04-22T10:01:25.463+0000] {logging_mixin.py:190} INFO - [2025-04-22T10:01:25.462+0000] {dagbag.py:588} INFO - Filling up the DagBag from /home/airflow/.local/lib/python3.12/site-packages/airflow/example_dags/example_local_kubernetes_executor.py
[2025-04-22T10:01:25.467+0000] {processor.py:925} INFO - DAG(s) 'example_local_kubernetes_executor' retrieved from /home/airflow/.local/lib/python3.12/site-packages/airflow/example_dags/example_local_kubernetes_executor.py
[2025-04-22T10:01:25.476+0000] {logging_mixin.py:190} INFO - [2025-04-22T10:01:25.476+0000] {dag.py:3239} INFO - Sync 1 DAGs
[2025-04-22T10:01:25.483+0000] {logging_mixin.py:190} INFO - [2025-04-22T10:01:25.483+0000] {dag.py:4180} INFO - Setting next_dagrun for example_local_kubernetes_executor to None, run_after=None
[2025-04-22T10:01:25.489+0000] {processor.py:208} INFO - Processing /home/airflow/.local/lib/python3.12/site-packages/airflow/example_dags/example_local_kubernetes_executor.py took 0.031 seconds
[2025-04-22T10:01:55.870+0000] {processor.py:186} INFO - Started process (PID=224) to work on /home/airflow/.local/lib/python3.12/site-packages/airflow/example_dags/example_local_kubernetes_executor.py
[2025-04-22T10:01:55.870+0000] {processor.py:914} INFO - Processing file /home/airflow/.local/lib/python3.12/site-packages/airflow/example_dags/example_local_kubernetes_executor.py for tasks to queue
[2025-04-22T10:01:55.871+0000] {logging_mixin.py:190} INFO - [2025-04-22T10:01:55.871+0000] {dagbag.py:588} INFO - Filling up the DagBag from /home/airflow/.local/lib/python3.12/site-packages/airflow/example_dags/example_local_kubernetes_executor.py
[2025-04-22T10:01:55.875+0000] {processor.py:925} INFO - DAG(s) 'example_local_kubernetes_executor' retrieved from /home/airflow/.local/lib/python3.12/site-packages/airflow/example_dags/example_local_kubernetes_executor.py
[2025-04-22T10:01:55.884+0000] {logging_mixin.py:190} INFO - [2025-04-22T10:01:55.884+0000] {dag.py:3239} INFO - Sync 1 DAGs
[2025-04-22T10:01:55.890+0000] {logging_mixin.py:190} INFO - [2025-04-22T10:01:55.890+0000] {dag.py:4180} INFO - Setting next_dagrun for example_local_kubernetes_executor to None, run_after=None
[2025-04-22T10:01:55.897+0000] {processor.py:208} INFO - Processing /home/airflow/.local/lib/python3.12/site-packages/airflow/example_dags/example_local_kubernetes_executor.py took 0.030 seconds
[2025-04-22T10:02:26.149+0000] {processor.py:186} INFO - Started process (PID=287) to work on /home/airflow/.local/lib/python3.12/site-packages/airflow/example_dags/example_local_kubernetes_executor.py
[2025-04-22T10:02:26.149+0000] {processor.py:914} INFO - Processing file /home/airflow/.local/lib/python3.12/site-packages/airflow/example_dags/example_local_kubernetes_executor.py for tasks to queue
[2025-04-22T10:02:26.150+0000] {logging_mixin.py:190} INFO - [2025-04-22T10:02:26.150+0000] {dagbag.py:588} INFO - Filling up the DagBag from /home/airflow/.local/lib/python3.12/site-packages/airflow/example_dags/example_local_kubernetes_executor.py
[2025-04-22T10:02:26.155+0000] {processor.py:925} INFO - DAG(s) 'example_local_kubernetes_executor' retrieved from /home/airflow/.local/lib/python3.12/site-packages/airflow/example_dags/example_local_kubernetes_executor.py
[2025-04-22T10:02:26.164+0000] {logging_mixin.py:190} INFO - [2025-04-22T10:02:26.164+0000] {dag.py:3239} INFO - Sync 1 DAGs
[2025-04-22T10:02:26.170+0000] {logging_mixin.py:190} INFO - [2025-04-22T10:02:26.170+0000] {dag.py:4180} INFO - Setting next_dagrun for example_local_kubernetes_executor to None, run_after=None
[2025-04-22T10:02:26.176+0000] {processor.py:208} INFO - Processing /home/airflow/.local/lib/python3.12/site-packages/airflow/example_dags/example_local_kubernetes_executor.py took 0.030 seconds
[2025-04-22T10:02:56.749+0000] {processor.py:186} INFO - Started process (PID=351) to work on /home/airflow/.local/lib/python3.12/site-packages/airflow/example_dags/example_local_kubernetes_executor.py
[2025-04-22T10:02:56.749+0000] {processor.py:914} INFO - Processing file /home/airflow/.local/lib/python3.12/site-packages/airflow/example_dags/example_local_kubernetes_executor.py for tasks to queue
[2025-04-22T10:02:56.750+0000] {logging_mixin.py:190} INFO - [2025-04-22T10:02:56.750+0000] {dagbag.py:588} INFO - Filling up the DagBag from /home/airflow/.local/lib/python3.12/site-packages/airflow/example_dags/example_local_kubernetes_executor.py
[2025-04-22T10:02:56.754+0000] {processor.py:925} INFO - DAG(s) 'example_local_kubernetes_executor' retrieved from /home/airflow/.local/lib/python3.12/site-packages/airflow/example_dags/example_local_kubernetes_executor.py
[2025-04-22T10:02:56.764+0000] {logging_mixin.py:190} INFO - [2025-04-22T10:02:56.764+0000] {dag.py:3239} INFO - Sync 1 DAGs
[2025-04-22T10:02:56.770+0000] {logging_mixin.py:190} INFO - [2025-04-22T10:02:56.770+0000] {dag.py:4180} INFO - Setting next_dagrun for example_local_kubernetes_executor to None, run_after=None
[2025-04-22T10:02:56.776+0000] {processor.py:208} INFO - Processing /home/airflow/.local/lib/python3.12/site-packages/airflow/example_dags/example_local_kubernetes_executor.py took 0.030 seconds
[2025-04-22T10:03:27.004+0000] {processor.py:186} INFO - Started process (PID=413) to work on /home/airflow/.local/lib/python3.12/site-packages/airflow/example_dags/example_local_kubernetes_executor.py
[2025-04-22T10:03:27.004+0000] {processor.py:914} INFO - Processing file /home/airflow/.local/lib/python3.12/site-packages/airflow/example_dags/example_local_kubernetes_executor.py for tasks to queue
[2025-04-22T10:03:27.005+0000] {logging_mixin.py:190} INFO - [2025-04-22T10:03:27.005+0000] {dagbag.py:588} INFO - Filling up the DagBag from /home/airflow/.local/lib/python3.12/site-packages/airflow/example_dags/example_local_kubernetes_executor.py
[2025-04-22T10:03:27.010+0000] {processor.py:925} INFO - DAG(s) 'example_local_kubernetes_executor' retrieved from /home/airflow/.local/lib/python3.12/site-packages/airflow/example_dags/example_local_kubernetes_executor.py
[2025-04-22T10:03:27.018+0000] {logging_mixin.py:190} INFO - [2025-04-22T10:03:27.018+0000] {dag.py:3239} INFO - Sync 1 DAGs
[2025-04-22T10:03:27.024+0000] {logging_mixin.py:190} INFO - [2025-04-22T10:03:27.024+0000] {dag.py:4180} INFO - Setting next_dagrun for example_local_kubernetes_executor to None, run_after=None
[2025-04-22T10:03:27.031+0000] {processor.py:208} INFO - Processing /home/airflow/.local/lib/python3.12/site-packages/airflow/example_dags/example_local_kubernetes_executor.py took 0.030 seconds
[2025-04-22T10:05:36.988+0000] {processor.py:186} INFO - Started process (PID=99) to work on /home/airflow/.local/lib/python3.12/site-packages/airflow/example_dags/example_local_kubernetes_executor.py
[2025-04-22T10:05:36.989+0000] {processor.py:914} INFO - Processing file /home/airflow/.local/lib/python3.12/site-packages/airflow/example_dags/example_local_kubernetes_executor.py for tasks to queue
[2025-04-22T10:05:36.990+0000] {logging_mixin.py:190} INFO - [2025-04-22T10:05:36.990+0000] {dagbag.py:588} INFO - Filling up the DagBag from /home/airflow/.local/lib/python3.12/site-packages/airflow/example_dags/example_local_kubernetes_executor.py
[2025-04-22T10:05:36.995+0000] {processor.py:925} INFO - DAG(s) 'example_local_kubernetes_executor' retrieved from /home/airflow/.local/lib/python3.12/site-packages/airflow/example_dags/example_local_kubernetes_executor.py
[2025-04-22T10:05:37.004+0000] {logging_mixin.py:190} INFO - [2025-04-22T10:05:37.004+0000] {dag.py:3239} INFO - Sync 1 DAGs
[2025-04-22T10:05:37.011+0000] {logging_mixin.py:190} INFO - [2025-04-22T10:05:37.011+0000] {dag.py:4180} INFO - Setting next_dagrun for example_local_kubernetes_executor to None, run_after=None
[2025-04-22T10:05:37.017+0000] {processor.py:208} INFO - Processing /home/airflow/.local/lib/python3.12/site-packages/airflow/example_dags/example_local_kubernetes_executor.py took 0.031 seconds
[2025-04-22T10:06:07.332+0000] {processor.py:186} INFO - Started process (PID=161) to work on /home/airflow/.local/lib/python3.12/site-packages/airflow/example_dags/example_local_kubernetes_executor.py
[2025-04-22T10:06:07.333+0000] {processor.py:914} INFO - Processing file /home/airflow/.local/lib/python3.12/site-packages/airflow/example_dags/example_local_kubernetes_executor.py for tasks to queue
[2025-04-22T10:06:07.334+0000] {logging_mixin.py:190} INFO - [2025-04-22T10:06:07.333+0000] {dagbag.py:588} INFO - Filling up the DagBag from /home/airflow/.local/lib/python3.12/site-packages/airflow/example_dags/example_local_kubernetes_executor.py
[2025-04-22T10:06:07.338+0000] {processor.py:925} INFO - DAG(s) 'example_local_kubernetes_executor' retrieved from /home/airflow/.local/lib/python3.12/site-packages/airflow/example_dags/example_local_kubernetes_executor.py
[2025-04-22T10:06:07.347+0000] {logging_mixin.py:190} INFO - [2025-04-22T10:06:07.347+0000] {dag.py:3239} INFO - Sync 1 DAGs
[2025-04-22T10:06:07.354+0000] {logging_mixin.py:190} INFO - [2025-04-22T10:06:07.354+0000] {dag.py:4180} INFO - Setting next_dagrun for example_local_kubernetes_executor to None, run_after=None
[2025-04-22T10:06:07.360+0000] {processor.py:208} INFO - Processing /home/airflow/.local/lib/python3.12/site-packages/airflow/example_dags/example_local_kubernetes_executor.py took 0.031 seconds
[2025-04-22T10:06:37.643+0000] {processor.py:186} INFO - Started process (PID=224) to work on /home/airflow/.local/lib/python3.12/site-packages/airflow/example_dags/example_local_kubernetes_executor.py
[2025-04-22T10:06:37.643+0000] {processor.py:914} INFO - Processing file /home/airflow/.local/lib/python3.12/site-packages/airflow/example_dags/example_local_kubernetes_executor.py for tasks to queue
[2025-04-22T10:06:37.644+0000] {logging_mixin.py:190} INFO - [2025-04-22T10:06:37.644+0000] {dagbag.py:588} INFO - Filling up the DagBag from /home/airflow/.local/lib/python3.12/site-packages/airflow/example_dags/example_local_kubernetes_executor.py
[2025-04-22T10:06:37.648+0000] {processor.py:925} INFO - DAG(s) 'example_local_kubernetes_executor' retrieved from /home/airflow/.local/lib/python3.12/site-packages/airflow/example_dags/example_local_kubernetes_executor.py
[2025-04-22T10:06:37.657+0000] {logging_mixin.py:190} INFO - [2025-04-22T10:06:37.657+0000] {dag.py:3239} INFO - Sync 1 DAGs
[2025-04-22T10:06:37.664+0000] {logging_mixin.py:190} INFO - [2025-04-22T10:06:37.663+0000] {dag.py:4180} INFO - Setting next_dagrun for example_local_kubernetes_executor to None, run_after=None
[2025-04-22T10:06:37.670+0000] {processor.py:208} INFO - Processing /home/airflow/.local/lib/python3.12/site-packages/airflow/example_dags/example_local_kubernetes_executor.py took 0.030 seconds
[2025-04-22T10:07:08.035+0000] {processor.py:186} INFO - Started process (PID=287) to work on /home/airflow/.local/lib/python3.12/site-packages/airflow/example_dags/example_local_kubernetes_executor.py
[2025-04-22T10:07:08.035+0000] {processor.py:914} INFO - Processing file /home/airflow/.local/lib/python3.12/site-packages/airflow/example_dags/example_local_kubernetes_executor.py for tasks to queue
[2025-04-22T10:07:08.036+0000] {logging_mixin.py:190} INFO - [2025-04-22T10:07:08.036+0000] {dagbag.py:588} INFO - Filling up the DagBag from /home/airflow/.local/lib/python3.12/site-packages/airflow/example_dags/example_local_kubernetes_executor.py
[2025-04-22T10:07:08.040+0000] {processor.py:925} INFO - DAG(s) 'example_local_kubernetes_executor' retrieved from /home/airflow/.local/lib/python3.12/site-packages/airflow/example_dags/example_local_kubernetes_executor.py
[2025-04-22T10:07:08.049+0000] {logging_mixin.py:190} INFO - [2025-04-22T10:07:08.049+0000] {dag.py:3239} INFO - Sync 1 DAGs
[2025-04-22T10:07:08.055+0000] {logging_mixin.py:190} INFO - [2025-04-22T10:07:08.055+0000] {dag.py:4180} INFO - Setting next_dagrun for example_local_kubernetes_executor to None, run_after=None
[2025-04-22T10:07:08.062+0000] {processor.py:208} INFO - Processing /home/airflow/.local/lib/python3.12/site-packages/airflow/example_dags/example_local_kubernetes_executor.py took 0.029 seconds
