[2025-04-22T09:53:49.063+0000] {processor.py:186} INFO - Started process (PID=94) to work on /home/airflow/.local/lib/python3.12/site-packages/airflow/example_dags/example_branch_operator_decorator.py
[2025-04-22T09:53:49.063+0000] {processor.py:914} INFO - Processing file /home/airflow/.local/lib/python3.12/site-packages/airflow/example_dags/example_branch_operator_decorator.py for tasks to queue
[2025-04-22T09:53:49.064+0000] {logging_mixin.py:190} INFO - [2025-04-22T09:53:49.064+0000] {dagbag.py:588} INFO - Filling up the DagBag from /home/airflow/.local/lib/python3.12/site-packages/airflow/example_dags/example_branch_operator_decorator.py
[2025-04-22T09:53:49.074+0000] {processor.py:925} INFO - DAG(s) 'example_branch_python_operator_decorator' retrieved from /home/airflow/.local/lib/python3.12/site-packages/airflow/example_dags/example_branch_operator_decorator.py
[2025-04-22T09:53:49.080+0000] {logging_mixin.py:190} INFO - [2025-04-22T09:53:49.079+0000] {dag.py:3239} INFO - Sync 1 DAGs
[2025-04-22T09:53:49.091+0000] {logging_mixin.py:190} INFO - [2025-04-22T09:53:49.091+0000] {dag.py:4180} INFO - Setting next_dagrun for example_branch_python_operator_decorator to 2025-04-21 00:00:00+00:00, run_after=2025-04-22 00:00:00+00:00
[2025-04-22T09:53:49.098+0000] {processor.py:208} INFO - Processing /home/airflow/.local/lib/python3.12/site-packages/airflow/example_dags/example_branch_operator_decorator.py took 0.038 seconds
[2025-04-22T09:55:02.068+0000] {processor.py:186} INFO - Started process (PID=94) to work on /home/airflow/.local/lib/python3.12/site-packages/airflow/example_dags/example_branch_operator_decorator.py
[2025-04-22T09:55:02.069+0000] {processor.py:914} INFO - Processing file /home/airflow/.local/lib/python3.12/site-packages/airflow/example_dags/example_branch_operator_decorator.py for tasks to queue
[2025-04-22T09:55:02.070+0000] {logging_mixin.py:190} INFO - [2025-04-22T09:55:02.070+0000] {dagbag.py:588} INFO - Filling up the DagBag from /home/airflow/.local/lib/python3.12/site-packages/airflow/example_dags/example_branch_operator_decorator.py
[2025-04-22T09:55:02.080+0000] {processor.py:925} INFO - DAG(s) 'example_branch_python_operator_decorator' retrieved from /home/airflow/.local/lib/python3.12/site-packages/airflow/example_dags/example_branch_operator_decorator.py
[2025-04-22T09:55:02.133+0000] {logging_mixin.py:190} INFO - [2025-04-22T09:55:02.133+0000] {dag.py:3239} INFO - Sync 1 DAGs
[2025-04-22T09:55:02.142+0000] {logging_mixin.py:190} INFO - [2025-04-22T09:55:02.142+0000] {dag.py:4180} INFO - Setting next_dagrun for example_branch_python_operator_decorator to 2025-04-21 00:00:00+00:00, run_after=2025-04-22 00:00:00+00:00
[2025-04-22T09:55:02.149+0000] {processor.py:208} INFO - Processing /home/airflow/.local/lib/python3.12/site-packages/airflow/example_dags/example_branch_operator_decorator.py took 0.083 seconds
[2025-04-22T09:55:32.974+0000] {processor.py:186} INFO - Started process (PID=157) to work on /home/airflow/.local/lib/python3.12/site-packages/airflow/example_dags/example_branch_operator_decorator.py
[2025-04-22T09:55:32.974+0000] {processor.py:914} INFO - Processing file /home/airflow/.local/lib/python3.12/site-packages/airflow/example_dags/example_branch_operator_decorator.py for tasks to queue
[2025-04-22T09:55:32.975+0000] {logging_mixin.py:190} INFO - [2025-04-22T09:55:32.975+0000] {dagbag.py:588} INFO - Filling up the DagBag from /home/airflow/.local/lib/python3.12/site-packages/airflow/example_dags/example_branch_operator_decorator.py
[2025-04-22T09:55:32.984+0000] {processor.py:925} INFO - DAG(s) 'example_branch_python_operator_decorator' retrieved from /home/airflow/.local/lib/python3.12/site-packages/airflow/example_dags/example_branch_operator_decorator.py
[2025-04-22T09:55:32.996+0000] {logging_mixin.py:190} INFO - [2025-04-22T09:55:32.996+0000] {dag.py:3239} INFO - Sync 1 DAGs
[2025-04-22T09:55:33.006+0000] {logging_mixin.py:190} INFO - [2025-04-22T09:55:33.006+0000] {dag.py:4180} INFO - Setting next_dagrun for example_branch_python_operator_decorator to 2025-04-21 00:00:00+00:00, run_after=2025-04-22 00:00:00+00:00
[2025-04-22T09:55:33.012+0000] {processor.py:208} INFO - Processing /home/airflow/.local/lib/python3.12/site-packages/airflow/example_dags/example_branch_operator_decorator.py took 0.042 seconds
[2025-04-22T09:56:04.258+0000] {processor.py:186} INFO - Started process (PID=220) to work on /home/airflow/.local/lib/python3.12/site-packages/airflow/example_dags/example_branch_operator_decorator.py
[2025-04-22T09:56:04.258+0000] {processor.py:914} INFO - Processing file /home/airflow/.local/lib/python3.12/site-packages/airflow/example_dags/example_branch_operator_decorator.py for tasks to queue
[2025-04-22T09:56:04.259+0000] {logging_mixin.py:190} INFO - [2025-04-22T09:56:04.259+0000] {dagbag.py:588} INFO - Filling up the DagBag from /home/airflow/.local/lib/python3.12/site-packages/airflow/example_dags/example_branch_operator_decorator.py
[2025-04-22T09:56:04.268+0000] {processor.py:925} INFO - DAG(s) 'example_branch_python_operator_decorator' retrieved from /home/airflow/.local/lib/python3.12/site-packages/airflow/example_dags/example_branch_operator_decorator.py
[2025-04-22T09:56:04.280+0000] {logging_mixin.py:190} INFO - [2025-04-22T09:56:04.280+0000] {dag.py:3239} INFO - Sync 1 DAGs
[2025-04-22T09:56:04.291+0000] {logging_mixin.py:190} INFO - [2025-04-22T09:56:04.291+0000] {dag.py:4180} INFO - Setting next_dagrun for example_branch_python_operator_decorator to 2025-04-21 00:00:00+00:00, run_after=2025-04-22 00:00:00+00:00
[2025-04-22T09:56:04.297+0000] {processor.py:208} INFO - Processing /home/airflow/.local/lib/python3.12/site-packages/airflow/example_dags/example_branch_operator_decorator.py took 0.042 seconds
[2025-04-22T09:56:35.504+0000] {processor.py:186} INFO - Started process (PID=283) to work on /home/airflow/.local/lib/python3.12/site-packages/airflow/example_dags/example_branch_operator_decorator.py
[2025-04-22T09:56:35.504+0000] {processor.py:914} INFO - Processing file /home/airflow/.local/lib/python3.12/site-packages/airflow/example_dags/example_branch_operator_decorator.py for tasks to queue
[2025-04-22T09:56:35.505+0000] {logging_mixin.py:190} INFO - [2025-04-22T09:56:35.505+0000] {dagbag.py:588} INFO - Filling up the DagBag from /home/airflow/.local/lib/python3.12/site-packages/airflow/example_dags/example_branch_operator_decorator.py
[2025-04-22T09:56:35.514+0000] {processor.py:925} INFO - DAG(s) 'example_branch_python_operator_decorator' retrieved from /home/airflow/.local/lib/python3.12/site-packages/airflow/example_dags/example_branch_operator_decorator.py
[2025-04-22T09:56:35.526+0000] {logging_mixin.py:190} INFO - [2025-04-22T09:56:35.526+0000] {dag.py:3239} INFO - Sync 1 DAGs
[2025-04-22T09:56:35.536+0000] {logging_mixin.py:190} INFO - [2025-04-22T09:56:35.536+0000] {dag.py:4180} INFO - Setting next_dagrun for example_branch_python_operator_decorator to 2025-04-21 00:00:00+00:00, run_after=2025-04-22 00:00:00+00:00
[2025-04-22T09:56:35.542+0000] {processor.py:208} INFO - Processing /home/airflow/.local/lib/python3.12/site-packages/airflow/example_dags/example_branch_operator_decorator.py took 0.041 seconds
[2025-04-22T09:57:06.768+0000] {processor.py:186} INFO - Started process (PID=346) to work on /home/airflow/.local/lib/python3.12/site-packages/airflow/example_dags/example_branch_operator_decorator.py
[2025-04-22T09:57:06.769+0000] {processor.py:914} INFO - Processing file /home/airflow/.local/lib/python3.12/site-packages/airflow/example_dags/example_branch_operator_decorator.py for tasks to queue
[2025-04-22T09:57:06.770+0000] {logging_mixin.py:190} INFO - [2025-04-22T09:57:06.769+0000] {dagbag.py:588} INFO - Filling up the DagBag from /home/airflow/.local/lib/python3.12/site-packages/airflow/example_dags/example_branch_operator_decorator.py
[2025-04-22T09:57:06.778+0000] {processor.py:925} INFO - DAG(s) 'example_branch_python_operator_decorator' retrieved from /home/airflow/.local/lib/python3.12/site-packages/airflow/example_dags/example_branch_operator_decorator.py
[2025-04-22T09:57:06.790+0000] {logging_mixin.py:190} INFO - [2025-04-22T09:57:06.790+0000] {dag.py:3239} INFO - Sync 1 DAGs
[2025-04-22T09:57:06.800+0000] {logging_mixin.py:190} INFO - [2025-04-22T09:57:06.800+0000] {dag.py:4180} INFO - Setting next_dagrun for example_branch_python_operator_decorator to 2025-04-21 00:00:00+00:00, run_after=2025-04-22 00:00:00+00:00
[2025-04-22T09:57:06.807+0000] {processor.py:208} INFO - Processing /home/airflow/.local/lib/python3.12/site-packages/airflow/example_dags/example_branch_operator_decorator.py took 0.042 seconds
[2025-04-22T09:57:38.062+0000] {processor.py:186} INFO - Started process (PID=409) to work on /home/airflow/.local/lib/python3.12/site-packages/airflow/example_dags/example_branch_operator_decorator.py
[2025-04-22T09:57:38.063+0000] {processor.py:914} INFO - Processing file /home/airflow/.local/lib/python3.12/site-packages/airflow/example_dags/example_branch_operator_decorator.py for tasks to queue
[2025-04-22T09:57:38.063+0000] {logging_mixin.py:190} INFO - [2025-04-22T09:57:38.063+0000] {dagbag.py:588} INFO - Filling up the DagBag from /home/airflow/.local/lib/python3.12/site-packages/airflow/example_dags/example_branch_operator_decorator.py
[2025-04-22T09:57:38.072+0000] {processor.py:925} INFO - DAG(s) 'example_branch_python_operator_decorator' retrieved from /home/airflow/.local/lib/python3.12/site-packages/airflow/example_dags/example_branch_operator_decorator.py
[2025-04-22T09:57:38.084+0000] {logging_mixin.py:190} INFO - [2025-04-22T09:57:38.084+0000] {dag.py:3239} INFO - Sync 1 DAGs
[2025-04-22T09:57:38.094+0000] {logging_mixin.py:190} INFO - [2025-04-22T09:57:38.094+0000] {dag.py:4180} INFO - Setting next_dagrun for example_branch_python_operator_decorator to 2025-04-21 00:00:00+00:00, run_after=2025-04-22 00:00:00+00:00
[2025-04-22T09:57:38.100+0000] {processor.py:208} INFO - Processing /home/airflow/.local/lib/python3.12/site-packages/airflow/example_dags/example_branch_operator_decorator.py took 0.041 seconds
[2025-04-22T09:58:34.476+0000] {processor.py:186} INFO - Started process (PID=94) to work on /home/airflow/.local/lib/python3.12/site-packages/airflow/example_dags/example_branch_operator_decorator.py
[2025-04-22T09:58:34.477+0000] {processor.py:914} INFO - Processing file /home/airflow/.local/lib/python3.12/site-packages/airflow/example_dags/example_branch_operator_decorator.py for tasks to queue
[2025-04-22T09:58:34.478+0000] {logging_mixin.py:190} INFO - [2025-04-22T09:58:34.477+0000] {dagbag.py:588} INFO - Filling up the DagBag from /home/airflow/.local/lib/python3.12/site-packages/airflow/example_dags/example_branch_operator_decorator.py
[2025-04-22T09:58:34.487+0000] {processor.py:925} INFO - DAG(s) 'example_branch_python_operator_decorator' retrieved from /home/airflow/.local/lib/python3.12/site-packages/airflow/example_dags/example_branch_operator_decorator.py
[2025-04-22T09:58:34.541+0000] {logging_mixin.py:190} INFO - [2025-04-22T09:58:34.541+0000] {dag.py:3239} INFO - Sync 1 DAGs
[2025-04-22T09:58:34.550+0000] {logging_mixin.py:190} INFO - [2025-04-22T09:58:34.550+0000] {dag.py:4180} INFO - Setting next_dagrun for example_branch_python_operator_decorator to 2025-04-21 00:00:00+00:00, run_after=2025-04-22 00:00:00+00:00
[2025-04-22T09:58:34.557+0000] {processor.py:208} INFO - Processing /home/airflow/.local/lib/python3.12/site-packages/airflow/example_dags/example_branch_operator_decorator.py took 0.085 seconds
[2025-04-22T09:59:04.881+0000] {processor.py:186} INFO - Started process (PID=157) to work on /home/airflow/.local/lib/python3.12/site-packages/airflow/example_dags/example_branch_operator_decorator.py
[2025-04-22T09:59:04.881+0000] {processor.py:914} INFO - Processing file /home/airflow/.local/lib/python3.12/site-packages/airflow/example_dags/example_branch_operator_decorator.py for tasks to queue
[2025-04-22T09:59:04.883+0000] {logging_mixin.py:190} INFO - [2025-04-22T09:59:04.882+0000] {dagbag.py:588} INFO - Filling up the DagBag from /home/airflow/.local/lib/python3.12/site-packages/airflow/example_dags/example_branch_operator_decorator.py
[2025-04-22T09:59:04.892+0000] {processor.py:925} INFO - DAG(s) 'example_branch_python_operator_decorator' retrieved from /home/airflow/.local/lib/python3.12/site-packages/airflow/example_dags/example_branch_operator_decorator.py
[2025-04-22T09:59:04.904+0000] {logging_mixin.py:190} INFO - [2025-04-22T09:59:04.904+0000] {dag.py:3239} INFO - Sync 1 DAGs
[2025-04-22T09:59:04.914+0000] {logging_mixin.py:190} INFO - [2025-04-22T09:59:04.914+0000] {dag.py:4180} INFO - Setting next_dagrun for example_branch_python_operator_decorator to 2025-04-21 00:00:00+00:00, run_after=2025-04-22 00:00:00+00:00
[2025-04-22T09:59:04.921+0000] {processor.py:208} INFO - Processing /home/airflow/.local/lib/python3.12/site-packages/airflow/example_dags/example_branch_operator_decorator.py took 0.044 seconds
[2025-04-22T09:59:35.340+0000] {processor.py:186} INFO - Started process (PID=220) to work on /home/airflow/.local/lib/python3.12/site-packages/airflow/example_dags/example_branch_operator_decorator.py
[2025-04-22T09:59:35.341+0000] {processor.py:914} INFO - Processing file /home/airflow/.local/lib/python3.12/site-packages/airflow/example_dags/example_branch_operator_decorator.py for tasks to queue
[2025-04-22T09:59:35.341+0000] {logging_mixin.py:190} INFO - [2025-04-22T09:59:35.341+0000] {dagbag.py:588} INFO - Filling up the DagBag from /home/airflow/.local/lib/python3.12/site-packages/airflow/example_dags/example_branch_operator_decorator.py
[2025-04-22T09:59:35.350+0000] {processor.py:925} INFO - DAG(s) 'example_branch_python_operator_decorator' retrieved from /home/airflow/.local/lib/python3.12/site-packages/airflow/example_dags/example_branch_operator_decorator.py
[2025-04-22T09:59:35.362+0000] {logging_mixin.py:190} INFO - [2025-04-22T09:59:35.362+0000] {dag.py:3239} INFO - Sync 1 DAGs
[2025-04-22T09:59:35.372+0000] {logging_mixin.py:190} INFO - [2025-04-22T09:59:35.372+0000] {dag.py:4180} INFO - Setting next_dagrun for example_branch_python_operator_decorator to 2025-04-21 00:00:00+00:00, run_after=2025-04-22 00:00:00+00:00
[2025-04-22T09:59:35.379+0000] {processor.py:208} INFO - Processing /home/airflow/.local/lib/python3.12/site-packages/airflow/example_dags/example_branch_operator_decorator.py took 0.043 seconds
[2025-04-22T10:00:05.724+0000] {processor.py:186} INFO - Started process (PID=283) to work on /home/airflow/.local/lib/python3.12/site-packages/airflow/example_dags/example_branch_operator_decorator.py
[2025-04-22T10:00:05.724+0000] {processor.py:914} INFO - Processing file /home/airflow/.local/lib/python3.12/site-packages/airflow/example_dags/example_branch_operator_decorator.py for tasks to queue
[2025-04-22T10:00:05.725+0000] {logging_mixin.py:190} INFO - [2025-04-22T10:00:05.725+0000] {dagbag.py:588} INFO - Filling up the DagBag from /home/airflow/.local/lib/python3.12/site-packages/airflow/example_dags/example_branch_operator_decorator.py
[2025-04-22T10:00:05.735+0000] {processor.py:925} INFO - DAG(s) 'example_branch_python_operator_decorator' retrieved from /home/airflow/.local/lib/python3.12/site-packages/airflow/example_dags/example_branch_operator_decorator.py
[2025-04-22T10:00:05.746+0000] {logging_mixin.py:190} INFO - [2025-04-22T10:00:05.746+0000] {dag.py:3239} INFO - Sync 1 DAGs
[2025-04-22T10:00:05.756+0000] {logging_mixin.py:190} INFO - [2025-04-22T10:00:05.756+0000] {dag.py:4180} INFO - Setting next_dagrun for example_branch_python_operator_decorator to 2025-04-21 00:00:00+00:00, run_after=2025-04-22 00:00:00+00:00
[2025-04-22T10:00:05.762+0000] {processor.py:208} INFO - Processing /home/airflow/.local/lib/python3.12/site-packages/airflow/example_dags/example_branch_operator_decorator.py took 0.043 seconds
[2025-04-22T10:00:54.988+0000] {processor.py:186} INFO - Started process (PID=94) to work on /home/airflow/.local/lib/python3.12/site-packages/airflow/example_dags/example_branch_operator_decorator.py
[2025-04-22T10:00:54.988+0000] {processor.py:914} INFO - Processing file /home/airflow/.local/lib/python3.12/site-packages/airflow/example_dags/example_branch_operator_decorator.py for tasks to queue
[2025-04-22T10:00:54.989+0000] {logging_mixin.py:190} INFO - [2025-04-22T10:00:54.989+0000] {dagbag.py:588} INFO - Filling up the DagBag from /home/airflow/.local/lib/python3.12/site-packages/airflow/example_dags/example_branch_operator_decorator.py
[2025-04-22T10:00:54.999+0000] {processor.py:925} INFO - DAG(s) 'example_branch_python_operator_decorator' retrieved from /home/airflow/.local/lib/python3.12/site-packages/airflow/example_dags/example_branch_operator_decorator.py
[2025-04-22T10:00:55.052+0000] {logging_mixin.py:190} INFO - [2025-04-22T10:00:55.052+0000] {dag.py:3239} INFO - Sync 1 DAGs
[2025-04-22T10:00:55.062+0000] {logging_mixin.py:190} INFO - [2025-04-22T10:00:55.062+0000] {dag.py:4180} INFO - Setting next_dagrun for example_branch_python_operator_decorator to 2025-04-21 00:00:00+00:00, run_after=2025-04-22 00:00:00+00:00
[2025-04-22T10:00:55.069+0000] {processor.py:208} INFO - Processing /home/airflow/.local/lib/python3.12/site-packages/airflow/example_dags/example_branch_operator_decorator.py took 0.083 seconds
[2025-04-22T10:01:25.364+0000] {processor.py:186} INFO - Started process (PID=157) to work on /home/airflow/.local/lib/python3.12/site-packages/airflow/example_dags/example_branch_operator_decorator.py
[2025-04-22T10:01:25.364+0000] {processor.py:914} INFO - Processing file /home/airflow/.local/lib/python3.12/site-packages/airflow/example_dags/example_branch_operator_decorator.py for tasks to queue
[2025-04-22T10:01:25.365+0000] {logging_mixin.py:190} INFO - [2025-04-22T10:01:25.365+0000] {dagbag.py:588} INFO - Filling up the DagBag from /home/airflow/.local/lib/python3.12/site-packages/airflow/example_dags/example_branch_operator_decorator.py
[2025-04-22T10:01:25.374+0000] {processor.py:925} INFO - DAG(s) 'example_branch_python_operator_decorator' retrieved from /home/airflow/.local/lib/python3.12/site-packages/airflow/example_dags/example_branch_operator_decorator.py
[2025-04-22T10:01:25.386+0000] {logging_mixin.py:190} INFO - [2025-04-22T10:01:25.386+0000] {dag.py:3239} INFO - Sync 1 DAGs
[2025-04-22T10:01:25.396+0000] {logging_mixin.py:190} INFO - [2025-04-22T10:01:25.396+0000] {dag.py:4180} INFO - Setting next_dagrun for example_branch_python_operator_decorator to 2025-04-21 00:00:00+00:00, run_after=2025-04-22 00:00:00+00:00
[2025-04-22T10:01:25.403+0000] {processor.py:208} INFO - Processing /home/airflow/.local/lib/python3.12/site-packages/airflow/example_dags/example_branch_operator_decorator.py took 0.041 seconds
[2025-04-22T10:01:55.771+0000] {processor.py:186} INFO - Started process (PID=220) to work on /home/airflow/.local/lib/python3.12/site-packages/airflow/example_dags/example_branch_operator_decorator.py
[2025-04-22T10:01:55.771+0000] {processor.py:914} INFO - Processing file /home/airflow/.local/lib/python3.12/site-packages/airflow/example_dags/example_branch_operator_decorator.py for tasks to queue
[2025-04-22T10:01:55.772+0000] {logging_mixin.py:190} INFO - [2025-04-22T10:01:55.772+0000] {dagbag.py:588} INFO - Filling up the DagBag from /home/airflow/.local/lib/python3.12/site-packages/airflow/example_dags/example_branch_operator_decorator.py
[2025-04-22T10:01:55.781+0000] {processor.py:925} INFO - DAG(s) 'example_branch_python_operator_decorator' retrieved from /home/airflow/.local/lib/python3.12/site-packages/airflow/example_dags/example_branch_operator_decorator.py
[2025-04-22T10:01:55.793+0000] {logging_mixin.py:190} INFO - [2025-04-22T10:01:55.793+0000] {dag.py:3239} INFO - Sync 1 DAGs
[2025-04-22T10:01:55.804+0000] {logging_mixin.py:190} INFO - [2025-04-22T10:01:55.804+0000] {dag.py:4180} INFO - Setting next_dagrun for example_branch_python_operator_decorator to 2025-04-21 00:00:00+00:00, run_after=2025-04-22 00:00:00+00:00
[2025-04-22T10:01:55.810+0000] {processor.py:208} INFO - Processing /home/airflow/.local/lib/python3.12/site-packages/airflow/example_dags/example_branch_operator_decorator.py took 0.042 seconds
[2025-04-22T10:02:26.057+0000] {processor.py:186} INFO - Started process (PID=283) to work on /home/airflow/.local/lib/python3.12/site-packages/airflow/example_dags/example_branch_operator_decorator.py
[2025-04-22T10:02:26.057+0000] {processor.py:914} INFO - Processing file /home/airflow/.local/lib/python3.12/site-packages/airflow/example_dags/example_branch_operator_decorator.py for tasks to queue
[2025-04-22T10:02:26.058+0000] {logging_mixin.py:190} INFO - [2025-04-22T10:02:26.058+0000] {dagbag.py:588} INFO - Filling up the DagBag from /home/airflow/.local/lib/python3.12/site-packages/airflow/example_dags/example_branch_operator_decorator.py
[2025-04-22T10:02:26.067+0000] {processor.py:925} INFO - DAG(s) 'example_branch_python_operator_decorator' retrieved from /home/airflow/.local/lib/python3.12/site-packages/airflow/example_dags/example_branch_operator_decorator.py
[2025-04-22T10:02:26.080+0000] {logging_mixin.py:190} INFO - [2025-04-22T10:02:26.080+0000] {dag.py:3239} INFO - Sync 1 DAGs
[2025-04-22T10:02:26.090+0000] {logging_mixin.py:190} INFO - [2025-04-22T10:02:26.089+0000] {dag.py:4180} INFO - Setting next_dagrun for example_branch_python_operator_decorator to 2025-04-21 00:00:00+00:00, run_after=2025-04-22 00:00:00+00:00
[2025-04-22T10:02:26.096+0000] {processor.py:208} INFO - Processing /home/airflow/.local/lib/python3.12/site-packages/airflow/example_dags/example_branch_operator_decorator.py took 0.042 seconds
[2025-04-22T10:02:56.649+0000] {processor.py:186} INFO - Started process (PID=346) to work on /home/airflow/.local/lib/python3.12/site-packages/airflow/example_dags/example_branch_operator_decorator.py
[2025-04-22T10:02:56.649+0000] {processor.py:914} INFO - Processing file /home/airflow/.local/lib/python3.12/site-packages/airflow/example_dags/example_branch_operator_decorator.py for tasks to queue
[2025-04-22T10:02:56.650+0000] {logging_mixin.py:190} INFO - [2025-04-22T10:02:56.650+0000] {dagbag.py:588} INFO - Filling up the DagBag from /home/airflow/.local/lib/python3.12/site-packages/airflow/example_dags/example_branch_operator_decorator.py
[2025-04-22T10:02:56.659+0000] {processor.py:925} INFO - DAG(s) 'example_branch_python_operator_decorator' retrieved from /home/airflow/.local/lib/python3.12/site-packages/airflow/example_dags/example_branch_operator_decorator.py
[2025-04-22T10:02:56.671+0000] {logging_mixin.py:190} INFO - [2025-04-22T10:02:56.671+0000] {dag.py:3239} INFO - Sync 1 DAGs
[2025-04-22T10:02:56.681+0000] {logging_mixin.py:190} INFO - [2025-04-22T10:02:56.681+0000] {dag.py:4180} INFO - Setting next_dagrun for example_branch_python_operator_decorator to 2025-04-21 00:00:00+00:00, run_after=2025-04-22 00:00:00+00:00
[2025-04-22T10:02:56.687+0000] {processor.py:208} INFO - Processing /home/airflow/.local/lib/python3.12/site-packages/airflow/example_dags/example_branch_operator_decorator.py took 0.041 seconds
[2025-04-22T10:03:26.869+0000] {processor.py:186} INFO - Started process (PID=409) to work on /home/airflow/.local/lib/python3.12/site-packages/airflow/example_dags/example_branch_operator_decorator.py
[2025-04-22T10:03:26.870+0000] {processor.py:914} INFO - Processing file /home/airflow/.local/lib/python3.12/site-packages/airflow/example_dags/example_branch_operator_decorator.py for tasks to queue
[2025-04-22T10:03:26.871+0000] {logging_mixin.py:190} INFO - [2025-04-22T10:03:26.871+0000] {dagbag.py:588} INFO - Filling up the DagBag from /home/airflow/.local/lib/python3.12/site-packages/airflow/example_dags/example_branch_operator_decorator.py
[2025-04-22T10:03:26.879+0000] {processor.py:925} INFO - DAG(s) 'example_branch_python_operator_decorator' retrieved from /home/airflow/.local/lib/python3.12/site-packages/airflow/example_dags/example_branch_operator_decorator.py
[2025-04-22T10:03:26.891+0000] {logging_mixin.py:190} INFO - [2025-04-22T10:03:26.891+0000] {dag.py:3239} INFO - Sync 1 DAGs
[2025-04-22T10:03:26.901+0000] {logging_mixin.py:190} INFO - [2025-04-22T10:03:26.900+0000] {dag.py:4180} INFO - Setting next_dagrun for example_branch_python_operator_decorator to 2025-04-21 00:00:00+00:00, run_after=2025-04-22 00:00:00+00:00
[2025-04-22T10:03:26.907+0000] {processor.py:208} INFO - Processing /home/airflow/.local/lib/python3.12/site-packages/airflow/example_dags/example_branch_operator_decorator.py took 0.040 seconds
[2025-04-22T10:05:36.849+0000] {processor.py:186} INFO - Started process (PID=94) to work on /home/airflow/.local/lib/python3.12/site-packages/airflow/example_dags/example_branch_operator_decorator.py
[2025-04-22T10:05:36.850+0000] {processor.py:914} INFO - Processing file /home/airflow/.local/lib/python3.12/site-packages/airflow/example_dags/example_branch_operator_decorator.py for tasks to queue
[2025-04-22T10:05:36.851+0000] {logging_mixin.py:190} INFO - [2025-04-22T10:05:36.850+0000] {dagbag.py:588} INFO - Filling up the DagBag from /home/airflow/.local/lib/python3.12/site-packages/airflow/example_dags/example_branch_operator_decorator.py
[2025-04-22T10:05:36.860+0000] {processor.py:925} INFO - DAG(s) 'example_branch_python_operator_decorator' retrieved from /home/airflow/.local/lib/python3.12/site-packages/airflow/example_dags/example_branch_operator_decorator.py
[2025-04-22T10:05:36.913+0000] {logging_mixin.py:190} INFO - [2025-04-22T10:05:36.913+0000] {dag.py:3239} INFO - Sync 1 DAGs
[2025-04-22T10:05:36.921+0000] {logging_mixin.py:190} INFO - [2025-04-22T10:05:36.921+0000] {dag.py:4180} INFO - Setting next_dagrun for example_branch_python_operator_decorator to 2025-04-21 00:00:00+00:00, run_after=2025-04-22 00:00:00+00:00
[2025-04-22T10:05:36.929+0000] {processor.py:208} INFO - Processing /home/airflow/.local/lib/python3.12/site-packages/airflow/example_dags/example_branch_operator_decorator.py took 0.082 seconds
[2025-04-22T10:06:07.235+0000] {processor.py:186} INFO - Started process (PID=157) to work on /home/airflow/.local/lib/python3.12/site-packages/airflow/example_dags/example_branch_operator_decorator.py
[2025-04-22T10:06:07.235+0000] {processor.py:914} INFO - Processing file /home/airflow/.local/lib/python3.12/site-packages/airflow/example_dags/example_branch_operator_decorator.py for tasks to queue
[2025-04-22T10:06:07.236+0000] {logging_mixin.py:190} INFO - [2025-04-22T10:06:07.236+0000] {dagbag.py:588} INFO - Filling up the DagBag from /home/airflow/.local/lib/python3.12/site-packages/airflow/example_dags/example_branch_operator_decorator.py
[2025-04-22T10:06:07.245+0000] {processor.py:925} INFO - DAG(s) 'example_branch_python_operator_decorator' retrieved from /home/airflow/.local/lib/python3.12/site-packages/airflow/example_dags/example_branch_operator_decorator.py
[2025-04-22T10:06:07.257+0000] {logging_mixin.py:190} INFO - [2025-04-22T10:06:07.257+0000] {dag.py:3239} INFO - Sync 1 DAGs
[2025-04-22T10:06:07.267+0000] {logging_mixin.py:190} INFO - [2025-04-22T10:06:07.267+0000] {dag.py:4180} INFO - Setting next_dagrun for example_branch_python_operator_decorator to 2025-04-21 00:00:00+00:00, run_after=2025-04-22 00:00:00+00:00
[2025-04-22T10:06:07.273+0000] {processor.py:208} INFO - Processing /home/airflow/.local/lib/python3.12/site-packages/airflow/example_dags/example_branch_operator_decorator.py took 0.041 seconds
[2025-04-22T10:06:37.546+0000] {processor.py:186} INFO - Started process (PID=220) to work on /home/airflow/.local/lib/python3.12/site-packages/airflow/example_dags/example_branch_operator_decorator.py
[2025-04-22T10:06:37.546+0000] {processor.py:914} INFO - Processing file /home/airflow/.local/lib/python3.12/site-packages/airflow/example_dags/example_branch_operator_decorator.py for tasks to queue
[2025-04-22T10:06:37.547+0000] {logging_mixin.py:190} INFO - [2025-04-22T10:06:37.547+0000] {dagbag.py:588} INFO - Filling up the DagBag from /home/airflow/.local/lib/python3.12/site-packages/airflow/example_dags/example_branch_operator_decorator.py
[2025-04-22T10:06:37.556+0000] {processor.py:925} INFO - DAG(s) 'example_branch_python_operator_decorator' retrieved from /home/airflow/.local/lib/python3.12/site-packages/airflow/example_dags/example_branch_operator_decorator.py
[2025-04-22T10:06:37.568+0000] {logging_mixin.py:190} INFO - [2025-04-22T10:06:37.568+0000] {dag.py:3239} INFO - Sync 1 DAGs
[2025-04-22T10:06:37.578+0000] {logging_mixin.py:190} INFO - [2025-04-22T10:06:37.578+0000] {dag.py:4180} INFO - Setting next_dagrun for example_branch_python_operator_decorator to 2025-04-21 00:00:00+00:00, run_after=2025-04-22 00:00:00+00:00
[2025-04-22T10:06:37.585+0000] {processor.py:208} INFO - Processing /home/airflow/.local/lib/python3.12/site-packages/airflow/example_dags/example_branch_operator_decorator.py took 0.041 seconds
[2025-04-22T10:07:07.936+0000] {processor.py:186} INFO - Started process (PID=283) to work on /home/airflow/.local/lib/python3.12/site-packages/airflow/example_dags/example_branch_operator_decorator.py
[2025-04-22T10:07:07.937+0000] {processor.py:914} INFO - Processing file /home/airflow/.local/lib/python3.12/site-packages/airflow/example_dags/example_branch_operator_decorator.py for tasks to queue
[2025-04-22T10:07:07.938+0000] {logging_mixin.py:190} INFO - [2025-04-22T10:07:07.938+0000] {dagbag.py:588} INFO - Filling up the DagBag from /home/airflow/.local/lib/python3.12/site-packages/airflow/example_dags/example_branch_operator_decorator.py
[2025-04-22T10:07:07.947+0000] {processor.py:925} INFO - DAG(s) 'example_branch_python_operator_decorator' retrieved from /home/airflow/.local/lib/python3.12/site-packages/airflow/example_dags/example_branch_operator_decorator.py
[2025-04-22T10:07:07.959+0000] {logging_mixin.py:190} INFO - [2025-04-22T10:07:07.959+0000] {dag.py:3239} INFO - Sync 1 DAGs
[2025-04-22T10:07:07.968+0000] {logging_mixin.py:190} INFO - [2025-04-22T10:07:07.968+0000] {dag.py:4180} INFO - Setting next_dagrun for example_branch_python_operator_decorator to 2025-04-21 00:00:00+00:00, run_after=2025-04-22 00:00:00+00:00
[2025-04-22T10:07:07.975+0000] {processor.py:208} INFO - Processing /home/airflow/.local/lib/python3.12/site-packages/airflow/example_dags/example_branch_operator_decorator.py took 0.041 seconds
[2025-04-22T10:07:38.304+0000] {processor.py:186} INFO - Started process (PID=346) to work on /home/airflow/.local/lib/python3.12/site-packages/airflow/example_dags/example_branch_operator_decorator.py
[2025-04-22T10:07:38.305+0000] {processor.py:914} INFO - Processing file /home/airflow/.local/lib/python3.12/site-packages/airflow/example_dags/example_branch_operator_decorator.py for tasks to queue
[2025-04-22T10:07:38.305+0000] {logging_mixin.py:190} INFO - [2025-04-22T10:07:38.305+0000] {dagbag.py:588} INFO - Filling up the DagBag from /home/airflow/.local/lib/python3.12/site-packages/airflow/example_dags/example_branch_operator_decorator.py
[2025-04-22T10:07:38.314+0000] {processor.py:925} INFO - DAG(s) 'example_branch_python_operator_decorator' retrieved from /home/airflow/.local/lib/python3.12/site-packages/airflow/example_dags/example_branch_operator_decorator.py
[2025-04-22T10:07:38.326+0000] {logging_mixin.py:190} INFO - [2025-04-22T10:07:38.326+0000] {dag.py:3239} INFO - Sync 1 DAGs
[2025-04-22T10:07:38.336+0000] {logging_mixin.py:190} INFO - [2025-04-22T10:07:38.336+0000] {dag.py:4180} INFO - Setting next_dagrun for example_branch_python_operator_decorator to 2025-04-21 00:00:00+00:00, run_after=2025-04-22 00:00:00+00:00
[2025-04-22T10:07:38.343+0000] {processor.py:208} INFO - Processing /home/airflow/.local/lib/python3.12/site-packages/airflow/example_dags/example_branch_operator_decorator.py took 0.041 seconds
[2025-04-22T10:08:08.630+0000] {processor.py:186} INFO - Started process (PID=409) to work on /home/airflow/.local/lib/python3.12/site-packages/airflow/example_dags/example_branch_operator_decorator.py
[2025-04-22T10:08:08.630+0000] {processor.py:914} INFO - Processing file /home/airflow/.local/lib/python3.12/site-packages/airflow/example_dags/example_branch_operator_decorator.py for tasks to queue
[2025-04-22T10:08:08.631+0000] {logging_mixin.py:190} INFO - [2025-04-22T10:08:08.631+0000] {dagbag.py:588} INFO - Filling up the DagBag from /home/airflow/.local/lib/python3.12/site-packages/airflow/example_dags/example_branch_operator_decorator.py
[2025-04-22T10:08:08.640+0000] {processor.py:925} INFO - DAG(s) 'example_branch_python_operator_decorator' retrieved from /home/airflow/.local/lib/python3.12/site-packages/airflow/example_dags/example_branch_operator_decorator.py
[2025-04-22T10:08:08.651+0000] {logging_mixin.py:190} INFO - [2025-04-22T10:08:08.651+0000] {dag.py:3239} INFO - Sync 1 DAGs
[2025-04-22T10:08:08.661+0000] {logging_mixin.py:190} INFO - [2025-04-22T10:08:08.661+0000] {dag.py:4180} INFO - Setting next_dagrun for example_branch_python_operator_decorator to 2025-04-21 00:00:00+00:00, run_after=2025-04-22 00:00:00+00:00
[2025-04-22T10:08:08.667+0000] {processor.py:208} INFO - Processing /home/airflow/.local/lib/python3.12/site-packages/airflow/example_dags/example_branch_operator_decorator.py took 0.040 seconds
[2025-04-22T10:08:39.014+0000] {processor.py:186} INFO - Started process (PID=472) to work on /home/airflow/.local/lib/python3.12/site-packages/airflow/example_dags/example_branch_operator_decorator.py
[2025-04-22T10:08:39.015+0000] {processor.py:914} INFO - Processing file /home/airflow/.local/lib/python3.12/site-packages/airflow/example_dags/example_branch_operator_decorator.py for tasks to queue
[2025-04-22T10:08:39.015+0000] {logging_mixin.py:190} INFO - [2025-04-22T10:08:39.015+0000] {dagbag.py:588} INFO - Filling up the DagBag from /home/airflow/.local/lib/python3.12/site-packages/airflow/example_dags/example_branch_operator_decorator.py
[2025-04-22T10:08:39.024+0000] {processor.py:925} INFO - DAG(s) 'example_branch_python_operator_decorator' retrieved from /home/airflow/.local/lib/python3.12/site-packages/airflow/example_dags/example_branch_operator_decorator.py
[2025-04-22T10:08:39.036+0000] {logging_mixin.py:190} INFO - [2025-04-22T10:08:39.036+0000] {dag.py:3239} INFO - Sync 1 DAGs
[2025-04-22T10:08:39.046+0000] {logging_mixin.py:190} INFO - [2025-04-22T10:08:39.046+0000] {dag.py:4180} INFO - Setting next_dagrun for example_branch_python_operator_decorator to 2025-04-21 00:00:00+00:00, run_after=2025-04-22 00:00:00+00:00
[2025-04-22T10:08:39.052+0000] {processor.py:208} INFO - Processing /home/airflow/.local/lib/python3.12/site-packages/airflow/example_dags/example_branch_operator_decorator.py took 0.041 seconds
[2025-04-22T10:09:09.344+0000] {processor.py:186} INFO - Started process (PID=535) to work on /home/airflow/.local/lib/python3.12/site-packages/airflow/example_dags/example_branch_operator_decorator.py
[2025-04-22T10:09:09.345+0000] {processor.py:914} INFO - Processing file /home/airflow/.local/lib/python3.12/site-packages/airflow/example_dags/example_branch_operator_decorator.py for tasks to queue
[2025-04-22T10:09:09.346+0000] {logging_mixin.py:190} INFO - [2025-04-22T10:09:09.346+0000] {dagbag.py:588} INFO - Filling up the DagBag from /home/airflow/.local/lib/python3.12/site-packages/airflow/example_dags/example_branch_operator_decorator.py
[2025-04-22T10:09:09.355+0000] {processor.py:925} INFO - DAG(s) 'example_branch_python_operator_decorator' retrieved from /home/airflow/.local/lib/python3.12/site-packages/airflow/example_dags/example_branch_operator_decorator.py
[2025-04-22T10:09:09.367+0000] {logging_mixin.py:190} INFO - [2025-04-22T10:09:09.367+0000] {dag.py:3239} INFO - Sync 1 DAGs
[2025-04-22T10:09:09.377+0000] {logging_mixin.py:190} INFO - [2025-04-22T10:09:09.376+0000] {dag.py:4180} INFO - Setting next_dagrun for example_branch_python_operator_decorator to 2025-04-21 00:00:00+00:00, run_after=2025-04-22 00:00:00+00:00
[2025-04-22T10:09:09.383+0000] {processor.py:208} INFO - Processing /home/airflow/.local/lib/python3.12/site-packages/airflow/example_dags/example_branch_operator_decorator.py took 0.041 seconds
[2025-04-22T10:09:39.708+0000] {processor.py:186} INFO - Started process (PID=598) to work on /home/airflow/.local/lib/python3.12/site-packages/airflow/example_dags/example_branch_operator_decorator.py
[2025-04-22T10:09:39.709+0000] {processor.py:914} INFO - Processing file /home/airflow/.local/lib/python3.12/site-packages/airflow/example_dags/example_branch_operator_decorator.py for tasks to queue
[2025-04-22T10:09:39.710+0000] {logging_mixin.py:190} INFO - [2025-04-22T10:09:39.710+0000] {dagbag.py:588} INFO - Filling up the DagBag from /home/airflow/.local/lib/python3.12/site-packages/airflow/example_dags/example_branch_operator_decorator.py
[2025-04-22T10:09:39.718+0000] {processor.py:925} INFO - DAG(s) 'example_branch_python_operator_decorator' retrieved from /home/airflow/.local/lib/python3.12/site-packages/airflow/example_dags/example_branch_operator_decorator.py
[2025-04-22T10:09:39.731+0000] {logging_mixin.py:190} INFO - [2025-04-22T10:09:39.731+0000] {dag.py:3239} INFO - Sync 1 DAGs
[2025-04-22T10:09:39.741+0000] {logging_mixin.py:190} INFO - [2025-04-22T10:09:39.740+0000] {dag.py:4180} INFO - Setting next_dagrun for example_branch_python_operator_decorator to 2025-04-21 00:00:00+00:00, run_after=2025-04-22 00:00:00+00:00
[2025-04-22T10:09:39.747+0000] {processor.py:208} INFO - Processing /home/airflow/.local/lib/python3.12/site-packages/airflow/example_dags/example_branch_operator_decorator.py took 0.041 seconds
