[2025-04-22T09:53:50.143+0000] {processor.py:186} INFO - Started process (PID=119) to work on /home/airflow/.local/lib/python3.12/site-packages/airflow/example_dags/example_sla_dag.py
[2025-04-22T09:53:50.143+0000] {processor.py:914} INFO - Processing file /home/airflow/.local/lib/python3.12/site-packages/airflow/example_dags/example_sla_dag.py for tasks to queue
[2025-04-22T09:53:50.144+0000] {logging_mixin.py:190} INFO - [2025-04-22T09:53:50.144+0000] {dagbag.py:588} INFO - Filling up the DagBag from /home/airflow/.local/lib/python3.12/site-packages/airflow/example_dags/example_sla_dag.py
[2025-04-22T09:53:50.150+0000] {processor.py:925} INFO - DAG(s) 'example_sla_dag' retrieved from /home/airflow/.local/lib/python3.12/site-packages/airflow/example_dags/example_sla_dag.py
[2025-04-22T09:53:50.155+0000] {logging_mixin.py:190} INFO - [2025-04-22T09:53:50.155+0000] {dag.py:3239} INFO - Sync 1 DAGs
[2025-04-22T09:53:50.166+0000] {logging_mixin.py:190} INFO - [2025-04-22T09:53:50.166+0000] {dag.py:4180} INFO - Setting next_dagrun for example_sla_dag to 2025-04-22 09:50:00+00:00, run_after=2025-04-22 09:52:00+00:00
[2025-04-22T09:53:50.172+0000] {processor.py:208} INFO - Processing /home/airflow/.local/lib/python3.12/site-packages/airflow/example_dags/example_sla_dag.py took 0.031 seconds
[2025-04-22T09:55:03.658+0000] {processor.py:186} INFO - Started process (PID=119) to work on /home/airflow/.local/lib/python3.12/site-packages/airflow/example_dags/example_sla_dag.py
[2025-04-22T09:55:03.658+0000] {processor.py:914} INFO - Processing file /home/airflow/.local/lib/python3.12/site-packages/airflow/example_dags/example_sla_dag.py for tasks to queue
[2025-04-22T09:55:03.659+0000] {logging_mixin.py:190} INFO - [2025-04-22T09:55:03.659+0000] {dagbag.py:588} INFO - Filling up the DagBag from /home/airflow/.local/lib/python3.12/site-packages/airflow/example_dags/example_sla_dag.py
[2025-04-22T09:55:03.665+0000] {processor.py:925} INFO - DAG(s) 'example_sla_dag' retrieved from /home/airflow/.local/lib/python3.12/site-packages/airflow/example_dags/example_sla_dag.py
[2025-04-22T09:55:03.714+0000] {logging_mixin.py:190} INFO - [2025-04-22T09:55:03.714+0000] {dag.py:3239} INFO - Sync 1 DAGs
[2025-04-22T09:55:03.723+0000] {logging_mixin.py:190} INFO - [2025-04-22T09:55:03.723+0000] {dag.py:4180} INFO - Setting next_dagrun for example_sla_dag to 2025-04-22 09:52:00+00:00, run_after=2025-04-22 09:54:00+00:00
[2025-04-22T09:55:03.730+0000] {processor.py:208} INFO - Processing /home/airflow/.local/lib/python3.12/site-packages/airflow/example_dags/example_sla_dag.py took 0.075 seconds
[2025-04-22T09:55:34.024+0000] {processor.py:186} INFO - Started process (PID=182) to work on /home/airflow/.local/lib/python3.12/site-packages/airflow/example_dags/example_sla_dag.py
[2025-04-22T09:55:34.024+0000] {processor.py:914} INFO - Processing file /home/airflow/.local/lib/python3.12/site-packages/airflow/example_dags/example_sla_dag.py for tasks to queue
[2025-04-22T09:55:34.025+0000] {logging_mixin.py:190} INFO - [2025-04-22T09:55:34.025+0000] {dagbag.py:588} INFO - Filling up the DagBag from /home/airflow/.local/lib/python3.12/site-packages/airflow/example_dags/example_sla_dag.py
[2025-04-22T09:55:34.030+0000] {processor.py:925} INFO - DAG(s) 'example_sla_dag' retrieved from /home/airflow/.local/lib/python3.12/site-packages/airflow/example_dags/example_sla_dag.py
[2025-04-22T09:55:34.038+0000] {logging_mixin.py:190} INFO - [2025-04-22T09:55:34.038+0000] {dag.py:3239} INFO - Sync 1 DAGs
[2025-04-22T09:55:34.048+0000] {logging_mixin.py:190} INFO - [2025-04-22T09:55:34.048+0000] {dag.py:4180} INFO - Setting next_dagrun for example_sla_dag to 2025-04-22 09:52:00+00:00, run_after=2025-04-22 09:54:00+00:00
[2025-04-22T09:55:34.055+0000] {processor.py:208} INFO - Processing /home/airflow/.local/lib/python3.12/site-packages/airflow/example_dags/example_sla_dag.py took 0.034 seconds
[2025-04-22T09:56:05.274+0000] {processor.py:186} INFO - Started process (PID=245) to work on /home/airflow/.local/lib/python3.12/site-packages/airflow/example_dags/example_sla_dag.py
[2025-04-22T09:56:05.275+0000] {processor.py:914} INFO - Processing file /home/airflow/.local/lib/python3.12/site-packages/airflow/example_dags/example_sla_dag.py for tasks to queue
[2025-04-22T09:56:05.276+0000] {logging_mixin.py:190} INFO - [2025-04-22T09:56:05.276+0000] {dagbag.py:588} INFO - Filling up the DagBag from /home/airflow/.local/lib/python3.12/site-packages/airflow/example_dags/example_sla_dag.py
[2025-04-22T09:56:05.281+0000] {processor.py:925} INFO - DAG(s) 'example_sla_dag' retrieved from /home/airflow/.local/lib/python3.12/site-packages/airflow/example_dags/example_sla_dag.py
[2025-04-22T09:56:05.289+0000] {logging_mixin.py:190} INFO - [2025-04-22T09:56:05.289+0000] {dag.py:3239} INFO - Sync 1 DAGs
[2025-04-22T09:56:05.300+0000] {logging_mixin.py:190} INFO - [2025-04-22T09:56:05.300+0000] {dag.py:4180} INFO - Setting next_dagrun for example_sla_dag to 2025-04-22 09:54:00+00:00, run_after=2025-04-22 09:56:00+00:00
[2025-04-22T09:56:05.306+0000] {processor.py:208} INFO - Processing /home/airflow/.local/lib/python3.12/site-packages/airflow/example_dags/example_sla_dag.py took 0.035 seconds
[2025-04-22T09:56:36.538+0000] {processor.py:186} INFO - Started process (PID=308) to work on /home/airflow/.local/lib/python3.12/site-packages/airflow/example_dags/example_sla_dag.py
[2025-04-22T09:56:36.539+0000] {processor.py:914} INFO - Processing file /home/airflow/.local/lib/python3.12/site-packages/airflow/example_dags/example_sla_dag.py for tasks to queue
[2025-04-22T09:56:36.540+0000] {logging_mixin.py:190} INFO - [2025-04-22T09:56:36.540+0000] {dagbag.py:588} INFO - Filling up the DagBag from /home/airflow/.local/lib/python3.12/site-packages/airflow/example_dags/example_sla_dag.py
[2025-04-22T09:56:36.544+0000] {processor.py:925} INFO - DAG(s) 'example_sla_dag' retrieved from /home/airflow/.local/lib/python3.12/site-packages/airflow/example_dags/example_sla_dag.py
[2025-04-22T09:56:36.553+0000] {logging_mixin.py:190} INFO - [2025-04-22T09:56:36.553+0000] {dag.py:3239} INFO - Sync 1 DAGs
[2025-04-22T09:56:36.563+0000] {logging_mixin.py:190} INFO - [2025-04-22T09:56:36.563+0000] {dag.py:4180} INFO - Setting next_dagrun for example_sla_dag to 2025-04-22 09:54:00+00:00, run_after=2025-04-22 09:56:00+00:00
[2025-04-22T09:56:36.570+0000] {processor.py:208} INFO - Processing /home/airflow/.local/lib/python3.12/site-packages/airflow/example_dags/example_sla_dag.py took 0.034 seconds
[2025-04-22T09:57:07.785+0000] {processor.py:186} INFO - Started process (PID=371) to work on /home/airflow/.local/lib/python3.12/site-packages/airflow/example_dags/example_sla_dag.py
[2025-04-22T09:57:07.786+0000] {processor.py:914} INFO - Processing file /home/airflow/.local/lib/python3.12/site-packages/airflow/example_dags/example_sla_dag.py for tasks to queue
[2025-04-22T09:57:07.787+0000] {logging_mixin.py:190} INFO - [2025-04-22T09:57:07.787+0000] {dagbag.py:588} INFO - Filling up the DagBag from /home/airflow/.local/lib/python3.12/site-packages/airflow/example_dags/example_sla_dag.py
[2025-04-22T09:57:07.791+0000] {processor.py:925} INFO - DAG(s) 'example_sla_dag' retrieved from /home/airflow/.local/lib/python3.12/site-packages/airflow/example_dags/example_sla_dag.py
[2025-04-22T09:57:07.799+0000] {logging_mixin.py:190} INFO - [2025-04-22T09:57:07.799+0000] {dag.py:3239} INFO - Sync 1 DAGs
[2025-04-22T09:57:07.809+0000] {logging_mixin.py:190} INFO - [2025-04-22T09:57:07.809+0000] {dag.py:4180} INFO - Setting next_dagrun for example_sla_dag to 2025-04-22 09:54:00+00:00, run_after=2025-04-22 09:56:00+00:00
[2025-04-22T09:57:07.816+0000] {processor.py:208} INFO - Processing /home/airflow/.local/lib/python3.12/site-packages/airflow/example_dags/example_sla_dag.py took 0.034 seconds
[2025-04-22T09:57:39.086+0000] {processor.py:186} INFO - Started process (PID=434) to work on /home/airflow/.local/lib/python3.12/site-packages/airflow/example_dags/example_sla_dag.py
[2025-04-22T09:57:39.087+0000] {processor.py:914} INFO - Processing file /home/airflow/.local/lib/python3.12/site-packages/airflow/example_dags/example_sla_dag.py for tasks to queue
[2025-04-22T09:57:39.088+0000] {logging_mixin.py:190} INFO - [2025-04-22T09:57:39.087+0000] {dagbag.py:588} INFO - Filling up the DagBag from /home/airflow/.local/lib/python3.12/site-packages/airflow/example_dags/example_sla_dag.py
[2025-04-22T09:57:39.092+0000] {processor.py:925} INFO - DAG(s) 'example_sla_dag' retrieved from /home/airflow/.local/lib/python3.12/site-packages/airflow/example_dags/example_sla_dag.py
[2025-04-22T09:57:39.101+0000] {logging_mixin.py:190} INFO - [2025-04-22T09:57:39.100+0000] {dag.py:3239} INFO - Sync 1 DAGs
[2025-04-22T09:57:39.111+0000] {logging_mixin.py:190} INFO - [2025-04-22T09:57:39.111+0000] {dag.py:4180} INFO - Setting next_dagrun for example_sla_dag to 2025-04-22 09:54:00+00:00, run_after=2025-04-22 09:56:00+00:00
[2025-04-22T09:57:39.117+0000] {processor.py:208} INFO - Processing /home/airflow/.local/lib/python3.12/site-packages/airflow/example_dags/example_sla_dag.py took 0.034 seconds
[2025-04-22T09:58:35.628+0000] {processor.py:186} INFO - Started process (PID=119) to work on /home/airflow/.local/lib/python3.12/site-packages/airflow/example_dags/example_sla_dag.py
[2025-04-22T09:58:35.629+0000] {processor.py:914} INFO - Processing file /home/airflow/.local/lib/python3.12/site-packages/airflow/example_dags/example_sla_dag.py for tasks to queue
[2025-04-22T09:58:35.630+0000] {logging_mixin.py:190} INFO - [2025-04-22T09:58:35.630+0000] {dagbag.py:588} INFO - Filling up the DagBag from /home/airflow/.local/lib/python3.12/site-packages/airflow/example_dags/example_sla_dag.py
[2025-04-22T09:58:35.635+0000] {processor.py:925} INFO - DAG(s) 'example_sla_dag' retrieved from /home/airflow/.local/lib/python3.12/site-packages/airflow/example_dags/example_sla_dag.py
[2025-04-22T09:58:35.643+0000] {logging_mixin.py:190} INFO - [2025-04-22T09:58:35.643+0000] {dag.py:3239} INFO - Sync 1 DAGs
[2025-04-22T09:58:35.654+0000] {logging_mixin.py:190} INFO - [2025-04-22T09:58:35.654+0000] {dag.py:4180} INFO - Setting next_dagrun for example_sla_dag to 2025-04-22 09:56:00+00:00, run_after=2025-04-22 09:58:00+00:00
[2025-04-22T09:58:35.660+0000] {processor.py:208} INFO - Processing /home/airflow/.local/lib/python3.12/site-packages/airflow/example_dags/example_sla_dag.py took 0.037 seconds
[2025-04-22T09:59:06.064+0000] {processor.py:186} INFO - Started process (PID=182) to work on /home/airflow/.local/lib/python3.12/site-packages/airflow/example_dags/example_sla_dag.py
[2025-04-22T09:59:06.064+0000] {processor.py:914} INFO - Processing file /home/airflow/.local/lib/python3.12/site-packages/airflow/example_dags/example_sla_dag.py for tasks to queue
[2025-04-22T09:59:06.065+0000] {logging_mixin.py:190} INFO - [2025-04-22T09:59:06.065+0000] {dagbag.py:588} INFO - Filling up the DagBag from /home/airflow/.local/lib/python3.12/site-packages/airflow/example_dags/example_sla_dag.py
[2025-04-22T09:59:06.069+0000] {processor.py:925} INFO - DAG(s) 'example_sla_dag' retrieved from /home/airflow/.local/lib/python3.12/site-packages/airflow/example_dags/example_sla_dag.py
[2025-04-22T09:59:06.077+0000] {logging_mixin.py:190} INFO - [2025-04-22T09:59:06.077+0000] {dag.py:3239} INFO - Sync 1 DAGs
[2025-04-22T09:59:06.088+0000] {logging_mixin.py:190} INFO - [2025-04-22T09:59:06.088+0000] {dag.py:4180} INFO - Setting next_dagrun for example_sla_dag to 2025-04-22 09:56:00+00:00, run_after=2025-04-22 09:58:00+00:00
[2025-04-22T09:59:06.094+0000] {processor.py:208} INFO - Processing /home/airflow/.local/lib/python3.12/site-packages/airflow/example_dags/example_sla_dag.py took 0.035 seconds
[2025-04-22T09:59:36.555+0000] {processor.py:186} INFO - Started process (PID=245) to work on /home/airflow/.local/lib/python3.12/site-packages/airflow/example_dags/example_sla_dag.py
[2025-04-22T09:59:36.555+0000] {processor.py:914} INFO - Processing file /home/airflow/.local/lib/python3.12/site-packages/airflow/example_dags/example_sla_dag.py for tasks to queue
[2025-04-22T09:59:36.556+0000] {logging_mixin.py:190} INFO - [2025-04-22T09:59:36.556+0000] {dagbag.py:588} INFO - Filling up the DagBag from /home/airflow/.local/lib/python3.12/site-packages/airflow/example_dags/example_sla_dag.py
[2025-04-22T09:59:36.561+0000] {processor.py:925} INFO - DAG(s) 'example_sla_dag' retrieved from /home/airflow/.local/lib/python3.12/site-packages/airflow/example_dags/example_sla_dag.py
[2025-04-22T09:59:36.569+0000] {logging_mixin.py:190} INFO - [2025-04-22T09:59:36.569+0000] {dag.py:3239} INFO - Sync 1 DAGs
[2025-04-22T09:59:36.579+0000] {logging_mixin.py:190} INFO - [2025-04-22T09:59:36.579+0000] {dag.py:4180} INFO - Setting next_dagrun for example_sla_dag to 2025-04-22 09:56:00+00:00, run_after=2025-04-22 09:58:00+00:00
[2025-04-22T09:59:36.586+0000] {processor.py:208} INFO - Processing /home/airflow/.local/lib/python3.12/site-packages/airflow/example_dags/example_sla_dag.py took 0.035 seconds
[2025-04-22T10:00:06.983+0000] {processor.py:186} INFO - Started process (PID=308) to work on /home/airflow/.local/lib/python3.12/site-packages/airflow/example_dags/example_sla_dag.py
[2025-04-22T10:00:06.984+0000] {processor.py:914} INFO - Processing file /home/airflow/.local/lib/python3.12/site-packages/airflow/example_dags/example_sla_dag.py for tasks to queue
[2025-04-22T10:00:06.985+0000] {logging_mixin.py:190} INFO - [2025-04-22T10:00:06.985+0000] {dagbag.py:588} INFO - Filling up the DagBag from /home/airflow/.local/lib/python3.12/site-packages/airflow/example_dags/example_sla_dag.py
[2025-04-22T10:00:06.989+0000] {processor.py:925} INFO - DAG(s) 'example_sla_dag' retrieved from /home/airflow/.local/lib/python3.12/site-packages/airflow/example_dags/example_sla_dag.py
[2025-04-22T10:00:06.998+0000] {logging_mixin.py:190} INFO - [2025-04-22T10:00:06.998+0000] {dag.py:3239} INFO - Sync 1 DAGs
[2025-04-22T10:00:07.008+0000] {logging_mixin.py:190} INFO - [2025-04-22T10:00:07.008+0000] {dag.py:4180} INFO - Setting next_dagrun for example_sla_dag to 2025-04-22 09:58:00+00:00, run_after=2025-04-22 10:00:00+00:00
[2025-04-22T10:00:07.015+0000] {processor.py:208} INFO - Processing /home/airflow/.local/lib/python3.12/site-packages/airflow/example_dags/example_sla_dag.py took 0.036 seconds
[2025-04-22T10:00:56.146+0000] {processor.py:186} INFO - Started process (PID=119) to work on /home/airflow/.local/lib/python3.12/site-packages/airflow/example_dags/example_sla_dag.py
[2025-04-22T10:00:56.146+0000] {processor.py:914} INFO - Processing file /home/airflow/.local/lib/python3.12/site-packages/airflow/example_dags/example_sla_dag.py for tasks to queue
[2025-04-22T10:00:56.147+0000] {logging_mixin.py:190} INFO - [2025-04-22T10:00:56.147+0000] {dagbag.py:588} INFO - Filling up the DagBag from /home/airflow/.local/lib/python3.12/site-packages/airflow/example_dags/example_sla_dag.py
[2025-04-22T10:00:56.153+0000] {processor.py:925} INFO - DAG(s) 'example_sla_dag' retrieved from /home/airflow/.local/lib/python3.12/site-packages/airflow/example_dags/example_sla_dag.py
[2025-04-22T10:00:56.161+0000] {logging_mixin.py:190} INFO - [2025-04-22T10:00:56.161+0000] {dag.py:3239} INFO - Sync 1 DAGs
[2025-04-22T10:00:56.172+0000] {logging_mixin.py:190} INFO - [2025-04-22T10:00:56.172+0000] {dag.py:4180} INFO - Setting next_dagrun for example_sla_dag to 2025-04-22 09:58:00+00:00, run_after=2025-04-22 10:00:00+00:00
[2025-04-22T10:00:56.178+0000] {processor.py:208} INFO - Processing /home/airflow/.local/lib/python3.12/site-packages/airflow/example_dags/example_sla_dag.py took 0.035 seconds
[2025-04-22T10:01:26.497+0000] {processor.py:186} INFO - Started process (PID=182) to work on /home/airflow/.local/lib/python3.12/site-packages/airflow/example_dags/example_sla_dag.py
[2025-04-22T10:01:26.497+0000] {processor.py:914} INFO - Processing file /home/airflow/.local/lib/python3.12/site-packages/airflow/example_dags/example_sla_dag.py for tasks to queue
[2025-04-22T10:01:26.498+0000] {logging_mixin.py:190} INFO - [2025-04-22T10:01:26.498+0000] {dagbag.py:588} INFO - Filling up the DagBag from /home/airflow/.local/lib/python3.12/site-packages/airflow/example_dags/example_sla_dag.py
[2025-04-22T10:01:26.503+0000] {processor.py:925} INFO - DAG(s) 'example_sla_dag' retrieved from /home/airflow/.local/lib/python3.12/site-packages/airflow/example_dags/example_sla_dag.py
[2025-04-22T10:01:26.511+0000] {logging_mixin.py:190} INFO - [2025-04-22T10:01:26.511+0000] {dag.py:3239} INFO - Sync 1 DAGs
[2025-04-22T10:01:26.522+0000] {logging_mixin.py:190} INFO - [2025-04-22T10:01:26.522+0000] {dag.py:4180} INFO - Setting next_dagrun for example_sla_dag to 2025-04-22 09:58:00+00:00, run_after=2025-04-22 10:00:00+00:00
[2025-04-22T10:01:26.528+0000] {processor.py:208} INFO - Processing /home/airflow/.local/lib/python3.12/site-packages/airflow/example_dags/example_sla_dag.py took 0.034 seconds
[2025-04-22T10:01:56.875+0000] {processor.py:186} INFO - Started process (PID=245) to work on /home/airflow/.local/lib/python3.12/site-packages/airflow/example_dags/example_sla_dag.py
[2025-04-22T10:01:56.876+0000] {processor.py:914} INFO - Processing file /home/airflow/.local/lib/python3.12/site-packages/airflow/example_dags/example_sla_dag.py for tasks to queue
[2025-04-22T10:01:56.877+0000] {logging_mixin.py:190} INFO - [2025-04-22T10:01:56.876+0000] {dagbag.py:588} INFO - Filling up the DagBag from /home/airflow/.local/lib/python3.12/site-packages/airflow/example_dags/example_sla_dag.py
[2025-04-22T10:01:56.881+0000] {processor.py:925} INFO - DAG(s) 'example_sla_dag' retrieved from /home/airflow/.local/lib/python3.12/site-packages/airflow/example_dags/example_sla_dag.py
[2025-04-22T10:01:56.890+0000] {logging_mixin.py:190} INFO - [2025-04-22T10:01:56.890+0000] {dag.py:3239} INFO - Sync 1 DAGs
[2025-04-22T10:01:56.901+0000] {logging_mixin.py:190} INFO - [2025-04-22T10:01:56.901+0000] {dag.py:4180} INFO - Setting next_dagrun for example_sla_dag to 2025-04-22 09:58:00+00:00, run_after=2025-04-22 10:00:00+00:00
[2025-04-22T10:01:56.907+0000] {processor.py:208} INFO - Processing /home/airflow/.local/lib/python3.12/site-packages/airflow/example_dags/example_sla_dag.py took 0.034 seconds
[2025-04-22T10:02:27.433+0000] {processor.py:186} INFO - Started process (PID=308) to work on /home/airflow/.local/lib/python3.12/site-packages/airflow/example_dags/example_sla_dag.py
[2025-04-22T10:02:27.434+0000] {processor.py:914} INFO - Processing file /home/airflow/.local/lib/python3.12/site-packages/airflow/example_dags/example_sla_dag.py for tasks to queue
[2025-04-22T10:02:27.435+0000] {logging_mixin.py:190} INFO - [2025-04-22T10:02:27.434+0000] {dagbag.py:588} INFO - Filling up the DagBag from /home/airflow/.local/lib/python3.12/site-packages/airflow/example_dags/example_sla_dag.py
[2025-04-22T10:02:27.439+0000] {processor.py:925} INFO - DAG(s) 'example_sla_dag' retrieved from /home/airflow/.local/lib/python3.12/site-packages/airflow/example_dags/example_sla_dag.py
[2025-04-22T10:02:27.448+0000] {logging_mixin.py:190} INFO - [2025-04-22T10:02:27.448+0000] {dag.py:3239} INFO - Sync 1 DAGs
[2025-04-22T10:02:27.459+0000] {logging_mixin.py:190} INFO - [2025-04-22T10:02:27.458+0000] {dag.py:4180} INFO - Setting next_dagrun for example_sla_dag to 2025-04-22 10:00:00+00:00, run_after=2025-04-22 10:02:00+00:00
[2025-04-22T10:02:27.465+0000] {processor.py:208} INFO - Processing /home/airflow/.local/lib/python3.12/site-packages/airflow/example_dags/example_sla_dag.py took 0.034 seconds
[2025-04-22T10:02:57.716+0000] {processor.py:186} INFO - Started process (PID=371) to work on /home/airflow/.local/lib/python3.12/site-packages/airflow/example_dags/example_sla_dag.py
[2025-04-22T10:02:57.717+0000] {processor.py:914} INFO - Processing file /home/airflow/.local/lib/python3.12/site-packages/airflow/example_dags/example_sla_dag.py for tasks to queue
[2025-04-22T10:02:57.718+0000] {logging_mixin.py:190} INFO - [2025-04-22T10:02:57.717+0000] {dagbag.py:588} INFO - Filling up the DagBag from /home/airflow/.local/lib/python3.12/site-packages/airflow/example_dags/example_sla_dag.py
[2025-04-22T10:02:57.722+0000] {processor.py:925} INFO - DAG(s) 'example_sla_dag' retrieved from /home/airflow/.local/lib/python3.12/site-packages/airflow/example_dags/example_sla_dag.py
[2025-04-22T10:02:57.732+0000] {logging_mixin.py:190} INFO - [2025-04-22T10:02:57.731+0000] {dag.py:3239} INFO - Sync 1 DAGs
[2025-04-22T10:02:57.742+0000] {logging_mixin.py:190} INFO - [2025-04-22T10:02:57.742+0000] {dag.py:4180} INFO - Setting next_dagrun for example_sla_dag to 2025-04-22 10:00:00+00:00, run_after=2025-04-22 10:02:00+00:00
[2025-04-22T10:02:57.749+0000] {processor.py:208} INFO - Processing /home/airflow/.local/lib/python3.12/site-packages/airflow/example_dags/example_sla_dag.py took 0.035 seconds
[2025-04-22T10:03:27.849+0000] {processor.py:186} INFO - Started process (PID=434) to work on /home/airflow/.local/lib/python3.12/site-packages/airflow/example_dags/example_sla_dag.py
[2025-04-22T10:03:27.850+0000] {processor.py:914} INFO - Processing file /home/airflow/.local/lib/python3.12/site-packages/airflow/example_dags/example_sla_dag.py for tasks to queue
[2025-04-22T10:03:27.851+0000] {logging_mixin.py:190} INFO - [2025-04-22T10:03:27.851+0000] {dagbag.py:588} INFO - Filling up the DagBag from /home/airflow/.local/lib/python3.12/site-packages/airflow/example_dags/example_sla_dag.py
[2025-04-22T10:03:27.856+0000] {processor.py:925} INFO - DAG(s) 'example_sla_dag' retrieved from /home/airflow/.local/lib/python3.12/site-packages/airflow/example_dags/example_sla_dag.py
[2025-04-22T10:03:27.865+0000] {logging_mixin.py:190} INFO - [2025-04-22T10:03:27.865+0000] {dag.py:3239} INFO - Sync 1 DAGs
[2025-04-22T10:03:27.876+0000] {logging_mixin.py:190} INFO - [2025-04-22T10:03:27.876+0000] {dag.py:4180} INFO - Setting next_dagrun for example_sla_dag to 2025-04-22 10:00:00+00:00, run_after=2025-04-22 10:02:00+00:00
[2025-04-22T10:03:27.882+0000] {processor.py:208} INFO - Processing /home/airflow/.local/lib/python3.12/site-packages/airflow/example_dags/example_sla_dag.py took 0.036 seconds
[2025-04-22T10:05:38.067+0000] {processor.py:186} INFO - Started process (PID=119) to work on /home/airflow/.local/lib/python3.12/site-packages/airflow/example_dags/example_sla_dag.py
[2025-04-22T10:05:38.067+0000] {processor.py:914} INFO - Processing file /home/airflow/.local/lib/python3.12/site-packages/airflow/example_dags/example_sla_dag.py for tasks to queue
[2025-04-22T10:05:38.068+0000] {logging_mixin.py:190} INFO - [2025-04-22T10:05:38.068+0000] {dagbag.py:588} INFO - Filling up the DagBag from /home/airflow/.local/lib/python3.12/site-packages/airflow/example_dags/example_sla_dag.py
[2025-04-22T10:05:38.073+0000] {processor.py:925} INFO - DAG(s) 'example_sla_dag' retrieved from /home/airflow/.local/lib/python3.12/site-packages/airflow/example_dags/example_sla_dag.py
[2025-04-22T10:05:38.082+0000] {logging_mixin.py:190} INFO - [2025-04-22T10:05:38.082+0000] {dag.py:3239} INFO - Sync 1 DAGs
[2025-04-22T10:05:38.092+0000] {logging_mixin.py:190} INFO - [2025-04-22T10:05:38.092+0000] {dag.py:4180} INFO - Setting next_dagrun for example_sla_dag to 2025-04-22 10:02:00+00:00, run_after=2025-04-22 10:04:00+00:00
[2025-04-22T10:05:38.098+0000] {processor.py:208} INFO - Processing /home/airflow/.local/lib/python3.12/site-packages/airflow/example_dags/example_sla_dag.py took 0.035 seconds
[2025-04-22T10:06:08.419+0000] {processor.py:186} INFO - Started process (PID=182) to work on /home/airflow/.local/lib/python3.12/site-packages/airflow/example_dags/example_sla_dag.py
[2025-04-22T10:06:08.419+0000] {processor.py:914} INFO - Processing file /home/airflow/.local/lib/python3.12/site-packages/airflow/example_dags/example_sla_dag.py for tasks to queue
[2025-04-22T10:06:08.420+0000] {logging_mixin.py:190} INFO - [2025-04-22T10:06:08.420+0000] {dagbag.py:588} INFO - Filling up the DagBag from /home/airflow/.local/lib/python3.12/site-packages/airflow/example_dags/example_sla_dag.py
[2025-04-22T10:06:08.425+0000] {processor.py:925} INFO - DAG(s) 'example_sla_dag' retrieved from /home/airflow/.local/lib/python3.12/site-packages/airflow/example_dags/example_sla_dag.py
[2025-04-22T10:06:08.434+0000] {logging_mixin.py:190} INFO - [2025-04-22T10:06:08.434+0000] {dag.py:3239} INFO - Sync 1 DAGs
[2025-04-22T10:06:08.444+0000] {logging_mixin.py:190} INFO - [2025-04-22T10:06:08.444+0000] {dag.py:4180} INFO - Setting next_dagrun for example_sla_dag to 2025-04-22 10:04:00+00:00, run_after=2025-04-22 10:06:00+00:00
[2025-04-22T10:06:08.450+0000] {processor.py:208} INFO - Processing /home/airflow/.local/lib/python3.12/site-packages/airflow/example_dags/example_sla_dag.py took 0.034 seconds
[2025-04-22T10:06:38.696+0000] {processor.py:186} INFO - Started process (PID=245) to work on /home/airflow/.local/lib/python3.12/site-packages/airflow/example_dags/example_sla_dag.py
[2025-04-22T10:06:38.697+0000] {processor.py:914} INFO - Processing file /home/airflow/.local/lib/python3.12/site-packages/airflow/example_dags/example_sla_dag.py for tasks to queue
[2025-04-22T10:06:38.698+0000] {logging_mixin.py:190} INFO - [2025-04-22T10:06:38.698+0000] {dagbag.py:588} INFO - Filling up the DagBag from /home/airflow/.local/lib/python3.12/site-packages/airflow/example_dags/example_sla_dag.py
[2025-04-22T10:06:38.702+0000] {processor.py:925} INFO - DAG(s) 'example_sla_dag' retrieved from /home/airflow/.local/lib/python3.12/site-packages/airflow/example_dags/example_sla_dag.py
[2025-04-22T10:06:38.711+0000] {logging_mixin.py:190} INFO - [2025-04-22T10:06:38.711+0000] {dag.py:3239} INFO - Sync 1 DAGs
[2025-04-22T10:06:38.722+0000] {logging_mixin.py:190} INFO - [2025-04-22T10:06:38.722+0000] {dag.py:4180} INFO - Setting next_dagrun for example_sla_dag to 2025-04-22 10:04:00+00:00, run_after=2025-04-22 10:06:00+00:00
[2025-04-22T10:06:38.728+0000] {processor.py:208} INFO - Processing /home/airflow/.local/lib/python3.12/site-packages/airflow/example_dags/example_sla_dag.py took 0.034 seconds
[2025-04-22T10:07:09.082+0000] {processor.py:186} INFO - Started process (PID=308) to work on /home/airflow/.local/lib/python3.12/site-packages/airflow/example_dags/example_sla_dag.py
[2025-04-22T10:07:09.083+0000] {processor.py:914} INFO - Processing file /home/airflow/.local/lib/python3.12/site-packages/airflow/example_dags/example_sla_dag.py for tasks to queue
[2025-04-22T10:07:09.084+0000] {logging_mixin.py:190} INFO - [2025-04-22T10:07:09.084+0000] {dagbag.py:588} INFO - Filling up the DagBag from /home/airflow/.local/lib/python3.12/site-packages/airflow/example_dags/example_sla_dag.py
[2025-04-22T10:07:09.088+0000] {processor.py:925} INFO - DAG(s) 'example_sla_dag' retrieved from /home/airflow/.local/lib/python3.12/site-packages/airflow/example_dags/example_sla_dag.py
[2025-04-22T10:07:09.097+0000] {logging_mixin.py:190} INFO - [2025-04-22T10:07:09.097+0000] {dag.py:3239} INFO - Sync 1 DAGs
[2025-04-22T10:07:09.107+0000] {logging_mixin.py:190} INFO - [2025-04-22T10:07:09.107+0000] {dag.py:4180} INFO - Setting next_dagrun for example_sla_dag to 2025-04-22 10:04:00+00:00, run_after=2025-04-22 10:06:00+00:00
[2025-04-22T10:07:09.113+0000] {processor.py:208} INFO - Processing /home/airflow/.local/lib/python3.12/site-packages/airflow/example_dags/example_sla_dag.py took 0.033 seconds
[2025-04-22T10:07:39.452+0000] {processor.py:186} INFO - Started process (PID=371) to work on /home/airflow/.local/lib/python3.12/site-packages/airflow/example_dags/example_sla_dag.py
[2025-04-22T10:07:39.453+0000] {processor.py:914} INFO - Processing file /home/airflow/.local/lib/python3.12/site-packages/airflow/example_dags/example_sla_dag.py for tasks to queue
[2025-04-22T10:07:39.453+0000] {logging_mixin.py:190} INFO - [2025-04-22T10:07:39.453+0000] {dagbag.py:588} INFO - Filling up the DagBag from /home/airflow/.local/lib/python3.12/site-packages/airflow/example_dags/example_sla_dag.py
[2025-04-22T10:07:39.458+0000] {processor.py:925} INFO - DAG(s) 'example_sla_dag' retrieved from /home/airflow/.local/lib/python3.12/site-packages/airflow/example_dags/example_sla_dag.py
[2025-04-22T10:07:39.467+0000] {logging_mixin.py:190} INFO - [2025-04-22T10:07:39.467+0000] {dag.py:3239} INFO - Sync 1 DAGs
[2025-04-22T10:07:39.477+0000] {logging_mixin.py:190} INFO - [2025-04-22T10:07:39.477+0000] {dag.py:4180} INFO - Setting next_dagrun for example_sla_dag to 2025-04-22 10:04:00+00:00, run_after=2025-04-22 10:06:00+00:00
[2025-04-22T10:07:39.484+0000] {processor.py:208} INFO - Processing /home/airflow/.local/lib/python3.12/site-packages/airflow/example_dags/example_sla_dag.py took 0.034 seconds
[2025-04-22T10:08:09.866+0000] {processor.py:186} INFO - Started process (PID=434) to work on /home/airflow/.local/lib/python3.12/site-packages/airflow/example_dags/example_sla_dag.py
[2025-04-22T10:08:09.866+0000] {processor.py:914} INFO - Processing file /home/airflow/.local/lib/python3.12/site-packages/airflow/example_dags/example_sla_dag.py for tasks to queue
[2025-04-22T10:08:09.867+0000] {logging_mixin.py:190} INFO - [2025-04-22T10:08:09.867+0000] {dagbag.py:588} INFO - Filling up the DagBag from /home/airflow/.local/lib/python3.12/site-packages/airflow/example_dags/example_sla_dag.py
[2025-04-22T10:08:09.872+0000] {processor.py:925} INFO - DAG(s) 'example_sla_dag' retrieved from /home/airflow/.local/lib/python3.12/site-packages/airflow/example_dags/example_sla_dag.py
[2025-04-22T10:08:09.880+0000] {logging_mixin.py:190} INFO - [2025-04-22T10:08:09.880+0000] {dag.py:3239} INFO - Sync 1 DAGs
[2025-04-22T10:08:09.891+0000] {logging_mixin.py:190} INFO - [2025-04-22T10:08:09.891+0000] {dag.py:4180} INFO - Setting next_dagrun for example_sla_dag to 2025-04-22 10:06:00+00:00, run_after=2025-04-22 10:08:00+00:00
[2025-04-22T10:08:09.897+0000] {processor.py:208} INFO - Processing /home/airflow/.local/lib/python3.12/site-packages/airflow/example_dags/example_sla_dag.py took 0.034 seconds
[2025-04-22T10:08:40.178+0000] {processor.py:186} INFO - Started process (PID=497) to work on /home/airflow/.local/lib/python3.12/site-packages/airflow/example_dags/example_sla_dag.py
[2025-04-22T10:08:40.178+0000] {processor.py:914} INFO - Processing file /home/airflow/.local/lib/python3.12/site-packages/airflow/example_dags/example_sla_dag.py for tasks to queue
[2025-04-22T10:08:40.179+0000] {logging_mixin.py:190} INFO - [2025-04-22T10:08:40.179+0000] {dagbag.py:588} INFO - Filling up the DagBag from /home/airflow/.local/lib/python3.12/site-packages/airflow/example_dags/example_sla_dag.py
[2025-04-22T10:08:40.183+0000] {processor.py:925} INFO - DAG(s) 'example_sla_dag' retrieved from /home/airflow/.local/lib/python3.12/site-packages/airflow/example_dags/example_sla_dag.py
[2025-04-22T10:08:40.192+0000] {logging_mixin.py:190} INFO - [2025-04-22T10:08:40.192+0000] {dag.py:3239} INFO - Sync 1 DAGs
[2025-04-22T10:08:40.203+0000] {logging_mixin.py:190} INFO - [2025-04-22T10:08:40.202+0000] {dag.py:4180} INFO - Setting next_dagrun for example_sla_dag to 2025-04-22 10:06:00+00:00, run_after=2025-04-22 10:08:00+00:00
[2025-04-22T10:08:40.209+0000] {processor.py:208} INFO - Processing /home/airflow/.local/lib/python3.12/site-packages/airflow/example_dags/example_sla_dag.py took 0.034 seconds
[2025-04-22T10:09:10.554+0000] {processor.py:186} INFO - Started process (PID=560) to work on /home/airflow/.local/lib/python3.12/site-packages/airflow/example_dags/example_sla_dag.py
[2025-04-22T10:09:10.554+0000] {processor.py:914} INFO - Processing file /home/airflow/.local/lib/python3.12/site-packages/airflow/example_dags/example_sla_dag.py for tasks to queue
[2025-04-22T10:09:10.555+0000] {logging_mixin.py:190} INFO - [2025-04-22T10:09:10.555+0000] {dagbag.py:588} INFO - Filling up the DagBag from /home/airflow/.local/lib/python3.12/site-packages/airflow/example_dags/example_sla_dag.py
[2025-04-22T10:09:10.560+0000] {processor.py:925} INFO - DAG(s) 'example_sla_dag' retrieved from /home/airflow/.local/lib/python3.12/site-packages/airflow/example_dags/example_sla_dag.py
[2025-04-22T10:09:10.569+0000] {logging_mixin.py:190} INFO - [2025-04-22T10:09:10.568+0000] {dag.py:3239} INFO - Sync 1 DAGs
[2025-04-22T10:09:10.579+0000] {logging_mixin.py:190} INFO - [2025-04-22T10:09:10.579+0000] {dag.py:4180} INFO - Setting next_dagrun for example_sla_dag to 2025-04-22 10:06:00+00:00, run_after=2025-04-22 10:08:00+00:00
[2025-04-22T10:09:10.585+0000] {processor.py:208} INFO - Processing /home/airflow/.local/lib/python3.12/site-packages/airflow/example_dags/example_sla_dag.py took 0.034 seconds
[2025-04-22T10:09:40.893+0000] {processor.py:186} INFO - Started process (PID=623) to work on /home/airflow/.local/lib/python3.12/site-packages/airflow/example_dags/example_sla_dag.py
[2025-04-22T10:09:40.894+0000] {processor.py:914} INFO - Processing file /home/airflow/.local/lib/python3.12/site-packages/airflow/example_dags/example_sla_dag.py for tasks to queue
[2025-04-22T10:09:40.895+0000] {logging_mixin.py:190} INFO - [2025-04-22T10:09:40.895+0000] {dagbag.py:588} INFO - Filling up the DagBag from /home/airflow/.local/lib/python3.12/site-packages/airflow/example_dags/example_sla_dag.py
[2025-04-22T10:09:40.899+0000] {processor.py:925} INFO - DAG(s) 'example_sla_dag' retrieved from /home/airflow/.local/lib/python3.12/site-packages/airflow/example_dags/example_sla_dag.py
[2025-04-22T10:09:40.908+0000] {logging_mixin.py:190} INFO - [2025-04-22T10:09:40.907+0000] {dag.py:3239} INFO - Sync 1 DAGs
[2025-04-22T10:09:40.918+0000] {logging_mixin.py:190} INFO - [2025-04-22T10:09:40.918+0000] {dag.py:4180} INFO - Setting next_dagrun for example_sla_dag to 2025-04-22 10:06:00+00:00, run_after=2025-04-22 10:08:00+00:00
[2025-04-22T10:09:40.924+0000] {processor.py:208} INFO - Processing /home/airflow/.local/lib/python3.12/site-packages/airflow/example_dags/example_sla_dag.py took 0.034 seconds
[2025-04-22T10:10:11.255+0000] {processor.py:186} INFO - Started process (PID=686) to work on /home/airflow/.local/lib/python3.12/site-packages/airflow/example_dags/example_sla_dag.py
[2025-04-22T10:10:11.255+0000] {processor.py:914} INFO - Processing file /home/airflow/.local/lib/python3.12/site-packages/airflow/example_dags/example_sla_dag.py for tasks to queue
[2025-04-22T10:10:11.256+0000] {logging_mixin.py:190} INFO - [2025-04-22T10:10:11.256+0000] {dagbag.py:588} INFO - Filling up the DagBag from /home/airflow/.local/lib/python3.12/site-packages/airflow/example_dags/example_sla_dag.py
[2025-04-22T10:10:11.261+0000] {processor.py:925} INFO - DAG(s) 'example_sla_dag' retrieved from /home/airflow/.local/lib/python3.12/site-packages/airflow/example_dags/example_sla_dag.py
[2025-04-22T10:10:11.269+0000] {logging_mixin.py:190} INFO - [2025-04-22T10:10:11.269+0000] {dag.py:3239} INFO - Sync 1 DAGs
[2025-04-22T10:10:11.279+0000] {logging_mixin.py:190} INFO - [2025-04-22T10:10:11.279+0000] {dag.py:4180} INFO - Setting next_dagrun for example_sla_dag to 2025-04-22 10:08:00+00:00, run_after=2025-04-22 10:10:00+00:00
[2025-04-22T10:10:11.286+0000] {processor.py:208} INFO - Processing /home/airflow/.local/lib/python3.12/site-packages/airflow/example_dags/example_sla_dag.py took 0.034 seconds
[2025-04-22T10:10:41.599+0000] {processor.py:186} INFO - Started process (PID=749) to work on /home/airflow/.local/lib/python3.12/site-packages/airflow/example_dags/example_sla_dag.py
[2025-04-22T10:10:41.599+0000] {processor.py:914} INFO - Processing file /home/airflow/.local/lib/python3.12/site-packages/airflow/example_dags/example_sla_dag.py for tasks to queue
[2025-04-22T10:10:41.600+0000] {logging_mixin.py:190} INFO - [2025-04-22T10:10:41.600+0000] {dagbag.py:588} INFO - Filling up the DagBag from /home/airflow/.local/lib/python3.12/site-packages/airflow/example_dags/example_sla_dag.py
[2025-04-22T10:10:41.605+0000] {processor.py:925} INFO - DAG(s) 'example_sla_dag' retrieved from /home/airflow/.local/lib/python3.12/site-packages/airflow/example_dags/example_sla_dag.py
[2025-04-22T10:10:41.613+0000] {logging_mixin.py:190} INFO - [2025-04-22T10:10:41.613+0000] {dag.py:3239} INFO - Sync 1 DAGs
[2025-04-22T10:10:41.624+0000] {logging_mixin.py:190} INFO - [2025-04-22T10:10:41.624+0000] {dag.py:4180} INFO - Setting next_dagrun for example_sla_dag to 2025-04-22 10:08:00+00:00, run_after=2025-04-22 10:10:00+00:00
[2025-04-22T10:10:41.630+0000] {processor.py:208} INFO - Processing /home/airflow/.local/lib/python3.12/site-packages/airflow/example_dags/example_sla_dag.py took 0.035 seconds
[2025-04-22T10:11:11.966+0000] {processor.py:186} INFO - Started process (PID=812) to work on /home/airflow/.local/lib/python3.12/site-packages/airflow/example_dags/example_sla_dag.py
[2025-04-22T10:11:11.967+0000] {processor.py:914} INFO - Processing file /home/airflow/.local/lib/python3.12/site-packages/airflow/example_dags/example_sla_dag.py for tasks to queue
[2025-04-22T10:11:11.968+0000] {logging_mixin.py:190} INFO - [2025-04-22T10:11:11.968+0000] {dagbag.py:588} INFO - Filling up the DagBag from /home/airflow/.local/lib/python3.12/site-packages/airflow/example_dags/example_sla_dag.py
[2025-04-22T10:11:11.973+0000] {processor.py:925} INFO - DAG(s) 'example_sla_dag' retrieved from /home/airflow/.local/lib/python3.12/site-packages/airflow/example_dags/example_sla_dag.py
[2025-04-22T10:11:11.982+0000] {logging_mixin.py:190} INFO - [2025-04-22T10:11:11.981+0000] {dag.py:3239} INFO - Sync 1 DAGs
[2025-04-22T10:11:11.992+0000] {logging_mixin.py:190} INFO - [2025-04-22T10:11:11.992+0000] {dag.py:4180} INFO - Setting next_dagrun for example_sla_dag to 2025-04-22 10:08:00+00:00, run_after=2025-04-22 10:10:00+00:00
[2025-04-22T10:11:11.999+0000] {processor.py:208} INFO - Processing /home/airflow/.local/lib/python3.12/site-packages/airflow/example_dags/example_sla_dag.py took 0.035 seconds
[2025-04-22T10:11:42.307+0000] {processor.py:186} INFO - Started process (PID=875) to work on /home/airflow/.local/lib/python3.12/site-packages/airflow/example_dags/example_sla_dag.py
[2025-04-22T10:11:42.308+0000] {processor.py:914} INFO - Processing file /home/airflow/.local/lib/python3.12/site-packages/airflow/example_dags/example_sla_dag.py for tasks to queue
[2025-04-22T10:11:42.309+0000] {logging_mixin.py:190} INFO - [2025-04-22T10:11:42.309+0000] {dagbag.py:588} INFO - Filling up the DagBag from /home/airflow/.local/lib/python3.12/site-packages/airflow/example_dags/example_sla_dag.py
[2025-04-22T10:11:42.314+0000] {processor.py:925} INFO - DAG(s) 'example_sla_dag' retrieved from /home/airflow/.local/lib/python3.12/site-packages/airflow/example_dags/example_sla_dag.py
[2025-04-22T10:11:42.322+0000] {logging_mixin.py:190} INFO - [2025-04-22T10:11:42.322+0000] {dag.py:3239} INFO - Sync 1 DAGs
[2025-04-22T10:11:42.333+0000] {logging_mixin.py:190} INFO - [2025-04-22T10:11:42.332+0000] {dag.py:4180} INFO - Setting next_dagrun for example_sla_dag to 2025-04-22 10:08:00+00:00, run_after=2025-04-22 10:10:00+00:00
[2025-04-22T10:11:42.339+0000] {processor.py:208} INFO - Processing /home/airflow/.local/lib/python3.12/site-packages/airflow/example_dags/example_sla_dag.py took 0.034 seconds
[2025-04-22T10:12:12.705+0000] {processor.py:186} INFO - Started process (PID=938) to work on /home/airflow/.local/lib/python3.12/site-packages/airflow/example_dags/example_sla_dag.py
[2025-04-22T10:12:12.705+0000] {processor.py:914} INFO - Processing file /home/airflow/.local/lib/python3.12/site-packages/airflow/example_dags/example_sla_dag.py for tasks to queue
[2025-04-22T10:12:12.706+0000] {logging_mixin.py:190} INFO - [2025-04-22T10:12:12.706+0000] {dagbag.py:588} INFO - Filling up the DagBag from /home/airflow/.local/lib/python3.12/site-packages/airflow/example_dags/example_sla_dag.py
[2025-04-22T10:12:12.711+0000] {processor.py:925} INFO - DAG(s) 'example_sla_dag' retrieved from /home/airflow/.local/lib/python3.12/site-packages/airflow/example_dags/example_sla_dag.py
[2025-04-22T10:12:12.720+0000] {logging_mixin.py:190} INFO - [2025-04-22T10:12:12.720+0000] {dag.py:3239} INFO - Sync 1 DAGs
[2025-04-22T10:12:12.731+0000] {logging_mixin.py:190} INFO - [2025-04-22T10:12:12.731+0000] {dag.py:4180} INFO - Setting next_dagrun for example_sla_dag to 2025-04-22 10:10:00+00:00, run_after=2025-04-22 10:12:00+00:00
[2025-04-22T10:12:12.737+0000] {processor.py:208} INFO - Processing /home/airflow/.local/lib/python3.12/site-packages/airflow/example_dags/example_sla_dag.py took 0.035 seconds
[2025-04-22T10:12:43.160+0000] {processor.py:186} INFO - Started process (PID=1001) to work on /home/airflow/.local/lib/python3.12/site-packages/airflow/example_dags/example_sla_dag.py
[2025-04-22T10:12:43.160+0000] {processor.py:914} INFO - Processing file /home/airflow/.local/lib/python3.12/site-packages/airflow/example_dags/example_sla_dag.py for tasks to queue
[2025-04-22T10:12:43.161+0000] {logging_mixin.py:190} INFO - [2025-04-22T10:12:43.161+0000] {dagbag.py:588} INFO - Filling up the DagBag from /home/airflow/.local/lib/python3.12/site-packages/airflow/example_dags/example_sla_dag.py
[2025-04-22T10:12:43.166+0000] {processor.py:925} INFO - DAG(s) 'example_sla_dag' retrieved from /home/airflow/.local/lib/python3.12/site-packages/airflow/example_dags/example_sla_dag.py
[2025-04-22T10:12:43.175+0000] {logging_mixin.py:190} INFO - [2025-04-22T10:12:43.175+0000] {dag.py:3239} INFO - Sync 1 DAGs
[2025-04-22T10:12:43.185+0000] {logging_mixin.py:190} INFO - [2025-04-22T10:12:43.185+0000] {dag.py:4180} INFO - Setting next_dagrun for example_sla_dag to 2025-04-22 10:10:00+00:00, run_after=2025-04-22 10:12:00+00:00
[2025-04-22T10:12:43.191+0000] {processor.py:208} INFO - Processing /home/airflow/.local/lib/python3.12/site-packages/airflow/example_dags/example_sla_dag.py took 0.034 seconds
[2025-04-22T10:13:13.552+0000] {processor.py:186} INFO - Started process (PID=1064) to work on /home/airflow/.local/lib/python3.12/site-packages/airflow/example_dags/example_sla_dag.py
[2025-04-22T10:13:13.553+0000] {processor.py:914} INFO - Processing file /home/airflow/.local/lib/python3.12/site-packages/airflow/example_dags/example_sla_dag.py for tasks to queue
[2025-04-22T10:13:13.554+0000] {logging_mixin.py:190} INFO - [2025-04-22T10:13:13.554+0000] {dagbag.py:588} INFO - Filling up the DagBag from /home/airflow/.local/lib/python3.12/site-packages/airflow/example_dags/example_sla_dag.py
[2025-04-22T10:13:13.558+0000] {processor.py:925} INFO - DAG(s) 'example_sla_dag' retrieved from /home/airflow/.local/lib/python3.12/site-packages/airflow/example_dags/example_sla_dag.py
[2025-04-22T10:13:13.567+0000] {logging_mixin.py:190} INFO - [2025-04-22T10:13:13.567+0000] {dag.py:3239} INFO - Sync 1 DAGs
[2025-04-22T10:13:13.577+0000] {logging_mixin.py:190} INFO - [2025-04-22T10:13:13.577+0000] {dag.py:4180} INFO - Setting next_dagrun for example_sla_dag to 2025-04-22 10:10:00+00:00, run_after=2025-04-22 10:12:00+00:00
[2025-04-22T10:13:13.583+0000] {processor.py:208} INFO - Processing /home/airflow/.local/lib/python3.12/site-packages/airflow/example_dags/example_sla_dag.py took 0.033 seconds
[2025-04-22T10:13:43.960+0000] {processor.py:186} INFO - Started process (PID=1127) to work on /home/airflow/.local/lib/python3.12/site-packages/airflow/example_dags/example_sla_dag.py
[2025-04-22T10:13:43.960+0000] {processor.py:914} INFO - Processing file /home/airflow/.local/lib/python3.12/site-packages/airflow/example_dags/example_sla_dag.py for tasks to queue
[2025-04-22T10:13:43.961+0000] {logging_mixin.py:190} INFO - [2025-04-22T10:13:43.961+0000] {dagbag.py:588} INFO - Filling up the DagBag from /home/airflow/.local/lib/python3.12/site-packages/airflow/example_dags/example_sla_dag.py
[2025-04-22T10:13:43.966+0000] {processor.py:925} INFO - DAG(s) 'example_sla_dag' retrieved from /home/airflow/.local/lib/python3.12/site-packages/airflow/example_dags/example_sla_dag.py
[2025-04-22T10:13:43.974+0000] {logging_mixin.py:190} INFO - [2025-04-22T10:13:43.974+0000] {dag.py:3239} INFO - Sync 1 DAGs
[2025-04-22T10:13:43.985+0000] {logging_mixin.py:190} INFO - [2025-04-22T10:13:43.984+0000] {dag.py:4180} INFO - Setting next_dagrun for example_sla_dag to 2025-04-22 10:10:00+00:00, run_after=2025-04-22 10:12:00+00:00
[2025-04-22T10:13:43.990+0000] {processor.py:208} INFO - Processing /home/airflow/.local/lib/python3.12/site-packages/airflow/example_dags/example_sla_dag.py took 0.034 seconds
[2025-04-22T10:14:14.325+0000] {processor.py:186} INFO - Started process (PID=1190) to work on /home/airflow/.local/lib/python3.12/site-packages/airflow/example_dags/example_sla_dag.py
[2025-04-22T10:14:14.326+0000] {processor.py:914} INFO - Processing file /home/airflow/.local/lib/python3.12/site-packages/airflow/example_dags/example_sla_dag.py for tasks to queue
[2025-04-22T10:14:14.327+0000] {logging_mixin.py:190} INFO - [2025-04-22T10:14:14.326+0000] {dagbag.py:588} INFO - Filling up the DagBag from /home/airflow/.local/lib/python3.12/site-packages/airflow/example_dags/example_sla_dag.py
[2025-04-22T10:14:14.331+0000] {processor.py:925} INFO - DAG(s) 'example_sla_dag' retrieved from /home/airflow/.local/lib/python3.12/site-packages/airflow/example_dags/example_sla_dag.py
[2025-04-22T10:14:14.340+0000] {logging_mixin.py:190} INFO - [2025-04-22T10:14:14.340+0000] {dag.py:3239} INFO - Sync 1 DAGs
[2025-04-22T10:14:14.351+0000] {logging_mixin.py:190} INFO - [2025-04-22T10:14:14.351+0000] {dag.py:4180} INFO - Setting next_dagrun for example_sla_dag to 2025-04-22 10:12:00+00:00, run_after=2025-04-22 10:14:00+00:00
[2025-04-22T10:14:14.357+0000] {processor.py:208} INFO - Processing /home/airflow/.local/lib/python3.12/site-packages/airflow/example_dags/example_sla_dag.py took 0.035 seconds
[2025-04-22T10:14:44.814+0000] {processor.py:186} INFO - Started process (PID=1253) to work on /home/airflow/.local/lib/python3.12/site-packages/airflow/example_dags/example_sla_dag.py
[2025-04-22T10:14:44.815+0000] {processor.py:914} INFO - Processing file /home/airflow/.local/lib/python3.12/site-packages/airflow/example_dags/example_sla_dag.py for tasks to queue
[2025-04-22T10:14:44.816+0000] {logging_mixin.py:190} INFO - [2025-04-22T10:14:44.816+0000] {dagbag.py:588} INFO - Filling up the DagBag from /home/airflow/.local/lib/python3.12/site-packages/airflow/example_dags/example_sla_dag.py
[2025-04-22T10:14:44.821+0000] {processor.py:925} INFO - DAG(s) 'example_sla_dag' retrieved from /home/airflow/.local/lib/python3.12/site-packages/airflow/example_dags/example_sla_dag.py
[2025-04-22T10:14:44.829+0000] {logging_mixin.py:190} INFO - [2025-04-22T10:14:44.829+0000] {dag.py:3239} INFO - Sync 1 DAGs
[2025-04-22T10:14:44.840+0000] {logging_mixin.py:190} INFO - [2025-04-22T10:14:44.839+0000] {dag.py:4180} INFO - Setting next_dagrun for example_sla_dag to 2025-04-22 10:12:00+00:00, run_after=2025-04-22 10:14:00+00:00
[2025-04-22T10:14:44.846+0000] {processor.py:208} INFO - Processing /home/airflow/.local/lib/python3.12/site-packages/airflow/example_dags/example_sla_dag.py took 0.034 seconds
[2025-04-22T10:15:15.297+0000] {processor.py:186} INFO - Started process (PID=1316) to work on /home/airflow/.local/lib/python3.12/site-packages/airflow/example_dags/example_sla_dag.py
[2025-04-22T10:15:15.297+0000] {processor.py:914} INFO - Processing file /home/airflow/.local/lib/python3.12/site-packages/airflow/example_dags/example_sla_dag.py for tasks to queue
[2025-04-22T10:15:15.298+0000] {logging_mixin.py:190} INFO - [2025-04-22T10:15:15.298+0000] {dagbag.py:588} INFO - Filling up the DagBag from /home/airflow/.local/lib/python3.12/site-packages/airflow/example_dags/example_sla_dag.py
[2025-04-22T10:15:15.303+0000] {processor.py:925} INFO - DAG(s) 'example_sla_dag' retrieved from /home/airflow/.local/lib/python3.12/site-packages/airflow/example_dags/example_sla_dag.py
[2025-04-22T10:15:15.311+0000] {logging_mixin.py:190} INFO - [2025-04-22T10:15:15.311+0000] {dag.py:3239} INFO - Sync 1 DAGs
[2025-04-22T10:15:15.322+0000] {logging_mixin.py:190} INFO - [2025-04-22T10:15:15.322+0000] {dag.py:4180} INFO - Setting next_dagrun for example_sla_dag to 2025-04-22 10:12:00+00:00, run_after=2025-04-22 10:14:00+00:00
[2025-04-22T10:15:15.328+0000] {processor.py:208} INFO - Processing /home/airflow/.local/lib/python3.12/site-packages/airflow/example_dags/example_sla_dag.py took 0.034 seconds
[2025-04-22T10:15:45.906+0000] {processor.py:186} INFO - Started process (PID=1379) to work on /home/airflow/.local/lib/python3.12/site-packages/airflow/example_dags/example_sla_dag.py
[2025-04-22T10:15:45.907+0000] {processor.py:914} INFO - Processing file /home/airflow/.local/lib/python3.12/site-packages/airflow/example_dags/example_sla_dag.py for tasks to queue
[2025-04-22T10:15:45.908+0000] {logging_mixin.py:190} INFO - [2025-04-22T10:15:45.907+0000] {dagbag.py:588} INFO - Filling up the DagBag from /home/airflow/.local/lib/python3.12/site-packages/airflow/example_dags/example_sla_dag.py
[2025-04-22T10:15:45.912+0000] {processor.py:925} INFO - DAG(s) 'example_sla_dag' retrieved from /home/airflow/.local/lib/python3.12/site-packages/airflow/example_dags/example_sla_dag.py
[2025-04-22T10:15:45.921+0000] {logging_mixin.py:190} INFO - [2025-04-22T10:15:45.921+0000] {dag.py:3239} INFO - Sync 1 DAGs
[2025-04-22T10:15:45.931+0000] {logging_mixin.py:190} INFO - [2025-04-22T10:15:45.931+0000] {dag.py:4180} INFO - Setting next_dagrun for example_sla_dag to 2025-04-22 10:12:00+00:00, run_after=2025-04-22 10:14:00+00:00
[2025-04-22T10:15:45.937+0000] {processor.py:208} INFO - Processing /home/airflow/.local/lib/python3.12/site-packages/airflow/example_dags/example_sla_dag.py took 0.033 seconds
[2025-04-22T10:16:16.423+0000] {processor.py:186} INFO - Started process (PID=1442) to work on /home/airflow/.local/lib/python3.12/site-packages/airflow/example_dags/example_sla_dag.py
[2025-04-22T10:16:16.423+0000] {processor.py:914} INFO - Processing file /home/airflow/.local/lib/python3.12/site-packages/airflow/example_dags/example_sla_dag.py for tasks to queue
[2025-04-22T10:16:16.424+0000] {logging_mixin.py:190} INFO - [2025-04-22T10:16:16.424+0000] {dagbag.py:588} INFO - Filling up the DagBag from /home/airflow/.local/lib/python3.12/site-packages/airflow/example_dags/example_sla_dag.py
[2025-04-22T10:16:16.429+0000] {processor.py:925} INFO - DAG(s) 'example_sla_dag' retrieved from /home/airflow/.local/lib/python3.12/site-packages/airflow/example_dags/example_sla_dag.py
[2025-04-22T10:16:16.437+0000] {logging_mixin.py:190} INFO - [2025-04-22T10:16:16.437+0000] {dag.py:3239} INFO - Sync 1 DAGs
[2025-04-22T10:16:16.447+0000] {logging_mixin.py:190} INFO - [2025-04-22T10:16:16.447+0000] {dag.py:4180} INFO - Setting next_dagrun for example_sla_dag to 2025-04-22 10:14:00+00:00, run_after=2025-04-22 10:16:00+00:00
[2025-04-22T10:16:16.454+0000] {processor.py:208} INFO - Processing /home/airflow/.local/lib/python3.12/site-packages/airflow/example_dags/example_sla_dag.py took 0.034 seconds
[2025-04-22T10:16:46.953+0000] {processor.py:186} INFO - Started process (PID=1505) to work on /home/airflow/.local/lib/python3.12/site-packages/airflow/example_dags/example_sla_dag.py
[2025-04-22T10:16:46.953+0000] {processor.py:914} INFO - Processing file /home/airflow/.local/lib/python3.12/site-packages/airflow/example_dags/example_sla_dag.py for tasks to queue
[2025-04-22T10:16:46.954+0000] {logging_mixin.py:190} INFO - [2025-04-22T10:16:46.954+0000] {dagbag.py:588} INFO - Filling up the DagBag from /home/airflow/.local/lib/python3.12/site-packages/airflow/example_dags/example_sla_dag.py
[2025-04-22T10:16:46.959+0000] {processor.py:925} INFO - DAG(s) 'example_sla_dag' retrieved from /home/airflow/.local/lib/python3.12/site-packages/airflow/example_dags/example_sla_dag.py
[2025-04-22T10:16:46.967+0000] {logging_mixin.py:190} INFO - [2025-04-22T10:16:46.967+0000] {dag.py:3239} INFO - Sync 1 DAGs
[2025-04-22T10:16:46.977+0000] {logging_mixin.py:190} INFO - [2025-04-22T10:16:46.977+0000] {dag.py:4180} INFO - Setting next_dagrun for example_sla_dag to 2025-04-22 10:14:00+00:00, run_after=2025-04-22 10:16:00+00:00
[2025-04-22T10:16:46.983+0000] {processor.py:208} INFO - Processing /home/airflow/.local/lib/python3.12/site-packages/airflow/example_dags/example_sla_dag.py took 0.034 seconds
[2025-04-22T10:17:17.415+0000] {processor.py:186} INFO - Started process (PID=1568) to work on /home/airflow/.local/lib/python3.12/site-packages/airflow/example_dags/example_sla_dag.py
[2025-04-22T10:17:17.415+0000] {processor.py:914} INFO - Processing file /home/airflow/.local/lib/python3.12/site-packages/airflow/example_dags/example_sla_dag.py for tasks to queue
[2025-04-22T10:17:17.416+0000] {logging_mixin.py:190} INFO - [2025-04-22T10:17:17.416+0000] {dagbag.py:588} INFO - Filling up the DagBag from /home/airflow/.local/lib/python3.12/site-packages/airflow/example_dags/example_sla_dag.py
[2025-04-22T10:17:17.421+0000] {processor.py:925} INFO - DAG(s) 'example_sla_dag' retrieved from /home/airflow/.local/lib/python3.12/site-packages/airflow/example_dags/example_sla_dag.py
[2025-04-22T10:17:17.429+0000] {logging_mixin.py:190} INFO - [2025-04-22T10:17:17.429+0000] {dag.py:3239} INFO - Sync 1 DAGs
[2025-04-22T10:17:17.439+0000] {logging_mixin.py:190} INFO - [2025-04-22T10:17:17.439+0000] {dag.py:4180} INFO - Setting next_dagrun for example_sla_dag to 2025-04-22 10:14:00+00:00, run_after=2025-04-22 10:16:00+00:00
[2025-04-22T10:17:17.446+0000] {processor.py:208} INFO - Processing /home/airflow/.local/lib/python3.12/site-packages/airflow/example_dags/example_sla_dag.py took 0.034 seconds
[2025-04-22T10:17:47.916+0000] {processor.py:186} INFO - Started process (PID=1631) to work on /home/airflow/.local/lib/python3.12/site-packages/airflow/example_dags/example_sla_dag.py
[2025-04-22T10:17:47.916+0000] {processor.py:914} INFO - Processing file /home/airflow/.local/lib/python3.12/site-packages/airflow/example_dags/example_sla_dag.py for tasks to queue
[2025-04-22T10:17:47.917+0000] {logging_mixin.py:190} INFO - [2025-04-22T10:17:47.917+0000] {dagbag.py:588} INFO - Filling up the DagBag from /home/airflow/.local/lib/python3.12/site-packages/airflow/example_dags/example_sla_dag.py
[2025-04-22T10:17:47.921+0000] {processor.py:925} INFO - DAG(s) 'example_sla_dag' retrieved from /home/airflow/.local/lib/python3.12/site-packages/airflow/example_dags/example_sla_dag.py
[2025-04-22T10:17:47.930+0000] {logging_mixin.py:190} INFO - [2025-04-22T10:17:47.930+0000] {dag.py:3239} INFO - Sync 1 DAGs
[2025-04-22T10:17:47.940+0000] {logging_mixin.py:190} INFO - [2025-04-22T10:17:47.940+0000] {dag.py:4180} INFO - Setting next_dagrun for example_sla_dag to 2025-04-22 10:14:00+00:00, run_after=2025-04-22 10:16:00+00:00
[2025-04-22T10:17:47.946+0000] {processor.py:208} INFO - Processing /home/airflow/.local/lib/python3.12/site-packages/airflow/example_dags/example_sla_dag.py took 0.033 seconds
