[2025-04-22T09:53:50.150+0000] {processor.py:186} INFO - Started process (PID=120) to work on /home/airflow/.local/lib/python3.12/site-packages/airflow/example_dags/example_complex.py
[2025-04-22T09:53:50.151+0000] {processor.py:914} INFO - Processing file /home/airflow/.local/lib/python3.12/site-packages/airflow/example_dags/example_complex.py for tasks to queue
[2025-04-22T09:53:50.152+0000] {logging_mixin.py:190} INFO - [2025-04-22T09:53:50.151+0000] {dagbag.py:588} INFO - Filling up the DagBag from /home/airflow/.local/lib/python3.12/site-packages/airflow/example_dags/example_complex.py
[2025-04-22T09:53:50.158+0000] {processor.py:925} INFO - DAG(s) 'example_complex' retrieved from /home/airflow/.local/lib/python3.12/site-packages/airflow/example_dags/example_complex.py
[2025-04-22T09:53:50.164+0000] {logging_mixin.py:190} INFO - [2025-04-22T09:53:50.164+0000] {dag.py:3239} INFO - Sync 1 DAGs
[2025-04-22T09:53:50.170+0000] {logging_mixin.py:190} INFO - [2025-04-22T09:53:50.170+0000] {dag.py:4180} INFO - Setting next_dagrun for example_complex to None, run_after=None
[2025-04-22T09:53:50.176+0000] {processor.py:208} INFO - Processing /home/airflow/.local/lib/python3.12/site-packages/airflow/example_dags/example_complex.py took 0.029 seconds
[2025-04-22T09:55:03.693+0000] {processor.py:186} INFO - Started process (PID=120) to work on /home/airflow/.local/lib/python3.12/site-packages/airflow/example_dags/example_complex.py
[2025-04-22T09:55:03.693+0000] {processor.py:914} INFO - Processing file /home/airflow/.local/lib/python3.12/site-packages/airflow/example_dags/example_complex.py for tasks to queue
[2025-04-22T09:55:03.694+0000] {logging_mixin.py:190} INFO - [2025-04-22T09:55:03.694+0000] {dagbag.py:588} INFO - Filling up the DagBag from /home/airflow/.local/lib/python3.12/site-packages/airflow/example_dags/example_complex.py
[2025-04-22T09:55:03.701+0000] {processor.py:925} INFO - DAG(s) 'example_complex' retrieved from /home/airflow/.local/lib/python3.12/site-packages/airflow/example_dags/example_complex.py
[2025-04-22T09:55:03.755+0000] {logging_mixin.py:190} INFO - [2025-04-22T09:55:03.754+0000] {dag.py:3239} INFO - Sync 1 DAGs
[2025-04-22T09:55:03.759+0000] {logging_mixin.py:190} INFO - [2025-04-22T09:55:03.759+0000] {dag.py:4180} INFO - Setting next_dagrun for example_complex to None, run_after=None
[2025-04-22T09:55:03.766+0000] {processor.py:208} INFO - Processing /home/airflow/.local/lib/python3.12/site-packages/airflow/example_dags/example_complex.py took 0.076 seconds
[2025-04-22T09:55:34.064+0000] {processor.py:186} INFO - Started process (PID=183) to work on /home/airflow/.local/lib/python3.12/site-packages/airflow/example_dags/example_complex.py
[2025-04-22T09:55:34.065+0000] {processor.py:914} INFO - Processing file /home/airflow/.local/lib/python3.12/site-packages/airflow/example_dags/example_complex.py for tasks to queue
[2025-04-22T09:55:34.066+0000] {logging_mixin.py:190} INFO - [2025-04-22T09:55:34.066+0000] {dagbag.py:588} INFO - Filling up the DagBag from /home/airflow/.local/lib/python3.12/site-packages/airflow/example_dags/example_complex.py
[2025-04-22T09:55:34.071+0000] {processor.py:925} INFO - DAG(s) 'example_complex' retrieved from /home/airflow/.local/lib/python3.12/site-packages/airflow/example_dags/example_complex.py
[2025-04-22T09:55:34.084+0000] {logging_mixin.py:190} INFO - [2025-04-22T09:55:34.084+0000] {dag.py:3239} INFO - Sync 1 DAGs
[2025-04-22T09:55:34.090+0000] {logging_mixin.py:190} INFO - [2025-04-22T09:55:34.090+0000] {dag.py:4180} INFO - Setting next_dagrun for example_complex to None, run_after=None
[2025-04-22T09:55:34.097+0000] {processor.py:208} INFO - Processing /home/airflow/.local/lib/python3.12/site-packages/airflow/example_dags/example_complex.py took 0.035 seconds
[2025-04-22T09:56:05.315+0000] {processor.py:186} INFO - Started process (PID=246) to work on /home/airflow/.local/lib/python3.12/site-packages/airflow/example_dags/example_complex.py
[2025-04-22T09:56:05.315+0000] {processor.py:914} INFO - Processing file /home/airflow/.local/lib/python3.12/site-packages/airflow/example_dags/example_complex.py for tasks to queue
[2025-04-22T09:56:05.316+0000] {logging_mixin.py:190} INFO - [2025-04-22T09:56:05.316+0000] {dagbag.py:588} INFO - Filling up the DagBag from /home/airflow/.local/lib/python3.12/site-packages/airflow/example_dags/example_complex.py
[2025-04-22T09:56:05.321+0000] {processor.py:925} INFO - DAG(s) 'example_complex' retrieved from /home/airflow/.local/lib/python3.12/site-packages/airflow/example_dags/example_complex.py
[2025-04-22T09:56:05.334+0000] {logging_mixin.py:190} INFO - [2025-04-22T09:56:05.334+0000] {dag.py:3239} INFO - Sync 1 DAGs
[2025-04-22T09:56:05.340+0000] {logging_mixin.py:190} INFO - [2025-04-22T09:56:05.340+0000] {dag.py:4180} INFO - Setting next_dagrun for example_complex to None, run_after=None
[2025-04-22T09:56:05.347+0000] {processor.py:208} INFO - Processing /home/airflow/.local/lib/python3.12/site-packages/airflow/example_dags/example_complex.py took 0.034 seconds
[2025-04-22T09:56:36.580+0000] {processor.py:186} INFO - Started process (PID=309) to work on /home/airflow/.local/lib/python3.12/site-packages/airflow/example_dags/example_complex.py
[2025-04-22T09:56:36.580+0000] {processor.py:914} INFO - Processing file /home/airflow/.local/lib/python3.12/site-packages/airflow/example_dags/example_complex.py for tasks to queue
[2025-04-22T09:56:36.581+0000] {logging_mixin.py:190} INFO - [2025-04-22T09:56:36.581+0000] {dagbag.py:588} INFO - Filling up the DagBag from /home/airflow/.local/lib/python3.12/site-packages/airflow/example_dags/example_complex.py
[2025-04-22T09:56:36.587+0000] {processor.py:925} INFO - DAG(s) 'example_complex' retrieved from /home/airflow/.local/lib/python3.12/site-packages/airflow/example_dags/example_complex.py
[2025-04-22T09:56:36.599+0000] {logging_mixin.py:190} INFO - [2025-04-22T09:56:36.599+0000] {dag.py:3239} INFO - Sync 1 DAGs
[2025-04-22T09:56:36.605+0000] {logging_mixin.py:190} INFO - [2025-04-22T09:56:36.605+0000] {dag.py:4180} INFO - Setting next_dagrun for example_complex to None, run_after=None
[2025-04-22T09:56:36.611+0000] {processor.py:208} INFO - Processing /home/airflow/.local/lib/python3.12/site-packages/airflow/example_dags/example_complex.py took 0.034 seconds
[2025-04-22T09:57:07.795+0000] {processor.py:186} INFO - Started process (PID=372) to work on /home/airflow/.local/lib/python3.12/site-packages/airflow/example_dags/example_complex.py
[2025-04-22T09:57:07.795+0000] {processor.py:914} INFO - Processing file /home/airflow/.local/lib/python3.12/site-packages/airflow/example_dags/example_complex.py for tasks to queue
[2025-04-22T09:57:07.796+0000] {logging_mixin.py:190} INFO - [2025-04-22T09:57:07.796+0000] {dagbag.py:588} INFO - Filling up the DagBag from /home/airflow/.local/lib/python3.12/site-packages/airflow/example_dags/example_complex.py
[2025-04-22T09:57:07.801+0000] {processor.py:925} INFO - DAG(s) 'example_complex' retrieved from /home/airflow/.local/lib/python3.12/site-packages/airflow/example_dags/example_complex.py
[2025-04-22T09:57:07.814+0000] {logging_mixin.py:190} INFO - [2025-04-22T09:57:07.814+0000] {dag.py:3239} INFO - Sync 1 DAGs
[2025-04-22T09:57:07.820+0000] {logging_mixin.py:190} INFO - [2025-04-22T09:57:07.820+0000] {dag.py:4180} INFO - Setting next_dagrun for example_complex to None, run_after=None
[2025-04-22T09:57:07.827+0000] {processor.py:208} INFO - Processing /home/airflow/.local/lib/python3.12/site-packages/airflow/example_dags/example_complex.py took 0.035 seconds
[2025-04-22T09:57:39.128+0000] {processor.py:186} INFO - Started process (PID=435) to work on /home/airflow/.local/lib/python3.12/site-packages/airflow/example_dags/example_complex.py
[2025-04-22T09:57:39.129+0000] {processor.py:914} INFO - Processing file /home/airflow/.local/lib/python3.12/site-packages/airflow/example_dags/example_complex.py for tasks to queue
[2025-04-22T09:57:39.130+0000] {logging_mixin.py:190} INFO - [2025-04-22T09:57:39.129+0000] {dagbag.py:588} INFO - Filling up the DagBag from /home/airflow/.local/lib/python3.12/site-packages/airflow/example_dags/example_complex.py
[2025-04-22T09:57:39.135+0000] {processor.py:925} INFO - DAG(s) 'example_complex' retrieved from /home/airflow/.local/lib/python3.12/site-packages/airflow/example_dags/example_complex.py
[2025-04-22T09:57:39.148+0000] {logging_mixin.py:190} INFO - [2025-04-22T09:57:39.148+0000] {dag.py:3239} INFO - Sync 1 DAGs
[2025-04-22T09:57:39.154+0000] {logging_mixin.py:190} INFO - [2025-04-22T09:57:39.154+0000] {dag.py:4180} INFO - Setting next_dagrun for example_complex to None, run_after=None
[2025-04-22T09:57:39.160+0000] {processor.py:208} INFO - Processing /home/airflow/.local/lib/python3.12/site-packages/airflow/example_dags/example_complex.py took 0.035 seconds
[2025-04-22T09:58:35.666+0000] {processor.py:186} INFO - Started process (PID=120) to work on /home/airflow/.local/lib/python3.12/site-packages/airflow/example_dags/example_complex.py
[2025-04-22T09:58:35.667+0000] {processor.py:914} INFO - Processing file /home/airflow/.local/lib/python3.12/site-packages/airflow/example_dags/example_complex.py for tasks to queue
[2025-04-22T09:58:35.668+0000] {logging_mixin.py:190} INFO - [2025-04-22T09:58:35.668+0000] {dagbag.py:588} INFO - Filling up the DagBag from /home/airflow/.local/lib/python3.12/site-packages/airflow/example_dags/example_complex.py
[2025-04-22T09:58:35.674+0000] {processor.py:925} INFO - DAG(s) 'example_complex' retrieved from /home/airflow/.local/lib/python3.12/site-packages/airflow/example_dags/example_complex.py
[2025-04-22T09:58:35.688+0000] {logging_mixin.py:190} INFO - [2025-04-22T09:58:35.687+0000] {dag.py:3239} INFO - Sync 1 DAGs
[2025-04-22T09:58:35.693+0000] {logging_mixin.py:190} INFO - [2025-04-22T09:58:35.693+0000] {dag.py:4180} INFO - Setting next_dagrun for example_complex to None, run_after=None
[2025-04-22T09:58:35.700+0000] {processor.py:208} INFO - Processing /home/airflow/.local/lib/python3.12/site-packages/airflow/example_dags/example_complex.py took 0.038 seconds
[2025-04-22T09:59:06.107+0000] {processor.py:186} INFO - Started process (PID=183) to work on /home/airflow/.local/lib/python3.12/site-packages/airflow/example_dags/example_complex.py
[2025-04-22T09:59:06.108+0000] {processor.py:914} INFO - Processing file /home/airflow/.local/lib/python3.12/site-packages/airflow/example_dags/example_complex.py for tasks to queue
[2025-04-22T09:59:06.109+0000] {logging_mixin.py:190} INFO - [2025-04-22T09:59:06.108+0000] {dagbag.py:588} INFO - Filling up the DagBag from /home/airflow/.local/lib/python3.12/site-packages/airflow/example_dags/example_complex.py
[2025-04-22T09:59:06.114+0000] {processor.py:925} INFO - DAG(s) 'example_complex' retrieved from /home/airflow/.local/lib/python3.12/site-packages/airflow/example_dags/example_complex.py
[2025-04-22T09:59:06.127+0000] {logging_mixin.py:190} INFO - [2025-04-22T09:59:06.127+0000] {dag.py:3239} INFO - Sync 1 DAGs
[2025-04-22T09:59:06.133+0000] {logging_mixin.py:190} INFO - [2025-04-22T09:59:06.133+0000] {dag.py:4180} INFO - Setting next_dagrun for example_complex to None, run_after=None
[2025-04-22T09:59:06.140+0000] {processor.py:208} INFO - Processing /home/airflow/.local/lib/python3.12/site-packages/airflow/example_dags/example_complex.py took 0.037 seconds
[2025-04-22T09:59:36.592+0000] {processor.py:186} INFO - Started process (PID=246) to work on /home/airflow/.local/lib/python3.12/site-packages/airflow/example_dags/example_complex.py
[2025-04-22T09:59:36.592+0000] {processor.py:914} INFO - Processing file /home/airflow/.local/lib/python3.12/site-packages/airflow/example_dags/example_complex.py for tasks to queue
[2025-04-22T09:59:36.593+0000] {logging_mixin.py:190} INFO - [2025-04-22T09:59:36.593+0000] {dagbag.py:588} INFO - Filling up the DagBag from /home/airflow/.local/lib/python3.12/site-packages/airflow/example_dags/example_complex.py
[2025-04-22T09:59:36.598+0000] {processor.py:925} INFO - DAG(s) 'example_complex' retrieved from /home/airflow/.local/lib/python3.12/site-packages/airflow/example_dags/example_complex.py
[2025-04-22T09:59:36.611+0000] {logging_mixin.py:190} INFO - [2025-04-22T09:59:36.611+0000] {dag.py:3239} INFO - Sync 1 DAGs
[2025-04-22T09:59:36.617+0000] {logging_mixin.py:190} INFO - [2025-04-22T09:59:36.617+0000] {dag.py:4180} INFO - Setting next_dagrun for example_complex to None, run_after=None
[2025-04-22T09:59:36.623+0000] {processor.py:208} INFO - Processing /home/airflow/.local/lib/python3.12/site-packages/airflow/example_dags/example_complex.py took 0.036 seconds
[2025-04-22T10:00:07.016+0000] {processor.py:186} INFO - Started process (PID=309) to work on /home/airflow/.local/lib/python3.12/site-packages/airflow/example_dags/example_complex.py
[2025-04-22T10:00:07.016+0000] {processor.py:914} INFO - Processing file /home/airflow/.local/lib/python3.12/site-packages/airflow/example_dags/example_complex.py for tasks to queue
[2025-04-22T10:00:07.017+0000] {logging_mixin.py:190} INFO - [2025-04-22T10:00:07.017+0000] {dagbag.py:588} INFO - Filling up the DagBag from /home/airflow/.local/lib/python3.12/site-packages/airflow/example_dags/example_complex.py
[2025-04-22T10:00:07.022+0000] {processor.py:925} INFO - DAG(s) 'example_complex' retrieved from /home/airflow/.local/lib/python3.12/site-packages/airflow/example_dags/example_complex.py
[2025-04-22T10:00:07.035+0000] {logging_mixin.py:190} INFO - [2025-04-22T10:00:07.035+0000] {dag.py:3239} INFO - Sync 1 DAGs
[2025-04-22T10:00:07.041+0000] {logging_mixin.py:190} INFO - [2025-04-22T10:00:07.041+0000] {dag.py:4180} INFO - Setting next_dagrun for example_complex to None, run_after=None
[2025-04-22T10:00:07.047+0000] {processor.py:208} INFO - Processing /home/airflow/.local/lib/python3.12/site-packages/airflow/example_dags/example_complex.py took 0.036 seconds
[2025-04-22T10:00:56.185+0000] {processor.py:186} INFO - Started process (PID=120) to work on /home/airflow/.local/lib/python3.12/site-packages/airflow/example_dags/example_complex.py
[2025-04-22T10:00:56.186+0000] {processor.py:914} INFO - Processing file /home/airflow/.local/lib/python3.12/site-packages/airflow/example_dags/example_complex.py for tasks to queue
[2025-04-22T10:00:56.187+0000] {logging_mixin.py:190} INFO - [2025-04-22T10:00:56.186+0000] {dagbag.py:588} INFO - Filling up the DagBag from /home/airflow/.local/lib/python3.12/site-packages/airflow/example_dags/example_complex.py
[2025-04-22T10:00:56.193+0000] {processor.py:925} INFO - DAG(s) 'example_complex' retrieved from /home/airflow/.local/lib/python3.12/site-packages/airflow/example_dags/example_complex.py
[2025-04-22T10:00:56.206+0000] {logging_mixin.py:190} INFO - [2025-04-22T10:00:56.206+0000] {dag.py:3239} INFO - Sync 1 DAGs
[2025-04-22T10:00:56.212+0000] {logging_mixin.py:190} INFO - [2025-04-22T10:00:56.212+0000] {dag.py:4180} INFO - Setting next_dagrun for example_complex to None, run_after=None
[2025-04-22T10:00:56.218+0000] {processor.py:208} INFO - Processing /home/airflow/.local/lib/python3.12/site-packages/airflow/example_dags/example_complex.py took 0.036 seconds
[2025-04-22T10:01:26.526+0000] {processor.py:186} INFO - Started process (PID=183) to work on /home/airflow/.local/lib/python3.12/site-packages/airflow/example_dags/example_complex.py
[2025-04-22T10:01:26.526+0000] {processor.py:914} INFO - Processing file /home/airflow/.local/lib/python3.12/site-packages/airflow/example_dags/example_complex.py for tasks to queue
[2025-04-22T10:01:26.527+0000] {logging_mixin.py:190} INFO - [2025-04-22T10:01:26.527+0000] {dagbag.py:588} INFO - Filling up the DagBag from /home/airflow/.local/lib/python3.12/site-packages/airflow/example_dags/example_complex.py
[2025-04-22T10:01:26.532+0000] {processor.py:925} INFO - DAG(s) 'example_complex' retrieved from /home/airflow/.local/lib/python3.12/site-packages/airflow/example_dags/example_complex.py
[2025-04-22T10:01:26.545+0000] {logging_mixin.py:190} INFO - [2025-04-22T10:01:26.545+0000] {dag.py:3239} INFO - Sync 1 DAGs
[2025-04-22T10:01:26.551+0000] {logging_mixin.py:190} INFO - [2025-04-22T10:01:26.551+0000] {dag.py:4180} INFO - Setting next_dagrun for example_complex to None, run_after=None
[2025-04-22T10:01:26.557+0000] {processor.py:208} INFO - Processing /home/airflow/.local/lib/python3.12/site-packages/airflow/example_dags/example_complex.py took 0.034 seconds
[2025-04-22T10:01:56.898+0000] {processor.py:186} INFO - Started process (PID=246) to work on /home/airflow/.local/lib/python3.12/site-packages/airflow/example_dags/example_complex.py
[2025-04-22T10:01:56.898+0000] {processor.py:914} INFO - Processing file /home/airflow/.local/lib/python3.12/site-packages/airflow/example_dags/example_complex.py for tasks to queue
[2025-04-22T10:01:56.899+0000] {logging_mixin.py:190} INFO - [2025-04-22T10:01:56.899+0000] {dagbag.py:588} INFO - Filling up the DagBag from /home/airflow/.local/lib/python3.12/site-packages/airflow/example_dags/example_complex.py
[2025-04-22T10:01:56.904+0000] {processor.py:925} INFO - DAG(s) 'example_complex' retrieved from /home/airflow/.local/lib/python3.12/site-packages/airflow/example_dags/example_complex.py
[2025-04-22T10:01:56.918+0000] {logging_mixin.py:190} INFO - [2025-04-22T10:01:56.918+0000] {dag.py:3239} INFO - Sync 1 DAGs
[2025-04-22T10:01:56.924+0000] {logging_mixin.py:190} INFO - [2025-04-22T10:01:56.924+0000] {dag.py:4180} INFO - Setting next_dagrun for example_complex to None, run_after=None
[2025-04-22T10:01:56.930+0000] {processor.py:208} INFO - Processing /home/airflow/.local/lib/python3.12/site-packages/airflow/example_dags/example_complex.py took 0.035 seconds
[2025-04-22T10:02:27.438+0000] {processor.py:186} INFO - Started process (PID=309) to work on /home/airflow/.local/lib/python3.12/site-packages/airflow/example_dags/example_complex.py
[2025-04-22T10:02:27.439+0000] {processor.py:914} INFO - Processing file /home/airflow/.local/lib/python3.12/site-packages/airflow/example_dags/example_complex.py for tasks to queue
[2025-04-22T10:02:27.439+0000] {logging_mixin.py:190} INFO - [2025-04-22T10:02:27.439+0000] {dagbag.py:588} INFO - Filling up the DagBag from /home/airflow/.local/lib/python3.12/site-packages/airflow/example_dags/example_complex.py
[2025-04-22T10:02:27.444+0000] {processor.py:925} INFO - DAG(s) 'example_complex' retrieved from /home/airflow/.local/lib/python3.12/site-packages/airflow/example_dags/example_complex.py
[2025-04-22T10:02:27.458+0000] {logging_mixin.py:190} INFO - [2025-04-22T10:02:27.458+0000] {dag.py:3239} INFO - Sync 1 DAGs
[2025-04-22T10:02:27.464+0000] {logging_mixin.py:190} INFO - [2025-04-22T10:02:27.464+0000] {dag.py:4180} INFO - Setting next_dagrun for example_complex to None, run_after=None
[2025-04-22T10:02:27.470+0000] {processor.py:208} INFO - Processing /home/airflow/.local/lib/python3.12/site-packages/airflow/example_dags/example_complex.py took 0.035 seconds
[2025-04-22T10:02:57.720+0000] {processor.py:186} INFO - Started process (PID=372) to work on /home/airflow/.local/lib/python3.12/site-packages/airflow/example_dags/example_complex.py
[2025-04-22T10:02:57.721+0000] {processor.py:914} INFO - Processing file /home/airflow/.local/lib/python3.12/site-packages/airflow/example_dags/example_complex.py for tasks to queue
[2025-04-22T10:02:57.722+0000] {logging_mixin.py:190} INFO - [2025-04-22T10:02:57.722+0000] {dagbag.py:588} INFO - Filling up the DagBag from /home/airflow/.local/lib/python3.12/site-packages/airflow/example_dags/example_complex.py
[2025-04-22T10:02:57.727+0000] {processor.py:925} INFO - DAG(s) 'example_complex' retrieved from /home/airflow/.local/lib/python3.12/site-packages/airflow/example_dags/example_complex.py
[2025-04-22T10:02:57.741+0000] {logging_mixin.py:190} INFO - [2025-04-22T10:02:57.741+0000] {dag.py:3239} INFO - Sync 1 DAGs
[2025-04-22T10:02:57.747+0000] {logging_mixin.py:190} INFO - [2025-04-22T10:02:57.747+0000] {dag.py:4180} INFO - Setting next_dagrun for example_complex to None, run_after=None
[2025-04-22T10:02:57.754+0000] {processor.py:208} INFO - Processing /home/airflow/.local/lib/python3.12/site-packages/airflow/example_dags/example_complex.py took 0.037 seconds
[2025-04-22T10:03:27.900+0000] {processor.py:186} INFO - Started process (PID=435) to work on /home/airflow/.local/lib/python3.12/site-packages/airflow/example_dags/example_complex.py
[2025-04-22T10:03:27.900+0000] {processor.py:914} INFO - Processing file /home/airflow/.local/lib/python3.12/site-packages/airflow/example_dags/example_complex.py for tasks to queue
[2025-04-22T10:03:27.901+0000] {logging_mixin.py:190} INFO - [2025-04-22T10:03:27.901+0000] {dagbag.py:588} INFO - Filling up the DagBag from /home/airflow/.local/lib/python3.12/site-packages/airflow/example_dags/example_complex.py
[2025-04-22T10:03:27.906+0000] {processor.py:925} INFO - DAG(s) 'example_complex' retrieved from /home/airflow/.local/lib/python3.12/site-packages/airflow/example_dags/example_complex.py
[2025-04-22T10:03:27.920+0000] {logging_mixin.py:190} INFO - [2025-04-22T10:03:27.920+0000] {dag.py:3239} INFO - Sync 1 DAGs
[2025-04-22T10:03:27.926+0000] {logging_mixin.py:190} INFO - [2025-04-22T10:03:27.926+0000] {dag.py:4180} INFO - Setting next_dagrun for example_complex to None, run_after=None
[2025-04-22T10:03:27.933+0000] {processor.py:208} INFO - Processing /home/airflow/.local/lib/python3.12/site-packages/airflow/example_dags/example_complex.py took 0.036 seconds
[2025-04-22T10:05:38.073+0000] {processor.py:186} INFO - Started process (PID=120) to work on /home/airflow/.local/lib/python3.12/site-packages/airflow/example_dags/example_complex.py
[2025-04-22T10:05:38.073+0000] {processor.py:914} INFO - Processing file /home/airflow/.local/lib/python3.12/site-packages/airflow/example_dags/example_complex.py for tasks to queue
[2025-04-22T10:05:38.074+0000] {logging_mixin.py:190} INFO - [2025-04-22T10:05:38.074+0000] {dagbag.py:588} INFO - Filling up the DagBag from /home/airflow/.local/lib/python3.12/site-packages/airflow/example_dags/example_complex.py
[2025-04-22T10:05:38.080+0000] {processor.py:925} INFO - DAG(s) 'example_complex' retrieved from /home/airflow/.local/lib/python3.12/site-packages/airflow/example_dags/example_complex.py
[2025-04-22T10:05:38.094+0000] {logging_mixin.py:190} INFO - [2025-04-22T10:05:38.094+0000] {dag.py:3239} INFO - Sync 1 DAGs
[2025-04-22T10:05:38.100+0000] {logging_mixin.py:190} INFO - [2025-04-22T10:05:38.100+0000] {dag.py:4180} INFO - Setting next_dagrun for example_complex to None, run_after=None
[2025-04-22T10:05:38.106+0000] {processor.py:208} INFO - Processing /home/airflow/.local/lib/python3.12/site-packages/airflow/example_dags/example_complex.py took 0.036 seconds
[2025-04-22T10:06:08.424+0000] {processor.py:186} INFO - Started process (PID=183) to work on /home/airflow/.local/lib/python3.12/site-packages/airflow/example_dags/example_complex.py
[2025-04-22T10:06:08.424+0000] {processor.py:914} INFO - Processing file /home/airflow/.local/lib/python3.12/site-packages/airflow/example_dags/example_complex.py for tasks to queue
[2025-04-22T10:06:08.425+0000] {logging_mixin.py:190} INFO - [2025-04-22T10:06:08.425+0000] {dagbag.py:588} INFO - Filling up the DagBag from /home/airflow/.local/lib/python3.12/site-packages/airflow/example_dags/example_complex.py
[2025-04-22T10:06:08.430+0000] {processor.py:925} INFO - DAG(s) 'example_complex' retrieved from /home/airflow/.local/lib/python3.12/site-packages/airflow/example_dags/example_complex.py
[2025-04-22T10:06:08.444+0000] {logging_mixin.py:190} INFO - [2025-04-22T10:06:08.444+0000] {dag.py:3239} INFO - Sync 1 DAGs
[2025-04-22T10:06:08.450+0000] {logging_mixin.py:190} INFO - [2025-04-22T10:06:08.450+0000] {dag.py:4180} INFO - Setting next_dagrun for example_complex to None, run_after=None
[2025-04-22T10:06:08.456+0000] {processor.py:208} INFO - Processing /home/airflow/.local/lib/python3.12/site-packages/airflow/example_dags/example_complex.py took 0.035 seconds
[2025-04-22T10:06:38.731+0000] {processor.py:186} INFO - Started process (PID=246) to work on /home/airflow/.local/lib/python3.12/site-packages/airflow/example_dags/example_complex.py
[2025-04-22T10:06:38.731+0000] {processor.py:914} INFO - Processing file /home/airflow/.local/lib/python3.12/site-packages/airflow/example_dags/example_complex.py for tasks to queue
[2025-04-22T10:06:38.732+0000] {logging_mixin.py:190} INFO - [2025-04-22T10:06:38.732+0000] {dagbag.py:588} INFO - Filling up the DagBag from /home/airflow/.local/lib/python3.12/site-packages/airflow/example_dags/example_complex.py
[2025-04-22T10:06:38.738+0000] {processor.py:925} INFO - DAG(s) 'example_complex' retrieved from /home/airflow/.local/lib/python3.12/site-packages/airflow/example_dags/example_complex.py
[2025-04-22T10:06:38.751+0000] {logging_mixin.py:190} INFO - [2025-04-22T10:06:38.751+0000] {dag.py:3239} INFO - Sync 1 DAGs
[2025-04-22T10:06:38.756+0000] {logging_mixin.py:190} INFO - [2025-04-22T10:06:38.756+0000] {dag.py:4180} INFO - Setting next_dagrun for example_complex to None, run_after=None
[2025-04-22T10:06:38.763+0000] {processor.py:208} INFO - Processing /home/airflow/.local/lib/python3.12/site-packages/airflow/example_dags/example_complex.py took 0.035 seconds
[2025-04-22T10:07:09.123+0000] {processor.py:186} INFO - Started process (PID=309) to work on /home/airflow/.local/lib/python3.12/site-packages/airflow/example_dags/example_complex.py
[2025-04-22T10:07:09.123+0000] {processor.py:914} INFO - Processing file /home/airflow/.local/lib/python3.12/site-packages/airflow/example_dags/example_complex.py for tasks to queue
[2025-04-22T10:07:09.124+0000] {logging_mixin.py:190} INFO - [2025-04-22T10:07:09.124+0000] {dagbag.py:588} INFO - Filling up the DagBag from /home/airflow/.local/lib/python3.12/site-packages/airflow/example_dags/example_complex.py
[2025-04-22T10:07:09.130+0000] {processor.py:925} INFO - DAG(s) 'example_complex' retrieved from /home/airflow/.local/lib/python3.12/site-packages/airflow/example_dags/example_complex.py
[2025-04-22T10:07:09.143+0000] {logging_mixin.py:190} INFO - [2025-04-22T10:07:09.143+0000] {dag.py:3239} INFO - Sync 1 DAGs
[2025-04-22T10:07:09.148+0000] {logging_mixin.py:190} INFO - [2025-04-22T10:07:09.148+0000] {dag.py:4180} INFO - Setting next_dagrun for example_complex to None, run_after=None
[2025-04-22T10:07:09.155+0000] {processor.py:208} INFO - Processing /home/airflow/.local/lib/python3.12/site-packages/airflow/example_dags/example_complex.py took 0.035 seconds
[2025-04-22T10:07:39.493+0000] {processor.py:186} INFO - Started process (PID=372) to work on /home/airflow/.local/lib/python3.12/site-packages/airflow/example_dags/example_complex.py
[2025-04-22T10:07:39.493+0000] {processor.py:914} INFO - Processing file /home/airflow/.local/lib/python3.12/site-packages/airflow/example_dags/example_complex.py for tasks to queue
[2025-04-22T10:07:39.494+0000] {logging_mixin.py:190} INFO - [2025-04-22T10:07:39.494+0000] {dagbag.py:588} INFO - Filling up the DagBag from /home/airflow/.local/lib/python3.12/site-packages/airflow/example_dags/example_complex.py
[2025-04-22T10:07:39.499+0000] {processor.py:925} INFO - DAG(s) 'example_complex' retrieved from /home/airflow/.local/lib/python3.12/site-packages/airflow/example_dags/example_complex.py
[2025-04-22T10:07:39.512+0000] {logging_mixin.py:190} INFO - [2025-04-22T10:07:39.512+0000] {dag.py:3239} INFO - Sync 1 DAGs
[2025-04-22T10:07:39.518+0000] {logging_mixin.py:190} INFO - [2025-04-22T10:07:39.518+0000] {dag.py:4180} INFO - Setting next_dagrun for example_complex to None, run_after=None
[2025-04-22T10:07:39.525+0000] {processor.py:208} INFO - Processing /home/airflow/.local/lib/python3.12/site-packages/airflow/example_dags/example_complex.py took 0.035 seconds
[2025-04-22T10:08:09.873+0000] {processor.py:186} INFO - Started process (PID=435) to work on /home/airflow/.local/lib/python3.12/site-packages/airflow/example_dags/example_complex.py
[2025-04-22T10:08:09.873+0000] {processor.py:914} INFO - Processing file /home/airflow/.local/lib/python3.12/site-packages/airflow/example_dags/example_complex.py for tasks to queue
[2025-04-22T10:08:09.874+0000] {logging_mixin.py:190} INFO - [2025-04-22T10:08:09.874+0000] {dagbag.py:588} INFO - Filling up the DagBag from /home/airflow/.local/lib/python3.12/site-packages/airflow/example_dags/example_complex.py
[2025-04-22T10:08:09.879+0000] {processor.py:925} INFO - DAG(s) 'example_complex' retrieved from /home/airflow/.local/lib/python3.12/site-packages/airflow/example_dags/example_complex.py
[2025-04-22T10:08:09.892+0000] {logging_mixin.py:190} INFO - [2025-04-22T10:08:09.891+0000] {dag.py:3239} INFO - Sync 1 DAGs
[2025-04-22T10:08:09.897+0000] {logging_mixin.py:190} INFO - [2025-04-22T10:08:09.897+0000] {dag.py:4180} INFO - Setting next_dagrun for example_complex to None, run_after=None
[2025-04-22T10:08:09.904+0000] {processor.py:208} INFO - Processing /home/airflow/.local/lib/python3.12/site-packages/airflow/example_dags/example_complex.py took 0.033 seconds
[2025-04-22T10:08:40.212+0000] {processor.py:186} INFO - Started process (PID=498) to work on /home/airflow/.local/lib/python3.12/site-packages/airflow/example_dags/example_complex.py
[2025-04-22T10:08:40.212+0000] {processor.py:914} INFO - Processing file /home/airflow/.local/lib/python3.12/site-packages/airflow/example_dags/example_complex.py for tasks to queue
[2025-04-22T10:08:40.213+0000] {logging_mixin.py:190} INFO - [2025-04-22T10:08:40.213+0000] {dagbag.py:588} INFO - Filling up the DagBag from /home/airflow/.local/lib/python3.12/site-packages/airflow/example_dags/example_complex.py
[2025-04-22T10:08:40.219+0000] {processor.py:925} INFO - DAG(s) 'example_complex' retrieved from /home/airflow/.local/lib/python3.12/site-packages/airflow/example_dags/example_complex.py
[2025-04-22T10:08:40.232+0000] {logging_mixin.py:190} INFO - [2025-04-22T10:08:40.232+0000] {dag.py:3239} INFO - Sync 1 DAGs
[2025-04-22T10:08:40.238+0000] {logging_mixin.py:190} INFO - [2025-04-22T10:08:40.238+0000] {dag.py:4180} INFO - Setting next_dagrun for example_complex to None, run_after=None
[2025-04-22T10:08:40.244+0000] {processor.py:208} INFO - Processing /home/airflow/.local/lib/python3.12/site-packages/airflow/example_dags/example_complex.py took 0.035 seconds
[2025-04-22T10:09:10.593+0000] {processor.py:186} INFO - Started process (PID=561) to work on /home/airflow/.local/lib/python3.12/site-packages/airflow/example_dags/example_complex.py
[2025-04-22T10:09:10.594+0000] {processor.py:914} INFO - Processing file /home/airflow/.local/lib/python3.12/site-packages/airflow/example_dags/example_complex.py for tasks to queue
[2025-04-22T10:09:10.595+0000] {logging_mixin.py:190} INFO - [2025-04-22T10:09:10.595+0000] {dagbag.py:588} INFO - Filling up the DagBag from /home/airflow/.local/lib/python3.12/site-packages/airflow/example_dags/example_complex.py
[2025-04-22T10:09:10.600+0000] {processor.py:925} INFO - DAG(s) 'example_complex' retrieved from /home/airflow/.local/lib/python3.12/site-packages/airflow/example_dags/example_complex.py
[2025-04-22T10:09:10.613+0000] {logging_mixin.py:190} INFO - [2025-04-22T10:09:10.613+0000] {dag.py:3239} INFO - Sync 1 DAGs
[2025-04-22T10:09:10.619+0000] {logging_mixin.py:190} INFO - [2025-04-22T10:09:10.619+0000] {dag.py:4180} INFO - Setting next_dagrun for example_complex to None, run_after=None
[2025-04-22T10:09:10.625+0000] {processor.py:208} INFO - Processing /home/airflow/.local/lib/python3.12/site-packages/airflow/example_dags/example_complex.py took 0.034 seconds
[2025-04-22T10:09:40.932+0000] {processor.py:186} INFO - Started process (PID=624) to work on /home/airflow/.local/lib/python3.12/site-packages/airflow/example_dags/example_complex.py
[2025-04-22T10:09:40.932+0000] {processor.py:914} INFO - Processing file /home/airflow/.local/lib/python3.12/site-packages/airflow/example_dags/example_complex.py for tasks to queue
[2025-04-22T10:09:40.933+0000] {logging_mixin.py:190} INFO - [2025-04-22T10:09:40.933+0000] {dagbag.py:588} INFO - Filling up the DagBag from /home/airflow/.local/lib/python3.12/site-packages/airflow/example_dags/example_complex.py
[2025-04-22T10:09:40.938+0000] {processor.py:925} INFO - DAG(s) 'example_complex' retrieved from /home/airflow/.local/lib/python3.12/site-packages/airflow/example_dags/example_complex.py
[2025-04-22T10:09:40.951+0000] {logging_mixin.py:190} INFO - [2025-04-22T10:09:40.951+0000] {dag.py:3239} INFO - Sync 1 DAGs
[2025-04-22T10:09:40.957+0000] {logging_mixin.py:190} INFO - [2025-04-22T10:09:40.957+0000] {dag.py:4180} INFO - Setting next_dagrun for example_complex to None, run_after=None
[2025-04-22T10:09:40.963+0000] {processor.py:208} INFO - Processing /home/airflow/.local/lib/python3.12/site-packages/airflow/example_dags/example_complex.py took 0.034 seconds
