[2025-04-22T09:53:50.016+0000] {processor.py:186} INFO - Started process (PID=114) to work on /home/airflow/.local/lib/python3.12/site-packages/airflow/example_dags/example_latest_only_with_trigger.py
[2025-04-22T09:53:50.016+0000] {processor.py:914} INFO - Processing file /home/airflow/.local/lib/python3.12/site-packages/airflow/example_dags/example_latest_only_with_trigger.py for tasks to queue
[2025-04-22T09:53:50.018+0000] {logging_mixin.py:190} INFO - [2025-04-22T09:53:50.018+0000] {dagbag.py:588} INFO - Filling up the DagBag from /home/airflow/.local/lib/python3.12/site-packages/airflow/example_dags/example_latest_only_with_trigger.py
[2025-04-22T09:53:50.023+0000] {processor.py:925} INFO - DAG(s) 'latest_only_with_trigger' retrieved from /home/airflow/.local/lib/python3.12/site-packages/airflow/example_dags/example_latest_only_with_trigger.py
[2025-04-22T09:53:50.029+0000] {logging_mixin.py:190} INFO - [2025-04-22T09:53:50.029+0000] {dag.py:3239} INFO - Sync 1 DAGs
[2025-04-22T09:53:50.040+0000] {logging_mixin.py:190} INFO - [2025-04-22T09:53:50.040+0000] {dag.py:4180} INFO - Setting next_dagrun for latest_only_with_trigger to 2025-04-22 04:00:00+00:00, run_after=2025-04-22 08:00:00+00:00
[2025-04-22T09:53:50.047+0000] {processor.py:208} INFO - Processing /home/airflow/.local/lib/python3.12/site-packages/airflow/example_dags/example_latest_only_with_trigger.py took 0.033 seconds
[2025-04-22T09:55:03.432+0000] {processor.py:186} INFO - Started process (PID=114) to work on /home/airflow/.local/lib/python3.12/site-packages/airflow/example_dags/example_latest_only_with_trigger.py
[2025-04-22T09:55:03.432+0000] {processor.py:914} INFO - Processing file /home/airflow/.local/lib/python3.12/site-packages/airflow/example_dags/example_latest_only_with_trigger.py for tasks to queue
[2025-04-22T09:55:03.433+0000] {logging_mixin.py:190} INFO - [2025-04-22T09:55:03.433+0000] {dagbag.py:588} INFO - Filling up the DagBag from /home/airflow/.local/lib/python3.12/site-packages/airflow/example_dags/example_latest_only_with_trigger.py
[2025-04-22T09:55:03.437+0000] {processor.py:925} INFO - DAG(s) 'latest_only_with_trigger' retrieved from /home/airflow/.local/lib/python3.12/site-packages/airflow/example_dags/example_latest_only_with_trigger.py
[2025-04-22T09:55:03.487+0000] {logging_mixin.py:190} INFO - [2025-04-22T09:55:03.487+0000] {dag.py:3239} INFO - Sync 1 DAGs
[2025-04-22T09:55:03.496+0000] {logging_mixin.py:190} INFO - [2025-04-22T09:55:03.495+0000] {dag.py:4180} INFO - Setting next_dagrun for latest_only_with_trigger to 2025-04-22 04:00:00+00:00, run_after=2025-04-22 08:00:00+00:00
[2025-04-22T09:55:03.502+0000] {processor.py:208} INFO - Processing /home/airflow/.local/lib/python3.12/site-packages/airflow/example_dags/example_latest_only_with_trigger.py took 0.073 seconds
[2025-04-22T09:55:33.926+0000] {processor.py:186} INFO - Started process (PID=177) to work on /home/airflow/.local/lib/python3.12/site-packages/airflow/example_dags/example_latest_only_with_trigger.py
[2025-04-22T09:55:33.926+0000] {processor.py:914} INFO - Processing file /home/airflow/.local/lib/python3.12/site-packages/airflow/example_dags/example_latest_only_with_trigger.py for tasks to queue
[2025-04-22T09:55:33.927+0000] {logging_mixin.py:190} INFO - [2025-04-22T09:55:33.927+0000] {dagbag.py:588} INFO - Filling up the DagBag from /home/airflow/.local/lib/python3.12/site-packages/airflow/example_dags/example_latest_only_with_trigger.py
[2025-04-22T09:55:33.931+0000] {processor.py:925} INFO - DAG(s) 'latest_only_with_trigger' retrieved from /home/airflow/.local/lib/python3.12/site-packages/airflow/example_dags/example_latest_only_with_trigger.py
[2025-04-22T09:55:33.940+0000] {logging_mixin.py:190} INFO - [2025-04-22T09:55:33.940+0000] {dag.py:3239} INFO - Sync 1 DAGs
[2025-04-22T09:55:33.949+0000] {logging_mixin.py:190} INFO - [2025-04-22T09:55:33.949+0000] {dag.py:4180} INFO - Setting next_dagrun for latest_only_with_trigger to 2025-04-22 04:00:00+00:00, run_after=2025-04-22 08:00:00+00:00
[2025-04-22T09:55:33.955+0000] {processor.py:208} INFO - Processing /home/airflow/.local/lib/python3.12/site-packages/airflow/example_dags/example_latest_only_with_trigger.py took 0.032 seconds
[2025-04-22T09:56:05.176+0000] {processor.py:186} INFO - Started process (PID=240) to work on /home/airflow/.local/lib/python3.12/site-packages/airflow/example_dags/example_latest_only_with_trigger.py
[2025-04-22T09:56:05.177+0000] {processor.py:914} INFO - Processing file /home/airflow/.local/lib/python3.12/site-packages/airflow/example_dags/example_latest_only_with_trigger.py for tasks to queue
[2025-04-22T09:56:05.178+0000] {logging_mixin.py:190} INFO - [2025-04-22T09:56:05.178+0000] {dagbag.py:588} INFO - Filling up the DagBag from /home/airflow/.local/lib/python3.12/site-packages/airflow/example_dags/example_latest_only_with_trigger.py
[2025-04-22T09:56:05.182+0000] {processor.py:925} INFO - DAG(s) 'latest_only_with_trigger' retrieved from /home/airflow/.local/lib/python3.12/site-packages/airflow/example_dags/example_latest_only_with_trigger.py
[2025-04-22T09:56:05.191+0000] {logging_mixin.py:190} INFO - [2025-04-22T09:56:05.191+0000] {dag.py:3239} INFO - Sync 1 DAGs
[2025-04-22T09:56:05.201+0000] {logging_mixin.py:190} INFO - [2025-04-22T09:56:05.200+0000] {dag.py:4180} INFO - Setting next_dagrun for latest_only_with_trigger to 2025-04-22 04:00:00+00:00, run_after=2025-04-22 08:00:00+00:00
[2025-04-22T09:56:05.207+0000] {processor.py:208} INFO - Processing /home/airflow/.local/lib/python3.12/site-packages/airflow/example_dags/example_latest_only_with_trigger.py took 0.033 seconds
[2025-04-22T09:56:36.407+0000] {processor.py:186} INFO - Started process (PID=303) to work on /home/airflow/.local/lib/python3.12/site-packages/airflow/example_dags/example_latest_only_with_trigger.py
[2025-04-22T09:56:36.407+0000] {processor.py:914} INFO - Processing file /home/airflow/.local/lib/python3.12/site-packages/airflow/example_dags/example_latest_only_with_trigger.py for tasks to queue
[2025-04-22T09:56:36.408+0000] {logging_mixin.py:190} INFO - [2025-04-22T09:56:36.408+0000] {dagbag.py:588} INFO - Filling up the DagBag from /home/airflow/.local/lib/python3.12/site-packages/airflow/example_dags/example_latest_only_with_trigger.py
[2025-04-22T09:56:36.412+0000] {processor.py:925} INFO - DAG(s) 'latest_only_with_trigger' retrieved from /home/airflow/.local/lib/python3.12/site-packages/airflow/example_dags/example_latest_only_with_trigger.py
[2025-04-22T09:56:36.421+0000] {logging_mixin.py:190} INFO - [2025-04-22T09:56:36.421+0000] {dag.py:3239} INFO - Sync 1 DAGs
[2025-04-22T09:56:36.430+0000] {logging_mixin.py:190} INFO - [2025-04-22T09:56:36.430+0000] {dag.py:4180} INFO - Setting next_dagrun for latest_only_with_trigger to 2025-04-22 04:00:00+00:00, run_after=2025-04-22 08:00:00+00:00
[2025-04-22T09:56:36.437+0000] {processor.py:208} INFO - Processing /home/airflow/.local/lib/python3.12/site-packages/airflow/example_dags/example_latest_only_with_trigger.py took 0.033 seconds
[2025-04-22T09:57:07.664+0000] {processor.py:186} INFO - Started process (PID=366) to work on /home/airflow/.local/lib/python3.12/site-packages/airflow/example_dags/example_latest_only_with_trigger.py
[2025-04-22T09:57:07.665+0000] {processor.py:914} INFO - Processing file /home/airflow/.local/lib/python3.12/site-packages/airflow/example_dags/example_latest_only_with_trigger.py for tasks to queue
[2025-04-22T09:57:07.666+0000] {logging_mixin.py:190} INFO - [2025-04-22T09:57:07.666+0000] {dagbag.py:588} INFO - Filling up the DagBag from /home/airflow/.local/lib/python3.12/site-packages/airflow/example_dags/example_latest_only_with_trigger.py
[2025-04-22T09:57:07.669+0000] {processor.py:925} INFO - DAG(s) 'latest_only_with_trigger' retrieved from /home/airflow/.local/lib/python3.12/site-packages/airflow/example_dags/example_latest_only_with_trigger.py
[2025-04-22T09:57:07.678+0000] {logging_mixin.py:190} INFO - [2025-04-22T09:57:07.678+0000] {dag.py:3239} INFO - Sync 1 DAGs
[2025-04-22T09:57:07.687+0000] {logging_mixin.py:190} INFO - [2025-04-22T09:57:07.687+0000] {dag.py:4180} INFO - Setting next_dagrun for latest_only_with_trigger to 2025-04-22 04:00:00+00:00, run_after=2025-04-22 08:00:00+00:00
[2025-04-22T09:57:07.694+0000] {processor.py:208} INFO - Processing /home/airflow/.local/lib/python3.12/site-packages/airflow/example_dags/example_latest_only_with_trigger.py took 0.032 seconds
[2025-04-22T09:57:38.960+0000] {processor.py:186} INFO - Started process (PID=429) to work on /home/airflow/.local/lib/python3.12/site-packages/airflow/example_dags/example_latest_only_with_trigger.py
[2025-04-22T09:57:38.960+0000] {processor.py:914} INFO - Processing file /home/airflow/.local/lib/python3.12/site-packages/airflow/example_dags/example_latest_only_with_trigger.py for tasks to queue
[2025-04-22T09:57:38.961+0000] {logging_mixin.py:190} INFO - [2025-04-22T09:57:38.961+0000] {dagbag.py:588} INFO - Filling up the DagBag from /home/airflow/.local/lib/python3.12/site-packages/airflow/example_dags/example_latest_only_with_trigger.py
[2025-04-22T09:57:38.965+0000] {processor.py:925} INFO - DAG(s) 'latest_only_with_trigger' retrieved from /home/airflow/.local/lib/python3.12/site-packages/airflow/example_dags/example_latest_only_with_trigger.py
[2025-04-22T09:57:38.973+0000] {logging_mixin.py:190} INFO - [2025-04-22T09:57:38.973+0000] {dag.py:3239} INFO - Sync 1 DAGs
[2025-04-22T09:57:38.983+0000] {logging_mixin.py:190} INFO - [2025-04-22T09:57:38.983+0000] {dag.py:4180} INFO - Setting next_dagrun for latest_only_with_trigger to 2025-04-22 04:00:00+00:00, run_after=2025-04-22 08:00:00+00:00
[2025-04-22T09:57:38.989+0000] {processor.py:208} INFO - Processing /home/airflow/.local/lib/python3.12/site-packages/airflow/example_dags/example_latest_only_with_trigger.py took 0.032 seconds
[2025-04-22T09:58:35.494+0000] {processor.py:186} INFO - Started process (PID=114) to work on /home/airflow/.local/lib/python3.12/site-packages/airflow/example_dags/example_latest_only_with_trigger.py
[2025-04-22T09:58:35.494+0000] {processor.py:914} INFO - Processing file /home/airflow/.local/lib/python3.12/site-packages/airflow/example_dags/example_latest_only_with_trigger.py for tasks to queue
[2025-04-22T09:58:35.495+0000] {logging_mixin.py:190} INFO - [2025-04-22T09:58:35.495+0000] {dagbag.py:588} INFO - Filling up the DagBag from /home/airflow/.local/lib/python3.12/site-packages/airflow/example_dags/example_latest_only_with_trigger.py
[2025-04-22T09:58:35.499+0000] {processor.py:925} INFO - DAG(s) 'latest_only_with_trigger' retrieved from /home/airflow/.local/lib/python3.12/site-packages/airflow/example_dags/example_latest_only_with_trigger.py
[2025-04-22T09:58:35.509+0000] {logging_mixin.py:190} INFO - [2025-04-22T09:58:35.509+0000] {dag.py:3239} INFO - Sync 1 DAGs
[2025-04-22T09:58:35.519+0000] {logging_mixin.py:190} INFO - [2025-04-22T09:58:35.519+0000] {dag.py:4180} INFO - Setting next_dagrun for latest_only_with_trigger to 2025-04-22 04:00:00+00:00, run_after=2025-04-22 08:00:00+00:00
[2025-04-22T09:58:35.525+0000] {processor.py:208} INFO - Processing /home/airflow/.local/lib/python3.12/site-packages/airflow/example_dags/example_latest_only_with_trigger.py took 0.036 seconds
[2025-04-22T09:59:05.929+0000] {processor.py:186} INFO - Started process (PID=177) to work on /home/airflow/.local/lib/python3.12/site-packages/airflow/example_dags/example_latest_only_with_trigger.py
[2025-04-22T09:59:05.929+0000] {processor.py:914} INFO - Processing file /home/airflow/.local/lib/python3.12/site-packages/airflow/example_dags/example_latest_only_with_trigger.py for tasks to queue
[2025-04-22T09:59:05.930+0000] {logging_mixin.py:190} INFO - [2025-04-22T09:59:05.930+0000] {dagbag.py:588} INFO - Filling up the DagBag from /home/airflow/.local/lib/python3.12/site-packages/airflow/example_dags/example_latest_only_with_trigger.py
[2025-04-22T09:59:05.933+0000] {processor.py:925} INFO - DAG(s) 'latest_only_with_trigger' retrieved from /home/airflow/.local/lib/python3.12/site-packages/airflow/example_dags/example_latest_only_with_trigger.py
[2025-04-22T09:59:05.942+0000] {logging_mixin.py:190} INFO - [2025-04-22T09:59:05.942+0000] {dag.py:3239} INFO - Sync 1 DAGs
[2025-04-22T09:59:05.951+0000] {logging_mixin.py:190} INFO - [2025-04-22T09:59:05.951+0000] {dag.py:4180} INFO - Setting next_dagrun for latest_only_with_trigger to 2025-04-22 04:00:00+00:00, run_after=2025-04-22 08:00:00+00:00
[2025-04-22T09:59:05.958+0000] {processor.py:208} INFO - Processing /home/airflow/.local/lib/python3.12/site-packages/airflow/example_dags/example_latest_only_with_trigger.py took 0.034 seconds
[2025-04-22T09:59:36.449+0000] {processor.py:186} INFO - Started process (PID=240) to work on /home/airflow/.local/lib/python3.12/site-packages/airflow/example_dags/example_latest_only_with_trigger.py
[2025-04-22T09:59:36.449+0000] {processor.py:914} INFO - Processing file /home/airflow/.local/lib/python3.12/site-packages/airflow/example_dags/example_latest_only_with_trigger.py for tasks to queue
[2025-04-22T09:59:36.450+0000] {logging_mixin.py:190} INFO - [2025-04-22T09:59:36.450+0000] {dagbag.py:588} INFO - Filling up the DagBag from /home/airflow/.local/lib/python3.12/site-packages/airflow/example_dags/example_latest_only_with_trigger.py
[2025-04-22T09:59:36.454+0000] {processor.py:925} INFO - DAG(s) 'latest_only_with_trigger' retrieved from /home/airflow/.local/lib/python3.12/site-packages/airflow/example_dags/example_latest_only_with_trigger.py
[2025-04-22T09:59:36.463+0000] {logging_mixin.py:190} INFO - [2025-04-22T09:59:36.463+0000] {dag.py:3239} INFO - Sync 1 DAGs
[2025-04-22T09:59:36.472+0000] {logging_mixin.py:190} INFO - [2025-04-22T09:59:36.472+0000] {dag.py:4180} INFO - Setting next_dagrun for latest_only_with_trigger to 2025-04-22 04:00:00+00:00, run_after=2025-04-22 08:00:00+00:00
[2025-04-22T09:59:36.478+0000] {processor.py:208} INFO - Processing /home/airflow/.local/lib/python3.12/site-packages/airflow/example_dags/example_latest_only_with_trigger.py took 0.034 seconds
[2025-04-22T10:00:06.870+0000] {processor.py:186} INFO - Started process (PID=303) to work on /home/airflow/.local/lib/python3.12/site-packages/airflow/example_dags/example_latest_only_with_trigger.py
[2025-04-22T10:00:06.870+0000] {processor.py:914} INFO - Processing file /home/airflow/.local/lib/python3.12/site-packages/airflow/example_dags/example_latest_only_with_trigger.py for tasks to queue
[2025-04-22T10:00:06.871+0000] {logging_mixin.py:190} INFO - [2025-04-22T10:00:06.871+0000] {dagbag.py:588} INFO - Filling up the DagBag from /home/airflow/.local/lib/python3.12/site-packages/airflow/example_dags/example_latest_only_with_trigger.py
[2025-04-22T10:00:06.875+0000] {processor.py:925} INFO - DAG(s) 'latest_only_with_trigger' retrieved from /home/airflow/.local/lib/python3.12/site-packages/airflow/example_dags/example_latest_only_with_trigger.py
[2025-04-22T10:00:06.884+0000] {logging_mixin.py:190} INFO - [2025-04-22T10:00:06.884+0000] {dag.py:3239} INFO - Sync 1 DAGs
[2025-04-22T10:00:06.894+0000] {logging_mixin.py:190} INFO - [2025-04-22T10:00:06.894+0000] {dag.py:4180} INFO - Setting next_dagrun for latest_only_with_trigger to 2025-04-22 04:00:00+00:00, run_after=2025-04-22 08:00:00+00:00
[2025-04-22T10:00:06.901+0000] {processor.py:208} INFO - Processing /home/airflow/.local/lib/python3.12/site-packages/airflow/example_dags/example_latest_only_with_trigger.py took 0.035 seconds
[2025-04-22T10:00:56.016+0000] {processor.py:186} INFO - Started process (PID=114) to work on /home/airflow/.local/lib/python3.12/site-packages/airflow/example_dags/example_latest_only_with_trigger.py
[2025-04-22T10:00:56.016+0000] {processor.py:914} INFO - Processing file /home/airflow/.local/lib/python3.12/site-packages/airflow/example_dags/example_latest_only_with_trigger.py for tasks to queue
[2025-04-22T10:00:56.017+0000] {logging_mixin.py:190} INFO - [2025-04-22T10:00:56.017+0000] {dagbag.py:588} INFO - Filling up the DagBag from /home/airflow/.local/lib/python3.12/site-packages/airflow/example_dags/example_latest_only_with_trigger.py
[2025-04-22T10:00:56.021+0000] {processor.py:925} INFO - DAG(s) 'latest_only_with_trigger' retrieved from /home/airflow/.local/lib/python3.12/site-packages/airflow/example_dags/example_latest_only_with_trigger.py
[2025-04-22T10:00:56.031+0000] {logging_mixin.py:190} INFO - [2025-04-22T10:00:56.031+0000] {dag.py:3239} INFO - Sync 1 DAGs
[2025-04-22T10:00:56.040+0000] {logging_mixin.py:190} INFO - [2025-04-22T10:00:56.040+0000] {dag.py:4180} INFO - Setting next_dagrun for latest_only_with_trigger to 2025-04-22 04:00:00+00:00, run_after=2025-04-22 08:00:00+00:00
[2025-04-22T10:00:56.047+0000] {processor.py:208} INFO - Processing /home/airflow/.local/lib/python3.12/site-packages/airflow/example_dags/example_latest_only_with_trigger.py took 0.033 seconds
[2025-04-22T10:01:26.385+0000] {processor.py:186} INFO - Started process (PID=177) to work on /home/airflow/.local/lib/python3.12/site-packages/airflow/example_dags/example_latest_only_with_trigger.py
[2025-04-22T10:01:26.386+0000] {processor.py:914} INFO - Processing file /home/airflow/.local/lib/python3.12/site-packages/airflow/example_dags/example_latest_only_with_trigger.py for tasks to queue
[2025-04-22T10:01:26.387+0000] {logging_mixin.py:190} INFO - [2025-04-22T10:01:26.387+0000] {dagbag.py:588} INFO - Filling up the DagBag from /home/airflow/.local/lib/python3.12/site-packages/airflow/example_dags/example_latest_only_with_trigger.py
[2025-04-22T10:01:26.392+0000] {processor.py:925} INFO - DAG(s) 'latest_only_with_trigger' retrieved from /home/airflow/.local/lib/python3.12/site-packages/airflow/example_dags/example_latest_only_with_trigger.py
[2025-04-22T10:01:26.401+0000] {logging_mixin.py:190} INFO - [2025-04-22T10:01:26.401+0000] {dag.py:3239} INFO - Sync 1 DAGs
[2025-04-22T10:01:26.411+0000] {logging_mixin.py:190} INFO - [2025-04-22T10:01:26.411+0000] {dag.py:4180} INFO - Setting next_dagrun for latest_only_with_trigger to 2025-04-22 04:00:00+00:00, run_after=2025-04-22 08:00:00+00:00
[2025-04-22T10:01:26.417+0000] {processor.py:208} INFO - Processing /home/airflow/.local/lib/python3.12/site-packages/airflow/example_dags/example_latest_only_with_trigger.py took 0.034 seconds
[2025-04-22T10:01:56.754+0000] {processor.py:186} INFO - Started process (PID=240) to work on /home/airflow/.local/lib/python3.12/site-packages/airflow/example_dags/example_latest_only_with_trigger.py
[2025-04-22T10:01:56.755+0000] {processor.py:914} INFO - Processing file /home/airflow/.local/lib/python3.12/site-packages/airflow/example_dags/example_latest_only_with_trigger.py for tasks to queue
[2025-04-22T10:01:56.756+0000] {logging_mixin.py:190} INFO - [2025-04-22T10:01:56.756+0000] {dagbag.py:588} INFO - Filling up the DagBag from /home/airflow/.local/lib/python3.12/site-packages/airflow/example_dags/example_latest_only_with_trigger.py
[2025-04-22T10:01:56.759+0000] {processor.py:925} INFO - DAG(s) 'latest_only_with_trigger' retrieved from /home/airflow/.local/lib/python3.12/site-packages/airflow/example_dags/example_latest_only_with_trigger.py
[2025-04-22T10:01:56.768+0000] {logging_mixin.py:190} INFO - [2025-04-22T10:01:56.768+0000] {dag.py:3239} INFO - Sync 1 DAGs
[2025-04-22T10:01:56.777+0000] {logging_mixin.py:190} INFO - [2025-04-22T10:01:56.777+0000] {dag.py:4180} INFO - Setting next_dagrun for latest_only_with_trigger to 2025-04-22 04:00:00+00:00, run_after=2025-04-22 08:00:00+00:00
[2025-04-22T10:01:56.783+0000] {processor.py:208} INFO - Processing /home/airflow/.local/lib/python3.12/site-packages/airflow/example_dags/example_latest_only_with_trigger.py took 0.032 seconds
[2025-04-22T10:02:27.260+0000] {processor.py:186} INFO - Started process (PID=303) to work on /home/airflow/.local/lib/python3.12/site-packages/airflow/example_dags/example_latest_only_with_trigger.py
[2025-04-22T10:02:27.260+0000] {processor.py:914} INFO - Processing file /home/airflow/.local/lib/python3.12/site-packages/airflow/example_dags/example_latest_only_with_trigger.py for tasks to queue
[2025-04-22T10:02:27.261+0000] {logging_mixin.py:190} INFO - [2025-04-22T10:02:27.261+0000] {dagbag.py:588} INFO - Filling up the DagBag from /home/airflow/.local/lib/python3.12/site-packages/airflow/example_dags/example_latest_only_with_trigger.py
[2025-04-22T10:02:27.265+0000] {processor.py:925} INFO - DAG(s) 'latest_only_with_trigger' retrieved from /home/airflow/.local/lib/python3.12/site-packages/airflow/example_dags/example_latest_only_with_trigger.py
[2025-04-22T10:02:27.273+0000] {logging_mixin.py:190} INFO - [2025-04-22T10:02:27.273+0000] {dag.py:3239} INFO - Sync 1 DAGs
[2025-04-22T10:02:27.283+0000] {logging_mixin.py:190} INFO - [2025-04-22T10:02:27.283+0000] {dag.py:4180} INFO - Setting next_dagrun for latest_only_with_trigger to 2025-04-22 04:00:00+00:00, run_after=2025-04-22 08:00:00+00:00
[2025-04-22T10:02:27.289+0000] {processor.py:208} INFO - Processing /home/airflow/.local/lib/python3.12/site-packages/airflow/example_dags/example_latest_only_with_trigger.py took 0.032 seconds
[2025-04-22T10:02:57.499+0000] {processor.py:186} INFO - Started process (PID=366) to work on /home/airflow/.local/lib/python3.12/site-packages/airflow/example_dags/example_latest_only_with_trigger.py
[2025-04-22T10:02:57.500+0000] {processor.py:914} INFO - Processing file /home/airflow/.local/lib/python3.12/site-packages/airflow/example_dags/example_latest_only_with_trigger.py for tasks to queue
[2025-04-22T10:02:57.501+0000] {logging_mixin.py:190} INFO - [2025-04-22T10:02:57.500+0000] {dagbag.py:588} INFO - Filling up the DagBag from /home/airflow/.local/lib/python3.12/site-packages/airflow/example_dags/example_latest_only_with_trigger.py
[2025-04-22T10:02:57.504+0000] {processor.py:925} INFO - DAG(s) 'latest_only_with_trigger' retrieved from /home/airflow/.local/lib/python3.12/site-packages/airflow/example_dags/example_latest_only_with_trigger.py
[2025-04-22T10:02:57.512+0000] {logging_mixin.py:190} INFO - [2025-04-22T10:02:57.512+0000] {dag.py:3239} INFO - Sync 1 DAGs
[2025-04-22T10:02:57.522+0000] {logging_mixin.py:190} INFO - [2025-04-22T10:02:57.522+0000] {dag.py:4180} INFO - Setting next_dagrun for latest_only_with_trigger to 2025-04-22 04:00:00+00:00, run_after=2025-04-22 08:00:00+00:00
[2025-04-22T10:02:57.529+0000] {processor.py:208} INFO - Processing /home/airflow/.local/lib/python3.12/site-packages/airflow/example_dags/example_latest_only_with_trigger.py took 0.032 seconds
[2025-04-22T10:03:27.657+0000] {processor.py:186} INFO - Started process (PID=428) to work on /home/airflow/.local/lib/python3.12/site-packages/airflow/example_dags/example_latest_only_with_trigger.py
[2025-04-22T10:03:27.657+0000] {processor.py:914} INFO - Processing file /home/airflow/.local/lib/python3.12/site-packages/airflow/example_dags/example_latest_only_with_trigger.py for tasks to queue
[2025-04-22T10:03:27.658+0000] {logging_mixin.py:190} INFO - [2025-04-22T10:03:27.658+0000] {dagbag.py:588} INFO - Filling up the DagBag from /home/airflow/.local/lib/python3.12/site-packages/airflow/example_dags/example_latest_only_with_trigger.py
[2025-04-22T10:03:27.662+0000] {processor.py:925} INFO - DAG(s) 'latest_only_with_trigger' retrieved from /home/airflow/.local/lib/python3.12/site-packages/airflow/example_dags/example_latest_only_with_trigger.py
[2025-04-22T10:03:27.671+0000] {logging_mixin.py:190} INFO - [2025-04-22T10:03:27.671+0000] {dag.py:3239} INFO - Sync 1 DAGs
[2025-04-22T10:03:27.681+0000] {logging_mixin.py:190} INFO - [2025-04-22T10:03:27.681+0000] {dag.py:4180} INFO - Setting next_dagrun for latest_only_with_trigger to 2025-04-22 04:00:00+00:00, run_after=2025-04-22 08:00:00+00:00
[2025-04-22T10:03:27.687+0000] {processor.py:208} INFO - Processing /home/airflow/.local/lib/python3.12/site-packages/airflow/example_dags/example_latest_only_with_trigger.py took 0.033 seconds
[2025-04-22T10:05:37.889+0000] {processor.py:186} INFO - Started process (PID=114) to work on /home/airflow/.local/lib/python3.12/site-packages/airflow/example_dags/example_latest_only_with_trigger.py
[2025-04-22T10:05:37.889+0000] {processor.py:914} INFO - Processing file /home/airflow/.local/lib/python3.12/site-packages/airflow/example_dags/example_latest_only_with_trigger.py for tasks to queue
[2025-04-22T10:05:37.890+0000] {logging_mixin.py:190} INFO - [2025-04-22T10:05:37.890+0000] {dagbag.py:588} INFO - Filling up the DagBag from /home/airflow/.local/lib/python3.12/site-packages/airflow/example_dags/example_latest_only_with_trigger.py
[2025-04-22T10:05:37.894+0000] {processor.py:925} INFO - DAG(s) 'latest_only_with_trigger' retrieved from /home/airflow/.local/lib/python3.12/site-packages/airflow/example_dags/example_latest_only_with_trigger.py
[2025-04-22T10:05:37.905+0000] {logging_mixin.py:190} INFO - [2025-04-22T10:05:37.905+0000] {dag.py:3239} INFO - Sync 1 DAGs
[2025-04-22T10:05:37.914+0000] {logging_mixin.py:190} INFO - [2025-04-22T10:05:37.914+0000] {dag.py:4180} INFO - Setting next_dagrun for latest_only_with_trigger to 2025-04-22 04:00:00+00:00, run_after=2025-04-22 08:00:00+00:00
[2025-04-22T10:05:37.921+0000] {processor.py:208} INFO - Processing /home/airflow/.local/lib/python3.12/site-packages/airflow/example_dags/example_latest_only_with_trigger.py took 0.034 seconds
[2025-04-22T10:06:08.249+0000] {processor.py:186} INFO - Started process (PID=177) to work on /home/airflow/.local/lib/python3.12/site-packages/airflow/example_dags/example_latest_only_with_trigger.py
[2025-04-22T10:06:08.250+0000] {processor.py:914} INFO - Processing file /home/airflow/.local/lib/python3.12/site-packages/airflow/example_dags/example_latest_only_with_trigger.py for tasks to queue
[2025-04-22T10:06:08.251+0000] {logging_mixin.py:190} INFO - [2025-04-22T10:06:08.250+0000] {dagbag.py:588} INFO - Filling up the DagBag from /home/airflow/.local/lib/python3.12/site-packages/airflow/example_dags/example_latest_only_with_trigger.py
[2025-04-22T10:06:08.254+0000] {processor.py:925} INFO - DAG(s) 'latest_only_with_trigger' retrieved from /home/airflow/.local/lib/python3.12/site-packages/airflow/example_dags/example_latest_only_with_trigger.py
[2025-04-22T10:06:08.263+0000] {logging_mixin.py:190} INFO - [2025-04-22T10:06:08.263+0000] {dag.py:3239} INFO - Sync 1 DAGs
[2025-04-22T10:06:08.272+0000] {logging_mixin.py:190} INFO - [2025-04-22T10:06:08.272+0000] {dag.py:4180} INFO - Setting next_dagrun for latest_only_with_trigger to 2025-04-22 04:00:00+00:00, run_after=2025-04-22 08:00:00+00:00
[2025-04-22T10:06:08.279+0000] {processor.py:208} INFO - Processing /home/airflow/.local/lib/python3.12/site-packages/airflow/example_dags/example_latest_only_with_trigger.py took 0.032 seconds
[2025-04-22T10:06:38.590+0000] {processor.py:186} INFO - Started process (PID=240) to work on /home/airflow/.local/lib/python3.12/site-packages/airflow/example_dags/example_latest_only_with_trigger.py
[2025-04-22T10:06:38.591+0000] {processor.py:914} INFO - Processing file /home/airflow/.local/lib/python3.12/site-packages/airflow/example_dags/example_latest_only_with_trigger.py for tasks to queue
[2025-04-22T10:06:38.592+0000] {logging_mixin.py:190} INFO - [2025-04-22T10:06:38.591+0000] {dagbag.py:588} INFO - Filling up the DagBag from /home/airflow/.local/lib/python3.12/site-packages/airflow/example_dags/example_latest_only_with_trigger.py
[2025-04-22T10:06:38.595+0000] {processor.py:925} INFO - DAG(s) 'latest_only_with_trigger' retrieved from /home/airflow/.local/lib/python3.12/site-packages/airflow/example_dags/example_latest_only_with_trigger.py
[2025-04-22T10:06:38.604+0000] {logging_mixin.py:190} INFO - [2025-04-22T10:06:38.604+0000] {dag.py:3239} INFO - Sync 1 DAGs
[2025-04-22T10:06:38.614+0000] {logging_mixin.py:190} INFO - [2025-04-22T10:06:38.614+0000] {dag.py:4180} INFO - Setting next_dagrun for latest_only_with_trigger to 2025-04-22 04:00:00+00:00, run_after=2025-04-22 08:00:00+00:00
[2025-04-22T10:06:38.620+0000] {processor.py:208} INFO - Processing /home/airflow/.local/lib/python3.12/site-packages/airflow/example_dags/example_latest_only_with_trigger.py took 0.032 seconds
[2025-04-22T10:07:08.986+0000] {processor.py:186} INFO - Started process (PID=303) to work on /home/airflow/.local/lib/python3.12/site-packages/airflow/example_dags/example_latest_only_with_trigger.py
[2025-04-22T10:07:08.987+0000] {processor.py:914} INFO - Processing file /home/airflow/.local/lib/python3.12/site-packages/airflow/example_dags/example_latest_only_with_trigger.py for tasks to queue
[2025-04-22T10:07:08.988+0000] {logging_mixin.py:190} INFO - [2025-04-22T10:07:08.988+0000] {dagbag.py:588} INFO - Filling up the DagBag from /home/airflow/.local/lib/python3.12/site-packages/airflow/example_dags/example_latest_only_with_trigger.py
[2025-04-22T10:07:08.991+0000] {processor.py:925} INFO - DAG(s) 'latest_only_with_trigger' retrieved from /home/airflow/.local/lib/python3.12/site-packages/airflow/example_dags/example_latest_only_with_trigger.py
[2025-04-22T10:07:09.000+0000] {logging_mixin.py:190} INFO - [2025-04-22T10:07:09.000+0000] {dag.py:3239} INFO - Sync 1 DAGs
[2025-04-22T10:07:09.010+0000] {logging_mixin.py:190} INFO - [2025-04-22T10:07:09.010+0000] {dag.py:4180} INFO - Setting next_dagrun for latest_only_with_trigger to 2025-04-22 04:00:00+00:00, run_after=2025-04-22 08:00:00+00:00
[2025-04-22T10:07:09.016+0000] {processor.py:208} INFO - Processing /home/airflow/.local/lib/python3.12/site-packages/airflow/example_dags/example_latest_only_with_trigger.py took 0.032 seconds
[2025-04-22T10:07:39.354+0000] {processor.py:186} INFO - Started process (PID=366) to work on /home/airflow/.local/lib/python3.12/site-packages/airflow/example_dags/example_latest_only_with_trigger.py
[2025-04-22T10:07:39.355+0000] {processor.py:914} INFO - Processing file /home/airflow/.local/lib/python3.12/site-packages/airflow/example_dags/example_latest_only_with_trigger.py for tasks to queue
[2025-04-22T10:07:39.356+0000] {logging_mixin.py:190} INFO - [2025-04-22T10:07:39.356+0000] {dagbag.py:588} INFO - Filling up the DagBag from /home/airflow/.local/lib/python3.12/site-packages/airflow/example_dags/example_latest_only_with_trigger.py
[2025-04-22T10:07:39.359+0000] {processor.py:925} INFO - DAG(s) 'latest_only_with_trigger' retrieved from /home/airflow/.local/lib/python3.12/site-packages/airflow/example_dags/example_latest_only_with_trigger.py
[2025-04-22T10:07:39.368+0000] {logging_mixin.py:190} INFO - [2025-04-22T10:07:39.368+0000] {dag.py:3239} INFO - Sync 1 DAGs
[2025-04-22T10:07:39.377+0000] {logging_mixin.py:190} INFO - [2025-04-22T10:07:39.377+0000] {dag.py:4180} INFO - Setting next_dagrun for latest_only_with_trigger to 2025-04-22 04:00:00+00:00, run_after=2025-04-22 08:00:00+00:00
[2025-04-22T10:07:39.383+0000] {processor.py:208} INFO - Processing /home/airflow/.local/lib/python3.12/site-packages/airflow/example_dags/example_latest_only_with_trigger.py took 0.032 seconds
[2025-04-22T10:08:09.737+0000] {processor.py:186} INFO - Started process (PID=429) to work on /home/airflow/.local/lib/python3.12/site-packages/airflow/example_dags/example_latest_only_with_trigger.py
[2025-04-22T10:08:09.738+0000] {processor.py:914} INFO - Processing file /home/airflow/.local/lib/python3.12/site-packages/airflow/example_dags/example_latest_only_with_trigger.py for tasks to queue
[2025-04-22T10:08:09.739+0000] {logging_mixin.py:190} INFO - [2025-04-22T10:08:09.739+0000] {dagbag.py:588} INFO - Filling up the DagBag from /home/airflow/.local/lib/python3.12/site-packages/airflow/example_dags/example_latest_only_with_trigger.py
[2025-04-22T10:08:09.742+0000] {processor.py:925} INFO - DAG(s) 'latest_only_with_trigger' retrieved from /home/airflow/.local/lib/python3.12/site-packages/airflow/example_dags/example_latest_only_with_trigger.py
[2025-04-22T10:08:09.751+0000] {logging_mixin.py:190} INFO - [2025-04-22T10:08:09.751+0000] {dag.py:3239} INFO - Sync 1 DAGs
[2025-04-22T10:08:09.761+0000] {logging_mixin.py:190} INFO - [2025-04-22T10:08:09.761+0000] {dag.py:4180} INFO - Setting next_dagrun for latest_only_with_trigger to 2025-04-22 04:00:00+00:00, run_after=2025-04-22 08:00:00+00:00
[2025-04-22T10:08:09.767+0000] {processor.py:208} INFO - Processing /home/airflow/.local/lib/python3.12/site-packages/airflow/example_dags/example_latest_only_with_trigger.py took 0.032 seconds
[2025-04-22T10:08:40.072+0000] {processor.py:186} INFO - Started process (PID=492) to work on /home/airflow/.local/lib/python3.12/site-packages/airflow/example_dags/example_latest_only_with_trigger.py
[2025-04-22T10:08:40.072+0000] {processor.py:914} INFO - Processing file /home/airflow/.local/lib/python3.12/site-packages/airflow/example_dags/example_latest_only_with_trigger.py for tasks to queue
[2025-04-22T10:08:40.073+0000] {logging_mixin.py:190} INFO - [2025-04-22T10:08:40.073+0000] {dagbag.py:588} INFO - Filling up the DagBag from /home/airflow/.local/lib/python3.12/site-packages/airflow/example_dags/example_latest_only_with_trigger.py
[2025-04-22T10:08:40.077+0000] {processor.py:925} INFO - DAG(s) 'latest_only_with_trigger' retrieved from /home/airflow/.local/lib/python3.12/site-packages/airflow/example_dags/example_latest_only_with_trigger.py
[2025-04-22T10:08:40.086+0000] {logging_mixin.py:190} INFO - [2025-04-22T10:08:40.086+0000] {dag.py:3239} INFO - Sync 1 DAGs
[2025-04-22T10:08:40.095+0000] {logging_mixin.py:190} INFO - [2025-04-22T10:08:40.095+0000] {dag.py:4180} INFO - Setting next_dagrun for latest_only_with_trigger to 2025-04-22 04:00:00+00:00, run_after=2025-04-22 08:00:00+00:00
[2025-04-22T10:08:40.101+0000] {processor.py:208} INFO - Processing /home/airflow/.local/lib/python3.12/site-packages/airflow/example_dags/example_latest_only_with_trigger.py took 0.032 seconds
[2025-04-22T10:09:10.455+0000] {processor.py:186} INFO - Started process (PID=555) to work on /home/airflow/.local/lib/python3.12/site-packages/airflow/example_dags/example_latest_only_with_trigger.py
[2025-04-22T10:09:10.455+0000] {processor.py:914} INFO - Processing file /home/airflow/.local/lib/python3.12/site-packages/airflow/example_dags/example_latest_only_with_trigger.py for tasks to queue
[2025-04-22T10:09:10.456+0000] {logging_mixin.py:190} INFO - [2025-04-22T10:09:10.456+0000] {dagbag.py:588} INFO - Filling up the DagBag from /home/airflow/.local/lib/python3.12/site-packages/airflow/example_dags/example_latest_only_with_trigger.py
[2025-04-22T10:09:10.460+0000] {processor.py:925} INFO - DAG(s) 'latest_only_with_trigger' retrieved from /home/airflow/.local/lib/python3.12/site-packages/airflow/example_dags/example_latest_only_with_trigger.py
[2025-04-22T10:09:10.469+0000] {logging_mixin.py:190} INFO - [2025-04-22T10:09:10.469+0000] {dag.py:3239} INFO - Sync 1 DAGs
[2025-04-22T10:09:10.478+0000] {logging_mixin.py:190} INFO - [2025-04-22T10:09:10.478+0000] {dag.py:4180} INFO - Setting next_dagrun for latest_only_with_trigger to 2025-04-22 04:00:00+00:00, run_after=2025-04-22 08:00:00+00:00
[2025-04-22T10:09:10.484+0000] {processor.py:208} INFO - Processing /home/airflow/.local/lib/python3.12/site-packages/airflow/example_dags/example_latest_only_with_trigger.py took 0.032 seconds
[2025-04-22T10:09:40.793+0000] {processor.py:186} INFO - Started process (PID=618) to work on /home/airflow/.local/lib/python3.12/site-packages/airflow/example_dags/example_latest_only_with_trigger.py
[2025-04-22T10:09:40.794+0000] {processor.py:914} INFO - Processing file /home/airflow/.local/lib/python3.12/site-packages/airflow/example_dags/example_latest_only_with_trigger.py for tasks to queue
[2025-04-22T10:09:40.795+0000] {logging_mixin.py:190} INFO - [2025-04-22T10:09:40.794+0000] {dagbag.py:588} INFO - Filling up the DagBag from /home/airflow/.local/lib/python3.12/site-packages/airflow/example_dags/example_latest_only_with_trigger.py
[2025-04-22T10:09:40.798+0000] {processor.py:925} INFO - DAG(s) 'latest_only_with_trigger' retrieved from /home/airflow/.local/lib/python3.12/site-packages/airflow/example_dags/example_latest_only_with_trigger.py
[2025-04-22T10:09:40.807+0000] {logging_mixin.py:190} INFO - [2025-04-22T10:09:40.807+0000] {dag.py:3239} INFO - Sync 1 DAGs
[2025-04-22T10:09:40.816+0000] {logging_mixin.py:190} INFO - [2025-04-22T10:09:40.816+0000] {dag.py:4180} INFO - Setting next_dagrun for latest_only_with_trigger to 2025-04-22 04:00:00+00:00, run_after=2025-04-22 08:00:00+00:00
[2025-04-22T10:09:40.822+0000] {processor.py:208} INFO - Processing /home/airflow/.local/lib/python3.12/site-packages/airflow/example_dags/example_latest_only_with_trigger.py took 0.032 seconds
