[2025-04-22T09:53:49.889+0000] {processor.py:186} INFO - Started process (PID=110) to work on /home/airflow/.local/lib/python3.12/site-packages/airflow/example_dags/example_nested_branch_dag.py
[2025-04-22T09:53:49.890+0000] {processor.py:914} INFO - Processing file /home/airflow/.local/lib/python3.12/site-packages/airflow/example_dags/example_nested_branch_dag.py for tasks to queue
[2025-04-22T09:53:49.891+0000] {logging_mixin.py:190} INFO - [2025-04-22T09:53:49.891+0000] {dagbag.py:588} INFO - Filling up the DagBag from /home/airflow/.local/lib/python3.12/site-packages/airflow/example_dags/example_nested_branch_dag.py
[2025-04-22T09:53:49.896+0000] {processor.py:925} INFO - DAG(s) 'example_nested_branch_dag' retrieved from /home/airflow/.local/lib/python3.12/site-packages/airflow/example_dags/example_nested_branch_dag.py
[2025-04-22T09:53:49.902+0000] {logging_mixin.py:190} INFO - [2025-04-22T09:53:49.902+0000] {dag.py:3239} INFO - Sync 1 DAGs
[2025-04-22T09:53:49.913+0000] {logging_mixin.py:190} INFO - [2025-04-22T09:53:49.913+0000] {dag.py:4180} INFO - Setting next_dagrun for example_nested_branch_dag to 2025-04-21 00:00:00+00:00, run_after=2025-04-22 00:00:00+00:00
[2025-04-22T09:53:49.919+0000] {processor.py:208} INFO - Processing /home/airflow/.local/lib/python3.12/site-packages/airflow/example_dags/example_nested_branch_dag.py took 0.032 seconds
[2025-04-22T09:55:03.254+0000] {processor.py:186} INFO - Started process (PID=110) to work on /home/airflow/.local/lib/python3.12/site-packages/airflow/example_dags/example_nested_branch_dag.py
[2025-04-22T09:55:03.254+0000] {processor.py:914} INFO - Processing file /home/airflow/.local/lib/python3.12/site-packages/airflow/example_dags/example_nested_branch_dag.py for tasks to queue
[2025-04-22T09:55:03.255+0000] {logging_mixin.py:190} INFO - [2025-04-22T09:55:03.255+0000] {dagbag.py:588} INFO - Filling up the DagBag from /home/airflow/.local/lib/python3.12/site-packages/airflow/example_dags/example_nested_branch_dag.py
[2025-04-22T09:55:03.261+0000] {processor.py:925} INFO - DAG(s) 'example_nested_branch_dag' retrieved from /home/airflow/.local/lib/python3.12/site-packages/airflow/example_dags/example_nested_branch_dag.py
[2025-04-22T09:55:03.311+0000] {logging_mixin.py:190} INFO - [2025-04-22T09:55:03.311+0000] {dag.py:3239} INFO - Sync 1 DAGs
[2025-04-22T09:55:03.320+0000] {logging_mixin.py:190} INFO - [2025-04-22T09:55:03.320+0000] {dag.py:4180} INFO - Setting next_dagrun for example_nested_branch_dag to 2025-04-21 00:00:00+00:00, run_after=2025-04-22 00:00:00+00:00
[2025-04-22T09:55:03.326+0000] {processor.py:208} INFO - Processing /home/airflow/.local/lib/python3.12/site-packages/airflow/example_dags/example_nested_branch_dag.py took 0.076 seconds
[2025-04-22T09:55:33.827+0000] {processor.py:186} INFO - Started process (PID=173) to work on /home/airflow/.local/lib/python3.12/site-packages/airflow/example_dags/example_nested_branch_dag.py
[2025-04-22T09:55:33.827+0000] {processor.py:914} INFO - Processing file /home/airflow/.local/lib/python3.12/site-packages/airflow/example_dags/example_nested_branch_dag.py for tasks to queue
[2025-04-22T09:55:33.828+0000] {logging_mixin.py:190} INFO - [2025-04-22T09:55:33.828+0000] {dagbag.py:588} INFO - Filling up the DagBag from /home/airflow/.local/lib/python3.12/site-packages/airflow/example_dags/example_nested_branch_dag.py
[2025-04-22T09:55:33.834+0000] {processor.py:925} INFO - DAG(s) 'example_nested_branch_dag' retrieved from /home/airflow/.local/lib/python3.12/site-packages/airflow/example_dags/example_nested_branch_dag.py
[2025-04-22T09:55:33.843+0000] {logging_mixin.py:190} INFO - [2025-04-22T09:55:33.843+0000] {dag.py:3239} INFO - Sync 1 DAGs
[2025-04-22T09:55:33.852+0000] {logging_mixin.py:190} INFO - [2025-04-22T09:55:33.852+0000] {dag.py:4180} INFO - Setting next_dagrun for example_nested_branch_dag to 2025-04-21 00:00:00+00:00, run_after=2025-04-22 00:00:00+00:00
[2025-04-22T09:55:33.859+0000] {processor.py:208} INFO - Processing /home/airflow/.local/lib/python3.12/site-packages/airflow/example_dags/example_nested_branch_dag.py took 0.034 seconds
[2025-04-22T09:56:05.024+0000] {processor.py:186} INFO - Started process (PID=236) to work on /home/airflow/.local/lib/python3.12/site-packages/airflow/example_dags/example_nested_branch_dag.py
[2025-04-22T09:56:05.025+0000] {processor.py:914} INFO - Processing file /home/airflow/.local/lib/python3.12/site-packages/airflow/example_dags/example_nested_branch_dag.py for tasks to queue
[2025-04-22T09:56:05.025+0000] {logging_mixin.py:190} INFO - [2025-04-22T09:56:05.025+0000] {dagbag.py:588} INFO - Filling up the DagBag from /home/airflow/.local/lib/python3.12/site-packages/airflow/example_dags/example_nested_branch_dag.py
[2025-04-22T09:56:05.030+0000] {processor.py:925} INFO - DAG(s) 'example_nested_branch_dag' retrieved from /home/airflow/.local/lib/python3.12/site-packages/airflow/example_dags/example_nested_branch_dag.py
[2025-04-22T09:56:05.040+0000] {logging_mixin.py:190} INFO - [2025-04-22T09:56:05.039+0000] {dag.py:3239} INFO - Sync 1 DAGs
[2025-04-22T09:56:05.049+0000] {logging_mixin.py:190} INFO - [2025-04-22T09:56:05.049+0000] {dag.py:4180} INFO - Setting next_dagrun for example_nested_branch_dag to 2025-04-21 00:00:00+00:00, run_after=2025-04-22 00:00:00+00:00
[2025-04-22T09:56:05.056+0000] {processor.py:208} INFO - Processing /home/airflow/.local/lib/python3.12/site-packages/airflow/example_dags/example_nested_branch_dag.py took 0.034 seconds
[2025-04-22T09:56:36.253+0000] {processor.py:186} INFO - Started process (PID=299) to work on /home/airflow/.local/lib/python3.12/site-packages/airflow/example_dags/example_nested_branch_dag.py
[2025-04-22T09:56:36.253+0000] {processor.py:914} INFO - Processing file /home/airflow/.local/lib/python3.12/site-packages/airflow/example_dags/example_nested_branch_dag.py for tasks to queue
[2025-04-22T09:56:36.254+0000] {logging_mixin.py:190} INFO - [2025-04-22T09:56:36.254+0000] {dagbag.py:588} INFO - Filling up the DagBag from /home/airflow/.local/lib/python3.12/site-packages/airflow/example_dags/example_nested_branch_dag.py
[2025-04-22T09:56:36.260+0000] {processor.py:925} INFO - DAG(s) 'example_nested_branch_dag' retrieved from /home/airflow/.local/lib/python3.12/site-packages/airflow/example_dags/example_nested_branch_dag.py
[2025-04-22T09:56:36.269+0000] {logging_mixin.py:190} INFO - [2025-04-22T09:56:36.269+0000] {dag.py:3239} INFO - Sync 1 DAGs
[2025-04-22T09:56:36.279+0000] {logging_mixin.py:190} INFO - [2025-04-22T09:56:36.279+0000] {dag.py:4180} INFO - Setting next_dagrun for example_nested_branch_dag to 2025-04-21 00:00:00+00:00, run_after=2025-04-22 00:00:00+00:00
[2025-04-22T09:56:36.286+0000] {processor.py:208} INFO - Processing /home/airflow/.local/lib/python3.12/site-packages/airflow/example_dags/example_nested_branch_dag.py took 0.036 seconds
[2025-04-22T09:57:07.514+0000] {processor.py:186} INFO - Started process (PID=362) to work on /home/airflow/.local/lib/python3.12/site-packages/airflow/example_dags/example_nested_branch_dag.py
[2025-04-22T09:57:07.515+0000] {processor.py:914} INFO - Processing file /home/airflow/.local/lib/python3.12/site-packages/airflow/example_dags/example_nested_branch_dag.py for tasks to queue
[2025-04-22T09:57:07.516+0000] {logging_mixin.py:190} INFO - [2025-04-22T09:57:07.516+0000] {dagbag.py:588} INFO - Filling up the DagBag from /home/airflow/.local/lib/python3.12/site-packages/airflow/example_dags/example_nested_branch_dag.py
[2025-04-22T09:57:07.521+0000] {processor.py:925} INFO - DAG(s) 'example_nested_branch_dag' retrieved from /home/airflow/.local/lib/python3.12/site-packages/airflow/example_dags/example_nested_branch_dag.py
[2025-04-22T09:57:07.530+0000] {logging_mixin.py:190} INFO - [2025-04-22T09:57:07.530+0000] {dag.py:3239} INFO - Sync 1 DAGs
[2025-04-22T09:57:07.539+0000] {logging_mixin.py:190} INFO - [2025-04-22T09:57:07.539+0000] {dag.py:4180} INFO - Setting next_dagrun for example_nested_branch_dag to 2025-04-21 00:00:00+00:00, run_after=2025-04-22 00:00:00+00:00
[2025-04-22T09:57:07.546+0000] {processor.py:208} INFO - Processing /home/airflow/.local/lib/python3.12/site-packages/airflow/example_dags/example_nested_branch_dag.py took 0.034 seconds
[2025-04-22T09:57:38.811+0000] {processor.py:186} INFO - Started process (PID=425) to work on /home/airflow/.local/lib/python3.12/site-packages/airflow/example_dags/example_nested_branch_dag.py
[2025-04-22T09:57:38.811+0000] {processor.py:914} INFO - Processing file /home/airflow/.local/lib/python3.12/site-packages/airflow/example_dags/example_nested_branch_dag.py for tasks to queue
[2025-04-22T09:57:38.812+0000] {logging_mixin.py:190} INFO - [2025-04-22T09:57:38.812+0000] {dagbag.py:588} INFO - Filling up the DagBag from /home/airflow/.local/lib/python3.12/site-packages/airflow/example_dags/example_nested_branch_dag.py
[2025-04-22T09:57:38.817+0000] {processor.py:925} INFO - DAG(s) 'example_nested_branch_dag' retrieved from /home/airflow/.local/lib/python3.12/site-packages/airflow/example_dags/example_nested_branch_dag.py
[2025-04-22T09:57:38.826+0000] {logging_mixin.py:190} INFO - [2025-04-22T09:57:38.826+0000] {dag.py:3239} INFO - Sync 1 DAGs
[2025-04-22T09:57:38.835+0000] {logging_mixin.py:190} INFO - [2025-04-22T09:57:38.835+0000] {dag.py:4180} INFO - Setting next_dagrun for example_nested_branch_dag to 2025-04-21 00:00:00+00:00, run_after=2025-04-22 00:00:00+00:00
[2025-04-22T09:57:38.842+0000] {processor.py:208} INFO - Processing /home/airflow/.local/lib/python3.12/site-packages/airflow/example_dags/example_nested_branch_dag.py took 0.033 seconds
[2025-04-22T09:58:35.389+0000] {processor.py:186} INFO - Started process (PID=110) to work on /home/airflow/.local/lib/python3.12/site-packages/airflow/example_dags/example_nested_branch_dag.py
[2025-04-22T09:58:35.390+0000] {processor.py:914} INFO - Processing file /home/airflow/.local/lib/python3.12/site-packages/airflow/example_dags/example_nested_branch_dag.py for tasks to queue
[2025-04-22T09:58:35.391+0000] {logging_mixin.py:190} INFO - [2025-04-22T09:58:35.391+0000] {dagbag.py:588} INFO - Filling up the DagBag from /home/airflow/.local/lib/python3.12/site-packages/airflow/example_dags/example_nested_branch_dag.py
[2025-04-22T09:58:35.398+0000] {processor.py:925} INFO - DAG(s) 'example_nested_branch_dag' retrieved from /home/airflow/.local/lib/python3.12/site-packages/airflow/example_dags/example_nested_branch_dag.py
[2025-04-22T09:58:35.408+0000] {logging_mixin.py:190} INFO - [2025-04-22T09:58:35.408+0000] {dag.py:3239} INFO - Sync 1 DAGs
[2025-04-22T09:58:35.418+0000] {logging_mixin.py:190} INFO - [2025-04-22T09:58:35.418+0000] {dag.py:4180} INFO - Setting next_dagrun for example_nested_branch_dag to 2025-04-21 00:00:00+00:00, run_after=2025-04-22 00:00:00+00:00
[2025-04-22T09:58:35.424+0000] {processor.py:208} INFO - Processing /home/airflow/.local/lib/python3.12/site-packages/airflow/example_dags/example_nested_branch_dag.py took 0.039 seconds
[2025-04-22T09:59:05.834+0000] {processor.py:186} INFO - Started process (PID=173) to work on /home/airflow/.local/lib/python3.12/site-packages/airflow/example_dags/example_nested_branch_dag.py
[2025-04-22T09:59:05.834+0000] {processor.py:914} INFO - Processing file /home/airflow/.local/lib/python3.12/site-packages/airflow/example_dags/example_nested_branch_dag.py for tasks to queue
[2025-04-22T09:59:05.835+0000] {logging_mixin.py:190} INFO - [2025-04-22T09:59:05.835+0000] {dagbag.py:588} INFO - Filling up the DagBag from /home/airflow/.local/lib/python3.12/site-packages/airflow/example_dags/example_nested_branch_dag.py
[2025-04-22T09:59:05.840+0000] {processor.py:925} INFO - DAG(s) 'example_nested_branch_dag' retrieved from /home/airflow/.local/lib/python3.12/site-packages/airflow/example_dags/example_nested_branch_dag.py
[2025-04-22T09:59:05.850+0000] {logging_mixin.py:190} INFO - [2025-04-22T09:59:05.850+0000] {dag.py:3239} INFO - Sync 1 DAGs
[2025-04-22T09:59:05.860+0000] {logging_mixin.py:190} INFO - [2025-04-22T09:59:05.860+0000] {dag.py:4180} INFO - Setting next_dagrun for example_nested_branch_dag to 2025-04-21 00:00:00+00:00, run_after=2025-04-22 00:00:00+00:00
[2025-04-22T09:59:05.866+0000] {processor.py:208} INFO - Processing /home/airflow/.local/lib/python3.12/site-packages/airflow/example_dags/example_nested_branch_dag.py took 0.036 seconds
[2025-04-22T09:59:36.348+0000] {processor.py:186} INFO - Started process (PID=236) to work on /home/airflow/.local/lib/python3.12/site-packages/airflow/example_dags/example_nested_branch_dag.py
[2025-04-22T09:59:36.348+0000] {processor.py:914} INFO - Processing file /home/airflow/.local/lib/python3.12/site-packages/airflow/example_dags/example_nested_branch_dag.py for tasks to queue
[2025-04-22T09:59:36.349+0000] {logging_mixin.py:190} INFO - [2025-04-22T09:59:36.349+0000] {dagbag.py:588} INFO - Filling up the DagBag from /home/airflow/.local/lib/python3.12/site-packages/airflow/example_dags/example_nested_branch_dag.py
[2025-04-22T09:59:36.354+0000] {processor.py:925} INFO - DAG(s) 'example_nested_branch_dag' retrieved from /home/airflow/.local/lib/python3.12/site-packages/airflow/example_dags/example_nested_branch_dag.py
[2025-04-22T09:59:36.363+0000] {logging_mixin.py:190} INFO - [2025-04-22T09:59:36.363+0000] {dag.py:3239} INFO - Sync 1 DAGs
[2025-04-22T09:59:36.373+0000] {logging_mixin.py:190} INFO - [2025-04-22T09:59:36.373+0000] {dag.py:4180} INFO - Setting next_dagrun for example_nested_branch_dag to 2025-04-21 00:00:00+00:00, run_after=2025-04-22 00:00:00+00:00
[2025-04-22T09:59:36.379+0000] {processor.py:208} INFO - Processing /home/airflow/.local/lib/python3.12/site-packages/airflow/example_dags/example_nested_branch_dag.py took 0.036 seconds
[2025-04-22T10:00:06.767+0000] {processor.py:186} INFO - Started process (PID=299) to work on /home/airflow/.local/lib/python3.12/site-packages/airflow/example_dags/example_nested_branch_dag.py
[2025-04-22T10:00:06.767+0000] {processor.py:914} INFO - Processing file /home/airflow/.local/lib/python3.12/site-packages/airflow/example_dags/example_nested_branch_dag.py for tasks to queue
[2025-04-22T10:00:06.768+0000] {logging_mixin.py:190} INFO - [2025-04-22T10:00:06.768+0000] {dagbag.py:588} INFO - Filling up the DagBag from /home/airflow/.local/lib/python3.12/site-packages/airflow/example_dags/example_nested_branch_dag.py
[2025-04-22T10:00:06.773+0000] {processor.py:925} INFO - DAG(s) 'example_nested_branch_dag' retrieved from /home/airflow/.local/lib/python3.12/site-packages/airflow/example_dags/example_nested_branch_dag.py
[2025-04-22T10:00:06.783+0000] {logging_mixin.py:190} INFO - [2025-04-22T10:00:06.783+0000] {dag.py:3239} INFO - Sync 1 DAGs
[2025-04-22T10:00:06.793+0000] {logging_mixin.py:190} INFO - [2025-04-22T10:00:06.793+0000] {dag.py:4180} INFO - Setting next_dagrun for example_nested_branch_dag to 2025-04-21 00:00:00+00:00, run_after=2025-04-22 00:00:00+00:00
[2025-04-22T10:00:06.799+0000] {processor.py:208} INFO - Processing /home/airflow/.local/lib/python3.12/site-packages/airflow/example_dags/example_nested_branch_dag.py took 0.037 seconds
[2025-04-22T10:00:55.921+0000] {processor.py:186} INFO - Started process (PID=110) to work on /home/airflow/.local/lib/python3.12/site-packages/airflow/example_dags/example_nested_branch_dag.py
[2025-04-22T10:00:55.921+0000] {processor.py:914} INFO - Processing file /home/airflow/.local/lib/python3.12/site-packages/airflow/example_dags/example_nested_branch_dag.py for tasks to queue
[2025-04-22T10:00:55.922+0000] {logging_mixin.py:190} INFO - [2025-04-22T10:00:55.922+0000] {dagbag.py:588} INFO - Filling up the DagBag from /home/airflow/.local/lib/python3.12/site-packages/airflow/example_dags/example_nested_branch_dag.py
[2025-04-22T10:00:55.928+0000] {processor.py:925} INFO - DAG(s) 'example_nested_branch_dag' retrieved from /home/airflow/.local/lib/python3.12/site-packages/airflow/example_dags/example_nested_branch_dag.py
[2025-04-22T10:00:55.938+0000] {logging_mixin.py:190} INFO - [2025-04-22T10:00:55.938+0000] {dag.py:3239} INFO - Sync 1 DAGs
[2025-04-22T10:00:55.948+0000] {logging_mixin.py:190} INFO - [2025-04-22T10:00:55.948+0000] {dag.py:4180} INFO - Setting next_dagrun for example_nested_branch_dag to 2025-04-21 00:00:00+00:00, run_after=2025-04-22 00:00:00+00:00
[2025-04-22T10:00:55.954+0000] {processor.py:208} INFO - Processing /home/airflow/.local/lib/python3.12/site-packages/airflow/example_dags/example_nested_branch_dag.py took 0.036 seconds
[2025-04-22T10:01:26.287+0000] {processor.py:186} INFO - Started process (PID=173) to work on /home/airflow/.local/lib/python3.12/site-packages/airflow/example_dags/example_nested_branch_dag.py
[2025-04-22T10:01:26.288+0000] {processor.py:914} INFO - Processing file /home/airflow/.local/lib/python3.12/site-packages/airflow/example_dags/example_nested_branch_dag.py for tasks to queue
[2025-04-22T10:01:26.289+0000] {logging_mixin.py:190} INFO - [2025-04-22T10:01:26.289+0000] {dagbag.py:588} INFO - Filling up the DagBag from /home/airflow/.local/lib/python3.12/site-packages/airflow/example_dags/example_nested_branch_dag.py
[2025-04-22T10:01:26.294+0000] {processor.py:925} INFO - DAG(s) 'example_nested_branch_dag' retrieved from /home/airflow/.local/lib/python3.12/site-packages/airflow/example_dags/example_nested_branch_dag.py
[2025-04-22T10:01:26.303+0000] {logging_mixin.py:190} INFO - [2025-04-22T10:01:26.303+0000] {dag.py:3239} INFO - Sync 1 DAGs
[2025-04-22T10:01:26.313+0000] {logging_mixin.py:190} INFO - [2025-04-22T10:01:26.313+0000] {dag.py:4180} INFO - Setting next_dagrun for example_nested_branch_dag to 2025-04-21 00:00:00+00:00, run_after=2025-04-22 00:00:00+00:00
[2025-04-22T10:01:26.319+0000] {processor.py:208} INFO - Processing /home/airflow/.local/lib/python3.12/site-packages/airflow/example_dags/example_nested_branch_dag.py took 0.034 seconds
[2025-04-22T10:01:56.653+0000] {processor.py:186} INFO - Started process (PID=236) to work on /home/airflow/.local/lib/python3.12/site-packages/airflow/example_dags/example_nested_branch_dag.py
[2025-04-22T10:01:56.653+0000] {processor.py:914} INFO - Processing file /home/airflow/.local/lib/python3.12/site-packages/airflow/example_dags/example_nested_branch_dag.py for tasks to queue
[2025-04-22T10:01:56.654+0000] {logging_mixin.py:190} INFO - [2025-04-22T10:01:56.654+0000] {dagbag.py:588} INFO - Filling up the DagBag from /home/airflow/.local/lib/python3.12/site-packages/airflow/example_dags/example_nested_branch_dag.py
[2025-04-22T10:01:56.659+0000] {processor.py:925} INFO - DAG(s) 'example_nested_branch_dag' retrieved from /home/airflow/.local/lib/python3.12/site-packages/airflow/example_dags/example_nested_branch_dag.py
[2025-04-22T10:01:56.669+0000] {logging_mixin.py:190} INFO - [2025-04-22T10:01:56.668+0000] {dag.py:3239} INFO - Sync 1 DAGs
[2025-04-22T10:01:56.678+0000] {logging_mixin.py:190} INFO - [2025-04-22T10:01:56.678+0000] {dag.py:4180} INFO - Setting next_dagrun for example_nested_branch_dag to 2025-04-21 00:00:00+00:00, run_after=2025-04-22 00:00:00+00:00
[2025-04-22T10:01:56.685+0000] {processor.py:208} INFO - Processing /home/airflow/.local/lib/python3.12/site-packages/airflow/example_dags/example_nested_branch_dag.py took 0.034 seconds
[2025-04-22T10:02:27.098+0000] {processor.py:186} INFO - Started process (PID=299) to work on /home/airflow/.local/lib/python3.12/site-packages/airflow/example_dags/example_nested_branch_dag.py
[2025-04-22T10:02:27.099+0000] {processor.py:914} INFO - Processing file /home/airflow/.local/lib/python3.12/site-packages/airflow/example_dags/example_nested_branch_dag.py for tasks to queue
[2025-04-22T10:02:27.100+0000] {logging_mixin.py:190} INFO - [2025-04-22T10:02:27.100+0000] {dagbag.py:588} INFO - Filling up the DagBag from /home/airflow/.local/lib/python3.12/site-packages/airflow/example_dags/example_nested_branch_dag.py
[2025-04-22T10:02:27.105+0000] {processor.py:925} INFO - DAG(s) 'example_nested_branch_dag' retrieved from /home/airflow/.local/lib/python3.12/site-packages/airflow/example_dags/example_nested_branch_dag.py
[2025-04-22T10:02:27.114+0000] {logging_mixin.py:190} INFO - [2025-04-22T10:02:27.114+0000] {dag.py:3239} INFO - Sync 1 DAGs
[2025-04-22T10:02:27.124+0000] {logging_mixin.py:190} INFO - [2025-04-22T10:02:27.123+0000] {dag.py:4180} INFO - Setting next_dagrun for example_nested_branch_dag to 2025-04-21 00:00:00+00:00, run_after=2025-04-22 00:00:00+00:00
[2025-04-22T10:02:27.131+0000] {processor.py:208} INFO - Processing /home/airflow/.local/lib/python3.12/site-packages/airflow/example_dags/example_nested_branch_dag.py took 0.035 seconds
[2025-04-22T10:02:57.301+0000] {processor.py:186} INFO - Started process (PID=362) to work on /home/airflow/.local/lib/python3.12/site-packages/airflow/example_dags/example_nested_branch_dag.py
[2025-04-22T10:02:57.302+0000] {processor.py:914} INFO - Processing file /home/airflow/.local/lib/python3.12/site-packages/airflow/example_dags/example_nested_branch_dag.py for tasks to queue
[2025-04-22T10:02:57.302+0000] {logging_mixin.py:190} INFO - [2025-04-22T10:02:57.302+0000] {dagbag.py:588} INFO - Filling up the DagBag from /home/airflow/.local/lib/python3.12/site-packages/airflow/example_dags/example_nested_branch_dag.py
[2025-04-22T10:02:57.308+0000] {processor.py:925} INFO - DAG(s) 'example_nested_branch_dag' retrieved from /home/airflow/.local/lib/python3.12/site-packages/airflow/example_dags/example_nested_branch_dag.py
[2025-04-22T10:02:57.317+0000] {logging_mixin.py:190} INFO - [2025-04-22T10:02:57.317+0000] {dag.py:3239} INFO - Sync 1 DAGs
[2025-04-22T10:02:57.327+0000] {logging_mixin.py:190} INFO - [2025-04-22T10:02:57.327+0000] {dag.py:4180} INFO - Setting next_dagrun for example_nested_branch_dag to 2025-04-21 00:00:00+00:00, run_after=2025-04-22 00:00:00+00:00
[2025-04-22T10:02:57.333+0000] {processor.py:208} INFO - Processing /home/airflow/.local/lib/python3.12/site-packages/airflow/example_dags/example_nested_branch_dag.py took 0.035 seconds
[2025-04-22T10:03:27.462+0000] {processor.py:186} INFO - Started process (PID=424) to work on /home/airflow/.local/lib/python3.12/site-packages/airflow/example_dags/example_nested_branch_dag.py
[2025-04-22T10:03:27.463+0000] {processor.py:914} INFO - Processing file /home/airflow/.local/lib/python3.12/site-packages/airflow/example_dags/example_nested_branch_dag.py for tasks to queue
[2025-04-22T10:03:27.464+0000] {logging_mixin.py:190} INFO - [2025-04-22T10:03:27.463+0000] {dagbag.py:588} INFO - Filling up the DagBag from /home/airflow/.local/lib/python3.12/site-packages/airflow/example_dags/example_nested_branch_dag.py
[2025-04-22T10:03:27.469+0000] {processor.py:925} INFO - DAG(s) 'example_nested_branch_dag' retrieved from /home/airflow/.local/lib/python3.12/site-packages/airflow/example_dags/example_nested_branch_dag.py
[2025-04-22T10:03:27.478+0000] {logging_mixin.py:190} INFO - [2025-04-22T10:03:27.478+0000] {dag.py:3239} INFO - Sync 1 DAGs
[2025-04-22T10:03:27.487+0000] {logging_mixin.py:190} INFO - [2025-04-22T10:03:27.487+0000] {dag.py:4180} INFO - Setting next_dagrun for example_nested_branch_dag to 2025-04-21 00:00:00+00:00, run_after=2025-04-22 00:00:00+00:00
[2025-04-22T10:03:27.495+0000] {processor.py:208} INFO - Processing /home/airflow/.local/lib/python3.12/site-packages/airflow/example_dags/example_nested_branch_dag.py took 0.036 seconds
[2025-04-22T10:05:37.739+0000] {processor.py:186} INFO - Started process (PID=110) to work on /home/airflow/.local/lib/python3.12/site-packages/airflow/example_dags/example_nested_branch_dag.py
[2025-04-22T10:05:37.739+0000] {processor.py:914} INFO - Processing file /home/airflow/.local/lib/python3.12/site-packages/airflow/example_dags/example_nested_branch_dag.py for tasks to queue
[2025-04-22T10:05:37.740+0000] {logging_mixin.py:190} INFO - [2025-04-22T10:05:37.740+0000] {dagbag.py:588} INFO - Filling up the DagBag from /home/airflow/.local/lib/python3.12/site-packages/airflow/example_dags/example_nested_branch_dag.py
[2025-04-22T10:05:37.746+0000] {processor.py:925} INFO - DAG(s) 'example_nested_branch_dag' retrieved from /home/airflow/.local/lib/python3.12/site-packages/airflow/example_dags/example_nested_branch_dag.py
[2025-04-22T10:05:37.756+0000] {logging_mixin.py:190} INFO - [2025-04-22T10:05:37.756+0000] {dag.py:3239} INFO - Sync 1 DAGs
[2025-04-22T10:05:37.765+0000] {logging_mixin.py:190} INFO - [2025-04-22T10:05:37.765+0000] {dag.py:4180} INFO - Setting next_dagrun for example_nested_branch_dag to 2025-04-21 00:00:00+00:00, run_after=2025-04-22 00:00:00+00:00
[2025-04-22T10:05:37.771+0000] {processor.py:208} INFO - Processing /home/airflow/.local/lib/python3.12/site-packages/airflow/example_dags/example_nested_branch_dag.py took 0.035 seconds
[2025-04-22T10:06:08.146+0000] {processor.py:186} INFO - Started process (PID=173) to work on /home/airflow/.local/lib/python3.12/site-packages/airflow/example_dags/example_nested_branch_dag.py
[2025-04-22T10:06:08.146+0000] {processor.py:914} INFO - Processing file /home/airflow/.local/lib/python3.12/site-packages/airflow/example_dags/example_nested_branch_dag.py for tasks to queue
[2025-04-22T10:06:08.147+0000] {logging_mixin.py:190} INFO - [2025-04-22T10:06:08.147+0000] {dagbag.py:588} INFO - Filling up the DagBag from /home/airflow/.local/lib/python3.12/site-packages/airflow/example_dags/example_nested_branch_dag.py
[2025-04-22T10:06:08.152+0000] {processor.py:925} INFO - DAG(s) 'example_nested_branch_dag' retrieved from /home/airflow/.local/lib/python3.12/site-packages/airflow/example_dags/example_nested_branch_dag.py
[2025-04-22T10:06:08.162+0000] {logging_mixin.py:190} INFO - [2025-04-22T10:06:08.162+0000] {dag.py:3239} INFO - Sync 1 DAGs
[2025-04-22T10:06:08.171+0000] {logging_mixin.py:190} INFO - [2025-04-22T10:06:08.171+0000] {dag.py:4180} INFO - Setting next_dagrun for example_nested_branch_dag to 2025-04-21 00:00:00+00:00, run_after=2025-04-22 00:00:00+00:00
[2025-04-22T10:06:08.178+0000] {processor.py:208} INFO - Processing /home/airflow/.local/lib/python3.12/site-packages/airflow/example_dags/example_nested_branch_dag.py took 0.035 seconds
[2025-04-22T10:06:38.492+0000] {processor.py:186} INFO - Started process (PID=236) to work on /home/airflow/.local/lib/python3.12/site-packages/airflow/example_dags/example_nested_branch_dag.py
[2025-04-22T10:06:38.492+0000] {processor.py:914} INFO - Processing file /home/airflow/.local/lib/python3.12/site-packages/airflow/example_dags/example_nested_branch_dag.py for tasks to queue
[2025-04-22T10:06:38.493+0000] {logging_mixin.py:190} INFO - [2025-04-22T10:06:38.493+0000] {dagbag.py:588} INFO - Filling up the DagBag from /home/airflow/.local/lib/python3.12/site-packages/airflow/example_dags/example_nested_branch_dag.py
[2025-04-22T10:06:38.499+0000] {processor.py:925} INFO - DAG(s) 'example_nested_branch_dag' retrieved from /home/airflow/.local/lib/python3.12/site-packages/airflow/example_dags/example_nested_branch_dag.py
[2025-04-22T10:06:38.508+0000] {logging_mixin.py:190} INFO - [2025-04-22T10:06:38.508+0000] {dag.py:3239} INFO - Sync 1 DAGs
[2025-04-22T10:06:38.518+0000] {logging_mixin.py:190} INFO - [2025-04-22T10:06:38.518+0000] {dag.py:4180} INFO - Setting next_dagrun for example_nested_branch_dag to 2025-04-21 00:00:00+00:00, run_after=2025-04-22 00:00:00+00:00
[2025-04-22T10:06:38.525+0000] {processor.py:208} INFO - Processing /home/airflow/.local/lib/python3.12/site-packages/airflow/example_dags/example_nested_branch_dag.py took 0.036 seconds
[2025-04-22T10:07:08.889+0000] {processor.py:186} INFO - Started process (PID=299) to work on /home/airflow/.local/lib/python3.12/site-packages/airflow/example_dags/example_nested_branch_dag.py
[2025-04-22T10:07:08.890+0000] {processor.py:914} INFO - Processing file /home/airflow/.local/lib/python3.12/site-packages/airflow/example_dags/example_nested_branch_dag.py for tasks to queue
[2025-04-22T10:07:08.890+0000] {logging_mixin.py:190} INFO - [2025-04-22T10:07:08.890+0000] {dagbag.py:588} INFO - Filling up the DagBag from /home/airflow/.local/lib/python3.12/site-packages/airflow/example_dags/example_nested_branch_dag.py
[2025-04-22T10:07:08.896+0000] {processor.py:925} INFO - DAG(s) 'example_nested_branch_dag' retrieved from /home/airflow/.local/lib/python3.12/site-packages/airflow/example_dags/example_nested_branch_dag.py
[2025-04-22T10:07:08.904+0000] {logging_mixin.py:190} INFO - [2025-04-22T10:07:08.904+0000] {dag.py:3239} INFO - Sync 1 DAGs
[2025-04-22T10:07:08.914+0000] {logging_mixin.py:190} INFO - [2025-04-22T10:07:08.914+0000] {dag.py:4180} INFO - Setting next_dagrun for example_nested_branch_dag to 2025-04-21 00:00:00+00:00, run_after=2025-04-22 00:00:00+00:00
[2025-04-22T10:07:08.920+0000] {processor.py:208} INFO - Processing /home/airflow/.local/lib/python3.12/site-packages/airflow/example_dags/example_nested_branch_dag.py took 0.034 seconds
