[2025-04-22T09:53:50.235+0000] {processor.py:186} INFO - Started process (PID=122) to work on /home/airflow/.local/lib/python3.12/site-packages/airflow/example_dags/example_branch_python_dop_operator_3.py
[2025-04-22T09:53:50.235+0000] {processor.py:914} INFO - Processing file /home/airflow/.local/lib/python3.12/site-packages/airflow/example_dags/example_branch_python_dop_operator_3.py for tasks to queue
[2025-04-22T09:53:50.236+0000] {logging_mixin.py:190} INFO - [2025-04-22T09:53:50.236+0000] {dagbag.py:588} INFO - Filling up the DagBag from /home/airflow/.local/lib/python3.12/site-packages/airflow/example_dags/example_branch_python_dop_operator_3.py
[2025-04-22T09:53:50.242+0000] {processor.py:925} INFO - DAG(s) 'example_branch_dop_operator_v3' retrieved from /home/airflow/.local/lib/python3.12/site-packages/airflow/example_dags/example_branch_python_dop_operator_3.py
[2025-04-22T09:53:50.247+0000] {logging_mixin.py:190} INFO - [2025-04-22T09:53:50.247+0000] {dag.py:3239} INFO - Sync 1 DAGs
[2025-04-22T09:53:50.258+0000] {logging_mixin.py:190} INFO - [2025-04-22T09:53:50.258+0000] {dag.py:4180} INFO - Setting next_dagrun for example_branch_dop_operator_v3 to 2025-04-22 09:52:00+00:00, run_after=2025-04-22 09:53:00+00:00
[2025-04-22T09:53:50.264+0000] {processor.py:208} INFO - Processing /home/airflow/.local/lib/python3.12/site-packages/airflow/example_dags/example_branch_python_dop_operator_3.py took 0.031 seconds
[2025-04-22T09:55:03.783+0000] {processor.py:186} INFO - Started process (PID=122) to work on /home/airflow/.local/lib/python3.12/site-packages/airflow/example_dags/example_branch_python_dop_operator_3.py
[2025-04-22T09:55:03.783+0000] {processor.py:914} INFO - Processing file /home/airflow/.local/lib/python3.12/site-packages/airflow/example_dags/example_branch_python_dop_operator_3.py for tasks to queue
[2025-04-22T09:55:03.784+0000] {logging_mixin.py:190} INFO - [2025-04-22T09:55:03.784+0000] {dagbag.py:588} INFO - Filling up the DagBag from /home/airflow/.local/lib/python3.12/site-packages/airflow/example_dags/example_branch_python_dop_operator_3.py
[2025-04-22T09:55:03.790+0000] {processor.py:925} INFO - DAG(s) 'example_branch_dop_operator_v3' retrieved from /home/airflow/.local/lib/python3.12/site-packages/airflow/example_dags/example_branch_python_dop_operator_3.py
[2025-04-22T09:55:03.839+0000] {logging_mixin.py:190} INFO - [2025-04-22T09:55:03.839+0000] {dag.py:3239} INFO - Sync 1 DAGs
[2025-04-22T09:55:03.849+0000] {logging_mixin.py:190} INFO - [2025-04-22T09:55:03.849+0000] {dag.py:4180} INFO - Setting next_dagrun for example_branch_dop_operator_v3 to 2025-04-22 09:54:00+00:00, run_after=2025-04-22 09:55:00+00:00
[2025-04-22T09:55:03.856+0000] {processor.py:208} INFO - Processing /home/airflow/.local/lib/python3.12/site-packages/airflow/example_dags/example_branch_python_dop_operator_3.py took 0.076 seconds
[2025-04-22T09:55:34.113+0000] {processor.py:186} INFO - Started process (PID=185) to work on /home/airflow/.local/lib/python3.12/site-packages/airflow/example_dags/example_branch_python_dop_operator_3.py
[2025-04-22T09:55:34.113+0000] {processor.py:914} INFO - Processing file /home/airflow/.local/lib/python3.12/site-packages/airflow/example_dags/example_branch_python_dop_operator_3.py for tasks to queue
[2025-04-22T09:55:34.114+0000] {logging_mixin.py:190} INFO - [2025-04-22T09:55:34.114+0000] {dagbag.py:588} INFO - Filling up the DagBag from /home/airflow/.local/lib/python3.12/site-packages/airflow/example_dags/example_branch_python_dop_operator_3.py
[2025-04-22T09:55:34.119+0000] {processor.py:925} INFO - DAG(s) 'example_branch_dop_operator_v3' retrieved from /home/airflow/.local/lib/python3.12/site-packages/airflow/example_dags/example_branch_python_dop_operator_3.py
[2025-04-22T09:55:34.128+0000] {logging_mixin.py:190} INFO - [2025-04-22T09:55:34.128+0000] {dag.py:3239} INFO - Sync 1 DAGs
[2025-04-22T09:55:34.139+0000] {logging_mixin.py:190} INFO - [2025-04-22T09:55:34.139+0000] {dag.py:4180} INFO - Setting next_dagrun for example_branch_dop_operator_v3 to 2025-04-22 09:54:00+00:00, run_after=2025-04-22 09:55:00+00:00
[2025-04-22T09:55:34.146+0000] {processor.py:208} INFO - Processing /home/airflow/.local/lib/python3.12/site-packages/airflow/example_dags/example_branch_python_dop_operator_3.py took 0.035 seconds
[2025-04-22T09:56:05.365+0000] {processor.py:186} INFO - Started process (PID=248) to work on /home/airflow/.local/lib/python3.12/site-packages/airflow/example_dags/example_branch_python_dop_operator_3.py
[2025-04-22T09:56:05.365+0000] {processor.py:914} INFO - Processing file /home/airflow/.local/lib/python3.12/site-packages/airflow/example_dags/example_branch_python_dop_operator_3.py for tasks to queue
[2025-04-22T09:56:05.366+0000] {logging_mixin.py:190} INFO - [2025-04-22T09:56:05.366+0000] {dagbag.py:588} INFO - Filling up the DagBag from /home/airflow/.local/lib/python3.12/site-packages/airflow/example_dags/example_branch_python_dop_operator_3.py
[2025-04-22T09:56:05.371+0000] {processor.py:925} INFO - DAG(s) 'example_branch_dop_operator_v3' retrieved from /home/airflow/.local/lib/python3.12/site-packages/airflow/example_dags/example_branch_python_dop_operator_3.py
[2025-04-22T09:56:05.381+0000] {logging_mixin.py:190} INFO - [2025-04-22T09:56:05.381+0000] {dag.py:3239} INFO - Sync 1 DAGs
[2025-04-22T09:56:05.392+0000] {logging_mixin.py:190} INFO - [2025-04-22T09:56:05.392+0000] {dag.py:4180} INFO - Setting next_dagrun for example_branch_dop_operator_v3 to 2025-04-22 09:55:00+00:00, run_after=2025-04-22 09:56:00+00:00
[2025-04-22T09:56:05.398+0000] {processor.py:208} INFO - Processing /home/airflow/.local/lib/python3.12/site-packages/airflow/example_dags/example_branch_python_dop_operator_3.py took 0.037 seconds
[2025-04-22T09:56:36.627+0000] {processor.py:186} INFO - Started process (PID=311) to work on /home/airflow/.local/lib/python3.12/site-packages/airflow/example_dags/example_branch_python_dop_operator_3.py
[2025-04-22T09:56:36.628+0000] {processor.py:914} INFO - Processing file /home/airflow/.local/lib/python3.12/site-packages/airflow/example_dags/example_branch_python_dop_operator_3.py for tasks to queue
[2025-04-22T09:56:36.629+0000] {logging_mixin.py:190} INFO - [2025-04-22T09:56:36.629+0000] {dagbag.py:588} INFO - Filling up the DagBag from /home/airflow/.local/lib/python3.12/site-packages/airflow/example_dags/example_branch_python_dop_operator_3.py
[2025-04-22T09:56:36.634+0000] {processor.py:925} INFO - DAG(s) 'example_branch_dop_operator_v3' retrieved from /home/airflow/.local/lib/python3.12/site-packages/airflow/example_dags/example_branch_python_dop_operator_3.py
[2025-04-22T09:56:36.642+0000] {logging_mixin.py:190} INFO - [2025-04-22T09:56:36.642+0000] {dag.py:3239} INFO - Sync 1 DAGs
[2025-04-22T09:56:36.652+0000] {logging_mixin.py:190} INFO - [2025-04-22T09:56:36.652+0000] {dag.py:4180} INFO - Setting next_dagrun for example_branch_dop_operator_v3 to 2025-04-22 09:55:00+00:00, run_after=2025-04-22 09:56:00+00:00
[2025-04-22T09:56:36.659+0000] {processor.py:208} INFO - Processing /home/airflow/.local/lib/python3.12/site-packages/airflow/example_dags/example_branch_python_dop_operator_3.py took 0.034 seconds
[2025-04-22T09:57:07.842+0000] {processor.py:186} INFO - Started process (PID=374) to work on /home/airflow/.local/lib/python3.12/site-packages/airflow/example_dags/example_branch_python_dop_operator_3.py
[2025-04-22T09:57:07.843+0000] {processor.py:914} INFO - Processing file /home/airflow/.local/lib/python3.12/site-packages/airflow/example_dags/example_branch_python_dop_operator_3.py for tasks to queue
[2025-04-22T09:57:07.844+0000] {logging_mixin.py:190} INFO - [2025-04-22T09:57:07.844+0000] {dagbag.py:588} INFO - Filling up the DagBag from /home/airflow/.local/lib/python3.12/site-packages/airflow/example_dags/example_branch_python_dop_operator_3.py
[2025-04-22T09:57:07.849+0000] {processor.py:925} INFO - DAG(s) 'example_branch_dop_operator_v3' retrieved from /home/airflow/.local/lib/python3.12/site-packages/airflow/example_dags/example_branch_python_dop_operator_3.py
[2025-04-22T09:57:07.857+0000] {logging_mixin.py:190} INFO - [2025-04-22T09:57:07.857+0000] {dag.py:3239} INFO - Sync 1 DAGs
[2025-04-22T09:57:07.867+0000] {logging_mixin.py:190} INFO - [2025-04-22T09:57:07.867+0000] {dag.py:4180} INFO - Setting next_dagrun for example_branch_dop_operator_v3 to 2025-04-22 09:56:00+00:00, run_after=2025-04-22 09:57:00+00:00
[2025-04-22T09:57:07.874+0000] {processor.py:208} INFO - Processing /home/airflow/.local/lib/python3.12/site-packages/airflow/example_dags/example_branch_python_dop_operator_3.py took 0.034 seconds
[2025-04-22T09:57:39.175+0000] {processor.py:186} INFO - Started process (PID=437) to work on /home/airflow/.local/lib/python3.12/site-packages/airflow/example_dags/example_branch_python_dop_operator_3.py
[2025-04-22T09:57:39.176+0000] {processor.py:914} INFO - Processing file /home/airflow/.local/lib/python3.12/site-packages/airflow/example_dags/example_branch_python_dop_operator_3.py for tasks to queue
[2025-04-22T09:57:39.177+0000] {logging_mixin.py:190} INFO - [2025-04-22T09:57:39.176+0000] {dagbag.py:588} INFO - Filling up the DagBag from /home/airflow/.local/lib/python3.12/site-packages/airflow/example_dags/example_branch_python_dop_operator_3.py
[2025-04-22T09:57:39.182+0000] {processor.py:925} INFO - DAG(s) 'example_branch_dop_operator_v3' retrieved from /home/airflow/.local/lib/python3.12/site-packages/airflow/example_dags/example_branch_python_dop_operator_3.py
[2025-04-22T09:57:39.190+0000] {logging_mixin.py:190} INFO - [2025-04-22T09:57:39.190+0000] {dag.py:3239} INFO - Sync 1 DAGs
[2025-04-22T09:57:39.201+0000] {logging_mixin.py:190} INFO - [2025-04-22T09:57:39.201+0000] {dag.py:4180} INFO - Setting next_dagrun for example_branch_dop_operator_v3 to 2025-04-22 09:56:00+00:00, run_after=2025-04-22 09:57:00+00:00
[2025-04-22T09:57:39.207+0000] {processor.py:208} INFO - Processing /home/airflow/.local/lib/python3.12/site-packages/airflow/example_dags/example_branch_python_dop_operator_3.py took 0.035 seconds
[2025-04-22T09:58:35.717+0000] {processor.py:186} INFO - Started process (PID=122) to work on /home/airflow/.local/lib/python3.12/site-packages/airflow/example_dags/example_branch_python_dop_operator_3.py
[2025-04-22T09:58:35.718+0000] {processor.py:914} INFO - Processing file /home/airflow/.local/lib/python3.12/site-packages/airflow/example_dags/example_branch_python_dop_operator_3.py for tasks to queue
[2025-04-22T09:58:35.718+0000] {logging_mixin.py:190} INFO - [2025-04-22T09:58:35.718+0000] {dagbag.py:588} INFO - Filling up the DagBag from /home/airflow/.local/lib/python3.12/site-packages/airflow/example_dags/example_branch_python_dop_operator_3.py
[2025-04-22T09:58:35.724+0000] {processor.py:925} INFO - DAG(s) 'example_branch_dop_operator_v3' retrieved from /home/airflow/.local/lib/python3.12/site-packages/airflow/example_dags/example_branch_python_dop_operator_3.py
[2025-04-22T09:58:35.733+0000] {logging_mixin.py:190} INFO - [2025-04-22T09:58:35.733+0000] {dag.py:3239} INFO - Sync 1 DAGs
[2025-04-22T09:58:35.743+0000] {logging_mixin.py:190} INFO - [2025-04-22T09:58:35.743+0000] {dag.py:4180} INFO - Setting next_dagrun for example_branch_dop_operator_v3 to 2025-04-22 09:57:00+00:00, run_after=2025-04-22 09:58:00+00:00
[2025-04-22T09:58:35.750+0000] {processor.py:208} INFO - Processing /home/airflow/.local/lib/python3.12/site-packages/airflow/example_dags/example_branch_python_dop_operator_3.py took 0.038 seconds
[2025-04-22T09:59:06.160+0000] {processor.py:186} INFO - Started process (PID=185) to work on /home/airflow/.local/lib/python3.12/site-packages/airflow/example_dags/example_branch_python_dop_operator_3.py
[2025-04-22T09:59:06.160+0000] {processor.py:914} INFO - Processing file /home/airflow/.local/lib/python3.12/site-packages/airflow/example_dags/example_branch_python_dop_operator_3.py for tasks to queue
[2025-04-22T09:59:06.161+0000] {logging_mixin.py:190} INFO - [2025-04-22T09:59:06.161+0000] {dagbag.py:588} INFO - Filling up the DagBag from /home/airflow/.local/lib/python3.12/site-packages/airflow/example_dags/example_branch_python_dop_operator_3.py
[2025-04-22T09:59:06.166+0000] {processor.py:925} INFO - DAG(s) 'example_branch_dop_operator_v3' retrieved from /home/airflow/.local/lib/python3.12/site-packages/airflow/example_dags/example_branch_python_dop_operator_3.py
[2025-04-22T09:59:06.174+0000] {logging_mixin.py:190} INFO - [2025-04-22T09:59:06.174+0000] {dag.py:3239} INFO - Sync 1 DAGs
[2025-04-22T09:59:06.184+0000] {logging_mixin.py:190} INFO - [2025-04-22T09:59:06.184+0000] {dag.py:4180} INFO - Setting next_dagrun for example_branch_dop_operator_v3 to 2025-04-22 09:58:00+00:00, run_after=2025-04-22 09:59:00+00:00
[2025-04-22T09:59:06.191+0000] {processor.py:208} INFO - Processing /home/airflow/.local/lib/python3.12/site-packages/airflow/example_dags/example_branch_python_dop_operator_3.py took 0.035 seconds
[2025-04-22T09:59:36.642+0000] {processor.py:186} INFO - Started process (PID=248) to work on /home/airflow/.local/lib/python3.12/site-packages/airflow/example_dags/example_branch_python_dop_operator_3.py
[2025-04-22T09:59:36.643+0000] {processor.py:914} INFO - Processing file /home/airflow/.local/lib/python3.12/site-packages/airflow/example_dags/example_branch_python_dop_operator_3.py for tasks to queue
[2025-04-22T09:59:36.643+0000] {logging_mixin.py:190} INFO - [2025-04-22T09:59:36.643+0000] {dagbag.py:588} INFO - Filling up the DagBag from /home/airflow/.local/lib/python3.12/site-packages/airflow/example_dags/example_branch_python_dop_operator_3.py
[2025-04-22T09:59:36.648+0000] {processor.py:925} INFO - DAG(s) 'example_branch_dop_operator_v3' retrieved from /home/airflow/.local/lib/python3.12/site-packages/airflow/example_dags/example_branch_python_dop_operator_3.py
[2025-04-22T09:59:36.656+0000] {logging_mixin.py:190} INFO - [2025-04-22T09:59:36.656+0000] {dag.py:3239} INFO - Sync 1 DAGs
[2025-04-22T09:59:36.667+0000] {logging_mixin.py:190} INFO - [2025-04-22T09:59:36.667+0000] {dag.py:4180} INFO - Setting next_dagrun for example_branch_dop_operator_v3 to 2025-04-22 09:58:00+00:00, run_after=2025-04-22 09:59:00+00:00
[2025-04-22T09:59:36.673+0000] {processor.py:208} INFO - Processing /home/airflow/.local/lib/python3.12/site-packages/airflow/example_dags/example_branch_python_dop_operator_3.py took 0.035 seconds
[2025-04-22T10:00:07.067+0000] {processor.py:186} INFO - Started process (PID=311) to work on /home/airflow/.local/lib/python3.12/site-packages/airflow/example_dags/example_branch_python_dop_operator_3.py
[2025-04-22T10:00:07.067+0000] {processor.py:914} INFO - Processing file /home/airflow/.local/lib/python3.12/site-packages/airflow/example_dags/example_branch_python_dop_operator_3.py for tasks to queue
[2025-04-22T10:00:07.068+0000] {logging_mixin.py:190} INFO - [2025-04-22T10:00:07.068+0000] {dagbag.py:588} INFO - Filling up the DagBag from /home/airflow/.local/lib/python3.12/site-packages/airflow/example_dags/example_branch_python_dop_operator_3.py
[2025-04-22T10:00:07.073+0000] {processor.py:925} INFO - DAG(s) 'example_branch_dop_operator_v3' retrieved from /home/airflow/.local/lib/python3.12/site-packages/airflow/example_dags/example_branch_python_dop_operator_3.py
[2025-04-22T10:00:07.081+0000] {logging_mixin.py:190} INFO - [2025-04-22T10:00:07.081+0000] {dag.py:3239} INFO - Sync 1 DAGs
[2025-04-22T10:00:07.092+0000] {logging_mixin.py:190} INFO - [2025-04-22T10:00:07.092+0000] {dag.py:4180} INFO - Setting next_dagrun for example_branch_dop_operator_v3 to 2025-04-22 09:59:00+00:00, run_after=2025-04-22 10:00:00+00:00
[2025-04-22T10:00:07.098+0000] {processor.py:208} INFO - Processing /home/airflow/.local/lib/python3.12/site-packages/airflow/example_dags/example_branch_python_dop_operator_3.py took 0.036 seconds
[2025-04-22T10:00:56.235+0000] {processor.py:186} INFO - Started process (PID=122) to work on /home/airflow/.local/lib/python3.12/site-packages/airflow/example_dags/example_branch_python_dop_operator_3.py
[2025-04-22T10:00:56.235+0000] {processor.py:914} INFO - Processing file /home/airflow/.local/lib/python3.12/site-packages/airflow/example_dags/example_branch_python_dop_operator_3.py for tasks to queue
[2025-04-22T10:00:56.236+0000] {logging_mixin.py:190} INFO - [2025-04-22T10:00:56.236+0000] {dagbag.py:588} INFO - Filling up the DagBag from /home/airflow/.local/lib/python3.12/site-packages/airflow/example_dags/example_branch_python_dop_operator_3.py
[2025-04-22T10:00:56.241+0000] {processor.py:925} INFO - DAG(s) 'example_branch_dop_operator_v3' retrieved from /home/airflow/.local/lib/python3.12/site-packages/airflow/example_dags/example_branch_python_dop_operator_3.py
[2025-04-22T10:00:56.250+0000] {logging_mixin.py:190} INFO - [2025-04-22T10:00:56.250+0000] {dag.py:3239} INFO - Sync 1 DAGs
[2025-04-22T10:00:56.261+0000] {logging_mixin.py:190} INFO - [2025-04-22T10:00:56.261+0000] {dag.py:4180} INFO - Setting next_dagrun for example_branch_dop_operator_v3 to 2025-04-22 09:59:00+00:00, run_after=2025-04-22 10:00:00+00:00
[2025-04-22T10:00:56.267+0000] {processor.py:208} INFO - Processing /home/airflow/.local/lib/python3.12/site-packages/airflow/example_dags/example_branch_python_dop_operator_3.py took 0.035 seconds
[2025-04-22T10:01:26.575+0000] {processor.py:186} INFO - Started process (PID=185) to work on /home/airflow/.local/lib/python3.12/site-packages/airflow/example_dags/example_branch_python_dop_operator_3.py
[2025-04-22T10:01:26.576+0000] {processor.py:914} INFO - Processing file /home/airflow/.local/lib/python3.12/site-packages/airflow/example_dags/example_branch_python_dop_operator_3.py for tasks to queue
[2025-04-22T10:01:26.577+0000] {logging_mixin.py:190} INFO - [2025-04-22T10:01:26.577+0000] {dagbag.py:588} INFO - Filling up the DagBag from /home/airflow/.local/lib/python3.12/site-packages/airflow/example_dags/example_branch_python_dop_operator_3.py
[2025-04-22T10:01:26.582+0000] {processor.py:925} INFO - DAG(s) 'example_branch_dop_operator_v3' retrieved from /home/airflow/.local/lib/python3.12/site-packages/airflow/example_dags/example_branch_python_dop_operator_3.py
[2025-04-22T10:01:26.590+0000] {logging_mixin.py:190} INFO - [2025-04-22T10:01:26.590+0000] {dag.py:3239} INFO - Sync 1 DAGs
[2025-04-22T10:01:26.601+0000] {logging_mixin.py:190} INFO - [2025-04-22T10:01:26.601+0000] {dag.py:4180} INFO - Setting next_dagrun for example_branch_dop_operator_v3 to 2025-04-22 10:00:00+00:00, run_after=2025-04-22 10:01:00+00:00
[2025-04-22T10:01:26.607+0000] {processor.py:208} INFO - Processing /home/airflow/.local/lib/python3.12/site-packages/airflow/example_dags/example_branch_python_dop_operator_3.py took 0.034 seconds
[2025-04-22T10:01:56.949+0000] {processor.py:186} INFO - Started process (PID=248) to work on /home/airflow/.local/lib/python3.12/site-packages/airflow/example_dags/example_branch_python_dop_operator_3.py
[2025-04-22T10:01:56.949+0000] {processor.py:914} INFO - Processing file /home/airflow/.local/lib/python3.12/site-packages/airflow/example_dags/example_branch_python_dop_operator_3.py for tasks to queue
[2025-04-22T10:01:56.950+0000] {logging_mixin.py:190} INFO - [2025-04-22T10:01:56.950+0000] {dagbag.py:588} INFO - Filling up the DagBag from /home/airflow/.local/lib/python3.12/site-packages/airflow/example_dags/example_branch_python_dop_operator_3.py
[2025-04-22T10:01:56.955+0000] {processor.py:925} INFO - DAG(s) 'example_branch_dop_operator_v3' retrieved from /home/airflow/.local/lib/python3.12/site-packages/airflow/example_dags/example_branch_python_dop_operator_3.py
[2025-04-22T10:01:56.964+0000] {logging_mixin.py:190} INFO - [2025-04-22T10:01:56.963+0000] {dag.py:3239} INFO - Sync 1 DAGs
[2025-04-22T10:01:56.974+0000] {logging_mixin.py:190} INFO - [2025-04-22T10:01:56.974+0000] {dag.py:4180} INFO - Setting next_dagrun for example_branch_dop_operator_v3 to 2025-04-22 10:00:00+00:00, run_after=2025-04-22 10:01:00+00:00
[2025-04-22T10:01:56.981+0000] {processor.py:208} INFO - Processing /home/airflow/.local/lib/python3.12/site-packages/airflow/example_dags/example_branch_python_dop_operator_3.py took 0.034 seconds
[2025-04-22T10:02:27.529+0000] {processor.py:186} INFO - Started process (PID=311) to work on /home/airflow/.local/lib/python3.12/site-packages/airflow/example_dags/example_branch_python_dop_operator_3.py
[2025-04-22T10:02:27.529+0000] {processor.py:914} INFO - Processing file /home/airflow/.local/lib/python3.12/site-packages/airflow/example_dags/example_branch_python_dop_operator_3.py for tasks to queue
[2025-04-22T10:02:27.530+0000] {logging_mixin.py:190} INFO - [2025-04-22T10:02:27.530+0000] {dagbag.py:588} INFO - Filling up the DagBag from /home/airflow/.local/lib/python3.12/site-packages/airflow/example_dags/example_branch_python_dop_operator_3.py
[2025-04-22T10:02:27.535+0000] {processor.py:925} INFO - DAG(s) 'example_branch_dop_operator_v3' retrieved from /home/airflow/.local/lib/python3.12/site-packages/airflow/example_dags/example_branch_python_dop_operator_3.py
[2025-04-22T10:02:27.544+0000] {logging_mixin.py:190} INFO - [2025-04-22T10:02:27.544+0000] {dag.py:3239} INFO - Sync 1 DAGs
[2025-04-22T10:02:27.555+0000] {logging_mixin.py:190} INFO - [2025-04-22T10:02:27.555+0000] {dag.py:4180} INFO - Setting next_dagrun for example_branch_dop_operator_v3 to 2025-04-22 10:01:00+00:00, run_after=2025-04-22 10:02:00+00:00
[2025-04-22T10:02:27.562+0000] {processor.py:208} INFO - Processing /home/airflow/.local/lib/python3.12/site-packages/airflow/example_dags/example_branch_python_dop_operator_3.py took 0.036 seconds
[2025-04-22T10:02:57.772+0000] {processor.py:186} INFO - Started process (PID=374) to work on /home/airflow/.local/lib/python3.12/site-packages/airflow/example_dags/example_branch_python_dop_operator_3.py
[2025-04-22T10:02:57.773+0000] {processor.py:914} INFO - Processing file /home/airflow/.local/lib/python3.12/site-packages/airflow/example_dags/example_branch_python_dop_operator_3.py for tasks to queue
[2025-04-22T10:02:57.774+0000] {logging_mixin.py:190} INFO - [2025-04-22T10:02:57.774+0000] {dagbag.py:588} INFO - Filling up the DagBag from /home/airflow/.local/lib/python3.12/site-packages/airflow/example_dags/example_branch_python_dop_operator_3.py
[2025-04-22T10:02:57.779+0000] {processor.py:925} INFO - DAG(s) 'example_branch_dop_operator_v3' retrieved from /home/airflow/.local/lib/python3.12/site-packages/airflow/example_dags/example_branch_python_dop_operator_3.py
[2025-04-22T10:02:57.788+0000] {logging_mixin.py:190} INFO - [2025-04-22T10:02:57.787+0000] {dag.py:3239} INFO - Sync 1 DAGs
[2025-04-22T10:02:57.798+0000] {logging_mixin.py:190} INFO - [2025-04-22T10:02:57.798+0000] {dag.py:4180} INFO - Setting next_dagrun for example_branch_dop_operator_v3 to 2025-04-22 10:01:00+00:00, run_after=2025-04-22 10:02:00+00:00
[2025-04-22T10:02:57.804+0000] {processor.py:208} INFO - Processing /home/airflow/.local/lib/python3.12/site-packages/airflow/example_dags/example_branch_python_dop_operator_3.py took 0.035 seconds
[2025-04-22T10:03:27.998+0000] {processor.py:186} INFO - Started process (PID=437) to work on /home/airflow/.local/lib/python3.12/site-packages/airflow/example_dags/example_branch_python_dop_operator_3.py
[2025-04-22T10:03:27.999+0000] {processor.py:914} INFO - Processing file /home/airflow/.local/lib/python3.12/site-packages/airflow/example_dags/example_branch_python_dop_operator_3.py for tasks to queue
[2025-04-22T10:03:28.000+0000] {logging_mixin.py:190} INFO - [2025-04-22T10:03:27.999+0000] {dagbag.py:588} INFO - Filling up the DagBag from /home/airflow/.local/lib/python3.12/site-packages/airflow/example_dags/example_branch_python_dop_operator_3.py
[2025-04-22T10:03:28.004+0000] {processor.py:925} INFO - DAG(s) 'example_branch_dop_operator_v3' retrieved from /home/airflow/.local/lib/python3.12/site-packages/airflow/example_dags/example_branch_python_dop_operator_3.py
[2025-04-22T10:03:28.013+0000] {logging_mixin.py:190} INFO - [2025-04-22T10:03:28.013+0000] {dag.py:3239} INFO - Sync 1 DAGs
[2025-04-22T10:03:28.024+0000] {logging_mixin.py:190} INFO - [2025-04-22T10:03:28.024+0000] {dag.py:4180} INFO - Setting next_dagrun for example_branch_dop_operator_v3 to 2025-04-22 10:02:00+00:00, run_after=2025-04-22 10:03:00+00:00
[2025-04-22T10:03:28.031+0000] {processor.py:208} INFO - Processing /home/airflow/.local/lib/python3.12/site-packages/airflow/example_dags/example_branch_python_dop_operator_3.py took 0.035 seconds
[2025-04-22T10:05:38.121+0000] {processor.py:186} INFO - Started process (PID=122) to work on /home/airflow/.local/lib/python3.12/site-packages/airflow/example_dags/example_branch_python_dop_operator_3.py
[2025-04-22T10:05:38.121+0000] {processor.py:914} INFO - Processing file /home/airflow/.local/lib/python3.12/site-packages/airflow/example_dags/example_branch_python_dop_operator_3.py for tasks to queue
[2025-04-22T10:05:38.122+0000] {logging_mixin.py:190} INFO - [2025-04-22T10:05:38.122+0000] {dagbag.py:588} INFO - Filling up the DagBag from /home/airflow/.local/lib/python3.12/site-packages/airflow/example_dags/example_branch_python_dop_operator_3.py
[2025-04-22T10:05:38.127+0000] {processor.py:925} INFO - DAG(s) 'example_branch_dop_operator_v3' retrieved from /home/airflow/.local/lib/python3.12/site-packages/airflow/example_dags/example_branch_python_dop_operator_3.py
[2025-04-22T10:05:38.136+0000] {logging_mixin.py:190} INFO - [2025-04-22T10:05:38.136+0000] {dag.py:3239} INFO - Sync 1 DAGs
[2025-04-22T10:05:38.147+0000] {logging_mixin.py:190} INFO - [2025-04-22T10:05:38.147+0000] {dag.py:4180} INFO - Setting next_dagrun for example_branch_dop_operator_v3 to 2025-04-22 10:04:00+00:00, run_after=2025-04-22 10:05:00+00:00
[2025-04-22T10:05:38.153+0000] {processor.py:208} INFO - Processing /home/airflow/.local/lib/python3.12/site-packages/airflow/example_dags/example_branch_python_dop_operator_3.py took 0.035 seconds
[2025-04-22T10:06:08.474+0000] {processor.py:186} INFO - Started process (PID=185) to work on /home/airflow/.local/lib/python3.12/site-packages/airflow/example_dags/example_branch_python_dop_operator_3.py
[2025-04-22T10:06:08.475+0000] {processor.py:914} INFO - Processing file /home/airflow/.local/lib/python3.12/site-packages/airflow/example_dags/example_branch_python_dop_operator_3.py for tasks to queue
[2025-04-22T10:06:08.476+0000] {logging_mixin.py:190} INFO - [2025-04-22T10:06:08.475+0000] {dagbag.py:588} INFO - Filling up the DagBag from /home/airflow/.local/lib/python3.12/site-packages/airflow/example_dags/example_branch_python_dop_operator_3.py
[2025-04-22T10:06:08.480+0000] {processor.py:925} INFO - DAG(s) 'example_branch_dop_operator_v3' retrieved from /home/airflow/.local/lib/python3.12/site-packages/airflow/example_dags/example_branch_python_dop_operator_3.py
[2025-04-22T10:06:08.489+0000] {logging_mixin.py:190} INFO - [2025-04-22T10:06:08.489+0000] {dag.py:3239} INFO - Sync 1 DAGs
[2025-04-22T10:06:08.499+0000] {logging_mixin.py:190} INFO - [2025-04-22T10:06:08.499+0000] {dag.py:4180} INFO - Setting next_dagrun for example_branch_dop_operator_v3 to 2025-04-22 10:05:00+00:00, run_after=2025-04-22 10:06:00+00:00
[2025-04-22T10:06:08.506+0000] {processor.py:208} INFO - Processing /home/airflow/.local/lib/python3.12/site-packages/airflow/example_dags/example_branch_python_dop_operator_3.py took 0.034 seconds
[2025-04-22T10:06:38.781+0000] {processor.py:186} INFO - Started process (PID=248) to work on /home/airflow/.local/lib/python3.12/site-packages/airflow/example_dags/example_branch_python_dop_operator_3.py
[2025-04-22T10:06:38.781+0000] {processor.py:914} INFO - Processing file /home/airflow/.local/lib/python3.12/site-packages/airflow/example_dags/example_branch_python_dop_operator_3.py for tasks to queue
[2025-04-22T10:06:38.782+0000] {logging_mixin.py:190} INFO - [2025-04-22T10:06:38.782+0000] {dagbag.py:588} INFO - Filling up the DagBag from /home/airflow/.local/lib/python3.12/site-packages/airflow/example_dags/example_branch_python_dop_operator_3.py
[2025-04-22T10:06:38.787+0000] {processor.py:925} INFO - DAG(s) 'example_branch_dop_operator_v3' retrieved from /home/airflow/.local/lib/python3.12/site-packages/airflow/example_dags/example_branch_python_dop_operator_3.py
[2025-04-22T10:06:38.795+0000] {logging_mixin.py:190} INFO - [2025-04-22T10:06:38.795+0000] {dag.py:3239} INFO - Sync 1 DAGs
[2025-04-22T10:06:38.805+0000] {logging_mixin.py:190} INFO - [2025-04-22T10:06:38.805+0000] {dag.py:4180} INFO - Setting next_dagrun for example_branch_dop_operator_v3 to 2025-04-22 10:05:00+00:00, run_after=2025-04-22 10:06:00+00:00
[2025-04-22T10:06:38.811+0000] {processor.py:208} INFO - Processing /home/airflow/.local/lib/python3.12/site-packages/airflow/example_dags/example_branch_python_dop_operator_3.py took 0.033 seconds
[2025-04-22T10:07:09.171+0000] {processor.py:186} INFO - Started process (PID=311) to work on /home/airflow/.local/lib/python3.12/site-packages/airflow/example_dags/example_branch_python_dop_operator_3.py
[2025-04-22T10:07:09.171+0000] {processor.py:914} INFO - Processing file /home/airflow/.local/lib/python3.12/site-packages/airflow/example_dags/example_branch_python_dop_operator_3.py for tasks to queue
[2025-04-22T10:07:09.172+0000] {logging_mixin.py:190} INFO - [2025-04-22T10:07:09.172+0000] {dagbag.py:588} INFO - Filling up the DagBag from /home/airflow/.local/lib/python3.12/site-packages/airflow/example_dags/example_branch_python_dop_operator_3.py
[2025-04-22T10:07:09.177+0000] {processor.py:925} INFO - DAG(s) 'example_branch_dop_operator_v3' retrieved from /home/airflow/.local/lib/python3.12/site-packages/airflow/example_dags/example_branch_python_dop_operator_3.py
[2025-04-22T10:07:09.186+0000] {logging_mixin.py:190} INFO - [2025-04-22T10:07:09.185+0000] {dag.py:3239} INFO - Sync 1 DAGs
[2025-04-22T10:07:09.196+0000] {logging_mixin.py:190} INFO - [2025-04-22T10:07:09.196+0000] {dag.py:4180} INFO - Setting next_dagrun for example_branch_dop_operator_v3 to 2025-04-22 10:06:00+00:00, run_after=2025-04-22 10:07:00+00:00
[2025-04-22T10:07:09.203+0000] {processor.py:208} INFO - Processing /home/airflow/.local/lib/python3.12/site-packages/airflow/example_dags/example_branch_python_dop_operator_3.py took 0.035 seconds
[2025-04-22T10:07:39.541+0000] {processor.py:186} INFO - Started process (PID=374) to work on /home/airflow/.local/lib/python3.12/site-packages/airflow/example_dags/example_branch_python_dop_operator_3.py
[2025-04-22T10:07:39.542+0000] {processor.py:914} INFO - Processing file /home/airflow/.local/lib/python3.12/site-packages/airflow/example_dags/example_branch_python_dop_operator_3.py for tasks to queue
[2025-04-22T10:07:39.542+0000] {logging_mixin.py:190} INFO - [2025-04-22T10:07:39.542+0000] {dagbag.py:588} INFO - Filling up the DagBag from /home/airflow/.local/lib/python3.12/site-packages/airflow/example_dags/example_branch_python_dop_operator_3.py
[2025-04-22T10:07:39.547+0000] {processor.py:925} INFO - DAG(s) 'example_branch_dop_operator_v3' retrieved from /home/airflow/.local/lib/python3.12/site-packages/airflow/example_dags/example_branch_python_dop_operator_3.py
[2025-04-22T10:07:39.556+0000] {logging_mixin.py:190} INFO - [2025-04-22T10:07:39.556+0000] {dag.py:3239} INFO - Sync 1 DAGs
[2025-04-22T10:07:39.567+0000] {logging_mixin.py:190} INFO - [2025-04-22T10:07:39.567+0000] {dag.py:4180} INFO - Setting next_dagrun for example_branch_dop_operator_v3 to 2025-04-22 10:06:00+00:00, run_after=2025-04-22 10:07:00+00:00
[2025-04-22T10:07:39.573+0000] {processor.py:208} INFO - Processing /home/airflow/.local/lib/python3.12/site-packages/airflow/example_dags/example_branch_python_dop_operator_3.py took 0.035 seconds
[2025-04-22T10:08:09.920+0000] {processor.py:186} INFO - Started process (PID=437) to work on /home/airflow/.local/lib/python3.12/site-packages/airflow/example_dags/example_branch_python_dop_operator_3.py
[2025-04-22T10:08:09.920+0000] {processor.py:914} INFO - Processing file /home/airflow/.local/lib/python3.12/site-packages/airflow/example_dags/example_branch_python_dop_operator_3.py for tasks to queue
[2025-04-22T10:08:09.921+0000] {logging_mixin.py:190} INFO - [2025-04-22T10:08:09.921+0000] {dagbag.py:588} INFO - Filling up the DagBag from /home/airflow/.local/lib/python3.12/site-packages/airflow/example_dags/example_branch_python_dop_operator_3.py
[2025-04-22T10:08:09.926+0000] {processor.py:925} INFO - DAG(s) 'example_branch_dop_operator_v3' retrieved from /home/airflow/.local/lib/python3.12/site-packages/airflow/example_dags/example_branch_python_dop_operator_3.py
[2025-04-22T10:08:09.934+0000] {logging_mixin.py:190} INFO - [2025-04-22T10:08:09.934+0000] {dag.py:3239} INFO - Sync 1 DAGs
[2025-04-22T10:08:09.945+0000] {logging_mixin.py:190} INFO - [2025-04-22T10:08:09.944+0000] {dag.py:4180} INFO - Setting next_dagrun for example_branch_dop_operator_v3 to 2025-04-22 10:07:00+00:00, run_after=2025-04-22 10:08:00+00:00
[2025-04-22T10:08:09.951+0000] {processor.py:208} INFO - Processing /home/airflow/.local/lib/python3.12/site-packages/airflow/example_dags/example_branch_python_dop_operator_3.py took 0.033 seconds
[2025-04-22T10:08:40.263+0000] {processor.py:186} INFO - Started process (PID=500) to work on /home/airflow/.local/lib/python3.12/site-packages/airflow/example_dags/example_branch_python_dop_operator_3.py
[2025-04-22T10:08:40.263+0000] {processor.py:914} INFO - Processing file /home/airflow/.local/lib/python3.12/site-packages/airflow/example_dags/example_branch_python_dop_operator_3.py for tasks to queue
[2025-04-22T10:08:40.264+0000] {logging_mixin.py:190} INFO - [2025-04-22T10:08:40.264+0000] {dagbag.py:588} INFO - Filling up the DagBag from /home/airflow/.local/lib/python3.12/site-packages/airflow/example_dags/example_branch_python_dop_operator_3.py
[2025-04-22T10:08:40.270+0000] {processor.py:925} INFO - DAG(s) 'example_branch_dop_operator_v3' retrieved from /home/airflow/.local/lib/python3.12/site-packages/airflow/example_dags/example_branch_python_dop_operator_3.py
[2025-04-22T10:08:40.278+0000] {logging_mixin.py:190} INFO - [2025-04-22T10:08:40.278+0000] {dag.py:3239} INFO - Sync 1 DAGs
[2025-04-22T10:08:40.289+0000] {logging_mixin.py:190} INFO - [2025-04-22T10:08:40.289+0000] {dag.py:4180} INFO - Setting next_dagrun for example_branch_dop_operator_v3 to 2025-04-22 10:07:00+00:00, run_after=2025-04-22 10:08:00+00:00
[2025-04-22T10:08:40.295+0000] {processor.py:208} INFO - Processing /home/airflow/.local/lib/python3.12/site-packages/airflow/example_dags/example_branch_python_dop_operator_3.py took 0.035 seconds
[2025-04-22T10:09:10.642+0000] {processor.py:186} INFO - Started process (PID=563) to work on /home/airflow/.local/lib/python3.12/site-packages/airflow/example_dags/example_branch_python_dop_operator_3.py
[2025-04-22T10:09:10.643+0000] {processor.py:914} INFO - Processing file /home/airflow/.local/lib/python3.12/site-packages/airflow/example_dags/example_branch_python_dop_operator_3.py for tasks to queue
[2025-04-22T10:09:10.643+0000] {logging_mixin.py:190} INFO - [2025-04-22T10:09:10.643+0000] {dagbag.py:588} INFO - Filling up the DagBag from /home/airflow/.local/lib/python3.12/site-packages/airflow/example_dags/example_branch_python_dop_operator_3.py
[2025-04-22T10:09:10.648+0000] {processor.py:925} INFO - DAG(s) 'example_branch_dop_operator_v3' retrieved from /home/airflow/.local/lib/python3.12/site-packages/airflow/example_dags/example_branch_python_dop_operator_3.py
[2025-04-22T10:09:10.657+0000] {logging_mixin.py:190} INFO - [2025-04-22T10:09:10.657+0000] {dag.py:3239} INFO - Sync 1 DAGs
[2025-04-22T10:09:10.668+0000] {logging_mixin.py:190} INFO - [2025-04-22T10:09:10.668+0000] {dag.py:4180} INFO - Setting next_dagrun for example_branch_dop_operator_v3 to 2025-04-22 10:08:00+00:00, run_after=2025-04-22 10:09:00+00:00
[2025-04-22T10:09:10.674+0000] {processor.py:208} INFO - Processing /home/airflow/.local/lib/python3.12/site-packages/airflow/example_dags/example_branch_python_dop_operator_3.py took 0.035 seconds
[2025-04-22T10:09:40.980+0000] {processor.py:186} INFO - Started process (PID=626) to work on /home/airflow/.local/lib/python3.12/site-packages/airflow/example_dags/example_branch_python_dop_operator_3.py
[2025-04-22T10:09:40.980+0000] {processor.py:914} INFO - Processing file /home/airflow/.local/lib/python3.12/site-packages/airflow/example_dags/example_branch_python_dop_operator_3.py for tasks to queue
[2025-04-22T10:09:40.981+0000] {logging_mixin.py:190} INFO - [2025-04-22T10:09:40.981+0000] {dagbag.py:588} INFO - Filling up the DagBag from /home/airflow/.local/lib/python3.12/site-packages/airflow/example_dags/example_branch_python_dop_operator_3.py
[2025-04-22T10:09:40.986+0000] {processor.py:925} INFO - DAG(s) 'example_branch_dop_operator_v3' retrieved from /home/airflow/.local/lib/python3.12/site-packages/airflow/example_dags/example_branch_python_dop_operator_3.py
[2025-04-22T10:09:40.994+0000] {logging_mixin.py:190} INFO - [2025-04-22T10:09:40.994+0000] {dag.py:3239} INFO - Sync 1 DAGs
[2025-04-22T10:09:41.005+0000] {logging_mixin.py:190} INFO - [2025-04-22T10:09:41.005+0000] {dag.py:4180} INFO - Setting next_dagrun for example_branch_dop_operator_v3 to 2025-04-22 10:08:00+00:00, run_after=2025-04-22 10:09:00+00:00
[2025-04-22T10:09:41.011+0000] {processor.py:208} INFO - Processing /home/airflow/.local/lib/python3.12/site-packages/airflow/example_dags/example_branch_python_dop_operator_3.py took 0.034 seconds
