[2025-04-22T09:53:47.700+0000] {processor.py:186} INFO - Started process (PID=67) to work on /home/airflow/.local/lib/python3.12/site-packages/airflow/example_dags/example_dataset_alias.py
[2025-04-22T09:53:47.700+0000] {processor.py:914} INFO - Processing file /home/airflow/.local/lib/python3.12/site-packages/airflow/example_dags/example_dataset_alias.py for tasks to queue
[2025-04-22T09:53:47.701+0000] {logging_mixin.py:190} INFO - [2025-04-22T09:53:47.701+0000] {dagbag.py:588} INFO - Filling up the DagBag from /home/airflow/.local/lib/python3.12/site-packages/airflow/example_dags/example_dataset_alias.py
[2025-04-22T09:53:48.415+0000] {processor.py:925} INFO - DAG(s) 'dataset_s3_bucket_producer', 'dataset_alias_example_alias_consumer', 'dataset_s3_bucket_consumer', 'dataset_alias_example_alias_producer' retrieved from /home/airflow/.local/lib/python3.12/site-packages/airflow/example_dags/example_dataset_alias.py
[2025-04-22T09:53:48.417+0000] {logging_mixin.py:190} INFO - [2025-04-22T09:53:48.417+0000] {dag.py:3239} INFO - Sync 4 DAGs
[2025-04-22T09:53:48.427+0000] {logging_mixin.py:190} INFO - [2025-04-22T09:53:48.426+0000] {dag.py:4180} INFO - Setting next_dagrun for dataset_alias_example_alias_consumer to None, run_after=None
[2025-04-22T09:53:48.428+0000] {logging_mixin.py:190} INFO - [2025-04-22T09:53:48.428+0000] {dag.py:4180} INFO - Setting next_dagrun for dataset_alias_example_alias_producer to None, run_after=None
[2025-04-22T09:53:48.429+0000] {logging_mixin.py:190} INFO - [2025-04-22T09:53:48.429+0000] {dag.py:4180} INFO - Setting next_dagrun for dataset_s3_bucket_consumer to None, run_after=None
[2025-04-22T09:53:48.429+0000] {logging_mixin.py:190} INFO - [2025-04-22T09:53:48.429+0000] {dag.py:4180} INFO - Setting next_dagrun for dataset_s3_bucket_producer to None, run_after=None
[2025-04-22T09:53:48.439+0000] {processor.py:208} INFO - Processing /home/airflow/.local/lib/python3.12/site-packages/airflow/example_dags/example_dataset_alias.py took 0.742 seconds
[2025-04-22T09:55:00.328+0000] {processor.py:186} INFO - Started process (PID=67) to work on /home/airflow/.local/lib/python3.12/site-packages/airflow/example_dags/example_dataset_alias.py
[2025-04-22T09:55:00.330+0000] {processor.py:914} INFO - Processing file /home/airflow/.local/lib/python3.12/site-packages/airflow/example_dags/example_dataset_alias.py for tasks to queue
[2025-04-22T09:55:00.330+0000] {logging_mixin.py:190} INFO - [2025-04-22T09:55:00.330+0000] {dagbag.py:588} INFO - Filling up the DagBag from /home/airflow/.local/lib/python3.12/site-packages/airflow/example_dags/example_dataset_alias.py
[2025-04-22T09:55:01.057+0000] {processor.py:925} INFO - DAG(s) 'dataset_alias_example_alias_producer', 'dataset_s3_bucket_consumer', 'dataset_alias_example_alias_consumer', 'dataset_s3_bucket_producer' retrieved from /home/airflow/.local/lib/python3.12/site-packages/airflow/example_dags/example_dataset_alias.py
[2025-04-22T09:55:01.124+0000] {logging_mixin.py:190} INFO - [2025-04-22T09:55:01.124+0000] {dag.py:3239} INFO - Sync 4 DAGs
[2025-04-22T09:55:01.133+0000] {logging_mixin.py:190} INFO - [2025-04-22T09:55:01.133+0000] {dag.py:4180} INFO - Setting next_dagrun for dataset_alias_example_alias_consumer to None, run_after=None
[2025-04-22T09:55:01.134+0000] {logging_mixin.py:190} INFO - [2025-04-22T09:55:01.134+0000] {dag.py:4180} INFO - Setting next_dagrun for dataset_alias_example_alias_producer to None, run_after=None
[2025-04-22T09:55:01.134+0000] {logging_mixin.py:190} INFO - [2025-04-22T09:55:01.134+0000] {dag.py:4180} INFO - Setting next_dagrun for dataset_s3_bucket_consumer to None, run_after=None
[2025-04-22T09:55:01.135+0000] {logging_mixin.py:190} INFO - [2025-04-22T09:55:01.135+0000] {dag.py:4180} INFO - Setting next_dagrun for dataset_s3_bucket_producer to None, run_after=None
[2025-04-22T09:55:01.143+0000] {processor.py:208} INFO - Processing /home/airflow/.local/lib/python3.12/site-packages/airflow/example_dags/example_dataset_alias.py took 0.817 seconds
[2025-04-22T09:55:32.103+0000] {processor.py:186} INFO - Started process (PID=137) to work on /home/airflow/.local/lib/python3.12/site-packages/airflow/example_dags/example_dataset_alias.py
[2025-04-22T09:55:32.105+0000] {processor.py:914} INFO - Processing file /home/airflow/.local/lib/python3.12/site-packages/airflow/example_dags/example_dataset_alias.py for tasks to queue
[2025-04-22T09:55:32.106+0000] {logging_mixin.py:190} INFO - [2025-04-22T09:55:32.106+0000] {dagbag.py:588} INFO - Filling up the DagBag from /home/airflow/.local/lib/python3.12/site-packages/airflow/example_dags/example_dataset_alias.py
[2025-04-22T09:55:32.411+0000] {processor.py:925} INFO - DAG(s) 'dataset_alias_example_alias_producer', 'dataset_s3_bucket_producer', 'dataset_s3_bucket_consumer', 'dataset_alias_example_alias_consumer' retrieved from /home/airflow/.local/lib/python3.12/site-packages/airflow/example_dags/example_dataset_alias.py
[2025-04-22T09:55:32.419+0000] {logging_mixin.py:190} INFO - [2025-04-22T09:55:32.418+0000] {dag.py:3239} INFO - Sync 4 DAGs
[2025-04-22T09:55:32.428+0000] {logging_mixin.py:190} INFO - [2025-04-22T09:55:32.428+0000] {dag.py:4180} INFO - Setting next_dagrun for dataset_alias_example_alias_consumer to None, run_after=None
[2025-04-22T09:55:32.429+0000] {logging_mixin.py:190} INFO - [2025-04-22T09:55:32.429+0000] {dag.py:4180} INFO - Setting next_dagrun for dataset_alias_example_alias_producer to None, run_after=None
[2025-04-22T09:55:32.430+0000] {logging_mixin.py:190} INFO - [2025-04-22T09:55:32.430+0000] {dag.py:4180} INFO - Setting next_dagrun for dataset_s3_bucket_consumer to None, run_after=None
[2025-04-22T09:55:32.430+0000] {logging_mixin.py:190} INFO - [2025-04-22T09:55:32.430+0000] {dag.py:4180} INFO - Setting next_dagrun for dataset_s3_bucket_producer to None, run_after=None
[2025-04-22T09:55:32.439+0000] {processor.py:208} INFO - Processing /home/airflow/.local/lib/python3.12/site-packages/airflow/example_dags/example_dataset_alias.py took 0.339 seconds
[2025-04-22T09:56:03.384+0000] {processor.py:186} INFO - Started process (PID=200) to work on /home/airflow/.local/lib/python3.12/site-packages/airflow/example_dags/example_dataset_alias.py
[2025-04-22T09:56:03.385+0000] {processor.py:914} INFO - Processing file /home/airflow/.local/lib/python3.12/site-packages/airflow/example_dags/example_dataset_alias.py for tasks to queue
[2025-04-22T09:56:03.386+0000] {logging_mixin.py:190} INFO - [2025-04-22T09:56:03.386+0000] {dagbag.py:588} INFO - Filling up the DagBag from /home/airflow/.local/lib/python3.12/site-packages/airflow/example_dags/example_dataset_alias.py
[2025-04-22T09:56:03.690+0000] {processor.py:925} INFO - DAG(s) 'dataset_s3_bucket_producer', 'dataset_alias_example_alias_consumer', 'dataset_s3_bucket_consumer', 'dataset_alias_example_alias_producer' retrieved from /home/airflow/.local/lib/python3.12/site-packages/airflow/example_dags/example_dataset_alias.py
[2025-04-22T09:56:03.698+0000] {logging_mixin.py:190} INFO - [2025-04-22T09:56:03.698+0000] {dag.py:3239} INFO - Sync 4 DAGs
[2025-04-22T09:56:03.708+0000] {logging_mixin.py:190} INFO - [2025-04-22T09:56:03.708+0000] {dag.py:4180} INFO - Setting next_dagrun for dataset_alias_example_alias_consumer to None, run_after=None
[2025-04-22T09:56:03.709+0000] {logging_mixin.py:190} INFO - [2025-04-22T09:56:03.709+0000] {dag.py:4180} INFO - Setting next_dagrun for dataset_alias_example_alias_producer to None, run_after=None
[2025-04-22T09:56:03.709+0000] {logging_mixin.py:190} INFO - [2025-04-22T09:56:03.709+0000] {dag.py:4180} INFO - Setting next_dagrun for dataset_s3_bucket_consumer to None, run_after=None
[2025-04-22T09:56:03.710+0000] {logging_mixin.py:190} INFO - [2025-04-22T09:56:03.710+0000] {dag.py:4180} INFO - Setting next_dagrun for dataset_s3_bucket_producer to None, run_after=None
[2025-04-22T09:56:03.718+0000] {processor.py:208} INFO - Processing /home/airflow/.local/lib/python3.12/site-packages/airflow/example_dags/example_dataset_alias.py took 0.337 seconds
[2025-04-22T09:56:34.636+0000] {processor.py:186} INFO - Started process (PID=263) to work on /home/airflow/.local/lib/python3.12/site-packages/airflow/example_dags/example_dataset_alias.py
[2025-04-22T09:56:34.638+0000] {processor.py:914} INFO - Processing file /home/airflow/.local/lib/python3.12/site-packages/airflow/example_dags/example_dataset_alias.py for tasks to queue
[2025-04-22T09:56:34.639+0000] {logging_mixin.py:190} INFO - [2025-04-22T09:56:34.639+0000] {dagbag.py:588} INFO - Filling up the DagBag from /home/airflow/.local/lib/python3.12/site-packages/airflow/example_dags/example_dataset_alias.py
[2025-04-22T09:56:34.941+0000] {processor.py:925} INFO - DAG(s) 'dataset_alias_example_alias_producer', 'dataset_alias_example_alias_consumer', 'dataset_s3_bucket_consumer', 'dataset_s3_bucket_producer' retrieved from /home/airflow/.local/lib/python3.12/site-packages/airflow/example_dags/example_dataset_alias.py
[2025-04-22T09:56:34.950+0000] {logging_mixin.py:190} INFO - [2025-04-22T09:56:34.950+0000] {dag.py:3239} INFO - Sync 4 DAGs
[2025-04-22T09:56:34.960+0000] {logging_mixin.py:190} INFO - [2025-04-22T09:56:34.959+0000] {dag.py:4180} INFO - Setting next_dagrun for dataset_alias_example_alias_consumer to None, run_after=None
[2025-04-22T09:56:34.961+0000] {logging_mixin.py:190} INFO - [2025-04-22T09:56:34.960+0000] {dag.py:4180} INFO - Setting next_dagrun for dataset_alias_example_alias_producer to None, run_after=None
[2025-04-22T09:56:34.961+0000] {logging_mixin.py:190} INFO - [2025-04-22T09:56:34.961+0000] {dag.py:4180} INFO - Setting next_dagrun for dataset_s3_bucket_consumer to None, run_after=None
[2025-04-22T09:56:34.962+0000] {logging_mixin.py:190} INFO - [2025-04-22T09:56:34.961+0000] {dag.py:4180} INFO - Setting next_dagrun for dataset_s3_bucket_producer to None, run_after=None
[2025-04-22T09:56:34.971+0000] {processor.py:208} INFO - Processing /home/airflow/.local/lib/python3.12/site-packages/airflow/example_dags/example_dataset_alias.py took 0.338 seconds
[2025-04-22T09:57:05.898+0000] {processor.py:186} INFO - Started process (PID=326) to work on /home/airflow/.local/lib/python3.12/site-packages/airflow/example_dags/example_dataset_alias.py
[2025-04-22T09:57:05.899+0000] {processor.py:914} INFO - Processing file /home/airflow/.local/lib/python3.12/site-packages/airflow/example_dags/example_dataset_alias.py for tasks to queue
[2025-04-22T09:57:05.900+0000] {logging_mixin.py:190} INFO - [2025-04-22T09:57:05.899+0000] {dagbag.py:588} INFO - Filling up the DagBag from /home/airflow/.local/lib/python3.12/site-packages/airflow/example_dags/example_dataset_alias.py
[2025-04-22T09:57:06.201+0000] {processor.py:925} INFO - DAG(s) 'dataset_alias_example_alias_producer', 'dataset_s3_bucket_consumer', 'dataset_alias_example_alias_consumer', 'dataset_s3_bucket_producer' retrieved from /home/airflow/.local/lib/python3.12/site-packages/airflow/example_dags/example_dataset_alias.py
[2025-04-22T09:57:06.210+0000] {logging_mixin.py:190} INFO - [2025-04-22T09:57:06.209+0000] {dag.py:3239} INFO - Sync 4 DAGs
[2025-04-22T09:57:06.220+0000] {logging_mixin.py:190} INFO - [2025-04-22T09:57:06.220+0000] {dag.py:4180} INFO - Setting next_dagrun for dataset_alias_example_alias_consumer to None, run_after=None
[2025-04-22T09:57:06.221+0000] {logging_mixin.py:190} INFO - [2025-04-22T09:57:06.221+0000] {dag.py:4180} INFO - Setting next_dagrun for dataset_alias_example_alias_producer to None, run_after=None
[2025-04-22T09:57:06.221+0000] {logging_mixin.py:190} INFO - [2025-04-22T09:57:06.221+0000] {dag.py:4180} INFO - Setting next_dagrun for dataset_s3_bucket_consumer to None, run_after=None
[2025-04-22T09:57:06.222+0000] {logging_mixin.py:190} INFO - [2025-04-22T09:57:06.222+0000] {dag.py:4180} INFO - Setting next_dagrun for dataset_s3_bucket_producer to None, run_after=None
[2025-04-22T09:57:06.232+0000] {processor.py:208} INFO - Processing /home/airflow/.local/lib/python3.12/site-packages/airflow/example_dags/example_dataset_alias.py took 0.336 seconds
[2025-04-22T09:57:37.106+0000] {processor.py:186} INFO - Started process (PID=389) to work on /home/airflow/.local/lib/python3.12/site-packages/airflow/example_dags/example_dataset_alias.py
[2025-04-22T09:57:37.107+0000] {processor.py:914} INFO - Processing file /home/airflow/.local/lib/python3.12/site-packages/airflow/example_dags/example_dataset_alias.py for tasks to queue
[2025-04-22T09:57:37.108+0000] {logging_mixin.py:190} INFO - [2025-04-22T09:57:37.108+0000] {dagbag.py:588} INFO - Filling up the DagBag from /home/airflow/.local/lib/python3.12/site-packages/airflow/example_dags/example_dataset_alias.py
[2025-04-22T09:57:37.409+0000] {processor.py:925} INFO - DAG(s) 'dataset_alias_example_alias_consumer', 'dataset_alias_example_alias_producer', 'dataset_s3_bucket_consumer', 'dataset_s3_bucket_producer' retrieved from /home/airflow/.local/lib/python3.12/site-packages/airflow/example_dags/example_dataset_alias.py
[2025-04-22T09:57:37.417+0000] {logging_mixin.py:190} INFO - [2025-04-22T09:57:37.417+0000] {dag.py:3239} INFO - Sync 4 DAGs
[2025-04-22T09:57:37.427+0000] {logging_mixin.py:190} INFO - [2025-04-22T09:57:37.427+0000] {dag.py:4180} INFO - Setting next_dagrun for dataset_alias_example_alias_consumer to None, run_after=None
[2025-04-22T09:57:37.428+0000] {logging_mixin.py:190} INFO - [2025-04-22T09:57:37.428+0000] {dag.py:4180} INFO - Setting next_dagrun for dataset_alias_example_alias_producer to None, run_after=None
[2025-04-22T09:57:37.429+0000] {logging_mixin.py:190} INFO - [2025-04-22T09:57:37.429+0000] {dag.py:4180} INFO - Setting next_dagrun for dataset_s3_bucket_consumer to None, run_after=None
[2025-04-22T09:57:37.429+0000] {logging_mixin.py:190} INFO - [2025-04-22T09:57:37.429+0000] {dag.py:4180} INFO - Setting next_dagrun for dataset_s3_bucket_producer to None, run_after=None
[2025-04-22T09:57:37.437+0000] {processor.py:208} INFO - Processing /home/airflow/.local/lib/python3.12/site-packages/airflow/example_dags/example_dataset_alias.py took 0.334 seconds
[2025-04-22T09:58:33.032+0000] {processor.py:186} INFO - Started process (PID=67) to work on /home/airflow/.local/lib/python3.12/site-packages/airflow/example_dags/example_dataset_alias.py
[2025-04-22T09:58:33.033+0000] {processor.py:914} INFO - Processing file /home/airflow/.local/lib/python3.12/site-packages/airflow/example_dags/example_dataset_alias.py for tasks to queue
[2025-04-22T09:58:33.034+0000] {logging_mixin.py:190} INFO - [2025-04-22T09:58:33.034+0000] {dagbag.py:588} INFO - Filling up the DagBag from /home/airflow/.local/lib/python3.12/site-packages/airflow/example_dags/example_dataset_alias.py
[2025-04-22T09:58:33.764+0000] {processor.py:925} INFO - DAG(s) 'dataset_s3_bucket_producer', 'dataset_alias_example_alias_consumer', 'dataset_alias_example_alias_producer', 'dataset_s3_bucket_consumer' retrieved from /home/airflow/.local/lib/python3.12/site-packages/airflow/example_dags/example_dataset_alias.py
[2025-04-22T09:58:33.774+0000] {logging_mixin.py:190} INFO - [2025-04-22T09:58:33.773+0000] {dag.py:3239} INFO - Sync 4 DAGs
[2025-04-22T09:58:33.783+0000] {logging_mixin.py:190} INFO - [2025-04-22T09:58:33.783+0000] {dag.py:4180} INFO - Setting next_dagrun for dataset_alias_example_alias_consumer to None, run_after=None
[2025-04-22T09:58:33.784+0000] {logging_mixin.py:190} INFO - [2025-04-22T09:58:33.784+0000] {dag.py:4180} INFO - Setting next_dagrun for dataset_alias_example_alias_producer to None, run_after=None
[2025-04-22T09:58:33.785+0000] {logging_mixin.py:190} INFO - [2025-04-22T09:58:33.785+0000] {dag.py:4180} INFO - Setting next_dagrun for dataset_s3_bucket_consumer to None, run_after=None
[2025-04-22T09:58:33.785+0000] {logging_mixin.py:190} INFO - [2025-04-22T09:58:33.785+0000] {dag.py:4180} INFO - Setting next_dagrun for dataset_s3_bucket_producer to None, run_after=None
[2025-04-22T09:58:33.795+0000] {processor.py:208} INFO - Processing /home/airflow/.local/lib/python3.12/site-packages/airflow/example_dags/example_dataset_alias.py took 0.765 seconds
[2025-04-22T09:59:03.945+0000] {processor.py:186} INFO - Started process (PID=136) to work on /home/airflow/.local/lib/python3.12/site-packages/airflow/example_dags/example_dataset_alias.py
[2025-04-22T09:59:03.946+0000] {processor.py:914} INFO - Processing file /home/airflow/.local/lib/python3.12/site-packages/airflow/example_dags/example_dataset_alias.py for tasks to queue
[2025-04-22T09:59:03.947+0000] {logging_mixin.py:190} INFO - [2025-04-22T09:59:03.947+0000] {dagbag.py:588} INFO - Filling up the DagBag from /home/airflow/.local/lib/python3.12/site-packages/airflow/example_dags/example_dataset_alias.py
[2025-04-22T09:59:04.249+0000] {processor.py:925} INFO - DAG(s) 'dataset_alias_example_alias_consumer', 'dataset_s3_bucket_producer', 'dataset_s3_bucket_consumer', 'dataset_alias_example_alias_producer' retrieved from /home/airflow/.local/lib/python3.12/site-packages/airflow/example_dags/example_dataset_alias.py
[2025-04-22T09:59:04.257+0000] {logging_mixin.py:190} INFO - [2025-04-22T09:59:04.257+0000] {dag.py:3239} INFO - Sync 4 DAGs
[2025-04-22T09:59:04.267+0000] {logging_mixin.py:190} INFO - [2025-04-22T09:59:04.267+0000] {dag.py:4180} INFO - Setting next_dagrun for dataset_alias_example_alias_consumer to None, run_after=None
[2025-04-22T09:59:04.268+0000] {logging_mixin.py:190} INFO - [2025-04-22T09:59:04.268+0000] {dag.py:4180} INFO - Setting next_dagrun for dataset_alias_example_alias_producer to None, run_after=None
[2025-04-22T09:59:04.269+0000] {logging_mixin.py:190} INFO - [2025-04-22T09:59:04.269+0000] {dag.py:4180} INFO - Setting next_dagrun for dataset_s3_bucket_consumer to None, run_after=None
[2025-04-22T09:59:04.269+0000] {logging_mixin.py:190} INFO - [2025-04-22T09:59:04.269+0000] {dag.py:4180} INFO - Setting next_dagrun for dataset_s3_bucket_producer to None, run_after=None
[2025-04-22T09:59:04.279+0000] {processor.py:208} INFO - Processing /home/airflow/.local/lib/python3.12/site-packages/airflow/example_dags/example_dataset_alias.py took 0.338 seconds
[2025-04-22T09:59:34.438+0000] {processor.py:186} INFO - Started process (PID=199) to work on /home/airflow/.local/lib/python3.12/site-packages/airflow/example_dags/example_dataset_alias.py
[2025-04-22T09:59:34.438+0000] {processor.py:914} INFO - Processing file /home/airflow/.local/lib/python3.12/site-packages/airflow/example_dags/example_dataset_alias.py for tasks to queue
[2025-04-22T09:59:34.439+0000] {logging_mixin.py:190} INFO - [2025-04-22T09:59:34.439+0000] {dagbag.py:588} INFO - Filling up the DagBag from /home/airflow/.local/lib/python3.12/site-packages/airflow/example_dags/example_dataset_alias.py
[2025-04-22T09:59:34.737+0000] {processor.py:925} INFO - DAG(s) 'dataset_alias_example_alias_producer', 'dataset_s3_bucket_consumer', 'dataset_alias_example_alias_consumer', 'dataset_s3_bucket_producer' retrieved from /home/airflow/.local/lib/python3.12/site-packages/airflow/example_dags/example_dataset_alias.py
[2025-04-22T09:59:34.746+0000] {logging_mixin.py:190} INFO - [2025-04-22T09:59:34.745+0000] {dag.py:3239} INFO - Sync 4 DAGs
[2025-04-22T09:59:34.755+0000] {logging_mixin.py:190} INFO - [2025-04-22T09:59:34.755+0000] {dag.py:4180} INFO - Setting next_dagrun for dataset_alias_example_alias_consumer to None, run_after=None
[2025-04-22T09:59:34.756+0000] {logging_mixin.py:190} INFO - [2025-04-22T09:59:34.756+0000] {dag.py:4180} INFO - Setting next_dagrun for dataset_alias_example_alias_producer to None, run_after=None
[2025-04-22T09:59:34.757+0000] {logging_mixin.py:190} INFO - [2025-04-22T09:59:34.756+0000] {dag.py:4180} INFO - Setting next_dagrun for dataset_s3_bucket_consumer to None, run_after=None
[2025-04-22T09:59:34.757+0000] {logging_mixin.py:190} INFO - [2025-04-22T09:59:34.757+0000] {dag.py:4180} INFO - Setting next_dagrun for dataset_s3_bucket_producer to None, run_after=None
[2025-04-22T09:59:34.766+0000] {processor.py:208} INFO - Processing /home/airflow/.local/lib/python3.12/site-packages/airflow/example_dags/example_dataset_alias.py took 0.333 seconds
[2025-04-22T10:00:04.879+0000] {processor.py:186} INFO - Started process (PID=262) to work on /home/airflow/.local/lib/python3.12/site-packages/airflow/example_dags/example_dataset_alias.py
[2025-04-22T10:00:04.880+0000] {processor.py:914} INFO - Processing file /home/airflow/.local/lib/python3.12/site-packages/airflow/example_dags/example_dataset_alias.py for tasks to queue
[2025-04-22T10:00:04.881+0000] {logging_mixin.py:190} INFO - [2025-04-22T10:00:04.881+0000] {dagbag.py:588} INFO - Filling up the DagBag from /home/airflow/.local/lib/python3.12/site-packages/airflow/example_dags/example_dataset_alias.py
[2025-04-22T10:00:05.167+0000] {processor.py:925} INFO - DAG(s) 'dataset_s3_bucket_producer', 'dataset_alias_example_alias_consumer', 'dataset_s3_bucket_consumer', 'dataset_alias_example_alias_producer' retrieved from /home/airflow/.local/lib/python3.12/site-packages/airflow/example_dags/example_dataset_alias.py
[2025-04-22T10:00:05.174+0000] {logging_mixin.py:190} INFO - [2025-04-22T10:00:05.174+0000] {dag.py:3239} INFO - Sync 4 DAGs
[2025-04-22T10:00:05.183+0000] {logging_mixin.py:190} INFO - [2025-04-22T10:00:05.183+0000] {dag.py:4180} INFO - Setting next_dagrun for dataset_alias_example_alias_consumer to None, run_after=None
[2025-04-22T10:00:05.184+0000] {logging_mixin.py:190} INFO - [2025-04-22T10:00:05.184+0000] {dag.py:4180} INFO - Setting next_dagrun for dataset_alias_example_alias_producer to None, run_after=None
[2025-04-22T10:00:05.184+0000] {logging_mixin.py:190} INFO - [2025-04-22T10:00:05.184+0000] {dag.py:4180} INFO - Setting next_dagrun for dataset_s3_bucket_consumer to None, run_after=None
[2025-04-22T10:00:05.185+0000] {logging_mixin.py:190} INFO - [2025-04-22T10:00:05.185+0000] {dag.py:4180} INFO - Setting next_dagrun for dataset_s3_bucket_producer to None, run_after=None
[2025-04-22T10:00:05.193+0000] {processor.py:208} INFO - Processing /home/airflow/.local/lib/python3.12/site-packages/airflow/example_dags/example_dataset_alias.py took 0.318 seconds
[2025-04-22T10:00:53.448+0000] {processor.py:186} INFO - Started process (PID=67) to work on /home/airflow/.local/lib/python3.12/site-packages/airflow/example_dags/example_dataset_alias.py
[2025-04-22T10:00:53.449+0000] {processor.py:914} INFO - Processing file /home/airflow/.local/lib/python3.12/site-packages/airflow/example_dags/example_dataset_alias.py for tasks to queue
[2025-04-22T10:00:53.450+0000] {logging_mixin.py:190} INFO - [2025-04-22T10:00:53.450+0000] {dagbag.py:588} INFO - Filling up the DagBag from /home/airflow/.local/lib/python3.12/site-packages/airflow/example_dags/example_dataset_alias.py
[2025-04-22T10:00:54.192+0000] {processor.py:925} INFO - DAG(s) 'dataset_alias_example_alias_producer', 'dataset_alias_example_alias_consumer', 'dataset_s3_bucket_consumer', 'dataset_s3_bucket_producer' retrieved from /home/airflow/.local/lib/python3.12/site-packages/airflow/example_dags/example_dataset_alias.py
[2025-04-22T10:00:54.202+0000] {logging_mixin.py:190} INFO - [2025-04-22T10:00:54.202+0000] {dag.py:3239} INFO - Sync 4 DAGs
[2025-04-22T10:00:54.212+0000] {logging_mixin.py:190} INFO - [2025-04-22T10:00:54.212+0000] {dag.py:4180} INFO - Setting next_dagrun for dataset_alias_example_alias_consumer to None, run_after=None
[2025-04-22T10:00:54.213+0000] {logging_mixin.py:190} INFO - [2025-04-22T10:00:54.213+0000] {dag.py:4180} INFO - Setting next_dagrun for dataset_alias_example_alias_producer to None, run_after=None
[2025-04-22T10:00:54.213+0000] {logging_mixin.py:190} INFO - [2025-04-22T10:00:54.213+0000] {dag.py:4180} INFO - Setting next_dagrun for dataset_s3_bucket_consumer to None, run_after=None
[2025-04-22T10:00:54.214+0000] {logging_mixin.py:190} INFO - [2025-04-22T10:00:54.214+0000] {dag.py:4180} INFO - Setting next_dagrun for dataset_s3_bucket_producer to None, run_after=None
[2025-04-22T10:00:54.223+0000] {processor.py:208} INFO - Processing /home/airflow/.local/lib/python3.12/site-packages/airflow/example_dags/example_dataset_alias.py took 0.778 seconds
[2025-04-22T10:01:24.458+0000] {processor.py:186} INFO - Started process (PID=136) to work on /home/airflow/.local/lib/python3.12/site-packages/airflow/example_dags/example_dataset_alias.py
[2025-04-22T10:01:24.459+0000] {processor.py:914} INFO - Processing file /home/airflow/.local/lib/python3.12/site-packages/airflow/example_dags/example_dataset_alias.py for tasks to queue
[2025-04-22T10:01:24.460+0000] {logging_mixin.py:190} INFO - [2025-04-22T10:01:24.460+0000] {dagbag.py:588} INFO - Filling up the DagBag from /home/airflow/.local/lib/python3.12/site-packages/airflow/example_dags/example_dataset_alias.py
[2025-04-22T10:01:24.760+0000] {processor.py:925} INFO - DAG(s) 'dataset_alias_example_alias_consumer', 'dataset_s3_bucket_consumer', 'dataset_alias_example_alias_producer', 'dataset_s3_bucket_producer' retrieved from /home/airflow/.local/lib/python3.12/site-packages/airflow/example_dags/example_dataset_alias.py
[2025-04-22T10:01:24.768+0000] {logging_mixin.py:190} INFO - [2025-04-22T10:01:24.768+0000] {dag.py:3239} INFO - Sync 4 DAGs
[2025-04-22T10:01:24.778+0000] {logging_mixin.py:190} INFO - [2025-04-22T10:01:24.778+0000] {dag.py:4180} INFO - Setting next_dagrun for dataset_alias_example_alias_consumer to None, run_after=None
[2025-04-22T10:01:24.779+0000] {logging_mixin.py:190} INFO - [2025-04-22T10:01:24.779+0000] {dag.py:4180} INFO - Setting next_dagrun for dataset_alias_example_alias_producer to None, run_after=None
[2025-04-22T10:01:24.780+0000] {logging_mixin.py:190} INFO - [2025-04-22T10:01:24.780+0000] {dag.py:4180} INFO - Setting next_dagrun for dataset_s3_bucket_consumer to None, run_after=None
[2025-04-22T10:01:24.780+0000] {logging_mixin.py:190} INFO - [2025-04-22T10:01:24.780+0000] {dag.py:4180} INFO - Setting next_dagrun for dataset_s3_bucket_producer to None, run_after=None
[2025-04-22T10:01:24.789+0000] {processor.py:208} INFO - Processing /home/airflow/.local/lib/python3.12/site-packages/airflow/example_dags/example_dataset_alias.py took 0.333 seconds
[2025-04-22T10:01:54.822+0000] {processor.py:186} INFO - Started process (PID=200) to work on /home/airflow/.local/lib/python3.12/site-packages/airflow/example_dags/example_dataset_alias.py
[2025-04-22T10:01:54.823+0000] {processor.py:914} INFO - Processing file /home/airflow/.local/lib/python3.12/site-packages/airflow/example_dags/example_dataset_alias.py for tasks to queue
[2025-04-22T10:01:54.824+0000] {logging_mixin.py:190} INFO - [2025-04-22T10:01:54.824+0000] {dagbag.py:588} INFO - Filling up the DagBag from /home/airflow/.local/lib/python3.12/site-packages/airflow/example_dags/example_dataset_alias.py
[2025-04-22T10:01:55.121+0000] {processor.py:925} INFO - DAG(s) 'dataset_s3_bucket_consumer', 'dataset_s3_bucket_producer', 'dataset_alias_example_alias_producer', 'dataset_alias_example_alias_consumer' retrieved from /home/airflow/.local/lib/python3.12/site-packages/airflow/example_dags/example_dataset_alias.py
[2025-04-22T10:01:55.129+0000] {logging_mixin.py:190} INFO - [2025-04-22T10:01:55.129+0000] {dag.py:3239} INFO - Sync 4 DAGs
[2025-04-22T10:01:55.139+0000] {logging_mixin.py:190} INFO - [2025-04-22T10:01:55.138+0000] {dag.py:4180} INFO - Setting next_dagrun for dataset_alias_example_alias_consumer to None, run_after=None
[2025-04-22T10:01:55.140+0000] {logging_mixin.py:190} INFO - [2025-04-22T10:01:55.140+0000] {dag.py:4180} INFO - Setting next_dagrun for dataset_alias_example_alias_producer to None, run_after=None
[2025-04-22T10:01:55.140+0000] {logging_mixin.py:190} INFO - [2025-04-22T10:01:55.140+0000] {dag.py:4180} INFO - Setting next_dagrun for dataset_s3_bucket_consumer to None, run_after=None
[2025-04-22T10:01:55.141+0000] {logging_mixin.py:190} INFO - [2025-04-22T10:01:55.141+0000] {dag.py:4180} INFO - Setting next_dagrun for dataset_s3_bucket_producer to None, run_after=None
[2025-04-22T10:01:55.150+0000] {processor.py:208} INFO - Processing /home/airflow/.local/lib/python3.12/site-packages/airflow/example_dags/example_dataset_alias.py took 0.331 seconds
[2025-04-22T10:02:25.209+0000] {processor.py:186} INFO - Started process (PID=263) to work on /home/airflow/.local/lib/python3.12/site-packages/airflow/example_dags/example_dataset_alias.py
[2025-04-22T10:02:25.210+0000] {processor.py:914} INFO - Processing file /home/airflow/.local/lib/python3.12/site-packages/airflow/example_dags/example_dataset_alias.py for tasks to queue
[2025-04-22T10:02:25.211+0000] {logging_mixin.py:190} INFO - [2025-04-22T10:02:25.211+0000] {dagbag.py:588} INFO - Filling up the DagBag from /home/airflow/.local/lib/python3.12/site-packages/airflow/example_dags/example_dataset_alias.py
[2025-04-22T10:02:25.501+0000] {processor.py:925} INFO - DAG(s) 'dataset_s3_bucket_producer', 'dataset_alias_example_alias_producer', 'dataset_s3_bucket_consumer', 'dataset_alias_example_alias_consumer' retrieved from /home/airflow/.local/lib/python3.12/site-packages/airflow/example_dags/example_dataset_alias.py
[2025-04-22T10:02:25.509+0000] {logging_mixin.py:190} INFO - [2025-04-22T10:02:25.509+0000] {dag.py:3239} INFO - Sync 4 DAGs
[2025-04-22T10:02:25.518+0000] {logging_mixin.py:190} INFO - [2025-04-22T10:02:25.518+0000] {dag.py:4180} INFO - Setting next_dagrun for dataset_alias_example_alias_consumer to None, run_after=None
[2025-04-22T10:02:25.519+0000] {logging_mixin.py:190} INFO - [2025-04-22T10:02:25.519+0000] {dag.py:4180} INFO - Setting next_dagrun for dataset_alias_example_alias_producer to None, run_after=None
[2025-04-22T10:02:25.519+0000] {logging_mixin.py:190} INFO - [2025-04-22T10:02:25.519+0000] {dag.py:4180} INFO - Setting next_dagrun for dataset_s3_bucket_consumer to None, run_after=None
[2025-04-22T10:02:25.519+0000] {logging_mixin.py:190} INFO - [2025-04-22T10:02:25.519+0000] {dag.py:4180} INFO - Setting next_dagrun for dataset_s3_bucket_producer to None, run_after=None
[2025-04-22T10:02:25.526+0000] {processor.py:208} INFO - Processing /home/airflow/.local/lib/python3.12/site-packages/airflow/example_dags/example_dataset_alias.py took 0.320 seconds
[2025-04-22T10:02:55.763+0000] {processor.py:186} INFO - Started process (PID=325) to work on /home/airflow/.local/lib/python3.12/site-packages/airflow/example_dags/example_dataset_alias.py
[2025-04-22T10:02:55.764+0000] {processor.py:914} INFO - Processing file /home/airflow/.local/lib/python3.12/site-packages/airflow/example_dags/example_dataset_alias.py for tasks to queue
[2025-04-22T10:02:55.765+0000] {logging_mixin.py:190} INFO - [2025-04-22T10:02:55.764+0000] {dagbag.py:588} INFO - Filling up the DagBag from /home/airflow/.local/lib/python3.12/site-packages/airflow/example_dags/example_dataset_alias.py
[2025-04-22T10:02:56.073+0000] {processor.py:925} INFO - DAG(s) 'dataset_alias_example_alias_consumer', 'dataset_s3_bucket_consumer', 'dataset_s3_bucket_producer', 'dataset_alias_example_alias_producer' retrieved from /home/airflow/.local/lib/python3.12/site-packages/airflow/example_dags/example_dataset_alias.py
[2025-04-22T10:02:56.081+0000] {logging_mixin.py:190} INFO - [2025-04-22T10:02:56.081+0000] {dag.py:3239} INFO - Sync 4 DAGs
[2025-04-22T10:02:56.091+0000] {logging_mixin.py:190} INFO - [2025-04-22T10:02:56.091+0000] {dag.py:4180} INFO - Setting next_dagrun for dataset_alias_example_alias_consumer to None, run_after=None
[2025-04-22T10:02:56.092+0000] {logging_mixin.py:190} INFO - [2025-04-22T10:02:56.092+0000] {dag.py:4180} INFO - Setting next_dagrun for dataset_alias_example_alias_producer to None, run_after=None
[2025-04-22T10:02:56.092+0000] {logging_mixin.py:190} INFO - [2025-04-22T10:02:56.092+0000] {dag.py:4180} INFO - Setting next_dagrun for dataset_s3_bucket_consumer to None, run_after=None
[2025-04-22T10:02:56.093+0000] {logging_mixin.py:190} INFO - [2025-04-22T10:02:56.093+0000] {dag.py:4180} INFO - Setting next_dagrun for dataset_s3_bucket_producer to None, run_after=None
[2025-04-22T10:02:56.100+0000] {processor.py:208} INFO - Processing /home/airflow/.local/lib/python3.12/site-packages/airflow/example_dags/example_dataset_alias.py took 0.340 seconds
[2025-04-22T10:03:26.184+0000] {processor.py:186} INFO - Started process (PID=395) to work on /home/airflow/.local/lib/python3.12/site-packages/airflow/example_dags/example_dataset_alias.py
[2025-04-22T10:03:26.184+0000] {processor.py:914} INFO - Processing file /home/airflow/.local/lib/python3.12/site-packages/airflow/example_dags/example_dataset_alias.py for tasks to queue
[2025-04-22T10:03:26.186+0000] {logging_mixin.py:190} INFO - [2025-04-22T10:03:26.185+0000] {dagbag.py:588} INFO - Filling up the DagBag from /home/airflow/.local/lib/python3.12/site-packages/airflow/example_dags/example_dataset_alias.py
[2025-04-22T10:03:26.502+0000] {processor.py:925} INFO - DAG(s) 'dataset_alias_example_alias_producer', 'dataset_alias_example_alias_consumer', 'dataset_s3_bucket_consumer', 'dataset_s3_bucket_producer' retrieved from /home/airflow/.local/lib/python3.12/site-packages/airflow/example_dags/example_dataset_alias.py
[2025-04-22T10:03:26.510+0000] {logging_mixin.py:190} INFO - [2025-04-22T10:03:26.510+0000] {dag.py:3239} INFO - Sync 4 DAGs
[2025-04-22T10:03:26.520+0000] {logging_mixin.py:190} INFO - [2025-04-22T10:03:26.520+0000] {dag.py:4180} INFO - Setting next_dagrun for dataset_alias_example_alias_consumer to None, run_after=None
[2025-04-22T10:03:26.521+0000] {logging_mixin.py:190} INFO - [2025-04-22T10:03:26.521+0000] {dag.py:4180} INFO - Setting next_dagrun for dataset_alias_example_alias_producer to None, run_after=None
[2025-04-22T10:03:26.522+0000] {logging_mixin.py:190} INFO - [2025-04-22T10:03:26.522+0000] {dag.py:4180} INFO - Setting next_dagrun for dataset_s3_bucket_consumer to None, run_after=None
[2025-04-22T10:03:26.522+0000] {logging_mixin.py:190} INFO - [2025-04-22T10:03:26.522+0000] {dag.py:4180} INFO - Setting next_dagrun for dataset_s3_bucket_producer to None, run_after=None
[2025-04-22T10:03:26.531+0000] {processor.py:208} INFO - Processing /home/airflow/.local/lib/python3.12/site-packages/airflow/example_dags/example_dataset_alias.py took 0.350 seconds
[2025-04-22T10:05:35.540+0000] {processor.py:186} INFO - Started process (PID=67) to work on /home/airflow/.local/lib/python3.12/site-packages/airflow/example_dags/example_dataset_alias.py
[2025-04-22T10:05:35.541+0000] {processor.py:914} INFO - Processing file /home/airflow/.local/lib/python3.12/site-packages/airflow/example_dags/example_dataset_alias.py for tasks to queue
[2025-04-22T10:05:35.542+0000] {logging_mixin.py:190} INFO - [2025-04-22T10:05:35.542+0000] {dagbag.py:588} INFO - Filling up the DagBag from /home/airflow/.local/lib/python3.12/site-packages/airflow/example_dags/example_dataset_alias.py
[2025-04-22T10:05:36.199+0000] {processor.py:925} INFO - DAG(s) 'dataset_alias_example_alias_consumer', 'dataset_s3_bucket_producer', 'dataset_s3_bucket_consumer', 'dataset_alias_example_alias_producer' retrieved from /home/airflow/.local/lib/python3.12/site-packages/airflow/example_dags/example_dataset_alias.py
[2025-04-22T10:05:36.207+0000] {logging_mixin.py:190} INFO - [2025-04-22T10:05:36.207+0000] {dag.py:3239} INFO - Sync 4 DAGs
[2025-04-22T10:05:36.216+0000] {logging_mixin.py:190} INFO - [2025-04-22T10:05:36.216+0000] {dag.py:4180} INFO - Setting next_dagrun for dataset_alias_example_alias_consumer to None, run_after=None
[2025-04-22T10:05:36.217+0000] {logging_mixin.py:190} INFO - [2025-04-22T10:05:36.217+0000] {dag.py:4180} INFO - Setting next_dagrun for dataset_alias_example_alias_producer to None, run_after=None
[2025-04-22T10:05:36.218+0000] {logging_mixin.py:190} INFO - [2025-04-22T10:05:36.218+0000] {dag.py:4180} INFO - Setting next_dagrun for dataset_s3_bucket_consumer to None, run_after=None
[2025-04-22T10:05:36.218+0000] {logging_mixin.py:190} INFO - [2025-04-22T10:05:36.218+0000] {dag.py:4180} INFO - Setting next_dagrun for dataset_s3_bucket_producer to None, run_after=None
[2025-04-22T10:05:36.225+0000] {processor.py:208} INFO - Processing /home/airflow/.local/lib/python3.12/site-packages/airflow/example_dags/example_dataset_alias.py took 0.687 seconds
[2025-04-22T10:06:06.344+0000] {processor.py:186} INFO - Started process (PID=136) to work on /home/airflow/.local/lib/python3.12/site-packages/airflow/example_dags/example_dataset_alias.py
[2025-04-22T10:06:06.344+0000] {processor.py:914} INFO - Processing file /home/airflow/.local/lib/python3.12/site-packages/airflow/example_dags/example_dataset_alias.py for tasks to queue
[2025-04-22T10:06:06.346+0000] {logging_mixin.py:190} INFO - [2025-04-22T10:06:06.345+0000] {dagbag.py:588} INFO - Filling up the DagBag from /home/airflow/.local/lib/python3.12/site-packages/airflow/example_dags/example_dataset_alias.py
[2025-04-22T10:06:06.640+0000] {processor.py:925} INFO - DAG(s) 'dataset_s3_bucket_consumer', 'dataset_alias_example_alias_producer', 'dataset_s3_bucket_producer', 'dataset_alias_example_alias_consumer' retrieved from /home/airflow/.local/lib/python3.12/site-packages/airflow/example_dags/example_dataset_alias.py
[2025-04-22T10:06:06.648+0000] {logging_mixin.py:190} INFO - [2025-04-22T10:06:06.648+0000] {dag.py:3239} INFO - Sync 4 DAGs
[2025-04-22T10:06:06.656+0000] {logging_mixin.py:190} INFO - [2025-04-22T10:06:06.656+0000] {dag.py:4180} INFO - Setting next_dagrun for dataset_alias_example_alias_consumer to None, run_after=None
[2025-04-22T10:06:06.657+0000] {logging_mixin.py:190} INFO - [2025-04-22T10:06:06.657+0000] {dag.py:4180} INFO - Setting next_dagrun for dataset_alias_example_alias_producer to None, run_after=None
[2025-04-22T10:06:06.658+0000] {logging_mixin.py:190} INFO - [2025-04-22T10:06:06.658+0000] {dag.py:4180} INFO - Setting next_dagrun for dataset_s3_bucket_consumer to None, run_after=None
[2025-04-22T10:06:06.658+0000] {logging_mixin.py:190} INFO - [2025-04-22T10:06:06.658+0000] {dag.py:4180} INFO - Setting next_dagrun for dataset_s3_bucket_producer to None, run_after=None
[2025-04-22T10:06:06.666+0000] {processor.py:208} INFO - Processing /home/airflow/.local/lib/python3.12/site-packages/airflow/example_dags/example_dataset_alias.py took 0.325 seconds
[2025-04-22T10:06:36.696+0000] {processor.py:186} INFO - Started process (PID=199) to work on /home/airflow/.local/lib/python3.12/site-packages/airflow/example_dags/example_dataset_alias.py
[2025-04-22T10:06:36.697+0000] {processor.py:914} INFO - Processing file /home/airflow/.local/lib/python3.12/site-packages/airflow/example_dags/example_dataset_alias.py for tasks to queue
[2025-04-22T10:06:36.698+0000] {logging_mixin.py:190} INFO - [2025-04-22T10:06:36.698+0000] {dagbag.py:588} INFO - Filling up the DagBag from /home/airflow/.local/lib/python3.12/site-packages/airflow/example_dags/example_dataset_alias.py
[2025-04-22T10:06:36.987+0000] {processor.py:925} INFO - DAG(s) 'dataset_s3_bucket_producer', 'dataset_s3_bucket_consumer', 'dataset_alias_example_alias_producer', 'dataset_alias_example_alias_consumer' retrieved from /home/airflow/.local/lib/python3.12/site-packages/airflow/example_dags/example_dataset_alias.py
[2025-04-22T10:06:36.993+0000] {logging_mixin.py:190} INFO - [2025-04-22T10:06:36.993+0000] {dag.py:3239} INFO - Sync 4 DAGs
[2025-04-22T10:06:37.001+0000] {logging_mixin.py:190} INFO - [2025-04-22T10:06:37.001+0000] {dag.py:4180} INFO - Setting next_dagrun for dataset_alias_example_alias_consumer to None, run_after=None
[2025-04-22T10:06:37.002+0000] {logging_mixin.py:190} INFO - [2025-04-22T10:06:37.002+0000] {dag.py:4180} INFO - Setting next_dagrun for dataset_alias_example_alias_producer to None, run_after=None
[2025-04-22T10:06:37.003+0000] {logging_mixin.py:190} INFO - [2025-04-22T10:06:37.003+0000] {dag.py:4180} INFO - Setting next_dagrun for dataset_s3_bucket_consumer to None, run_after=None
[2025-04-22T10:06:37.003+0000] {logging_mixin.py:190} INFO - [2025-04-22T10:06:37.003+0000] {dag.py:4180} INFO - Setting next_dagrun for dataset_s3_bucket_producer to None, run_after=None
[2025-04-22T10:06:37.012+0000] {processor.py:208} INFO - Processing /home/airflow/.local/lib/python3.12/site-packages/airflow/example_dags/example_dataset_alias.py took 0.318 seconds
[2025-04-22T10:07:07.033+0000] {processor.py:186} INFO - Started process (PID=263) to work on /home/airflow/.local/lib/python3.12/site-packages/airflow/example_dags/example_dataset_alias.py
[2025-04-22T10:07:07.034+0000] {processor.py:914} INFO - Processing file /home/airflow/.local/lib/python3.12/site-packages/airflow/example_dags/example_dataset_alias.py for tasks to queue
[2025-04-22T10:07:07.035+0000] {logging_mixin.py:190} INFO - [2025-04-22T10:07:07.035+0000] {dagbag.py:588} INFO - Filling up the DagBag from /home/airflow/.local/lib/python3.12/site-packages/airflow/example_dags/example_dataset_alias.py
[2025-04-22T10:07:07.309+0000] {processor.py:925} INFO - DAG(s) 'dataset_s3_bucket_producer', 'dataset_s3_bucket_consumer', 'dataset_alias_example_alias_consumer', 'dataset_alias_example_alias_producer' retrieved from /home/airflow/.local/lib/python3.12/site-packages/airflow/example_dags/example_dataset_alias.py
[2025-04-22T10:07:07.316+0000] {logging_mixin.py:190} INFO - [2025-04-22T10:07:07.315+0000] {dag.py:3239} INFO - Sync 4 DAGs
[2025-04-22T10:07:07.324+0000] {logging_mixin.py:190} INFO - [2025-04-22T10:07:07.324+0000] {dag.py:4180} INFO - Setting next_dagrun for dataset_alias_example_alias_consumer to None, run_after=None
[2025-04-22T10:07:07.325+0000] {logging_mixin.py:190} INFO - [2025-04-22T10:07:07.325+0000] {dag.py:4180} INFO - Setting next_dagrun for dataset_alias_example_alias_producer to None, run_after=None
[2025-04-22T10:07:07.325+0000] {logging_mixin.py:190} INFO - [2025-04-22T10:07:07.325+0000] {dag.py:4180} INFO - Setting next_dagrun for dataset_s3_bucket_consumer to None, run_after=None
[2025-04-22T10:07:07.325+0000] {logging_mixin.py:190} INFO - [2025-04-22T10:07:07.325+0000] {dag.py:4180} INFO - Setting next_dagrun for dataset_s3_bucket_producer to None, run_after=None
[2025-04-22T10:07:07.333+0000] {processor.py:208} INFO - Processing /home/airflow/.local/lib/python3.12/site-packages/airflow/example_dags/example_dataset_alias.py took 0.303 seconds
[2025-04-22T10:07:37.431+0000] {processor.py:186} INFO - Started process (PID=325) to work on /home/airflow/.local/lib/python3.12/site-packages/airflow/example_dags/example_dataset_alias.py
[2025-04-22T10:07:37.431+0000] {processor.py:914} INFO - Processing file /home/airflow/.local/lib/python3.12/site-packages/airflow/example_dags/example_dataset_alias.py for tasks to queue
[2025-04-22T10:07:37.432+0000] {logging_mixin.py:190} INFO - [2025-04-22T10:07:37.432+0000] {dagbag.py:588} INFO - Filling up the DagBag from /home/airflow/.local/lib/python3.12/site-packages/airflow/example_dags/example_dataset_alias.py
[2025-04-22T10:07:37.740+0000] {processor.py:925} INFO - DAG(s) 'dataset_s3_bucket_consumer', 'dataset_s3_bucket_producer', 'dataset_alias_example_alias_producer', 'dataset_alias_example_alias_consumer' retrieved from /home/airflow/.local/lib/python3.12/site-packages/airflow/example_dags/example_dataset_alias.py
[2025-04-22T10:07:37.748+0000] {logging_mixin.py:190} INFO - [2025-04-22T10:07:37.747+0000] {dag.py:3239} INFO - Sync 4 DAGs
[2025-04-22T10:07:37.757+0000] {logging_mixin.py:190} INFO - [2025-04-22T10:07:37.757+0000] {dag.py:4180} INFO - Setting next_dagrun for dataset_alias_example_alias_consumer to None, run_after=None
[2025-04-22T10:07:37.758+0000] {logging_mixin.py:190} INFO - [2025-04-22T10:07:37.758+0000] {dag.py:4180} INFO - Setting next_dagrun for dataset_alias_example_alias_producer to None, run_after=None
[2025-04-22T10:07:37.759+0000] {logging_mixin.py:190} INFO - [2025-04-22T10:07:37.758+0000] {dag.py:4180} INFO - Setting next_dagrun for dataset_s3_bucket_consumer to None, run_after=None
[2025-04-22T10:07:37.759+0000] {logging_mixin.py:190} INFO - [2025-04-22T10:07:37.759+0000] {dag.py:4180} INFO - Setting next_dagrun for dataset_s3_bucket_producer to None, run_after=None
[2025-04-22T10:07:37.766+0000] {processor.py:208} INFO - Processing /home/airflow/.local/lib/python3.12/site-packages/airflow/example_dags/example_dataset_alias.py took 0.338 seconds
[2025-04-22T10:08:07.911+0000] {processor.py:186} INFO - Started process (PID=393) to work on /home/airflow/.local/lib/python3.12/site-packages/airflow/example_dags/example_dataset_alias.py
[2025-04-22T10:08:07.911+0000] {processor.py:914} INFO - Processing file /home/airflow/.local/lib/python3.12/site-packages/airflow/example_dags/example_dataset_alias.py for tasks to queue
[2025-04-22T10:08:07.913+0000] {logging_mixin.py:190} INFO - [2025-04-22T10:08:07.912+0000] {dagbag.py:588} INFO - Filling up the DagBag from /home/airflow/.local/lib/python3.12/site-packages/airflow/example_dags/example_dataset_alias.py
[2025-04-22T10:08:08.209+0000] {processor.py:925} INFO - DAG(s) 'dataset_alias_example_alias_consumer', 'dataset_alias_example_alias_producer', 'dataset_s3_bucket_consumer', 'dataset_s3_bucket_producer' retrieved from /home/airflow/.local/lib/python3.12/site-packages/airflow/example_dags/example_dataset_alias.py
[2025-04-22T10:08:08.216+0000] {logging_mixin.py:190} INFO - [2025-04-22T10:08:08.216+0000] {dag.py:3239} INFO - Sync 4 DAGs
[2025-04-22T10:08:08.226+0000] {logging_mixin.py:190} INFO - [2025-04-22T10:08:08.226+0000] {dag.py:4180} INFO - Setting next_dagrun for dataset_alias_example_alias_consumer to None, run_after=None
[2025-04-22T10:08:08.227+0000] {logging_mixin.py:190} INFO - [2025-04-22T10:08:08.227+0000] {dag.py:4180} INFO - Setting next_dagrun for dataset_alias_example_alias_producer to None, run_after=None
[2025-04-22T10:08:08.227+0000] {logging_mixin.py:190} INFO - [2025-04-22T10:08:08.227+0000] {dag.py:4180} INFO - Setting next_dagrun for dataset_s3_bucket_consumer to None, run_after=None
[2025-04-22T10:08:08.228+0000] {logging_mixin.py:190} INFO - [2025-04-22T10:08:08.228+0000] {dag.py:4180} INFO - Setting next_dagrun for dataset_s3_bucket_producer to None, run_after=None
[2025-04-22T10:08:08.236+0000] {processor.py:208} INFO - Processing /home/airflow/.local/lib/python3.12/site-packages/airflow/example_dags/example_dataset_alias.py took 0.328 seconds
[2025-04-22T10:08:38.330+0000] {processor.py:186} INFO - Started process (PID=458) to work on /home/airflow/.local/lib/python3.12/site-packages/airflow/example_dags/example_dataset_alias.py
[2025-04-22T10:08:38.330+0000] {processor.py:914} INFO - Processing file /home/airflow/.local/lib/python3.12/site-packages/airflow/example_dags/example_dataset_alias.py for tasks to queue
[2025-04-22T10:08:38.331+0000] {logging_mixin.py:190} INFO - [2025-04-22T10:08:38.331+0000] {dagbag.py:588} INFO - Filling up the DagBag from /home/airflow/.local/lib/python3.12/site-packages/airflow/example_dags/example_dataset_alias.py
[2025-04-22T10:08:38.621+0000] {processor.py:925} INFO - DAG(s) 'dataset_alias_example_alias_consumer', 'dataset_s3_bucket_consumer', 'dataset_s3_bucket_producer', 'dataset_alias_example_alias_producer' retrieved from /home/airflow/.local/lib/python3.12/site-packages/airflow/example_dags/example_dataset_alias.py
[2025-04-22T10:08:38.628+0000] {logging_mixin.py:190} INFO - [2025-04-22T10:08:38.628+0000] {dag.py:3239} INFO - Sync 4 DAGs
[2025-04-22T10:08:38.637+0000] {logging_mixin.py:190} INFO - [2025-04-22T10:08:38.637+0000] {dag.py:4180} INFO - Setting next_dagrun for dataset_alias_example_alias_consumer to None, run_after=None
[2025-04-22T10:08:38.638+0000] {logging_mixin.py:190} INFO - [2025-04-22T10:08:38.638+0000] {dag.py:4180} INFO - Setting next_dagrun for dataset_alias_example_alias_producer to None, run_after=None
[2025-04-22T10:08:38.639+0000] {logging_mixin.py:190} INFO - [2025-04-22T10:08:38.639+0000] {dag.py:4180} INFO - Setting next_dagrun for dataset_s3_bucket_consumer to None, run_after=None
[2025-04-22T10:08:38.639+0000] {logging_mixin.py:190} INFO - [2025-04-22T10:08:38.639+0000] {dag.py:4180} INFO - Setting next_dagrun for dataset_s3_bucket_producer to None, run_after=None
[2025-04-22T10:08:38.648+0000] {processor.py:208} INFO - Processing /home/airflow/.local/lib/python3.12/site-packages/airflow/example_dags/example_dataset_alias.py took 0.321 seconds
[2025-04-22T10:09:08.677+0000] {processor.py:186} INFO - Started process (PID=522) to work on /home/airflow/.local/lib/python3.12/site-packages/airflow/example_dags/example_dataset_alias.py
[2025-04-22T10:09:08.678+0000] {processor.py:914} INFO - Processing file /home/airflow/.local/lib/python3.12/site-packages/airflow/example_dags/example_dataset_alias.py for tasks to queue
[2025-04-22T10:09:08.679+0000] {logging_mixin.py:190} INFO - [2025-04-22T10:09:08.679+0000] {dagbag.py:588} INFO - Filling up the DagBag from /home/airflow/.local/lib/python3.12/site-packages/airflow/example_dags/example_dataset_alias.py
[2025-04-22T10:09:08.981+0000] {processor.py:925} INFO - DAG(s) 'dataset_alias_example_alias_producer', 'dataset_s3_bucket_producer', 'dataset_s3_bucket_consumer', 'dataset_alias_example_alias_consumer' retrieved from /home/airflow/.local/lib/python3.12/site-packages/airflow/example_dags/example_dataset_alias.py
[2025-04-22T10:09:08.988+0000] {logging_mixin.py:190} INFO - [2025-04-22T10:09:08.988+0000] {dag.py:3239} INFO - Sync 4 DAGs
[2025-04-22T10:09:08.996+0000] {logging_mixin.py:190} INFO - [2025-04-22T10:09:08.996+0000] {dag.py:4180} INFO - Setting next_dagrun for dataset_alias_example_alias_consumer to None, run_after=None
[2025-04-22T10:09:08.997+0000] {logging_mixin.py:190} INFO - [2025-04-22T10:09:08.997+0000] {dag.py:4180} INFO - Setting next_dagrun for dataset_alias_example_alias_producer to None, run_after=None
[2025-04-22T10:09:08.998+0000] {logging_mixin.py:190} INFO - [2025-04-22T10:09:08.998+0000] {dag.py:4180} INFO - Setting next_dagrun for dataset_s3_bucket_consumer to None, run_after=None
[2025-04-22T10:09:08.998+0000] {logging_mixin.py:190} INFO - [2025-04-22T10:09:08.998+0000] {dag.py:4180} INFO - Setting next_dagrun for dataset_s3_bucket_producer to None, run_after=None
[2025-04-22T10:09:09.005+0000] {processor.py:208} INFO - Processing /home/airflow/.local/lib/python3.12/site-packages/airflow/example_dags/example_dataset_alias.py took 0.331 seconds
[2025-04-22T10:09:39.143+0000] {processor.py:186} INFO - Started process (PID=586) to work on /home/airflow/.local/lib/python3.12/site-packages/airflow/example_dags/example_dataset_alias.py
[2025-04-22T10:09:39.143+0000] {processor.py:914} INFO - Processing file /home/airflow/.local/lib/python3.12/site-packages/airflow/example_dags/example_dataset_alias.py for tasks to queue
[2025-04-22T10:09:39.144+0000] {logging_mixin.py:190} INFO - [2025-04-22T10:09:39.144+0000] {dagbag.py:588} INFO - Filling up the DagBag from /home/airflow/.local/lib/python3.12/site-packages/airflow/example_dags/example_dataset_alias.py
[2025-04-22T10:09:39.420+0000] {processor.py:925} INFO - DAG(s) 'dataset_s3_bucket_consumer', 'dataset_alias_example_alias_producer', 'dataset_alias_example_alias_consumer', 'dataset_s3_bucket_producer' retrieved from /home/airflow/.local/lib/python3.12/site-packages/airflow/example_dags/example_dataset_alias.py
[2025-04-22T10:09:39.427+0000] {logging_mixin.py:190} INFO - [2025-04-22T10:09:39.427+0000] {dag.py:3239} INFO - Sync 4 DAGs
[2025-04-22T10:09:39.435+0000] {logging_mixin.py:190} INFO - [2025-04-22T10:09:39.435+0000] {dag.py:4180} INFO - Setting next_dagrun for dataset_alias_example_alias_consumer to None, run_after=None
[2025-04-22T10:09:39.436+0000] {logging_mixin.py:190} INFO - [2025-04-22T10:09:39.436+0000] {dag.py:4180} INFO - Setting next_dagrun for dataset_alias_example_alias_producer to None, run_after=None
[2025-04-22T10:09:39.436+0000] {logging_mixin.py:190} INFO - [2025-04-22T10:09:39.436+0000] {dag.py:4180} INFO - Setting next_dagrun for dataset_s3_bucket_consumer to None, run_after=None
[2025-04-22T10:09:39.437+0000] {logging_mixin.py:190} INFO - [2025-04-22T10:09:39.436+0000] {dag.py:4180} INFO - Setting next_dagrun for dataset_s3_bucket_producer to None, run_after=None
[2025-04-22T10:09:39.443+0000] {processor.py:208} INFO - Processing /home/airflow/.local/lib/python3.12/site-packages/airflow/example_dags/example_dataset_alias.py took 0.303 seconds
[2025-04-22T10:10:09.486+0000] {processor.py:186} INFO - Started process (PID=649) to work on /home/airflow/.local/lib/python3.12/site-packages/airflow/example_dags/example_dataset_alias.py
[2025-04-22T10:10:09.486+0000] {processor.py:914} INFO - Processing file /home/airflow/.local/lib/python3.12/site-packages/airflow/example_dags/example_dataset_alias.py for tasks to queue
[2025-04-22T10:10:09.487+0000] {logging_mixin.py:190} INFO - [2025-04-22T10:10:09.487+0000] {dagbag.py:588} INFO - Filling up the DagBag from /home/airflow/.local/lib/python3.12/site-packages/airflow/example_dags/example_dataset_alias.py
[2025-04-22T10:10:09.777+0000] {processor.py:925} INFO - DAG(s) 'dataset_alias_example_alias_producer', 'dataset_alias_example_alias_consumer', 'dataset_s3_bucket_consumer', 'dataset_s3_bucket_producer' retrieved from /home/airflow/.local/lib/python3.12/site-packages/airflow/example_dags/example_dataset_alias.py
[2025-04-22T10:10:09.785+0000] {logging_mixin.py:190} INFO - [2025-04-22T10:10:09.785+0000] {dag.py:3239} INFO - Sync 4 DAGs
[2025-04-22T10:10:09.793+0000] {logging_mixin.py:190} INFO - [2025-04-22T10:10:09.793+0000] {dag.py:4180} INFO - Setting next_dagrun for dataset_alias_example_alias_consumer to None, run_after=None
[2025-04-22T10:10:09.794+0000] {logging_mixin.py:190} INFO - [2025-04-22T10:10:09.794+0000] {dag.py:4180} INFO - Setting next_dagrun for dataset_alias_example_alias_producer to None, run_after=None
[2025-04-22T10:10:09.795+0000] {logging_mixin.py:190} INFO - [2025-04-22T10:10:09.794+0000] {dag.py:4180} INFO - Setting next_dagrun for dataset_s3_bucket_consumer to None, run_after=None
[2025-04-22T10:10:09.795+0000] {logging_mixin.py:190} INFO - [2025-04-22T10:10:09.795+0000] {dag.py:4180} INFO - Setting next_dagrun for dataset_s3_bucket_producer to None, run_after=None
[2025-04-22T10:10:09.801+0000] {processor.py:208} INFO - Processing /home/airflow/.local/lib/python3.12/site-packages/airflow/example_dags/example_dataset_alias.py took 0.318 seconds
[2025-04-22T10:10:39.845+0000] {processor.py:186} INFO - Started process (PID=712) to work on /home/airflow/.local/lib/python3.12/site-packages/airflow/example_dags/example_dataset_alias.py
[2025-04-22T10:10:39.846+0000] {processor.py:914} INFO - Processing file /home/airflow/.local/lib/python3.12/site-packages/airflow/example_dags/example_dataset_alias.py for tasks to queue
[2025-04-22T10:10:39.846+0000] {logging_mixin.py:190} INFO - [2025-04-22T10:10:39.846+0000] {dagbag.py:588} INFO - Filling up the DagBag from /home/airflow/.local/lib/python3.12/site-packages/airflow/example_dags/example_dataset_alias.py
[2025-04-22T10:10:40.148+0000] {processor.py:925} INFO - DAG(s) 'dataset_alias_example_alias_producer', 'dataset_s3_bucket_producer', 'dataset_alias_example_alias_consumer', 'dataset_s3_bucket_consumer' retrieved from /home/airflow/.local/lib/python3.12/site-packages/airflow/example_dags/example_dataset_alias.py
[2025-04-22T10:10:40.156+0000] {logging_mixin.py:190} INFO - [2025-04-22T10:10:40.156+0000] {dag.py:3239} INFO - Sync 4 DAGs
[2025-04-22T10:10:40.167+0000] {logging_mixin.py:190} INFO - [2025-04-22T10:10:40.167+0000] {dag.py:4180} INFO - Setting next_dagrun for dataset_alias_example_alias_consumer to None, run_after=None
[2025-04-22T10:10:40.168+0000] {logging_mixin.py:190} INFO - [2025-04-22T10:10:40.168+0000] {dag.py:4180} INFO - Setting next_dagrun for dataset_alias_example_alias_producer to None, run_after=None
[2025-04-22T10:10:40.168+0000] {logging_mixin.py:190} INFO - [2025-04-22T10:10:40.168+0000] {dag.py:4180} INFO - Setting next_dagrun for dataset_s3_bucket_consumer to None, run_after=None
[2025-04-22T10:10:40.169+0000] {logging_mixin.py:190} INFO - [2025-04-22T10:10:40.169+0000] {dag.py:4180} INFO - Setting next_dagrun for dataset_s3_bucket_producer to None, run_after=None
[2025-04-22T10:10:40.176+0000] {processor.py:208} INFO - Processing /home/airflow/.local/lib/python3.12/site-packages/airflow/example_dags/example_dataset_alias.py took 0.333 seconds
[2025-04-22T10:11:10.311+0000] {processor.py:186} INFO - Started process (PID=780) to work on /home/airflow/.local/lib/python3.12/site-packages/airflow/example_dags/example_dataset_alias.py
[2025-04-22T10:11:10.311+0000] {processor.py:914} INFO - Processing file /home/airflow/.local/lib/python3.12/site-packages/airflow/example_dags/example_dataset_alias.py for tasks to queue
[2025-04-22T10:11:10.312+0000] {logging_mixin.py:190} INFO - [2025-04-22T10:11:10.312+0000] {dagbag.py:588} INFO - Filling up the DagBag from /home/airflow/.local/lib/python3.12/site-packages/airflow/example_dags/example_dataset_alias.py
[2025-04-22T10:11:10.609+0000] {processor.py:925} INFO - DAG(s) 'dataset_alias_example_alias_consumer', 'dataset_alias_example_alias_producer', 'dataset_s3_bucket_consumer', 'dataset_s3_bucket_producer' retrieved from /home/airflow/.local/lib/python3.12/site-packages/airflow/example_dags/example_dataset_alias.py
[2025-04-22T10:11:10.616+0000] {logging_mixin.py:190} INFO - [2025-04-22T10:11:10.616+0000] {dag.py:3239} INFO - Sync 4 DAGs
[2025-04-22T10:11:10.624+0000] {logging_mixin.py:190} INFO - [2025-04-22T10:11:10.624+0000] {dag.py:4180} INFO - Setting next_dagrun for dataset_alias_example_alias_consumer to None, run_after=None
[2025-04-22T10:11:10.625+0000] {logging_mixin.py:190} INFO - [2025-04-22T10:11:10.625+0000] {dag.py:4180} INFO - Setting next_dagrun for dataset_alias_example_alias_producer to None, run_after=None
[2025-04-22T10:11:10.626+0000] {logging_mixin.py:190} INFO - [2025-04-22T10:11:10.626+0000] {dag.py:4180} INFO - Setting next_dagrun for dataset_s3_bucket_consumer to None, run_after=None
[2025-04-22T10:11:10.626+0000] {logging_mixin.py:190} INFO - [2025-04-22T10:11:10.626+0000] {dag.py:4180} INFO - Setting next_dagrun for dataset_s3_bucket_producer to None, run_after=None
[2025-04-22T10:11:10.632+0000] {processor.py:208} INFO - Processing /home/airflow/.local/lib/python3.12/site-packages/airflow/example_dags/example_dataset_alias.py took 0.324 seconds
[2025-04-22T10:11:40.751+0000] {processor.py:186} INFO - Started process (PID=847) to work on /home/airflow/.local/lib/python3.12/site-packages/airflow/example_dags/example_dataset_alias.py
[2025-04-22T10:11:40.751+0000] {processor.py:914} INFO - Processing file /home/airflow/.local/lib/python3.12/site-packages/airflow/example_dags/example_dataset_alias.py for tasks to queue
[2025-04-22T10:11:40.752+0000] {logging_mixin.py:190} INFO - [2025-04-22T10:11:40.752+0000] {dagbag.py:588} INFO - Filling up the DagBag from /home/airflow/.local/lib/python3.12/site-packages/airflow/example_dags/example_dataset_alias.py
[2025-04-22T10:11:41.039+0000] {processor.py:925} INFO - DAG(s) 'dataset_s3_bucket_consumer', 'dataset_s3_bucket_producer', 'dataset_alias_example_alias_consumer', 'dataset_alias_example_alias_producer' retrieved from /home/airflow/.local/lib/python3.12/site-packages/airflow/example_dags/example_dataset_alias.py
[2025-04-22T10:11:41.045+0000] {logging_mixin.py:190} INFO - [2025-04-22T10:11:41.045+0000] {dag.py:3239} INFO - Sync 4 DAGs
[2025-04-22T10:11:41.054+0000] {logging_mixin.py:190} INFO - [2025-04-22T10:11:41.054+0000] {dag.py:4180} INFO - Setting next_dagrun for dataset_alias_example_alias_consumer to None, run_after=None
[2025-04-22T10:11:41.055+0000] {logging_mixin.py:190} INFO - [2025-04-22T10:11:41.054+0000] {dag.py:4180} INFO - Setting next_dagrun for dataset_alias_example_alias_producer to None, run_after=None
[2025-04-22T10:11:41.055+0000] {logging_mixin.py:190} INFO - [2025-04-22T10:11:41.055+0000] {dag.py:4180} INFO - Setting next_dagrun for dataset_s3_bucket_consumer to None, run_after=None
[2025-04-22T10:11:41.055+0000] {logging_mixin.py:190} INFO - [2025-04-22T10:11:41.055+0000] {dag.py:4180} INFO - Setting next_dagrun for dataset_s3_bucket_producer to None, run_after=None
[2025-04-22T10:11:41.063+0000] {processor.py:208} INFO - Processing /home/airflow/.local/lib/python3.12/site-packages/airflow/example_dags/example_dataset_alias.py took 0.315 seconds
[2025-04-22T10:12:11.151+0000] {processor.py:186} INFO - Started process (PID=912) to work on /home/airflow/.local/lib/python3.12/site-packages/airflow/example_dags/example_dataset_alias.py
[2025-04-22T10:12:11.151+0000] {processor.py:914} INFO - Processing file /home/airflow/.local/lib/python3.12/site-packages/airflow/example_dags/example_dataset_alias.py for tasks to queue
[2025-04-22T10:12:11.152+0000] {logging_mixin.py:190} INFO - [2025-04-22T10:12:11.152+0000] {dagbag.py:588} INFO - Filling up the DagBag from /home/airflow/.local/lib/python3.12/site-packages/airflow/example_dags/example_dataset_alias.py
[2025-04-22T10:12:11.441+0000] {processor.py:925} INFO - DAG(s) 'dataset_s3_bucket_producer', 'dataset_alias_example_alias_producer', 'dataset_s3_bucket_consumer', 'dataset_alias_example_alias_consumer' retrieved from /home/airflow/.local/lib/python3.12/site-packages/airflow/example_dags/example_dataset_alias.py
[2025-04-22T10:12:11.447+0000] {logging_mixin.py:190} INFO - [2025-04-22T10:12:11.447+0000] {dag.py:3239} INFO - Sync 4 DAGs
[2025-04-22T10:12:11.456+0000] {logging_mixin.py:190} INFO - [2025-04-22T10:12:11.456+0000] {dag.py:4180} INFO - Setting next_dagrun for dataset_alias_example_alias_consumer to None, run_after=None
[2025-04-22T10:12:11.457+0000] {logging_mixin.py:190} INFO - [2025-04-22T10:12:11.457+0000] {dag.py:4180} INFO - Setting next_dagrun for dataset_alias_example_alias_producer to None, run_after=None
[2025-04-22T10:12:11.457+0000] {logging_mixin.py:190} INFO - [2025-04-22T10:12:11.457+0000] {dag.py:4180} INFO - Setting next_dagrun for dataset_s3_bucket_consumer to None, run_after=None
[2025-04-22T10:12:11.458+0000] {logging_mixin.py:190} INFO - [2025-04-22T10:12:11.458+0000] {dag.py:4180} INFO - Setting next_dagrun for dataset_s3_bucket_producer to None, run_after=None
[2025-04-22T10:12:11.466+0000] {processor.py:208} INFO - Processing /home/airflow/.local/lib/python3.12/site-packages/airflow/example_dags/example_dataset_alias.py took 0.318 seconds
[2025-04-22T10:12:41.706+0000] {processor.py:186} INFO - Started process (PID=977) to work on /home/airflow/.local/lib/python3.12/site-packages/airflow/example_dags/example_dataset_alias.py
[2025-04-22T10:12:41.706+0000] {processor.py:914} INFO - Processing file /home/airflow/.local/lib/python3.12/site-packages/airflow/example_dags/example_dataset_alias.py for tasks to queue
[2025-04-22T10:12:41.707+0000] {logging_mixin.py:190} INFO - [2025-04-22T10:12:41.707+0000] {dagbag.py:588} INFO - Filling up the DagBag from /home/airflow/.local/lib/python3.12/site-packages/airflow/example_dags/example_dataset_alias.py
[2025-04-22T10:12:41.979+0000] {processor.py:925} INFO - DAG(s) 'dataset_alias_example_alias_producer', 'dataset_s3_bucket_consumer', 'dataset_s3_bucket_producer', 'dataset_alias_example_alias_consumer' retrieved from /home/airflow/.local/lib/python3.12/site-packages/airflow/example_dags/example_dataset_alias.py
[2025-04-22T10:12:41.986+0000] {logging_mixin.py:190} INFO - [2025-04-22T10:12:41.986+0000] {dag.py:3239} INFO - Sync 4 DAGs
[2025-04-22T10:12:41.994+0000] {logging_mixin.py:190} INFO - [2025-04-22T10:12:41.994+0000] {dag.py:4180} INFO - Setting next_dagrun for dataset_alias_example_alias_consumer to None, run_after=None
[2025-04-22T10:12:41.995+0000] {logging_mixin.py:190} INFO - [2025-04-22T10:12:41.995+0000] {dag.py:4180} INFO - Setting next_dagrun for dataset_alias_example_alias_producer to None, run_after=None
[2025-04-22T10:12:41.995+0000] {logging_mixin.py:190} INFO - [2025-04-22T10:12:41.995+0000] {dag.py:4180} INFO - Setting next_dagrun for dataset_s3_bucket_consumer to None, run_after=None
[2025-04-22T10:12:41.996+0000] {logging_mixin.py:190} INFO - [2025-04-22T10:12:41.996+0000] {dag.py:4180} INFO - Setting next_dagrun for dataset_s3_bucket_producer to None, run_after=None
[2025-04-22T10:12:42.004+0000] {processor.py:208} INFO - Processing /home/airflow/.local/lib/python3.12/site-packages/airflow/example_dags/example_dataset_alias.py took 0.301 seconds
[2025-04-22T10:13:12.100+0000] {processor.py:186} INFO - Started process (PID=1040) to work on /home/airflow/.local/lib/python3.12/site-packages/airflow/example_dags/example_dataset_alias.py
[2025-04-22T10:13:12.100+0000] {processor.py:914} INFO - Processing file /home/airflow/.local/lib/python3.12/site-packages/airflow/example_dags/example_dataset_alias.py for tasks to queue
[2025-04-22T10:13:12.101+0000] {logging_mixin.py:190} INFO - [2025-04-22T10:13:12.101+0000] {dagbag.py:588} INFO - Filling up the DagBag from /home/airflow/.local/lib/python3.12/site-packages/airflow/example_dags/example_dataset_alias.py
[2025-04-22T10:13:12.378+0000] {processor.py:925} INFO - DAG(s) 'dataset_s3_bucket_consumer', 'dataset_s3_bucket_producer', 'dataset_alias_example_alias_consumer', 'dataset_alias_example_alias_producer' retrieved from /home/airflow/.local/lib/python3.12/site-packages/airflow/example_dags/example_dataset_alias.py
[2025-04-22T10:13:12.384+0000] {logging_mixin.py:190} INFO - [2025-04-22T10:13:12.384+0000] {dag.py:3239} INFO - Sync 4 DAGs
[2025-04-22T10:13:12.393+0000] {logging_mixin.py:190} INFO - [2025-04-22T10:13:12.393+0000] {dag.py:4180} INFO - Setting next_dagrun for dataset_alias_example_alias_consumer to None, run_after=None
[2025-04-22T10:13:12.394+0000] {logging_mixin.py:190} INFO - [2025-04-22T10:13:12.393+0000] {dag.py:4180} INFO - Setting next_dagrun for dataset_alias_example_alias_producer to None, run_after=None
[2025-04-22T10:13:12.394+0000] {logging_mixin.py:190} INFO - [2025-04-22T10:13:12.394+0000] {dag.py:4180} INFO - Setting next_dagrun for dataset_s3_bucket_consumer to None, run_after=None
[2025-04-22T10:13:12.394+0000] {logging_mixin.py:190} INFO - [2025-04-22T10:13:12.394+0000] {dag.py:4180} INFO - Setting next_dagrun for dataset_s3_bucket_producer to None, run_after=None
[2025-04-22T10:13:12.402+0000] {processor.py:208} INFO - Processing /home/airflow/.local/lib/python3.12/site-packages/airflow/example_dags/example_dataset_alias.py took 0.305 seconds
[2025-04-22T10:13:42.504+0000] {processor.py:186} INFO - Started process (PID=1103) to work on /home/airflow/.local/lib/python3.12/site-packages/airflow/example_dags/example_dataset_alias.py
[2025-04-22T10:13:42.505+0000] {processor.py:914} INFO - Processing file /home/airflow/.local/lib/python3.12/site-packages/airflow/example_dags/example_dataset_alias.py for tasks to queue
[2025-04-22T10:13:42.506+0000] {logging_mixin.py:190} INFO - [2025-04-22T10:13:42.506+0000] {dagbag.py:588} INFO - Filling up the DagBag from /home/airflow/.local/lib/python3.12/site-packages/airflow/example_dags/example_dataset_alias.py
[2025-04-22T10:13:42.778+0000] {processor.py:925} INFO - DAG(s) 'dataset_s3_bucket_producer', 'dataset_alias_example_alias_consumer', 'dataset_alias_example_alias_producer', 'dataset_s3_bucket_consumer' retrieved from /home/airflow/.local/lib/python3.12/site-packages/airflow/example_dags/example_dataset_alias.py
[2025-04-22T10:13:42.785+0000] {logging_mixin.py:190} INFO - [2025-04-22T10:13:42.785+0000] {dag.py:3239} INFO - Sync 4 DAGs
[2025-04-22T10:13:42.793+0000] {logging_mixin.py:190} INFO - [2025-04-22T10:13:42.793+0000] {dag.py:4180} INFO - Setting next_dagrun for dataset_alias_example_alias_consumer to None, run_after=None
[2025-04-22T10:13:42.795+0000] {logging_mixin.py:190} INFO - [2025-04-22T10:13:42.794+0000] {dag.py:4180} INFO - Setting next_dagrun for dataset_alias_example_alias_producer to None, run_after=None
[2025-04-22T10:13:42.795+0000] {logging_mixin.py:190} INFO - [2025-04-22T10:13:42.795+0000] {dag.py:4180} INFO - Setting next_dagrun for dataset_s3_bucket_consumer to None, run_after=None
[2025-04-22T10:13:42.796+0000] {logging_mixin.py:190} INFO - [2025-04-22T10:13:42.796+0000] {dag.py:4180} INFO - Setting next_dagrun for dataset_s3_bucket_producer to None, run_after=None
[2025-04-22T10:13:42.805+0000] {processor.py:208} INFO - Processing /home/airflow/.local/lib/python3.12/site-packages/airflow/example_dags/example_dataset_alias.py took 0.303 seconds
[2025-04-22T10:14:12.971+0000] {processor.py:186} INFO - Started process (PID=1166) to work on /home/airflow/.local/lib/python3.12/site-packages/airflow/example_dags/example_dataset_alias.py
[2025-04-22T10:14:12.971+0000] {processor.py:914} INFO - Processing file /home/airflow/.local/lib/python3.12/site-packages/airflow/example_dags/example_dataset_alias.py for tasks to queue
[2025-04-22T10:14:12.972+0000] {logging_mixin.py:190} INFO - [2025-04-22T10:14:12.972+0000] {dagbag.py:588} INFO - Filling up the DagBag from /home/airflow/.local/lib/python3.12/site-packages/airflow/example_dags/example_dataset_alias.py
[2025-04-22T10:14:13.247+0000] {processor.py:925} INFO - DAG(s) 'dataset_s3_bucket_consumer', 'dataset_alias_example_alias_consumer', 'dataset_alias_example_alias_producer', 'dataset_s3_bucket_producer' retrieved from /home/airflow/.local/lib/python3.12/site-packages/airflow/example_dags/example_dataset_alias.py
[2025-04-22T10:14:13.253+0000] {logging_mixin.py:190} INFO - [2025-04-22T10:14:13.253+0000] {dag.py:3239} INFO - Sync 4 DAGs
[2025-04-22T10:14:13.262+0000] {logging_mixin.py:190} INFO - [2025-04-22T10:14:13.262+0000] {dag.py:4180} INFO - Setting next_dagrun for dataset_alias_example_alias_consumer to None, run_after=None
[2025-04-22T10:14:13.263+0000] {logging_mixin.py:190} INFO - [2025-04-22T10:14:13.263+0000] {dag.py:4180} INFO - Setting next_dagrun for dataset_alias_example_alias_producer to None, run_after=None
[2025-04-22T10:14:13.263+0000] {logging_mixin.py:190} INFO - [2025-04-22T10:14:13.263+0000] {dag.py:4180} INFO - Setting next_dagrun for dataset_s3_bucket_consumer to None, run_after=None
[2025-04-22T10:14:13.264+0000] {logging_mixin.py:190} INFO - [2025-04-22T10:14:13.263+0000] {dag.py:4180} INFO - Setting next_dagrun for dataset_s3_bucket_producer to None, run_after=None
[2025-04-22T10:14:13.271+0000] {processor.py:208} INFO - Processing /home/airflow/.local/lib/python3.12/site-packages/airflow/example_dags/example_dataset_alias.py took 0.303 seconds
[2025-04-22T10:14:43.295+0000] {processor.py:186} INFO - Started process (PID=1229) to work on /home/airflow/.local/lib/python3.12/site-packages/airflow/example_dags/example_dataset_alias.py
[2025-04-22T10:14:43.295+0000] {processor.py:914} INFO - Processing file /home/airflow/.local/lib/python3.12/site-packages/airflow/example_dags/example_dataset_alias.py for tasks to queue
[2025-04-22T10:14:43.296+0000] {logging_mixin.py:190} INFO - [2025-04-22T10:14:43.296+0000] {dagbag.py:588} INFO - Filling up the DagBag from /home/airflow/.local/lib/python3.12/site-packages/airflow/example_dags/example_dataset_alias.py
[2025-04-22T10:14:43.567+0000] {processor.py:925} INFO - DAG(s) 'dataset_alias_example_alias_consumer', 'dataset_s3_bucket_consumer', 'dataset_s3_bucket_producer', 'dataset_alias_example_alias_producer' retrieved from /home/airflow/.local/lib/python3.12/site-packages/airflow/example_dags/example_dataset_alias.py
[2025-04-22T10:14:43.573+0000] {logging_mixin.py:190} INFO - [2025-04-22T10:14:43.573+0000] {dag.py:3239} INFO - Sync 4 DAGs
[2025-04-22T10:14:43.581+0000] {logging_mixin.py:190} INFO - [2025-04-22T10:14:43.581+0000] {dag.py:4180} INFO - Setting next_dagrun for dataset_alias_example_alias_consumer to None, run_after=None
[2025-04-22T10:14:43.582+0000] {logging_mixin.py:190} INFO - [2025-04-22T10:14:43.582+0000] {dag.py:4180} INFO - Setting next_dagrun for dataset_alias_example_alias_producer to None, run_after=None
[2025-04-22T10:14:43.583+0000] {logging_mixin.py:190} INFO - [2025-04-22T10:14:43.583+0000] {dag.py:4180} INFO - Setting next_dagrun for dataset_s3_bucket_consumer to None, run_after=None
[2025-04-22T10:14:43.583+0000] {logging_mixin.py:190} INFO - [2025-04-22T10:14:43.583+0000] {dag.py:4180} INFO - Setting next_dagrun for dataset_s3_bucket_producer to None, run_after=None
[2025-04-22T10:14:43.591+0000] {processor.py:208} INFO - Processing /home/airflow/.local/lib/python3.12/site-packages/airflow/example_dags/example_dataset_alias.py took 0.299 seconds
[2025-04-22T10:15:13.772+0000] {processor.py:186} INFO - Started process (PID=1292) to work on /home/airflow/.local/lib/python3.12/site-packages/airflow/example_dags/example_dataset_alias.py
[2025-04-22T10:15:13.773+0000] {processor.py:914} INFO - Processing file /home/airflow/.local/lib/python3.12/site-packages/airflow/example_dags/example_dataset_alias.py for tasks to queue
[2025-04-22T10:15:13.774+0000] {logging_mixin.py:190} INFO - [2025-04-22T10:15:13.774+0000] {dagbag.py:588} INFO - Filling up the DagBag from /home/airflow/.local/lib/python3.12/site-packages/airflow/example_dags/example_dataset_alias.py
[2025-04-22T10:15:14.061+0000] {processor.py:925} INFO - DAG(s) 'dataset_alias_example_alias_consumer', 'dataset_alias_example_alias_producer', 'dataset_s3_bucket_producer', 'dataset_s3_bucket_consumer' retrieved from /home/airflow/.local/lib/python3.12/site-packages/airflow/example_dags/example_dataset_alias.py
[2025-04-22T10:15:14.068+0000] {logging_mixin.py:190} INFO - [2025-04-22T10:15:14.068+0000] {dag.py:3239} INFO - Sync 4 DAGs
[2025-04-22T10:15:14.076+0000] {logging_mixin.py:190} INFO - [2025-04-22T10:15:14.076+0000] {dag.py:4180} INFO - Setting next_dagrun for dataset_alias_example_alias_consumer to None, run_after=None
[2025-04-22T10:15:14.077+0000] {logging_mixin.py:190} INFO - [2025-04-22T10:15:14.077+0000] {dag.py:4180} INFO - Setting next_dagrun for dataset_alias_example_alias_producer to None, run_after=None
[2025-04-22T10:15:14.078+0000] {logging_mixin.py:190} INFO - [2025-04-22T10:15:14.078+0000] {dag.py:4180} INFO - Setting next_dagrun for dataset_s3_bucket_consumer to None, run_after=None
[2025-04-22T10:15:14.078+0000] {logging_mixin.py:190} INFO - [2025-04-22T10:15:14.078+0000] {dag.py:4180} INFO - Setting next_dagrun for dataset_s3_bucket_producer to None, run_after=None
[2025-04-22T10:15:14.085+0000] {processor.py:208} INFO - Processing /home/airflow/.local/lib/python3.12/site-packages/airflow/example_dags/example_dataset_alias.py took 0.315 seconds
[2025-04-22T10:15:44.116+0000] {processor.py:186} INFO - Started process (PID=1348) to work on /home/airflow/.local/lib/python3.12/site-packages/airflow/example_dags/example_dataset_alias.py
[2025-04-22T10:15:44.117+0000] {processor.py:914} INFO - Processing file /home/airflow/.local/lib/python3.12/site-packages/airflow/example_dags/example_dataset_alias.py for tasks to queue
[2025-04-22T10:15:44.118+0000] {logging_mixin.py:190} INFO - [2025-04-22T10:15:44.118+0000] {dagbag.py:588} INFO - Filling up the DagBag from /home/airflow/.local/lib/python3.12/site-packages/airflow/example_dags/example_dataset_alias.py
[2025-04-22T10:15:44.415+0000] {processor.py:925} INFO - DAG(s) 'dataset_s3_bucket_producer', 'dataset_s3_bucket_consumer', 'dataset_alias_example_alias_producer', 'dataset_alias_example_alias_consumer' retrieved from /home/airflow/.local/lib/python3.12/site-packages/airflow/example_dags/example_dataset_alias.py
[2025-04-22T10:15:44.422+0000] {logging_mixin.py:190} INFO - [2025-04-22T10:15:44.422+0000] {dag.py:3239} INFO - Sync 4 DAGs
[2025-04-22T10:15:44.430+0000] {logging_mixin.py:190} INFO - [2025-04-22T10:15:44.430+0000] {dag.py:4180} INFO - Setting next_dagrun for dataset_alias_example_alias_consumer to None, run_after=None
[2025-04-22T10:15:44.431+0000] {logging_mixin.py:190} INFO - [2025-04-22T10:15:44.431+0000] {dag.py:4180} INFO - Setting next_dagrun for dataset_alias_example_alias_producer to None, run_after=None
[2025-04-22T10:15:44.431+0000] {logging_mixin.py:190} INFO - [2025-04-22T10:15:44.431+0000] {dag.py:4180} INFO - Setting next_dagrun for dataset_s3_bucket_consumer to None, run_after=None
[2025-04-22T10:15:44.432+0000] {logging_mixin.py:190} INFO - [2025-04-22T10:15:44.432+0000] {dag.py:4180} INFO - Setting next_dagrun for dataset_s3_bucket_producer to None, run_after=None
[2025-04-22T10:15:44.438+0000] {processor.py:208} INFO - Processing /home/airflow/.local/lib/python3.12/site-packages/airflow/example_dags/example_dataset_alias.py took 0.325 seconds
[2025-04-22T10:16:14.704+0000] {processor.py:186} INFO - Started process (PID=1412) to work on /home/airflow/.local/lib/python3.12/site-packages/airflow/example_dags/example_dataset_alias.py
[2025-04-22T10:16:14.705+0000] {processor.py:914} INFO - Processing file /home/airflow/.local/lib/python3.12/site-packages/airflow/example_dags/example_dataset_alias.py for tasks to queue
[2025-04-22T10:16:14.706+0000] {logging_mixin.py:190} INFO - [2025-04-22T10:16:14.706+0000] {dagbag.py:588} INFO - Filling up the DagBag from /home/airflow/.local/lib/python3.12/site-packages/airflow/example_dags/example_dataset_alias.py
[2025-04-22T10:16:14.990+0000] {processor.py:925} INFO - DAG(s) 'dataset_s3_bucket_producer', 'dataset_alias_example_alias_producer', 'dataset_alias_example_alias_consumer', 'dataset_s3_bucket_consumer' retrieved from /home/airflow/.local/lib/python3.12/site-packages/airflow/example_dags/example_dataset_alias.py
[2025-04-22T10:16:14.997+0000] {logging_mixin.py:190} INFO - [2025-04-22T10:16:14.996+0000] {dag.py:3239} INFO - Sync 4 DAGs
[2025-04-22T10:16:15.005+0000] {logging_mixin.py:190} INFO - [2025-04-22T10:16:15.005+0000] {dag.py:4180} INFO - Setting next_dagrun for dataset_alias_example_alias_consumer to None, run_after=None
[2025-04-22T10:16:15.006+0000] {logging_mixin.py:190} INFO - [2025-04-22T10:16:15.006+0000] {dag.py:4180} INFO - Setting next_dagrun for dataset_alias_example_alias_producer to None, run_after=None
[2025-04-22T10:16:15.006+0000] {logging_mixin.py:190} INFO - [2025-04-22T10:16:15.006+0000] {dag.py:4180} INFO - Setting next_dagrun for dataset_s3_bucket_consumer to None, run_after=None
[2025-04-22T10:16:15.007+0000] {logging_mixin.py:190} INFO - [2025-04-22T10:16:15.007+0000] {dag.py:4180} INFO - Setting next_dagrun for dataset_s3_bucket_producer to None, run_after=None
[2025-04-22T10:16:15.013+0000] {processor.py:208} INFO - Processing /home/airflow/.local/lib/python3.12/site-packages/airflow/example_dags/example_dataset_alias.py took 0.312 seconds
[2025-04-22T10:16:45.187+0000] {processor.py:186} INFO - Started process (PID=1475) to work on /home/airflow/.local/lib/python3.12/site-packages/airflow/example_dags/example_dataset_alias.py
[2025-04-22T10:16:45.187+0000] {processor.py:914} INFO - Processing file /home/airflow/.local/lib/python3.12/site-packages/airflow/example_dags/example_dataset_alias.py for tasks to queue
[2025-04-22T10:16:45.188+0000] {logging_mixin.py:190} INFO - [2025-04-22T10:16:45.188+0000] {dagbag.py:588} INFO - Filling up the DagBag from /home/airflow/.local/lib/python3.12/site-packages/airflow/example_dags/example_dataset_alias.py
[2025-04-22T10:16:45.478+0000] {processor.py:925} INFO - DAG(s) 'dataset_s3_bucket_consumer', 'dataset_alias_example_alias_consumer', 'dataset_alias_example_alias_producer', 'dataset_s3_bucket_producer' retrieved from /home/airflow/.local/lib/python3.12/site-packages/airflow/example_dags/example_dataset_alias.py
[2025-04-22T10:16:45.485+0000] {logging_mixin.py:190} INFO - [2025-04-22T10:16:45.485+0000] {dag.py:3239} INFO - Sync 4 DAGs
[2025-04-22T10:16:45.493+0000] {logging_mixin.py:190} INFO - [2025-04-22T10:16:45.493+0000] {dag.py:4180} INFO - Setting next_dagrun for dataset_alias_example_alias_consumer to None, run_after=None
[2025-04-22T10:16:45.494+0000] {logging_mixin.py:190} INFO - [2025-04-22T10:16:45.494+0000] {dag.py:4180} INFO - Setting next_dagrun for dataset_alias_example_alias_producer to None, run_after=None
[2025-04-22T10:16:45.494+0000] {logging_mixin.py:190} INFO - [2025-04-22T10:16:45.494+0000] {dag.py:4180} INFO - Setting next_dagrun for dataset_s3_bucket_consumer to None, run_after=None
[2025-04-22T10:16:45.495+0000] {logging_mixin.py:190} INFO - [2025-04-22T10:16:45.495+0000] {dag.py:4180} INFO - Setting next_dagrun for dataset_s3_bucket_producer to None, run_after=None
[2025-04-22T10:16:45.501+0000] {processor.py:208} INFO - Processing /home/airflow/.local/lib/python3.12/site-packages/airflow/example_dags/example_dataset_alias.py took 0.317 seconds
[2025-04-22T10:17:15.719+0000] {processor.py:186} INFO - Started process (PID=1538) to work on /home/airflow/.local/lib/python3.12/site-packages/airflow/example_dags/example_dataset_alias.py
[2025-04-22T10:17:15.720+0000] {processor.py:914} INFO - Processing file /home/airflow/.local/lib/python3.12/site-packages/airflow/example_dags/example_dataset_alias.py for tasks to queue
[2025-04-22T10:17:15.721+0000] {logging_mixin.py:190} INFO - [2025-04-22T10:17:15.721+0000] {dagbag.py:588} INFO - Filling up the DagBag from /home/airflow/.local/lib/python3.12/site-packages/airflow/example_dags/example_dataset_alias.py
[2025-04-22T10:17:16.006+0000] {processor.py:925} INFO - DAG(s) 'dataset_s3_bucket_consumer', 'dataset_alias_example_alias_consumer', 'dataset_s3_bucket_producer', 'dataset_alias_example_alias_producer' retrieved from /home/airflow/.local/lib/python3.12/site-packages/airflow/example_dags/example_dataset_alias.py
[2025-04-22T10:17:16.013+0000] {logging_mixin.py:190} INFO - [2025-04-22T10:17:16.013+0000] {dag.py:3239} INFO - Sync 4 DAGs
[2025-04-22T10:17:16.021+0000] {logging_mixin.py:190} INFO - [2025-04-22T10:17:16.021+0000] {dag.py:4180} INFO - Setting next_dagrun for dataset_alias_example_alias_consumer to None, run_after=None
[2025-04-22T10:17:16.022+0000] {logging_mixin.py:190} INFO - [2025-04-22T10:17:16.022+0000] {dag.py:4180} INFO - Setting next_dagrun for dataset_alias_example_alias_producer to None, run_after=None
[2025-04-22T10:17:16.022+0000] {logging_mixin.py:190} INFO - [2025-04-22T10:17:16.022+0000] {dag.py:4180} INFO - Setting next_dagrun for dataset_s3_bucket_consumer to None, run_after=None
[2025-04-22T10:17:16.023+0000] {logging_mixin.py:190} INFO - [2025-04-22T10:17:16.023+0000] {dag.py:4180} INFO - Setting next_dagrun for dataset_s3_bucket_producer to None, run_after=None
[2025-04-22T10:17:16.029+0000] {processor.py:208} INFO - Processing /home/airflow/.local/lib/python3.12/site-packages/airflow/example_dags/example_dataset_alias.py took 0.312 seconds
[2025-04-22T10:17:46.203+0000] {processor.py:186} INFO - Started process (PID=1600) to work on /home/airflow/.local/lib/python3.12/site-packages/airflow/example_dags/example_dataset_alias.py
[2025-04-22T10:17:46.203+0000] {processor.py:914} INFO - Processing file /home/airflow/.local/lib/python3.12/site-packages/airflow/example_dags/example_dataset_alias.py for tasks to queue
[2025-04-22T10:17:46.204+0000] {logging_mixin.py:190} INFO - [2025-04-22T10:17:46.204+0000] {dagbag.py:588} INFO - Filling up the DagBag from /home/airflow/.local/lib/python3.12/site-packages/airflow/example_dags/example_dataset_alias.py
[2025-04-22T10:17:46.480+0000] {processor.py:925} INFO - DAG(s) 'dataset_alias_example_alias_consumer', 'dataset_s3_bucket_consumer', 'dataset_alias_example_alias_producer', 'dataset_s3_bucket_producer' retrieved from /home/airflow/.local/lib/python3.12/site-packages/airflow/example_dags/example_dataset_alias.py
[2025-04-22T10:17:46.487+0000] {logging_mixin.py:190} INFO - [2025-04-22T10:17:46.487+0000] {dag.py:3239} INFO - Sync 4 DAGs
[2025-04-22T10:17:46.496+0000] {logging_mixin.py:190} INFO - [2025-04-22T10:17:46.496+0000] {dag.py:4180} INFO - Setting next_dagrun for dataset_alias_example_alias_consumer to None, run_after=None
[2025-04-22T10:17:46.496+0000] {logging_mixin.py:190} INFO - [2025-04-22T10:17:46.496+0000] {dag.py:4180} INFO - Setting next_dagrun for dataset_alias_example_alias_producer to None, run_after=None
[2025-04-22T10:17:46.497+0000] {logging_mixin.py:190} INFO - [2025-04-22T10:17:46.497+0000] {dag.py:4180} INFO - Setting next_dagrun for dataset_s3_bucket_consumer to None, run_after=None
[2025-04-22T10:17:46.497+0000] {logging_mixin.py:190} INFO - [2025-04-22T10:17:46.497+0000] {dag.py:4180} INFO - Setting next_dagrun for dataset_s3_bucket_producer to None, run_after=None
[2025-04-22T10:17:46.503+0000] {processor.py:208} INFO - Processing /home/airflow/.local/lib/python3.12/site-packages/airflow/example_dags/example_dataset_alias.py took 0.304 seconds
