[2025-04-22T09:53:49.934+0000] {processor.py:186} INFO - Started process (PID=112) to work on /home/airflow/.local/lib/python3.12/site-packages/airflow/example_dags/example_skip_dag.py
[2025-04-22T09:53:49.935+0000] {processor.py:914} INFO - Processing file /home/airflow/.local/lib/python3.12/site-packages/airflow/example_dags/example_skip_dag.py for tasks to queue
[2025-04-22T09:53:49.936+0000] {logging_mixin.py:190} INFO - [2025-04-22T09:53:49.936+0000] {dagbag.py:588} INFO - Filling up the DagBag from /home/airflow/.local/lib/python3.12/site-packages/airflow/example_dags/example_skip_dag.py
[2025-04-22T09:53:49.940+0000] {processor.py:925} INFO - DAG(s) 'example_skip_dag' retrieved from /home/airflow/.local/lib/python3.12/site-packages/airflow/example_dags/example_skip_dag.py
[2025-04-22T09:53:49.945+0000] {logging_mixin.py:190} INFO - [2025-04-22T09:53:49.945+0000] {dag.py:3239} INFO - Sync 1 DAGs
[2025-04-22T09:53:49.956+0000] {logging_mixin.py:190} INFO - [2025-04-22T09:53:49.956+0000] {dag.py:4180} INFO - Setting next_dagrun for example_skip_dag to 2025-04-21 00:00:00+00:00, run_after=2025-04-22 00:00:00+00:00
[2025-04-22T09:53:49.962+0000] {processor.py:208} INFO - Processing /home/airflow/.local/lib/python3.12/site-packages/airflow/example_dags/example_skip_dag.py took 0.030 seconds
[2025-04-22T09:55:03.343+0000] {processor.py:186} INFO - Started process (PID=112) to work on /home/airflow/.local/lib/python3.12/site-packages/airflow/example_dags/example_skip_dag.py
[2025-04-22T09:55:03.343+0000] {processor.py:914} INFO - Processing file /home/airflow/.local/lib/python3.12/site-packages/airflow/example_dags/example_skip_dag.py for tasks to queue
[2025-04-22T09:55:03.344+0000] {logging_mixin.py:190} INFO - [2025-04-22T09:55:03.344+0000] {dagbag.py:588} INFO - Filling up the DagBag from /home/airflow/.local/lib/python3.12/site-packages/airflow/example_dags/example_skip_dag.py
[2025-04-22T09:55:03.349+0000] {processor.py:925} INFO - DAG(s) 'example_skip_dag' retrieved from /home/airflow/.local/lib/python3.12/site-packages/airflow/example_dags/example_skip_dag.py
[2025-04-22T09:55:03.400+0000] {logging_mixin.py:190} INFO - [2025-04-22T09:55:03.400+0000] {dag.py:3239} INFO - Sync 1 DAGs
[2025-04-22T09:55:03.409+0000] {logging_mixin.py:190} INFO - [2025-04-22T09:55:03.408+0000] {dag.py:4180} INFO - Setting next_dagrun for example_skip_dag to 2025-04-21 00:00:00+00:00, run_after=2025-04-22 00:00:00+00:00
[2025-04-22T09:55:03.415+0000] {processor.py:208} INFO - Processing /home/airflow/.local/lib/python3.12/site-packages/airflow/example_dags/example_skip_dag.py took 0.075 seconds
[2025-04-22T09:55:33.877+0000] {processor.py:186} INFO - Started process (PID=175) to work on /home/airflow/.local/lib/python3.12/site-packages/airflow/example_dags/example_skip_dag.py
[2025-04-22T09:55:33.877+0000] {processor.py:914} INFO - Processing file /home/airflow/.local/lib/python3.12/site-packages/airflow/example_dags/example_skip_dag.py for tasks to queue
[2025-04-22T09:55:33.878+0000] {logging_mixin.py:190} INFO - [2025-04-22T09:55:33.878+0000] {dagbag.py:588} INFO - Filling up the DagBag from /home/airflow/.local/lib/python3.12/site-packages/airflow/example_dags/example_skip_dag.py
[2025-04-22T09:55:33.882+0000] {processor.py:925} INFO - DAG(s) 'example_skip_dag' retrieved from /home/airflow/.local/lib/python3.12/site-packages/airflow/example_dags/example_skip_dag.py
[2025-04-22T09:55:33.891+0000] {logging_mixin.py:190} INFO - [2025-04-22T09:55:33.891+0000] {dag.py:3239} INFO - Sync 1 DAGs
[2025-04-22T09:55:33.901+0000] {logging_mixin.py:190} INFO - [2025-04-22T09:55:33.901+0000] {dag.py:4180} INFO - Setting next_dagrun for example_skip_dag to 2025-04-21 00:00:00+00:00, run_after=2025-04-22 00:00:00+00:00
[2025-04-22T09:55:33.908+0000] {processor.py:208} INFO - Processing /home/airflow/.local/lib/python3.12/site-packages/airflow/example_dags/example_skip_dag.py took 0.034 seconds
[2025-04-22T09:56:05.128+0000] {processor.py:186} INFO - Started process (PID=238) to work on /home/airflow/.local/lib/python3.12/site-packages/airflow/example_dags/example_skip_dag.py
[2025-04-22T09:56:05.129+0000] {processor.py:914} INFO - Processing file /home/airflow/.local/lib/python3.12/site-packages/airflow/example_dags/example_skip_dag.py for tasks to queue
[2025-04-22T09:56:05.130+0000] {logging_mixin.py:190} INFO - [2025-04-22T09:56:05.129+0000] {dagbag.py:588} INFO - Filling up the DagBag from /home/airflow/.local/lib/python3.12/site-packages/airflow/example_dags/example_skip_dag.py
[2025-04-22T09:56:05.133+0000] {processor.py:925} INFO - DAG(s) 'example_skip_dag' retrieved from /home/airflow/.local/lib/python3.12/site-packages/airflow/example_dags/example_skip_dag.py
[2025-04-22T09:56:05.142+0000] {logging_mixin.py:190} INFO - [2025-04-22T09:56:05.142+0000] {dag.py:3239} INFO - Sync 1 DAGs
[2025-04-22T09:56:05.152+0000] {logging_mixin.py:190} INFO - [2025-04-22T09:56:05.152+0000] {dag.py:4180} INFO - Setting next_dagrun for example_skip_dag to 2025-04-21 00:00:00+00:00, run_after=2025-04-22 00:00:00+00:00
[2025-04-22T09:56:05.158+0000] {processor.py:208} INFO - Processing /home/airflow/.local/lib/python3.12/site-packages/airflow/example_dags/example_skip_dag.py took 0.033 seconds
[2025-04-22T09:56:36.362+0000] {processor.py:186} INFO - Started process (PID=301) to work on /home/airflow/.local/lib/python3.12/site-packages/airflow/example_dags/example_skip_dag.py
[2025-04-22T09:56:36.362+0000] {processor.py:914} INFO - Processing file /home/airflow/.local/lib/python3.12/site-packages/airflow/example_dags/example_skip_dag.py for tasks to queue
[2025-04-22T09:56:36.363+0000] {logging_mixin.py:190} INFO - [2025-04-22T09:56:36.363+0000] {dagbag.py:588} INFO - Filling up the DagBag from /home/airflow/.local/lib/python3.12/site-packages/airflow/example_dags/example_skip_dag.py
[2025-04-22T09:56:36.367+0000] {processor.py:925} INFO - DAG(s) 'example_skip_dag' retrieved from /home/airflow/.local/lib/python3.12/site-packages/airflow/example_dags/example_skip_dag.py
[2025-04-22T09:56:36.376+0000] {logging_mixin.py:190} INFO - [2025-04-22T09:56:36.376+0000] {dag.py:3239} INFO - Sync 1 DAGs
[2025-04-22T09:56:36.385+0000] {logging_mixin.py:190} INFO - [2025-04-22T09:56:36.385+0000] {dag.py:4180} INFO - Setting next_dagrun for example_skip_dag to 2025-04-21 00:00:00+00:00, run_after=2025-04-22 00:00:00+00:00
[2025-04-22T09:56:36.392+0000] {processor.py:208} INFO - Processing /home/airflow/.local/lib/python3.12/site-packages/airflow/example_dags/example_skip_dag.py took 0.033 seconds
[2025-04-22T09:57:07.618+0000] {processor.py:186} INFO - Started process (PID=364) to work on /home/airflow/.local/lib/python3.12/site-packages/airflow/example_dags/example_skip_dag.py
[2025-04-22T09:57:07.619+0000] {processor.py:914} INFO - Processing file /home/airflow/.local/lib/python3.12/site-packages/airflow/example_dags/example_skip_dag.py for tasks to queue
[2025-04-22T09:57:07.620+0000] {logging_mixin.py:190} INFO - [2025-04-22T09:57:07.619+0000] {dagbag.py:588} INFO - Filling up the DagBag from /home/airflow/.local/lib/python3.12/site-packages/airflow/example_dags/example_skip_dag.py
[2025-04-22T09:57:07.623+0000] {processor.py:925} INFO - DAG(s) 'example_skip_dag' retrieved from /home/airflow/.local/lib/python3.12/site-packages/airflow/example_dags/example_skip_dag.py
[2025-04-22T09:57:07.633+0000] {logging_mixin.py:190} INFO - [2025-04-22T09:57:07.633+0000] {dag.py:3239} INFO - Sync 1 DAGs
[2025-04-22T09:57:07.643+0000] {logging_mixin.py:190} INFO - [2025-04-22T09:57:07.643+0000] {dag.py:4180} INFO - Setting next_dagrun for example_skip_dag to 2025-04-21 00:00:00+00:00, run_after=2025-04-22 00:00:00+00:00
[2025-04-22T09:57:07.649+0000] {processor.py:208} INFO - Processing /home/airflow/.local/lib/python3.12/site-packages/airflow/example_dags/example_skip_dag.py took 0.034 seconds
[2025-04-22T09:57:38.914+0000] {processor.py:186} INFO - Started process (PID=427) to work on /home/airflow/.local/lib/python3.12/site-packages/airflow/example_dags/example_skip_dag.py
[2025-04-22T09:57:38.914+0000] {processor.py:914} INFO - Processing file /home/airflow/.local/lib/python3.12/site-packages/airflow/example_dags/example_skip_dag.py for tasks to queue
[2025-04-22T09:57:38.915+0000] {logging_mixin.py:190} INFO - [2025-04-22T09:57:38.915+0000] {dagbag.py:588} INFO - Filling up the DagBag from /home/airflow/.local/lib/python3.12/site-packages/airflow/example_dags/example_skip_dag.py
[2025-04-22T09:57:38.919+0000] {processor.py:925} INFO - DAG(s) 'example_skip_dag' retrieved from /home/airflow/.local/lib/python3.12/site-packages/airflow/example_dags/example_skip_dag.py
[2025-04-22T09:57:38.929+0000] {logging_mixin.py:190} INFO - [2025-04-22T09:57:38.929+0000] {dag.py:3239} INFO - Sync 1 DAGs
[2025-04-22T09:57:38.938+0000] {logging_mixin.py:190} INFO - [2025-04-22T09:57:38.938+0000] {dag.py:4180} INFO - Setting next_dagrun for example_skip_dag to 2025-04-21 00:00:00+00:00, run_after=2025-04-22 00:00:00+00:00
[2025-04-22T09:57:38.944+0000] {processor.py:208} INFO - Processing /home/airflow/.local/lib/python3.12/site-packages/airflow/example_dags/example_skip_dag.py took 0.033 seconds
[2025-04-22T09:58:35.441+0000] {processor.py:186} INFO - Started process (PID=112) to work on /home/airflow/.local/lib/python3.12/site-packages/airflow/example_dags/example_skip_dag.py
[2025-04-22T09:58:35.442+0000] {processor.py:914} INFO - Processing file /home/airflow/.local/lib/python3.12/site-packages/airflow/example_dags/example_skip_dag.py for tasks to queue
[2025-04-22T09:58:35.443+0000] {logging_mixin.py:190} INFO - [2025-04-22T09:58:35.443+0000] {dagbag.py:588} INFO - Filling up the DagBag from /home/airflow/.local/lib/python3.12/site-packages/airflow/example_dags/example_skip_dag.py
[2025-04-22T09:58:35.447+0000] {processor.py:925} INFO - DAG(s) 'example_skip_dag' retrieved from /home/airflow/.local/lib/python3.12/site-packages/airflow/example_dags/example_skip_dag.py
[2025-04-22T09:58:35.458+0000] {logging_mixin.py:190} INFO - [2025-04-22T09:58:35.458+0000] {dag.py:3239} INFO - Sync 1 DAGs
[2025-04-22T09:58:35.467+0000] {logging_mixin.py:190} INFO - [2025-04-22T09:58:35.467+0000] {dag.py:4180} INFO - Setting next_dagrun for example_skip_dag to 2025-04-21 00:00:00+00:00, run_after=2025-04-22 00:00:00+00:00
[2025-04-22T09:58:35.474+0000] {processor.py:208} INFO - Processing /home/airflow/.local/lib/python3.12/site-packages/airflow/example_dags/example_skip_dag.py took 0.037 seconds
[2025-04-22T09:59:05.882+0000] {processor.py:186} INFO - Started process (PID=175) to work on /home/airflow/.local/lib/python3.12/site-packages/airflow/example_dags/example_skip_dag.py
[2025-04-22T09:59:05.883+0000] {processor.py:914} INFO - Processing file /home/airflow/.local/lib/python3.12/site-packages/airflow/example_dags/example_skip_dag.py for tasks to queue
[2025-04-22T09:59:05.884+0000] {logging_mixin.py:190} INFO - [2025-04-22T09:59:05.884+0000] {dagbag.py:588} INFO - Filling up the DagBag from /home/airflow/.local/lib/python3.12/site-packages/airflow/example_dags/example_skip_dag.py
[2025-04-22T09:59:05.887+0000] {processor.py:925} INFO - DAG(s) 'example_skip_dag' retrieved from /home/airflow/.local/lib/python3.12/site-packages/airflow/example_dags/example_skip_dag.py
[2025-04-22T09:59:05.896+0000] {logging_mixin.py:190} INFO - [2025-04-22T09:59:05.896+0000] {dag.py:3239} INFO - Sync 1 DAGs
[2025-04-22T09:59:05.905+0000] {logging_mixin.py:190} INFO - [2025-04-22T09:59:05.905+0000] {dag.py:4180} INFO - Setting next_dagrun for example_skip_dag to 2025-04-21 00:00:00+00:00, run_after=2025-04-22 00:00:00+00:00
[2025-04-22T09:59:05.912+0000] {processor.py:208} INFO - Processing /home/airflow/.local/lib/python3.12/site-packages/airflow/example_dags/example_skip_dag.py took 0.033 seconds
[2025-04-22T09:59:36.399+0000] {processor.py:186} INFO - Started process (PID=238) to work on /home/airflow/.local/lib/python3.12/site-packages/airflow/example_dags/example_skip_dag.py
[2025-04-22T09:59:36.399+0000] {processor.py:914} INFO - Processing file /home/airflow/.local/lib/python3.12/site-packages/airflow/example_dags/example_skip_dag.py for tasks to queue
[2025-04-22T09:59:36.400+0000] {logging_mixin.py:190} INFO - [2025-04-22T09:59:36.400+0000] {dagbag.py:588} INFO - Filling up the DagBag from /home/airflow/.local/lib/python3.12/site-packages/airflow/example_dags/example_skip_dag.py
[2025-04-22T09:59:36.404+0000] {processor.py:925} INFO - DAG(s) 'example_skip_dag' retrieved from /home/airflow/.local/lib/python3.12/site-packages/airflow/example_dags/example_skip_dag.py
[2025-04-22T09:59:36.414+0000] {logging_mixin.py:190} INFO - [2025-04-22T09:59:36.414+0000] {dag.py:3239} INFO - Sync 1 DAGs
[2025-04-22T09:59:36.423+0000] {logging_mixin.py:190} INFO - [2025-04-22T09:59:36.423+0000] {dag.py:4180} INFO - Setting next_dagrun for example_skip_dag to 2025-04-21 00:00:00+00:00, run_after=2025-04-22 00:00:00+00:00
[2025-04-22T09:59:36.429+0000] {processor.py:208} INFO - Processing /home/airflow/.local/lib/python3.12/site-packages/airflow/example_dags/example_skip_dag.py took 0.035 seconds
[2025-04-22T10:00:06.819+0000] {processor.py:186} INFO - Started process (PID=301) to work on /home/airflow/.local/lib/python3.12/site-packages/airflow/example_dags/example_skip_dag.py
[2025-04-22T10:00:06.819+0000] {processor.py:914} INFO - Processing file /home/airflow/.local/lib/python3.12/site-packages/airflow/example_dags/example_skip_dag.py for tasks to queue
[2025-04-22T10:00:06.820+0000] {logging_mixin.py:190} INFO - [2025-04-22T10:00:06.820+0000] {dagbag.py:588} INFO - Filling up the DagBag from /home/airflow/.local/lib/python3.12/site-packages/airflow/example_dags/example_skip_dag.py
[2025-04-22T10:00:06.823+0000] {processor.py:925} INFO - DAG(s) 'example_skip_dag' retrieved from /home/airflow/.local/lib/python3.12/site-packages/airflow/example_dags/example_skip_dag.py
[2025-04-22T10:00:06.833+0000] {logging_mixin.py:190} INFO - [2025-04-22T10:00:06.833+0000] {dag.py:3239} INFO - Sync 1 DAGs
[2025-04-22T10:00:06.843+0000] {logging_mixin.py:190} INFO - [2025-04-22T10:00:06.843+0000] {dag.py:4180} INFO - Setting next_dagrun for example_skip_dag to 2025-04-21 00:00:00+00:00, run_after=2025-04-22 00:00:00+00:00
[2025-04-22T10:00:06.850+0000] {processor.py:208} INFO - Processing /home/airflow/.local/lib/python3.12/site-packages/airflow/example_dags/example_skip_dag.py took 0.035 seconds
[2025-04-22T10:00:55.969+0000] {processor.py:186} INFO - Started process (PID=112) to work on /home/airflow/.local/lib/python3.12/site-packages/airflow/example_dags/example_skip_dag.py
[2025-04-22T10:00:55.970+0000] {processor.py:914} INFO - Processing file /home/airflow/.local/lib/python3.12/site-packages/airflow/example_dags/example_skip_dag.py for tasks to queue
[2025-04-22T10:00:55.970+0000] {logging_mixin.py:190} INFO - [2025-04-22T10:00:55.970+0000] {dagbag.py:588} INFO - Filling up the DagBag from /home/airflow/.local/lib/python3.12/site-packages/airflow/example_dags/example_skip_dag.py
[2025-04-22T10:00:55.975+0000] {processor.py:925} INFO - DAG(s) 'example_skip_dag' retrieved from /home/airflow/.local/lib/python3.12/site-packages/airflow/example_dags/example_skip_dag.py
[2025-04-22T10:00:55.985+0000] {logging_mixin.py:190} INFO - [2025-04-22T10:00:55.985+0000] {dag.py:3239} INFO - Sync 1 DAGs
[2025-04-22T10:00:55.995+0000] {logging_mixin.py:190} INFO - [2025-04-22T10:00:55.995+0000] {dag.py:4180} INFO - Setting next_dagrun for example_skip_dag to 2025-04-21 00:00:00+00:00, run_after=2025-04-22 00:00:00+00:00
[2025-04-22T10:00:56.001+0000] {processor.py:208} INFO - Processing /home/airflow/.local/lib/python3.12/site-packages/airflow/example_dags/example_skip_dag.py took 0.035 seconds
[2025-04-22T10:01:26.337+0000] {processor.py:186} INFO - Started process (PID=175) to work on /home/airflow/.local/lib/python3.12/site-packages/airflow/example_dags/example_skip_dag.py
[2025-04-22T10:01:26.337+0000] {processor.py:914} INFO - Processing file /home/airflow/.local/lib/python3.12/site-packages/airflow/example_dags/example_skip_dag.py for tasks to queue
[2025-04-22T10:01:26.338+0000] {logging_mixin.py:190} INFO - [2025-04-22T10:01:26.338+0000] {dagbag.py:588} INFO - Filling up the DagBag from /home/airflow/.local/lib/python3.12/site-packages/airflow/example_dags/example_skip_dag.py
[2025-04-22T10:01:26.342+0000] {processor.py:925} INFO - DAG(s) 'example_skip_dag' retrieved from /home/airflow/.local/lib/python3.12/site-packages/airflow/example_dags/example_skip_dag.py
[2025-04-22T10:01:26.351+0000] {logging_mixin.py:190} INFO - [2025-04-22T10:01:26.351+0000] {dag.py:3239} INFO - Sync 1 DAGs
[2025-04-22T10:01:26.361+0000] {logging_mixin.py:190} INFO - [2025-04-22T10:01:26.361+0000] {dag.py:4180} INFO - Setting next_dagrun for example_skip_dag to 2025-04-21 00:00:00+00:00, run_after=2025-04-22 00:00:00+00:00
[2025-04-22T10:01:26.368+0000] {processor.py:208} INFO - Processing /home/airflow/.local/lib/python3.12/site-packages/airflow/example_dags/example_skip_dag.py took 0.034 seconds
[2025-04-22T10:01:56.699+0000] {processor.py:186} INFO - Started process (PID=238) to work on /home/airflow/.local/lib/python3.12/site-packages/airflow/example_dags/example_skip_dag.py
[2025-04-22T10:01:56.700+0000] {processor.py:914} INFO - Processing file /home/airflow/.local/lib/python3.12/site-packages/airflow/example_dags/example_skip_dag.py for tasks to queue
[2025-04-22T10:01:56.701+0000] {logging_mixin.py:190} INFO - [2025-04-22T10:01:56.700+0000] {dagbag.py:588} INFO - Filling up the DagBag from /home/airflow/.local/lib/python3.12/site-packages/airflow/example_dags/example_skip_dag.py
[2025-04-22T10:01:56.704+0000] {processor.py:925} INFO - DAG(s) 'example_skip_dag' retrieved from /home/airflow/.local/lib/python3.12/site-packages/airflow/example_dags/example_skip_dag.py
[2025-04-22T10:01:56.713+0000] {logging_mixin.py:190} INFO - [2025-04-22T10:01:56.713+0000] {dag.py:3239} INFO - Sync 1 DAGs
[2025-04-22T10:01:56.723+0000] {logging_mixin.py:190} INFO - [2025-04-22T10:01:56.723+0000] {dag.py:4180} INFO - Setting next_dagrun for example_skip_dag to 2025-04-21 00:00:00+00:00, run_after=2025-04-22 00:00:00+00:00
[2025-04-22T10:01:56.729+0000] {processor.py:208} INFO - Processing /home/airflow/.local/lib/python3.12/site-packages/airflow/example_dags/example_skip_dag.py took 0.033 seconds
[2025-04-22T10:02:27.202+0000] {processor.py:186} INFO - Started process (PID=301) to work on /home/airflow/.local/lib/python3.12/site-packages/airflow/example_dags/example_skip_dag.py
[2025-04-22T10:02:27.203+0000] {processor.py:914} INFO - Processing file /home/airflow/.local/lib/python3.12/site-packages/airflow/example_dags/example_skip_dag.py for tasks to queue
[2025-04-22T10:02:27.203+0000] {logging_mixin.py:190} INFO - [2025-04-22T10:02:27.203+0000] {dagbag.py:588} INFO - Filling up the DagBag from /home/airflow/.local/lib/python3.12/site-packages/airflow/example_dags/example_skip_dag.py
[2025-04-22T10:02:27.207+0000] {processor.py:925} INFO - DAG(s) 'example_skip_dag' retrieved from /home/airflow/.local/lib/python3.12/site-packages/airflow/example_dags/example_skip_dag.py
[2025-04-22T10:02:27.216+0000] {logging_mixin.py:190} INFO - [2025-04-22T10:02:27.216+0000] {dag.py:3239} INFO - Sync 1 DAGs
[2025-04-22T10:02:27.226+0000] {logging_mixin.py:190} INFO - [2025-04-22T10:02:27.226+0000] {dag.py:4180} INFO - Setting next_dagrun for example_skip_dag to 2025-04-21 00:00:00+00:00, run_after=2025-04-22 00:00:00+00:00
[2025-04-22T10:02:27.232+0000] {processor.py:208} INFO - Processing /home/airflow/.local/lib/python3.12/site-packages/airflow/example_dags/example_skip_dag.py took 0.032 seconds
[2025-04-22T10:02:57.406+0000] {processor.py:186} INFO - Started process (PID=364) to work on /home/airflow/.local/lib/python3.12/site-packages/airflow/example_dags/example_skip_dag.py
[2025-04-22T10:02:57.407+0000] {processor.py:914} INFO - Processing file /home/airflow/.local/lib/python3.12/site-packages/airflow/example_dags/example_skip_dag.py for tasks to queue
[2025-04-22T10:02:57.408+0000] {logging_mixin.py:190} INFO - [2025-04-22T10:02:57.408+0000] {dagbag.py:588} INFO - Filling up the DagBag from /home/airflow/.local/lib/python3.12/site-packages/airflow/example_dags/example_skip_dag.py
[2025-04-22T10:02:57.411+0000] {processor.py:925} INFO - DAG(s) 'example_skip_dag' retrieved from /home/airflow/.local/lib/python3.12/site-packages/airflow/example_dags/example_skip_dag.py
[2025-04-22T10:02:57.421+0000] {logging_mixin.py:190} INFO - [2025-04-22T10:02:57.421+0000] {dag.py:3239} INFO - Sync 1 DAGs
[2025-04-22T10:02:57.430+0000] {logging_mixin.py:190} INFO - [2025-04-22T10:02:57.430+0000] {dag.py:4180} INFO - Setting next_dagrun for example_skip_dag to 2025-04-21 00:00:00+00:00, run_after=2025-04-22 00:00:00+00:00
[2025-04-22T10:02:57.436+0000] {processor.py:208} INFO - Processing /home/airflow/.local/lib/python3.12/site-packages/airflow/example_dags/example_skip_dag.py took 0.032 seconds
[2025-04-22T10:03:27.569+0000] {processor.py:186} INFO - Started process (PID=426) to work on /home/airflow/.local/lib/python3.12/site-packages/airflow/example_dags/example_skip_dag.py
[2025-04-22T10:03:27.570+0000] {processor.py:914} INFO - Processing file /home/airflow/.local/lib/python3.12/site-packages/airflow/example_dags/example_skip_dag.py for tasks to queue
[2025-04-22T10:03:27.570+0000] {logging_mixin.py:190} INFO - [2025-04-22T10:03:27.570+0000] {dagbag.py:588} INFO - Filling up the DagBag from /home/airflow/.local/lib/python3.12/site-packages/airflow/example_dags/example_skip_dag.py
[2025-04-22T10:03:27.574+0000] {processor.py:925} INFO - DAG(s) 'example_skip_dag' retrieved from /home/airflow/.local/lib/python3.12/site-packages/airflow/example_dags/example_skip_dag.py
[2025-04-22T10:03:27.583+0000] {logging_mixin.py:190} INFO - [2025-04-22T10:03:27.583+0000] {dag.py:3239} INFO - Sync 1 DAGs
[2025-04-22T10:03:27.592+0000] {logging_mixin.py:190} INFO - [2025-04-22T10:03:27.592+0000] {dag.py:4180} INFO - Setting next_dagrun for example_skip_dag to 2025-04-21 00:00:00+00:00, run_after=2025-04-22 00:00:00+00:00
[2025-04-22T10:03:27.599+0000] {processor.py:208} INFO - Processing /home/airflow/.local/lib/python3.12/site-packages/airflow/example_dags/example_skip_dag.py took 0.032 seconds
[2025-04-22T10:05:37.843+0000] {processor.py:186} INFO - Started process (PID=112) to work on /home/airflow/.local/lib/python3.12/site-packages/airflow/example_dags/example_skip_dag.py
[2025-04-22T10:05:37.843+0000] {processor.py:914} INFO - Processing file /home/airflow/.local/lib/python3.12/site-packages/airflow/example_dags/example_skip_dag.py for tasks to queue
[2025-04-22T10:05:37.844+0000] {logging_mixin.py:190} INFO - [2025-04-22T10:05:37.844+0000] {dagbag.py:588} INFO - Filling up the DagBag from /home/airflow/.local/lib/python3.12/site-packages/airflow/example_dags/example_skip_dag.py
[2025-04-22T10:05:37.848+0000] {processor.py:925} INFO - DAG(s) 'example_skip_dag' retrieved from /home/airflow/.local/lib/python3.12/site-packages/airflow/example_dags/example_skip_dag.py
[2025-04-22T10:05:37.859+0000] {logging_mixin.py:190} INFO - [2025-04-22T10:05:37.858+0000] {dag.py:3239} INFO - Sync 1 DAGs
[2025-04-22T10:05:37.868+0000] {logging_mixin.py:190} INFO - [2025-04-22T10:05:37.868+0000] {dag.py:4180} INFO - Setting next_dagrun for example_skip_dag to 2025-04-21 00:00:00+00:00, run_after=2025-04-22 00:00:00+00:00
[2025-04-22T10:05:37.874+0000] {processor.py:208} INFO - Processing /home/airflow/.local/lib/python3.12/site-packages/airflow/example_dags/example_skip_dag.py took 0.034 seconds
[2025-04-22T10:06:08.194+0000] {processor.py:186} INFO - Started process (PID=175) to work on /home/airflow/.local/lib/python3.12/site-packages/airflow/example_dags/example_skip_dag.py
[2025-04-22T10:06:08.195+0000] {processor.py:914} INFO - Processing file /home/airflow/.local/lib/python3.12/site-packages/airflow/example_dags/example_skip_dag.py for tasks to queue
[2025-04-22T10:06:08.195+0000] {logging_mixin.py:190} INFO - [2025-04-22T10:06:08.195+0000] {dagbag.py:588} INFO - Filling up the DagBag from /home/airflow/.local/lib/python3.12/site-packages/airflow/example_dags/example_skip_dag.py
[2025-04-22T10:06:08.199+0000] {processor.py:925} INFO - DAG(s) 'example_skip_dag' retrieved from /home/airflow/.local/lib/python3.12/site-packages/airflow/example_dags/example_skip_dag.py
[2025-04-22T10:06:08.208+0000] {logging_mixin.py:190} INFO - [2025-04-22T10:06:08.208+0000] {dag.py:3239} INFO - Sync 1 DAGs
[2025-04-22T10:06:08.218+0000] {logging_mixin.py:190} INFO - [2025-04-22T10:06:08.218+0000] {dag.py:4180} INFO - Setting next_dagrun for example_skip_dag to 2025-04-21 00:00:00+00:00, run_after=2025-04-22 00:00:00+00:00
[2025-04-22T10:06:08.224+0000] {processor.py:208} INFO - Processing /home/airflow/.local/lib/python3.12/site-packages/airflow/example_dags/example_skip_dag.py took 0.033 seconds
[2025-04-22T10:06:38.542+0000] {processor.py:186} INFO - Started process (PID=238) to work on /home/airflow/.local/lib/python3.12/site-packages/airflow/example_dags/example_skip_dag.py
[2025-04-22T10:06:38.542+0000] {processor.py:914} INFO - Processing file /home/airflow/.local/lib/python3.12/site-packages/airflow/example_dags/example_skip_dag.py for tasks to queue
[2025-04-22T10:06:38.543+0000] {logging_mixin.py:190} INFO - [2025-04-22T10:06:38.543+0000] {dagbag.py:588} INFO - Filling up the DagBag from /home/airflow/.local/lib/python3.12/site-packages/airflow/example_dags/example_skip_dag.py
[2025-04-22T10:06:38.547+0000] {processor.py:925} INFO - DAG(s) 'example_skip_dag' retrieved from /home/airflow/.local/lib/python3.12/site-packages/airflow/example_dags/example_skip_dag.py
[2025-04-22T10:06:38.557+0000] {logging_mixin.py:190} INFO - [2025-04-22T10:06:38.557+0000] {dag.py:3239} INFO - Sync 1 DAGs
[2025-04-22T10:06:38.566+0000] {logging_mixin.py:190} INFO - [2025-04-22T10:06:38.566+0000] {dag.py:4180} INFO - Setting next_dagrun for example_skip_dag to 2025-04-21 00:00:00+00:00, run_after=2025-04-22 00:00:00+00:00
[2025-04-22T10:06:38.572+0000] {processor.py:208} INFO - Processing /home/airflow/.local/lib/python3.12/site-packages/airflow/example_dags/example_skip_dag.py took 0.033 seconds
[2025-04-22T10:07:08.938+0000] {processor.py:186} INFO - Started process (PID=301) to work on /home/airflow/.local/lib/python3.12/site-packages/airflow/example_dags/example_skip_dag.py
[2025-04-22T10:07:08.938+0000] {processor.py:914} INFO - Processing file /home/airflow/.local/lib/python3.12/site-packages/airflow/example_dags/example_skip_dag.py for tasks to queue
[2025-04-22T10:07:08.939+0000] {logging_mixin.py:190} INFO - [2025-04-22T10:07:08.939+0000] {dagbag.py:588} INFO - Filling up the DagBag from /home/airflow/.local/lib/python3.12/site-packages/airflow/example_dags/example_skip_dag.py
[2025-04-22T10:07:08.943+0000] {processor.py:925} INFO - DAG(s) 'example_skip_dag' retrieved from /home/airflow/.local/lib/python3.12/site-packages/airflow/example_dags/example_skip_dag.py
[2025-04-22T10:07:08.953+0000] {logging_mixin.py:190} INFO - [2025-04-22T10:07:08.953+0000] {dag.py:3239} INFO - Sync 1 DAGs
[2025-04-22T10:07:08.962+0000] {logging_mixin.py:190} INFO - [2025-04-22T10:07:08.962+0000] {dag.py:4180} INFO - Setting next_dagrun for example_skip_dag to 2025-04-21 00:00:00+00:00, run_after=2025-04-22 00:00:00+00:00
[2025-04-22T10:07:08.969+0000] {processor.py:208} INFO - Processing /home/airflow/.local/lib/python3.12/site-packages/airflow/example_dags/example_skip_dag.py took 0.033 seconds
[2025-04-22T10:07:39.306+0000] {processor.py:186} INFO - Started process (PID=364) to work on /home/airflow/.local/lib/python3.12/site-packages/airflow/example_dags/example_skip_dag.py
[2025-04-22T10:07:39.307+0000] {processor.py:914} INFO - Processing file /home/airflow/.local/lib/python3.12/site-packages/airflow/example_dags/example_skip_dag.py for tasks to queue
[2025-04-22T10:07:39.307+0000] {logging_mixin.py:190} INFO - [2025-04-22T10:07:39.307+0000] {dagbag.py:588} INFO - Filling up the DagBag from /home/airflow/.local/lib/python3.12/site-packages/airflow/example_dags/example_skip_dag.py
[2025-04-22T10:07:39.311+0000] {processor.py:925} INFO - DAG(s) 'example_skip_dag' retrieved from /home/airflow/.local/lib/python3.12/site-packages/airflow/example_dags/example_skip_dag.py
[2025-04-22T10:07:39.321+0000] {logging_mixin.py:190} INFO - [2025-04-22T10:07:39.321+0000] {dag.py:3239} INFO - Sync 1 DAGs
[2025-04-22T10:07:39.330+0000] {logging_mixin.py:190} INFO - [2025-04-22T10:07:39.330+0000] {dag.py:4180} INFO - Setting next_dagrun for example_skip_dag to 2025-04-21 00:00:00+00:00, run_after=2025-04-22 00:00:00+00:00
[2025-04-22T10:07:39.336+0000] {processor.py:208} INFO - Processing /home/airflow/.local/lib/python3.12/site-packages/airflow/example_dags/example_skip_dag.py took 0.033 seconds
[2025-04-22T10:08:09.649+0000] {processor.py:186} INFO - Started process (PID=427) to work on /home/airflow/.local/lib/python3.12/site-packages/airflow/example_dags/example_skip_dag.py
[2025-04-22T10:08:09.649+0000] {processor.py:914} INFO - Processing file /home/airflow/.local/lib/python3.12/site-packages/airflow/example_dags/example_skip_dag.py for tasks to queue
[2025-04-22T10:08:09.650+0000] {logging_mixin.py:190} INFO - [2025-04-22T10:08:09.650+0000] {dagbag.py:588} INFO - Filling up the DagBag from /home/airflow/.local/lib/python3.12/site-packages/airflow/example_dags/example_skip_dag.py
[2025-04-22T10:08:09.653+0000] {processor.py:925} INFO - DAG(s) 'example_skip_dag' retrieved from /home/airflow/.local/lib/python3.12/site-packages/airflow/example_dags/example_skip_dag.py
[2025-04-22T10:08:09.662+0000] {logging_mixin.py:190} INFO - [2025-04-22T10:08:09.662+0000] {dag.py:3239} INFO - Sync 1 DAGs
[2025-04-22T10:08:09.671+0000] {logging_mixin.py:190} INFO - [2025-04-22T10:08:09.671+0000] {dag.py:4180} INFO - Setting next_dagrun for example_skip_dag to 2025-04-21 00:00:00+00:00, run_after=2025-04-22 00:00:00+00:00
[2025-04-22T10:08:09.678+0000] {processor.py:208} INFO - Processing /home/airflow/.local/lib/python3.12/site-packages/airflow/example_dags/example_skip_dag.py took 0.032 seconds
[2025-04-22T10:08:40.023+0000] {processor.py:186} INFO - Started process (PID=490) to work on /home/airflow/.local/lib/python3.12/site-packages/airflow/example_dags/example_skip_dag.py
[2025-04-22T10:08:40.023+0000] {processor.py:914} INFO - Processing file /home/airflow/.local/lib/python3.12/site-packages/airflow/example_dags/example_skip_dag.py for tasks to queue
[2025-04-22T10:08:40.024+0000] {logging_mixin.py:190} INFO - [2025-04-22T10:08:40.024+0000] {dagbag.py:588} INFO - Filling up the DagBag from /home/airflow/.local/lib/python3.12/site-packages/airflow/example_dags/example_skip_dag.py
[2025-04-22T10:08:40.028+0000] {processor.py:925} INFO - DAG(s) 'example_skip_dag' retrieved from /home/airflow/.local/lib/python3.12/site-packages/airflow/example_dags/example_skip_dag.py
[2025-04-22T10:08:40.038+0000] {logging_mixin.py:190} INFO - [2025-04-22T10:08:40.038+0000] {dag.py:3239} INFO - Sync 1 DAGs
[2025-04-22T10:08:40.047+0000] {logging_mixin.py:190} INFO - [2025-04-22T10:08:40.047+0000] {dag.py:4180} INFO - Setting next_dagrun for example_skip_dag to 2025-04-21 00:00:00+00:00, run_after=2025-04-22 00:00:00+00:00
[2025-04-22T10:08:40.053+0000] {processor.py:208} INFO - Processing /home/airflow/.local/lib/python3.12/site-packages/airflow/example_dags/example_skip_dag.py took 0.033 seconds
[2025-04-22T10:09:10.406+0000] {processor.py:186} INFO - Started process (PID=553) to work on /home/airflow/.local/lib/python3.12/site-packages/airflow/example_dags/example_skip_dag.py
[2025-04-22T10:09:10.407+0000] {processor.py:914} INFO - Processing file /home/airflow/.local/lib/python3.12/site-packages/airflow/example_dags/example_skip_dag.py for tasks to queue
[2025-04-22T10:09:10.408+0000] {logging_mixin.py:190} INFO - [2025-04-22T10:09:10.407+0000] {dagbag.py:588} INFO - Filling up the DagBag from /home/airflow/.local/lib/python3.12/site-packages/airflow/example_dags/example_skip_dag.py
[2025-04-22T10:09:10.411+0000] {processor.py:925} INFO - DAG(s) 'example_skip_dag' retrieved from /home/airflow/.local/lib/python3.12/site-packages/airflow/example_dags/example_skip_dag.py
[2025-04-22T10:09:10.421+0000] {logging_mixin.py:190} INFO - [2025-04-22T10:09:10.421+0000] {dag.py:3239} INFO - Sync 1 DAGs
[2025-04-22T10:09:10.431+0000] {logging_mixin.py:190} INFO - [2025-04-22T10:09:10.430+0000] {dag.py:4180} INFO - Setting next_dagrun for example_skip_dag to 2025-04-21 00:00:00+00:00, run_after=2025-04-22 00:00:00+00:00
[2025-04-22T10:09:10.437+0000] {processor.py:208} INFO - Processing /home/airflow/.local/lib/python3.12/site-packages/airflow/example_dags/example_skip_dag.py took 0.033 seconds
[2025-04-22T10:09:40.745+0000] {processor.py:186} INFO - Started process (PID=616) to work on /home/airflow/.local/lib/python3.12/site-packages/airflow/example_dags/example_skip_dag.py
[2025-04-22T10:09:40.745+0000] {processor.py:914} INFO - Processing file /home/airflow/.local/lib/python3.12/site-packages/airflow/example_dags/example_skip_dag.py for tasks to queue
[2025-04-22T10:09:40.746+0000] {logging_mixin.py:190} INFO - [2025-04-22T10:09:40.746+0000] {dagbag.py:588} INFO - Filling up the DagBag from /home/airflow/.local/lib/python3.12/site-packages/airflow/example_dags/example_skip_dag.py
[2025-04-22T10:09:40.750+0000] {processor.py:925} INFO - DAG(s) 'example_skip_dag' retrieved from /home/airflow/.local/lib/python3.12/site-packages/airflow/example_dags/example_skip_dag.py
[2025-04-22T10:09:40.759+0000] {logging_mixin.py:190} INFO - [2025-04-22T10:09:40.759+0000] {dag.py:3239} INFO - Sync 1 DAGs
[2025-04-22T10:09:40.769+0000] {logging_mixin.py:190} INFO - [2025-04-22T10:09:40.769+0000] {dag.py:4180} INFO - Setting next_dagrun for example_skip_dag to 2025-04-21 00:00:00+00:00, run_after=2025-04-22 00:00:00+00:00
[2025-04-22T10:09:40.775+0000] {processor.py:208} INFO - Processing /home/airflow/.local/lib/python3.12/site-packages/airflow/example_dags/example_skip_dag.py took 0.033 seconds
[2025-04-22T10:10:11.103+0000] {processor.py:186} INFO - Started process (PID=679) to work on /home/airflow/.local/lib/python3.12/site-packages/airflow/example_dags/example_skip_dag.py
[2025-04-22T10:10:11.104+0000] {processor.py:914} INFO - Processing file /home/airflow/.local/lib/python3.12/site-packages/airflow/example_dags/example_skip_dag.py for tasks to queue
[2025-04-22T10:10:11.105+0000] {logging_mixin.py:190} INFO - [2025-04-22T10:10:11.105+0000] {dagbag.py:588} INFO - Filling up the DagBag from /home/airflow/.local/lib/python3.12/site-packages/airflow/example_dags/example_skip_dag.py
[2025-04-22T10:10:11.109+0000] {processor.py:925} INFO - DAG(s) 'example_skip_dag' retrieved from /home/airflow/.local/lib/python3.12/site-packages/airflow/example_dags/example_skip_dag.py
[2025-04-22T10:10:11.118+0000] {logging_mixin.py:190} INFO - [2025-04-22T10:10:11.118+0000] {dag.py:3239} INFO - Sync 1 DAGs
[2025-04-22T10:10:11.127+0000] {logging_mixin.py:190} INFO - [2025-04-22T10:10:11.127+0000] {dag.py:4180} INFO - Setting next_dagrun for example_skip_dag to 2025-04-21 00:00:00+00:00, run_after=2025-04-22 00:00:00+00:00
[2025-04-22T10:10:11.133+0000] {processor.py:208} INFO - Processing /home/airflow/.local/lib/python3.12/site-packages/airflow/example_dags/example_skip_dag.py took 0.033 seconds
[2025-04-22T10:10:41.445+0000] {processor.py:186} INFO - Started process (PID=742) to work on /home/airflow/.local/lib/python3.12/site-packages/airflow/example_dags/example_skip_dag.py
[2025-04-22T10:10:41.446+0000] {processor.py:914} INFO - Processing file /home/airflow/.local/lib/python3.12/site-packages/airflow/example_dags/example_skip_dag.py for tasks to queue
[2025-04-22T10:10:41.447+0000] {logging_mixin.py:190} INFO - [2025-04-22T10:10:41.447+0000] {dagbag.py:588} INFO - Filling up the DagBag from /home/airflow/.local/lib/python3.12/site-packages/airflow/example_dags/example_skip_dag.py
[2025-04-22T10:10:41.451+0000] {processor.py:925} INFO - DAG(s) 'example_skip_dag' retrieved from /home/airflow/.local/lib/python3.12/site-packages/airflow/example_dags/example_skip_dag.py
[2025-04-22T10:10:41.460+0000] {logging_mixin.py:190} INFO - [2025-04-22T10:10:41.460+0000] {dag.py:3239} INFO - Sync 1 DAGs
[2025-04-22T10:10:41.470+0000] {logging_mixin.py:190} INFO - [2025-04-22T10:10:41.470+0000] {dag.py:4180} INFO - Setting next_dagrun for example_skip_dag to 2025-04-21 00:00:00+00:00, run_after=2025-04-22 00:00:00+00:00
[2025-04-22T10:10:41.476+0000] {processor.py:208} INFO - Processing /home/airflow/.local/lib/python3.12/site-packages/airflow/example_dags/example_skip_dag.py took 0.034 seconds
[2025-04-22T10:11:11.797+0000] {processor.py:186} INFO - Started process (PID=805) to work on /home/airflow/.local/lib/python3.12/site-packages/airflow/example_dags/example_skip_dag.py
[2025-04-22T10:11:11.797+0000] {processor.py:914} INFO - Processing file /home/airflow/.local/lib/python3.12/site-packages/airflow/example_dags/example_skip_dag.py for tasks to queue
[2025-04-22T10:11:11.798+0000] {logging_mixin.py:190} INFO - [2025-04-22T10:11:11.798+0000] {dagbag.py:588} INFO - Filling up the DagBag from /home/airflow/.local/lib/python3.12/site-packages/airflow/example_dags/example_skip_dag.py
[2025-04-22T10:11:11.802+0000] {processor.py:925} INFO - DAG(s) 'example_skip_dag' retrieved from /home/airflow/.local/lib/python3.12/site-packages/airflow/example_dags/example_skip_dag.py
[2025-04-22T10:11:11.811+0000] {logging_mixin.py:190} INFO - [2025-04-22T10:11:11.811+0000] {dag.py:3239} INFO - Sync 1 DAGs
[2025-04-22T10:11:11.821+0000] {logging_mixin.py:190} INFO - [2025-04-22T10:11:11.821+0000] {dag.py:4180} INFO - Setting next_dagrun for example_skip_dag to 2025-04-21 00:00:00+00:00, run_after=2025-04-22 00:00:00+00:00
[2025-04-22T10:11:11.827+0000] {processor.py:208} INFO - Processing /home/airflow/.local/lib/python3.12/site-packages/airflow/example_dags/example_skip_dag.py took 0.033 seconds
[2025-04-22T10:11:42.146+0000] {processor.py:186} INFO - Started process (PID=868) to work on /home/airflow/.local/lib/python3.12/site-packages/airflow/example_dags/example_skip_dag.py
[2025-04-22T10:11:42.147+0000] {processor.py:914} INFO - Processing file /home/airflow/.local/lib/python3.12/site-packages/airflow/example_dags/example_skip_dag.py for tasks to queue
[2025-04-22T10:11:42.148+0000] {logging_mixin.py:190} INFO - [2025-04-22T10:11:42.147+0000] {dagbag.py:588} INFO - Filling up the DagBag from /home/airflow/.local/lib/python3.12/site-packages/airflow/example_dags/example_skip_dag.py
[2025-04-22T10:11:42.151+0000] {processor.py:925} INFO - DAG(s) 'example_skip_dag' retrieved from /home/airflow/.local/lib/python3.12/site-packages/airflow/example_dags/example_skip_dag.py
[2025-04-22T10:11:42.161+0000] {logging_mixin.py:190} INFO - [2025-04-22T10:11:42.161+0000] {dag.py:3239} INFO - Sync 1 DAGs
[2025-04-22T10:11:42.171+0000] {logging_mixin.py:190} INFO - [2025-04-22T10:11:42.171+0000] {dag.py:4180} INFO - Setting next_dagrun for example_skip_dag to 2025-04-21 00:00:00+00:00, run_after=2025-04-22 00:00:00+00:00
[2025-04-22T10:11:42.178+0000] {processor.py:208} INFO - Processing /home/airflow/.local/lib/python3.12/site-packages/airflow/example_dags/example_skip_dag.py took 0.034 seconds
[2025-04-22T10:12:12.541+0000] {processor.py:186} INFO - Started process (PID=931) to work on /home/airflow/.local/lib/python3.12/site-packages/airflow/example_dags/example_skip_dag.py
[2025-04-22T10:12:12.541+0000] {processor.py:914} INFO - Processing file /home/airflow/.local/lib/python3.12/site-packages/airflow/example_dags/example_skip_dag.py for tasks to queue
[2025-04-22T10:12:12.542+0000] {logging_mixin.py:190} INFO - [2025-04-22T10:12:12.542+0000] {dagbag.py:588} INFO - Filling up the DagBag from /home/airflow/.local/lib/python3.12/site-packages/airflow/example_dags/example_skip_dag.py
[2025-04-22T10:12:12.546+0000] {processor.py:925} INFO - DAG(s) 'example_skip_dag' retrieved from /home/airflow/.local/lib/python3.12/site-packages/airflow/example_dags/example_skip_dag.py
[2025-04-22T10:12:12.556+0000] {logging_mixin.py:190} INFO - [2025-04-22T10:12:12.555+0000] {dag.py:3239} INFO - Sync 1 DAGs
[2025-04-22T10:12:12.565+0000] {logging_mixin.py:190} INFO - [2025-04-22T10:12:12.565+0000] {dag.py:4180} INFO - Setting next_dagrun for example_skip_dag to 2025-04-21 00:00:00+00:00, run_after=2025-04-22 00:00:00+00:00
[2025-04-22T10:12:12.572+0000] {processor.py:208} INFO - Processing /home/airflow/.local/lib/python3.12/site-packages/airflow/example_dags/example_skip_dag.py took 0.034 seconds
[2025-04-22T10:12:43.006+0000] {processor.py:186} INFO - Started process (PID=994) to work on /home/airflow/.local/lib/python3.12/site-packages/airflow/example_dags/example_skip_dag.py
[2025-04-22T10:12:43.006+0000] {processor.py:914} INFO - Processing file /home/airflow/.local/lib/python3.12/site-packages/airflow/example_dags/example_skip_dag.py for tasks to queue
[2025-04-22T10:12:43.007+0000] {logging_mixin.py:190} INFO - [2025-04-22T10:12:43.007+0000] {dagbag.py:588} INFO - Filling up the DagBag from /home/airflow/.local/lib/python3.12/site-packages/airflow/example_dags/example_skip_dag.py
[2025-04-22T10:12:43.011+0000] {processor.py:925} INFO - DAG(s) 'example_skip_dag' retrieved from /home/airflow/.local/lib/python3.12/site-packages/airflow/example_dags/example_skip_dag.py
[2025-04-22T10:12:43.021+0000] {logging_mixin.py:190} INFO - [2025-04-22T10:12:43.021+0000] {dag.py:3239} INFO - Sync 1 DAGs
[2025-04-22T10:12:43.030+0000] {logging_mixin.py:190} INFO - [2025-04-22T10:12:43.030+0000] {dag.py:4180} INFO - Setting next_dagrun for example_skip_dag to 2025-04-21 00:00:00+00:00, run_after=2025-04-22 00:00:00+00:00
[2025-04-22T10:12:43.037+0000] {processor.py:208} INFO - Processing /home/airflow/.local/lib/python3.12/site-packages/airflow/example_dags/example_skip_dag.py took 0.033 seconds
[2025-04-22T10:13:13.401+0000] {processor.py:186} INFO - Started process (PID=1057) to work on /home/airflow/.local/lib/python3.12/site-packages/airflow/example_dags/example_skip_dag.py
[2025-04-22T10:13:13.401+0000] {processor.py:914} INFO - Processing file /home/airflow/.local/lib/python3.12/site-packages/airflow/example_dags/example_skip_dag.py for tasks to queue
[2025-04-22T10:13:13.402+0000] {logging_mixin.py:190} INFO - [2025-04-22T10:13:13.402+0000] {dagbag.py:588} INFO - Filling up the DagBag from /home/airflow/.local/lib/python3.12/site-packages/airflow/example_dags/example_skip_dag.py
[2025-04-22T10:13:13.406+0000] {processor.py:925} INFO - DAG(s) 'example_skip_dag' retrieved from /home/airflow/.local/lib/python3.12/site-packages/airflow/example_dags/example_skip_dag.py
[2025-04-22T10:13:13.416+0000] {logging_mixin.py:190} INFO - [2025-04-22T10:13:13.415+0000] {dag.py:3239} INFO - Sync 1 DAGs
[2025-04-22T10:13:13.425+0000] {logging_mixin.py:190} INFO - [2025-04-22T10:13:13.425+0000] {dag.py:4180} INFO - Setting next_dagrun for example_skip_dag to 2025-04-21 00:00:00+00:00, run_after=2025-04-22 00:00:00+00:00
[2025-04-22T10:13:13.431+0000] {processor.py:208} INFO - Processing /home/airflow/.local/lib/python3.12/site-packages/airflow/example_dags/example_skip_dag.py took 0.033 seconds
[2025-04-22T10:13:43.801+0000] {processor.py:186} INFO - Started process (PID=1120) to work on /home/airflow/.local/lib/python3.12/site-packages/airflow/example_dags/example_skip_dag.py
[2025-04-22T10:13:43.802+0000] {processor.py:914} INFO - Processing file /home/airflow/.local/lib/python3.12/site-packages/airflow/example_dags/example_skip_dag.py for tasks to queue
[2025-04-22T10:13:43.803+0000] {logging_mixin.py:190} INFO - [2025-04-22T10:13:43.803+0000] {dagbag.py:588} INFO - Filling up the DagBag from /home/airflow/.local/lib/python3.12/site-packages/airflow/example_dags/example_skip_dag.py
[2025-04-22T10:13:43.806+0000] {processor.py:925} INFO - DAG(s) 'example_skip_dag' retrieved from /home/airflow/.local/lib/python3.12/site-packages/airflow/example_dags/example_skip_dag.py
[2025-04-22T10:13:43.816+0000] {logging_mixin.py:190} INFO - [2025-04-22T10:13:43.816+0000] {dag.py:3239} INFO - Sync 1 DAGs
[2025-04-22T10:13:43.825+0000] {logging_mixin.py:190} INFO - [2025-04-22T10:13:43.825+0000] {dag.py:4180} INFO - Setting next_dagrun for example_skip_dag to 2025-04-21 00:00:00+00:00, run_after=2025-04-22 00:00:00+00:00
[2025-04-22T10:13:43.832+0000] {processor.py:208} INFO - Processing /home/airflow/.local/lib/python3.12/site-packages/airflow/example_dags/example_skip_dag.py took 0.033 seconds
[2025-04-22T10:14:14.164+0000] {processor.py:186} INFO - Started process (PID=1183) to work on /home/airflow/.local/lib/python3.12/site-packages/airflow/example_dags/example_skip_dag.py
[2025-04-22T10:14:14.165+0000] {processor.py:914} INFO - Processing file /home/airflow/.local/lib/python3.12/site-packages/airflow/example_dags/example_skip_dag.py for tasks to queue
[2025-04-22T10:14:14.166+0000] {logging_mixin.py:190} INFO - [2025-04-22T10:14:14.166+0000] {dagbag.py:588} INFO - Filling up the DagBag from /home/airflow/.local/lib/python3.12/site-packages/airflow/example_dags/example_skip_dag.py
[2025-04-22T10:14:14.169+0000] {processor.py:925} INFO - DAG(s) 'example_skip_dag' retrieved from /home/airflow/.local/lib/python3.12/site-packages/airflow/example_dags/example_skip_dag.py
[2025-04-22T10:14:14.179+0000] {logging_mixin.py:190} INFO - [2025-04-22T10:14:14.179+0000] {dag.py:3239} INFO - Sync 1 DAGs
[2025-04-22T10:14:14.188+0000] {logging_mixin.py:190} INFO - [2025-04-22T10:14:14.188+0000] {dag.py:4180} INFO - Setting next_dagrun for example_skip_dag to 2025-04-21 00:00:00+00:00, run_after=2025-04-22 00:00:00+00:00
[2025-04-22T10:14:14.194+0000] {processor.py:208} INFO - Processing /home/airflow/.local/lib/python3.12/site-packages/airflow/example_dags/example_skip_dag.py took 0.033 seconds
[2025-04-22T10:14:44.662+0000] {processor.py:186} INFO - Started process (PID=1246) to work on /home/airflow/.local/lib/python3.12/site-packages/airflow/example_dags/example_skip_dag.py
[2025-04-22T10:14:44.663+0000] {processor.py:914} INFO - Processing file /home/airflow/.local/lib/python3.12/site-packages/airflow/example_dags/example_skip_dag.py for tasks to queue
[2025-04-22T10:14:44.664+0000] {logging_mixin.py:190} INFO - [2025-04-22T10:14:44.663+0000] {dagbag.py:588} INFO - Filling up the DagBag from /home/airflow/.local/lib/python3.12/site-packages/airflow/example_dags/example_skip_dag.py
[2025-04-22T10:14:44.667+0000] {processor.py:925} INFO - DAG(s) 'example_skip_dag' retrieved from /home/airflow/.local/lib/python3.12/site-packages/airflow/example_dags/example_skip_dag.py
[2025-04-22T10:14:44.677+0000] {logging_mixin.py:190} INFO - [2025-04-22T10:14:44.676+0000] {dag.py:3239} INFO - Sync 1 DAGs
[2025-04-22T10:14:44.686+0000] {logging_mixin.py:190} INFO - [2025-04-22T10:14:44.686+0000] {dag.py:4180} INFO - Setting next_dagrun for example_skip_dag to 2025-04-21 00:00:00+00:00, run_after=2025-04-22 00:00:00+00:00
[2025-04-22T10:14:44.692+0000] {processor.py:208} INFO - Processing /home/airflow/.local/lib/python3.12/site-packages/airflow/example_dags/example_skip_dag.py took 0.033 seconds
[2025-04-22T10:15:15.148+0000] {processor.py:186} INFO - Started process (PID=1309) to work on /home/airflow/.local/lib/python3.12/site-packages/airflow/example_dags/example_skip_dag.py
[2025-04-22T10:15:15.149+0000] {processor.py:914} INFO - Processing file /home/airflow/.local/lib/python3.12/site-packages/airflow/example_dags/example_skip_dag.py for tasks to queue
[2025-04-22T10:15:15.150+0000] {logging_mixin.py:190} INFO - [2025-04-22T10:15:15.150+0000] {dagbag.py:588} INFO - Filling up the DagBag from /home/airflow/.local/lib/python3.12/site-packages/airflow/example_dags/example_skip_dag.py
[2025-04-22T10:15:15.154+0000] {processor.py:925} INFO - DAG(s) 'example_skip_dag' retrieved from /home/airflow/.local/lib/python3.12/site-packages/airflow/example_dags/example_skip_dag.py
[2025-04-22T10:15:15.163+0000] {logging_mixin.py:190} INFO - [2025-04-22T10:15:15.163+0000] {dag.py:3239} INFO - Sync 1 DAGs
[2025-04-22T10:15:15.173+0000] {logging_mixin.py:190} INFO - [2025-04-22T10:15:15.173+0000] {dag.py:4180} INFO - Setting next_dagrun for example_skip_dag to 2025-04-21 00:00:00+00:00, run_after=2025-04-22 00:00:00+00:00
[2025-04-22T10:15:15.179+0000] {processor.py:208} INFO - Processing /home/airflow/.local/lib/python3.12/site-packages/airflow/example_dags/example_skip_dag.py took 0.033 seconds
[2025-04-22T10:15:45.752+0000] {processor.py:186} INFO - Started process (PID=1372) to work on /home/airflow/.local/lib/python3.12/site-packages/airflow/example_dags/example_skip_dag.py
[2025-04-22T10:15:45.752+0000] {processor.py:914} INFO - Processing file /home/airflow/.local/lib/python3.12/site-packages/airflow/example_dags/example_skip_dag.py for tasks to queue
[2025-04-22T10:15:45.753+0000] {logging_mixin.py:190} INFO - [2025-04-22T10:15:45.753+0000] {dagbag.py:588} INFO - Filling up the DagBag from /home/airflow/.local/lib/python3.12/site-packages/airflow/example_dags/example_skip_dag.py
[2025-04-22T10:15:45.756+0000] {processor.py:925} INFO - DAG(s) 'example_skip_dag' retrieved from /home/airflow/.local/lib/python3.12/site-packages/airflow/example_dags/example_skip_dag.py
[2025-04-22T10:15:45.766+0000] {logging_mixin.py:190} INFO - [2025-04-22T10:15:45.766+0000] {dag.py:3239} INFO - Sync 1 DAGs
[2025-04-22T10:15:45.776+0000] {logging_mixin.py:190} INFO - [2025-04-22T10:15:45.776+0000] {dag.py:4180} INFO - Setting next_dagrun for example_skip_dag to 2025-04-21 00:00:00+00:00, run_after=2025-04-22 00:00:00+00:00
[2025-04-22T10:15:45.782+0000] {processor.py:208} INFO - Processing /home/airflow/.local/lib/python3.12/site-packages/airflow/example_dags/example_skip_dag.py took 0.033 seconds
[2025-04-22T10:16:16.271+0000] {processor.py:186} INFO - Started process (PID=1435) to work on /home/airflow/.local/lib/python3.12/site-packages/airflow/example_dags/example_skip_dag.py
[2025-04-22T10:16:16.271+0000] {processor.py:914} INFO - Processing file /home/airflow/.local/lib/python3.12/site-packages/airflow/example_dags/example_skip_dag.py for tasks to queue
[2025-04-22T10:16:16.272+0000] {logging_mixin.py:190} INFO - [2025-04-22T10:16:16.272+0000] {dagbag.py:588} INFO - Filling up the DagBag from /home/airflow/.local/lib/python3.12/site-packages/airflow/example_dags/example_skip_dag.py
[2025-04-22T10:16:16.276+0000] {processor.py:925} INFO - DAG(s) 'example_skip_dag' retrieved from /home/airflow/.local/lib/python3.12/site-packages/airflow/example_dags/example_skip_dag.py
[2025-04-22T10:16:16.286+0000] {logging_mixin.py:190} INFO - [2025-04-22T10:16:16.286+0000] {dag.py:3239} INFO - Sync 1 DAGs
[2025-04-22T10:16:16.295+0000] {logging_mixin.py:190} INFO - [2025-04-22T10:16:16.295+0000] {dag.py:4180} INFO - Setting next_dagrun for example_skip_dag to 2025-04-21 00:00:00+00:00, run_after=2025-04-22 00:00:00+00:00
[2025-04-22T10:16:16.301+0000] {processor.py:208} INFO - Processing /home/airflow/.local/lib/python3.12/site-packages/airflow/example_dags/example_skip_dag.py took 0.033 seconds
[2025-04-22T10:16:46.801+0000] {processor.py:186} INFO - Started process (PID=1498) to work on /home/airflow/.local/lib/python3.12/site-packages/airflow/example_dags/example_skip_dag.py
[2025-04-22T10:16:46.801+0000] {processor.py:914} INFO - Processing file /home/airflow/.local/lib/python3.12/site-packages/airflow/example_dags/example_skip_dag.py for tasks to queue
[2025-04-22T10:16:46.802+0000] {logging_mixin.py:190} INFO - [2025-04-22T10:16:46.802+0000] {dagbag.py:588} INFO - Filling up the DagBag from /home/airflow/.local/lib/python3.12/site-packages/airflow/example_dags/example_skip_dag.py
[2025-04-22T10:16:46.806+0000] {processor.py:925} INFO - DAG(s) 'example_skip_dag' retrieved from /home/airflow/.local/lib/python3.12/site-packages/airflow/example_dags/example_skip_dag.py
[2025-04-22T10:16:46.815+0000] {logging_mixin.py:190} INFO - [2025-04-22T10:16:46.815+0000] {dag.py:3239} INFO - Sync 1 DAGs
[2025-04-22T10:16:46.825+0000] {logging_mixin.py:190} INFO - [2025-04-22T10:16:46.825+0000] {dag.py:4180} INFO - Setting next_dagrun for example_skip_dag to 2025-04-21 00:00:00+00:00, run_after=2025-04-22 00:00:00+00:00
[2025-04-22T10:16:46.831+0000] {processor.py:208} INFO - Processing /home/airflow/.local/lib/python3.12/site-packages/airflow/example_dags/example_skip_dag.py took 0.033 seconds
[2025-04-22T10:17:17.268+0000] {processor.py:186} INFO - Started process (PID=1561) to work on /home/airflow/.local/lib/python3.12/site-packages/airflow/example_dags/example_skip_dag.py
[2025-04-22T10:17:17.269+0000] {processor.py:914} INFO - Processing file /home/airflow/.local/lib/python3.12/site-packages/airflow/example_dags/example_skip_dag.py for tasks to queue
[2025-04-22T10:17:17.270+0000] {logging_mixin.py:190} INFO - [2025-04-22T10:17:17.270+0000] {dagbag.py:588} INFO - Filling up the DagBag from /home/airflow/.local/lib/python3.12/site-packages/airflow/example_dags/example_skip_dag.py
[2025-04-22T10:17:17.274+0000] {processor.py:925} INFO - DAG(s) 'example_skip_dag' retrieved from /home/airflow/.local/lib/python3.12/site-packages/airflow/example_dags/example_skip_dag.py
[2025-04-22T10:17:17.283+0000] {logging_mixin.py:190} INFO - [2025-04-22T10:17:17.283+0000] {dag.py:3239} INFO - Sync 1 DAGs
[2025-04-22T10:17:17.292+0000] {logging_mixin.py:190} INFO - [2025-04-22T10:17:17.292+0000] {dag.py:4180} INFO - Setting next_dagrun for example_skip_dag to 2025-04-21 00:00:00+00:00, run_after=2025-04-22 00:00:00+00:00
[2025-04-22T10:17:17.298+0000] {processor.py:208} INFO - Processing /home/airflow/.local/lib/python3.12/site-packages/airflow/example_dags/example_skip_dag.py took 0.033 seconds
[2025-04-22T10:17:47.758+0000] {processor.py:186} INFO - Started process (PID=1624) to work on /home/airflow/.local/lib/python3.12/site-packages/airflow/example_dags/example_skip_dag.py
[2025-04-22T10:17:47.758+0000] {processor.py:914} INFO - Processing file /home/airflow/.local/lib/python3.12/site-packages/airflow/example_dags/example_skip_dag.py for tasks to queue
[2025-04-22T10:17:47.759+0000] {logging_mixin.py:190} INFO - [2025-04-22T10:17:47.759+0000] {dagbag.py:588} INFO - Filling up the DagBag from /home/airflow/.local/lib/python3.12/site-packages/airflow/example_dags/example_skip_dag.py
[2025-04-22T10:17:47.763+0000] {processor.py:925} INFO - DAG(s) 'example_skip_dag' retrieved from /home/airflow/.local/lib/python3.12/site-packages/airflow/example_dags/example_skip_dag.py
[2025-04-22T10:17:47.773+0000] {logging_mixin.py:190} INFO - [2025-04-22T10:17:47.773+0000] {dag.py:3239} INFO - Sync 1 DAGs
[2025-04-22T10:17:47.782+0000] {logging_mixin.py:190} INFO - [2025-04-22T10:17:47.782+0000] {dag.py:4180} INFO - Setting next_dagrun for example_skip_dag to 2025-04-21 00:00:00+00:00, run_after=2025-04-22 00:00:00+00:00
[2025-04-22T10:17:47.789+0000] {processor.py:208} INFO - Processing /home/airflow/.local/lib/python3.12/site-packages/airflow/example_dags/example_skip_dag.py took 0.033 seconds
