[2025-04-22T09:53:48.787+0000] {processor.py:186} INFO - Started process (PID=86) to work on /home/airflow/.local/lib/python3.12/site-packages/airflow/example_dags/example_bash_operator.py
[2025-04-22T09:53:48.787+0000] {processor.py:914} INFO - Processing file /home/airflow/.local/lib/python3.12/site-packages/airflow/example_dags/example_bash_operator.py for tasks to queue
[2025-04-22T09:53:48.788+0000] {logging_mixin.py:190} INFO - [2025-04-22T09:53:48.788+0000] {dagbag.py:588} INFO - Filling up the DagBag from /home/airflow/.local/lib/python3.12/site-packages/airflow/example_dags/example_bash_operator.py
[2025-04-22T09:53:48.794+0000] {processor.py:925} INFO - DAG(s) 'example_bash_operator' retrieved from /home/airflow/.local/lib/python3.12/site-packages/airflow/example_dags/example_bash_operator.py
[2025-04-22T09:53:48.800+0000] {logging_mixin.py:190} INFO - [2025-04-22T09:53:48.800+0000] {dag.py:3239} INFO - Sync 1 DAGs
[2025-04-22T09:53:48.810+0000] {logging_mixin.py:190} INFO - [2025-04-22T09:53:48.810+0000] {dag.py:4180} INFO - Setting next_dagrun for example_bash_operator to 2025-04-21 00:00:00+00:00, run_after=2025-04-22 00:00:00+00:00
[2025-04-22T09:53:48.816+0000] {processor.py:208} INFO - Processing /home/airflow/.local/lib/python3.12/site-packages/airflow/example_dags/example_bash_operator.py took 0.032 seconds
[2025-04-22T09:55:01.668+0000] {processor.py:186} INFO - Started process (PID=86) to work on /home/airflow/.local/lib/python3.12/site-packages/airflow/example_dags/example_bash_operator.py
[2025-04-22T09:55:01.669+0000] {processor.py:914} INFO - Processing file /home/airflow/.local/lib/python3.12/site-packages/airflow/example_dags/example_bash_operator.py for tasks to queue
[2025-04-22T09:55:01.670+0000] {logging_mixin.py:190} INFO - [2025-04-22T09:55:01.669+0000] {dagbag.py:588} INFO - Filling up the DagBag from /home/airflow/.local/lib/python3.12/site-packages/airflow/example_dags/example_bash_operator.py
[2025-04-22T09:55:01.676+0000] {processor.py:925} INFO - DAG(s) 'example_bash_operator' retrieved from /home/airflow/.local/lib/python3.12/site-packages/airflow/example_dags/example_bash_operator.py
[2025-04-22T09:55:01.733+0000] {logging_mixin.py:190} INFO - [2025-04-22T09:55:01.733+0000] {dag.py:3239} INFO - Sync 1 DAGs
[2025-04-22T09:55:01.743+0000] {logging_mixin.py:190} INFO - [2025-04-22T09:55:01.743+0000] {dag.py:4180} INFO - Setting next_dagrun for example_bash_operator to 2025-04-21 00:00:00+00:00, run_after=2025-04-22 00:00:00+00:00
[2025-04-22T09:55:01.750+0000] {processor.py:208} INFO - Processing /home/airflow/.local/lib/python3.12/site-packages/airflow/example_dags/example_bash_operator.py took 0.085 seconds
[2025-04-22T09:55:32.785+0000] {processor.py:186} INFO - Started process (PID=149) to work on /home/airflow/.local/lib/python3.12/site-packages/airflow/example_dags/example_bash_operator.py
[2025-04-22T09:55:32.785+0000] {processor.py:914} INFO - Processing file /home/airflow/.local/lib/python3.12/site-packages/airflow/example_dags/example_bash_operator.py for tasks to queue
[2025-04-22T09:55:32.786+0000] {logging_mixin.py:190} INFO - [2025-04-22T09:55:32.786+0000] {dagbag.py:588} INFO - Filling up the DagBag from /home/airflow/.local/lib/python3.12/site-packages/airflow/example_dags/example_bash_operator.py
[2025-04-22T09:55:32.792+0000] {processor.py:925} INFO - DAG(s) 'example_bash_operator' retrieved from /home/airflow/.local/lib/python3.12/site-packages/airflow/example_dags/example_bash_operator.py
[2025-04-22T09:55:32.803+0000] {logging_mixin.py:190} INFO - [2025-04-22T09:55:32.803+0000] {dag.py:3239} INFO - Sync 1 DAGs
[2025-04-22T09:55:32.813+0000] {logging_mixin.py:190} INFO - [2025-04-22T09:55:32.813+0000] {dag.py:4180} INFO - Setting next_dagrun for example_bash_operator to 2025-04-21 00:00:00+00:00, run_after=2025-04-22 00:00:00+00:00
[2025-04-22T09:55:32.819+0000] {processor.py:208} INFO - Processing /home/airflow/.local/lib/python3.12/site-packages/airflow/example_dags/example_bash_operator.py took 0.037 seconds
[2025-04-22T09:56:04.065+0000] {processor.py:186} INFO - Started process (PID=212) to work on /home/airflow/.local/lib/python3.12/site-packages/airflow/example_dags/example_bash_operator.py
[2025-04-22T09:56:04.065+0000] {processor.py:914} INFO - Processing file /home/airflow/.local/lib/python3.12/site-packages/airflow/example_dags/example_bash_operator.py for tasks to queue
[2025-04-22T09:56:04.066+0000] {logging_mixin.py:190} INFO - [2025-04-22T09:56:04.066+0000] {dagbag.py:588} INFO - Filling up the DagBag from /home/airflow/.local/lib/python3.12/site-packages/airflow/example_dags/example_bash_operator.py
[2025-04-22T09:56:04.072+0000] {processor.py:925} INFO - DAG(s) 'example_bash_operator' retrieved from /home/airflow/.local/lib/python3.12/site-packages/airflow/example_dags/example_bash_operator.py
[2025-04-22T09:56:04.083+0000] {logging_mixin.py:190} INFO - [2025-04-22T09:56:04.083+0000] {dag.py:3239} INFO - Sync 1 DAGs
[2025-04-22T09:56:04.093+0000] {logging_mixin.py:190} INFO - [2025-04-22T09:56:04.093+0000] {dag.py:4180} INFO - Setting next_dagrun for example_bash_operator to 2025-04-21 00:00:00+00:00, run_after=2025-04-22 00:00:00+00:00
[2025-04-22T09:56:04.099+0000] {processor.py:208} INFO - Processing /home/airflow/.local/lib/python3.12/site-packages/airflow/example_dags/example_bash_operator.py took 0.037 seconds
[2025-04-22T09:56:35.316+0000] {processor.py:186} INFO - Started process (PID=275) to work on /home/airflow/.local/lib/python3.12/site-packages/airflow/example_dags/example_bash_operator.py
[2025-04-22T09:56:35.317+0000] {processor.py:914} INFO - Processing file /home/airflow/.local/lib/python3.12/site-packages/airflow/example_dags/example_bash_operator.py for tasks to queue
[2025-04-22T09:56:35.318+0000] {logging_mixin.py:190} INFO - [2025-04-22T09:56:35.318+0000] {dagbag.py:588} INFO - Filling up the DagBag from /home/airflow/.local/lib/python3.12/site-packages/airflow/example_dags/example_bash_operator.py
[2025-04-22T09:56:35.323+0000] {processor.py:925} INFO - DAG(s) 'example_bash_operator' retrieved from /home/airflow/.local/lib/python3.12/site-packages/airflow/example_dags/example_bash_operator.py
[2025-04-22T09:56:35.335+0000] {logging_mixin.py:190} INFO - [2025-04-22T09:56:35.335+0000] {dag.py:3239} INFO - Sync 1 DAGs
[2025-04-22T09:56:35.344+0000] {logging_mixin.py:190} INFO - [2025-04-22T09:56:35.344+0000] {dag.py:4180} INFO - Setting next_dagrun for example_bash_operator to 2025-04-21 00:00:00+00:00, run_after=2025-04-22 00:00:00+00:00
[2025-04-22T09:56:35.351+0000] {processor.py:208} INFO - Processing /home/airflow/.local/lib/python3.12/site-packages/airflow/example_dags/example_bash_operator.py took 0.037 seconds
[2025-04-22T09:57:06.573+0000] {processor.py:186} INFO - Started process (PID=338) to work on /home/airflow/.local/lib/python3.12/site-packages/airflow/example_dags/example_bash_operator.py
[2025-04-22T09:57:06.574+0000] {processor.py:914} INFO - Processing file /home/airflow/.local/lib/python3.12/site-packages/airflow/example_dags/example_bash_operator.py for tasks to queue
[2025-04-22T09:57:06.575+0000] {logging_mixin.py:190} INFO - [2025-04-22T09:57:06.575+0000] {dagbag.py:588} INFO - Filling up the DagBag from /home/airflow/.local/lib/python3.12/site-packages/airflow/example_dags/example_bash_operator.py
[2025-04-22T09:57:06.581+0000] {processor.py:925} INFO - DAG(s) 'example_bash_operator' retrieved from /home/airflow/.local/lib/python3.12/site-packages/airflow/example_dags/example_bash_operator.py
[2025-04-22T09:57:06.591+0000] {logging_mixin.py:190} INFO - [2025-04-22T09:57:06.591+0000] {dag.py:3239} INFO - Sync 1 DAGs
[2025-04-22T09:57:06.601+0000] {logging_mixin.py:190} INFO - [2025-04-22T09:57:06.601+0000] {dag.py:4180} INFO - Setting next_dagrun for example_bash_operator to 2025-04-21 00:00:00+00:00, run_after=2025-04-22 00:00:00+00:00
[2025-04-22T09:57:06.607+0000] {processor.py:208} INFO - Processing /home/airflow/.local/lib/python3.12/site-packages/airflow/example_dags/example_bash_operator.py took 0.036 seconds
[2025-04-22T09:57:37.873+0000] {processor.py:186} INFO - Started process (PID=401) to work on /home/airflow/.local/lib/python3.12/site-packages/airflow/example_dags/example_bash_operator.py
[2025-04-22T09:57:37.873+0000] {processor.py:914} INFO - Processing file /home/airflow/.local/lib/python3.12/site-packages/airflow/example_dags/example_bash_operator.py for tasks to queue
[2025-04-22T09:57:37.874+0000] {logging_mixin.py:190} INFO - [2025-04-22T09:57:37.874+0000] {dagbag.py:588} INFO - Filling up the DagBag from /home/airflow/.local/lib/python3.12/site-packages/airflow/example_dags/example_bash_operator.py
[2025-04-22T09:57:37.880+0000] {processor.py:925} INFO - DAG(s) 'example_bash_operator' retrieved from /home/airflow/.local/lib/python3.12/site-packages/airflow/example_dags/example_bash_operator.py
[2025-04-22T09:57:37.891+0000] {logging_mixin.py:190} INFO - [2025-04-22T09:57:37.891+0000] {dag.py:3239} INFO - Sync 1 DAGs
[2025-04-22T09:57:37.901+0000] {logging_mixin.py:190} INFO - [2025-04-22T09:57:37.900+0000] {dag.py:4180} INFO - Setting next_dagrun for example_bash_operator to 2025-04-21 00:00:00+00:00, run_after=2025-04-22 00:00:00+00:00
[2025-04-22T09:57:37.907+0000] {processor.py:208} INFO - Processing /home/airflow/.local/lib/python3.12/site-packages/airflow/example_dags/example_bash_operator.py took 0.037 seconds
[2025-04-22T09:58:34.251+0000] {processor.py:186} INFO - Started process (PID=86) to work on /home/airflow/.local/lib/python3.12/site-packages/airflow/example_dags/example_bash_operator.py
[2025-04-22T09:58:34.251+0000] {processor.py:914} INFO - Processing file /home/airflow/.local/lib/python3.12/site-packages/airflow/example_dags/example_bash_operator.py for tasks to queue
[2025-04-22T09:58:34.252+0000] {logging_mixin.py:190} INFO - [2025-04-22T09:58:34.252+0000] {dagbag.py:588} INFO - Filling up the DagBag from /home/airflow/.local/lib/python3.12/site-packages/airflow/example_dags/example_bash_operator.py
[2025-04-22T09:58:34.259+0000] {processor.py:925} INFO - DAG(s) 'example_bash_operator' retrieved from /home/airflow/.local/lib/python3.12/site-packages/airflow/example_dags/example_bash_operator.py
[2025-04-22T09:58:34.274+0000] {logging_mixin.py:190} INFO - [2025-04-22T09:58:34.274+0000] {dag.py:3239} INFO - Sync 1 DAGs
[2025-04-22T09:58:34.285+0000] {logging_mixin.py:190} INFO - [2025-04-22T09:58:34.285+0000] {dag.py:4180} INFO - Setting next_dagrun for example_bash_operator to 2025-04-21 00:00:00+00:00, run_after=2025-04-22 00:00:00+00:00
[2025-04-22T09:58:34.291+0000] {processor.py:208} INFO - Processing /home/airflow/.local/lib/python3.12/site-packages/airflow/example_dags/example_bash_operator.py took 0.045 seconds
[2025-04-22T09:59:04.673+0000] {processor.py:186} INFO - Started process (PID=149) to work on /home/airflow/.local/lib/python3.12/site-packages/airflow/example_dags/example_bash_operator.py
[2025-04-22T09:59:04.674+0000] {processor.py:914} INFO - Processing file /home/airflow/.local/lib/python3.12/site-packages/airflow/example_dags/example_bash_operator.py for tasks to queue
[2025-04-22T09:59:04.675+0000] {logging_mixin.py:190} INFO - [2025-04-22T09:59:04.675+0000] {dagbag.py:588} INFO - Filling up the DagBag from /home/airflow/.local/lib/python3.12/site-packages/airflow/example_dags/example_bash_operator.py
[2025-04-22T09:59:04.681+0000] {processor.py:925} INFO - DAG(s) 'example_bash_operator' retrieved from /home/airflow/.local/lib/python3.12/site-packages/airflow/example_dags/example_bash_operator.py
[2025-04-22T09:59:04.692+0000] {logging_mixin.py:190} INFO - [2025-04-22T09:59:04.692+0000] {dag.py:3239} INFO - Sync 1 DAGs
[2025-04-22T09:59:04.702+0000] {logging_mixin.py:190} INFO - [2025-04-22T09:59:04.702+0000] {dag.py:4180} INFO - Setting next_dagrun for example_bash_operator to 2025-04-21 00:00:00+00:00, run_after=2025-04-22 00:00:00+00:00
[2025-04-22T09:59:04.709+0000] {processor.py:208} INFO - Processing /home/airflow/.local/lib/python3.12/site-packages/airflow/example_dags/example_bash_operator.py took 0.040 seconds
[2025-04-22T09:59:35.141+0000] {processor.py:186} INFO - Started process (PID=212) to work on /home/airflow/.local/lib/python3.12/site-packages/airflow/example_dags/example_bash_operator.py
[2025-04-22T09:59:35.141+0000] {processor.py:914} INFO - Processing file /home/airflow/.local/lib/python3.12/site-packages/airflow/example_dags/example_bash_operator.py for tasks to queue
[2025-04-22T09:59:35.142+0000] {logging_mixin.py:190} INFO - [2025-04-22T09:59:35.142+0000] {dagbag.py:588} INFO - Filling up the DagBag from /home/airflow/.local/lib/python3.12/site-packages/airflow/example_dags/example_bash_operator.py
[2025-04-22T09:59:35.148+0000] {processor.py:925} INFO - DAG(s) 'example_bash_operator' retrieved from /home/airflow/.local/lib/python3.12/site-packages/airflow/example_dags/example_bash_operator.py
[2025-04-22T09:59:35.159+0000] {logging_mixin.py:190} INFO - [2025-04-22T09:59:35.159+0000] {dag.py:3239} INFO - Sync 1 DAGs
[2025-04-22T09:59:35.169+0000] {logging_mixin.py:190} INFO - [2025-04-22T09:59:35.169+0000] {dag.py:4180} INFO - Setting next_dagrun for example_bash_operator to 2025-04-21 00:00:00+00:00, run_after=2025-04-22 00:00:00+00:00
[2025-04-22T09:59:35.175+0000] {processor.py:208} INFO - Processing /home/airflow/.local/lib/python3.12/site-packages/airflow/example_dags/example_bash_operator.py took 0.039 seconds
[2025-04-22T10:00:05.518+0000] {processor.py:186} INFO - Started process (PID=275) to work on /home/airflow/.local/lib/python3.12/site-packages/airflow/example_dags/example_bash_operator.py
[2025-04-22T10:00:05.519+0000] {processor.py:914} INFO - Processing file /home/airflow/.local/lib/python3.12/site-packages/airflow/example_dags/example_bash_operator.py for tasks to queue
[2025-04-22T10:00:05.520+0000] {logging_mixin.py:190} INFO - [2025-04-22T10:00:05.519+0000] {dagbag.py:588} INFO - Filling up the DagBag from /home/airflow/.local/lib/python3.12/site-packages/airflow/example_dags/example_bash_operator.py
[2025-04-22T10:00:05.525+0000] {processor.py:925} INFO - DAG(s) 'example_bash_operator' retrieved from /home/airflow/.local/lib/python3.12/site-packages/airflow/example_dags/example_bash_operator.py
[2025-04-22T10:00:05.537+0000] {logging_mixin.py:190} INFO - [2025-04-22T10:00:05.537+0000] {dag.py:3239} INFO - Sync 1 DAGs
[2025-04-22T10:00:05.547+0000] {logging_mixin.py:190} INFO - [2025-04-22T10:00:05.547+0000] {dag.py:4180} INFO - Setting next_dagrun for example_bash_operator to 2025-04-21 00:00:00+00:00, run_after=2025-04-22 00:00:00+00:00
[2025-04-22T10:00:05.553+0000] {processor.py:208} INFO - Processing /home/airflow/.local/lib/python3.12/site-packages/airflow/example_dags/example_bash_operator.py took 0.039 seconds
[2025-04-22T10:00:54.681+0000] {processor.py:186} INFO - Started process (PID=86) to work on /home/airflow/.local/lib/python3.12/site-packages/airflow/example_dags/example_bash_operator.py
[2025-04-22T10:00:54.682+0000] {processor.py:914} INFO - Processing file /home/airflow/.local/lib/python3.12/site-packages/airflow/example_dags/example_bash_operator.py for tasks to queue
[2025-04-22T10:00:54.683+0000] {logging_mixin.py:190} INFO - [2025-04-22T10:00:54.683+0000] {dagbag.py:588} INFO - Filling up the DagBag from /home/airflow/.local/lib/python3.12/site-packages/airflow/example_dags/example_bash_operator.py
[2025-04-22T10:00:54.689+0000] {processor.py:925} INFO - DAG(s) 'example_bash_operator' retrieved from /home/airflow/.local/lib/python3.12/site-packages/airflow/example_dags/example_bash_operator.py
[2025-04-22T10:00:54.705+0000] {logging_mixin.py:190} INFO - [2025-04-22T10:00:54.705+0000] {dag.py:3239} INFO - Sync 1 DAGs
[2025-04-22T10:00:54.716+0000] {logging_mixin.py:190} INFO - [2025-04-22T10:00:54.716+0000] {dag.py:4180} INFO - Setting next_dagrun for example_bash_operator to 2025-04-21 00:00:00+00:00, run_after=2025-04-22 00:00:00+00:00
[2025-04-22T10:00:54.722+0000] {processor.py:208} INFO - Processing /home/airflow/.local/lib/python3.12/site-packages/airflow/example_dags/example_bash_operator.py took 0.043 seconds
[2025-04-22T10:01:25.176+0000] {processor.py:186} INFO - Started process (PID=149) to work on /home/airflow/.local/lib/python3.12/site-packages/airflow/example_dags/example_bash_operator.py
[2025-04-22T10:01:25.176+0000] {processor.py:914} INFO - Processing file /home/airflow/.local/lib/python3.12/site-packages/airflow/example_dags/example_bash_operator.py for tasks to queue
[2025-04-22T10:01:25.177+0000] {logging_mixin.py:190} INFO - [2025-04-22T10:01:25.177+0000] {dagbag.py:588} INFO - Filling up the DagBag from /home/airflow/.local/lib/python3.12/site-packages/airflow/example_dags/example_bash_operator.py
[2025-04-22T10:01:25.183+0000] {processor.py:925} INFO - DAG(s) 'example_bash_operator' retrieved from /home/airflow/.local/lib/python3.12/site-packages/airflow/example_dags/example_bash_operator.py
[2025-04-22T10:01:25.194+0000] {logging_mixin.py:190} INFO - [2025-04-22T10:01:25.194+0000] {dag.py:3239} INFO - Sync 1 DAGs
[2025-04-22T10:01:25.204+0000] {logging_mixin.py:190} INFO - [2025-04-22T10:01:25.204+0000] {dag.py:4180} INFO - Setting next_dagrun for example_bash_operator to 2025-04-21 00:00:00+00:00, run_after=2025-04-22 00:00:00+00:00
[2025-04-22T10:01:25.211+0000] {processor.py:208} INFO - Processing /home/airflow/.local/lib/python3.12/site-packages/airflow/example_dags/example_bash_operator.py took 0.038 seconds
[2025-04-22T10:01:55.570+0000] {processor.py:186} INFO - Started process (PID=212) to work on /home/airflow/.local/lib/python3.12/site-packages/airflow/example_dags/example_bash_operator.py
[2025-04-22T10:01:55.570+0000] {processor.py:914} INFO - Processing file /home/airflow/.local/lib/python3.12/site-packages/airflow/example_dags/example_bash_operator.py for tasks to queue
[2025-04-22T10:01:55.571+0000] {logging_mixin.py:190} INFO - [2025-04-22T10:01:55.571+0000] {dagbag.py:588} INFO - Filling up the DagBag from /home/airflow/.local/lib/python3.12/site-packages/airflow/example_dags/example_bash_operator.py
[2025-04-22T10:01:55.577+0000] {processor.py:925} INFO - DAG(s) 'example_bash_operator' retrieved from /home/airflow/.local/lib/python3.12/site-packages/airflow/example_dags/example_bash_operator.py
[2025-04-22T10:01:55.588+0000] {logging_mixin.py:190} INFO - [2025-04-22T10:01:55.588+0000] {dag.py:3239} INFO - Sync 1 DAGs
[2025-04-22T10:01:55.597+0000] {logging_mixin.py:190} INFO - [2025-04-22T10:01:55.597+0000] {dag.py:4180} INFO - Setting next_dagrun for example_bash_operator to 2025-04-21 00:00:00+00:00, run_after=2025-04-22 00:00:00+00:00
[2025-04-22T10:01:55.604+0000] {processor.py:208} INFO - Processing /home/airflow/.local/lib/python3.12/site-packages/airflow/example_dags/example_bash_operator.py took 0.037 seconds
[2025-04-22T10:02:25.772+0000] {processor.py:186} INFO - Started process (PID=275) to work on /home/airflow/.local/lib/python3.12/site-packages/airflow/example_dags/example_bash_operator.py
[2025-04-22T10:02:25.773+0000] {processor.py:914} INFO - Processing file /home/airflow/.local/lib/python3.12/site-packages/airflow/example_dags/example_bash_operator.py for tasks to queue
[2025-04-22T10:02:25.774+0000] {logging_mixin.py:190} INFO - [2025-04-22T10:02:25.774+0000] {dagbag.py:588} INFO - Filling up the DagBag from /home/airflow/.local/lib/python3.12/site-packages/airflow/example_dags/example_bash_operator.py
[2025-04-22T10:02:25.780+0000] {processor.py:925} INFO - DAG(s) 'example_bash_operator' retrieved from /home/airflow/.local/lib/python3.12/site-packages/airflow/example_dags/example_bash_operator.py
[2025-04-22T10:02:25.792+0000] {logging_mixin.py:190} INFO - [2025-04-22T10:02:25.791+0000] {dag.py:3239} INFO - Sync 1 DAGs
[2025-04-22T10:02:25.801+0000] {logging_mixin.py:190} INFO - [2025-04-22T10:02:25.801+0000] {dag.py:4180} INFO - Setting next_dagrun for example_bash_operator to 2025-04-21 00:00:00+00:00, run_after=2025-04-22 00:00:00+00:00
[2025-04-22T10:02:25.808+0000] {processor.py:208} INFO - Processing /home/airflow/.local/lib/python3.12/site-packages/airflow/example_dags/example_bash_operator.py took 0.038 seconds
[2025-04-22T10:02:56.314+0000] {processor.py:186} INFO - Started process (PID=338) to work on /home/airflow/.local/lib/python3.12/site-packages/airflow/example_dags/example_bash_operator.py
[2025-04-22T10:02:56.315+0000] {processor.py:914} INFO - Processing file /home/airflow/.local/lib/python3.12/site-packages/airflow/example_dags/example_bash_operator.py for tasks to queue
[2025-04-22T10:02:56.316+0000] {logging_mixin.py:190} INFO - [2025-04-22T10:02:56.316+0000] {dagbag.py:588} INFO - Filling up the DagBag from /home/airflow/.local/lib/python3.12/site-packages/airflow/example_dags/example_bash_operator.py
[2025-04-22T10:02:56.322+0000] {processor.py:925} INFO - DAG(s) 'example_bash_operator' retrieved from /home/airflow/.local/lib/python3.12/site-packages/airflow/example_dags/example_bash_operator.py
[2025-04-22T10:02:56.333+0000] {logging_mixin.py:190} INFO - [2025-04-22T10:02:56.333+0000] {dag.py:3239} INFO - Sync 1 DAGs
[2025-04-22T10:02:56.343+0000] {logging_mixin.py:190} INFO - [2025-04-22T10:02:56.343+0000] {dag.py:4180} INFO - Setting next_dagrun for example_bash_operator to 2025-04-21 00:00:00+00:00, run_after=2025-04-22 00:00:00+00:00
[2025-04-22T10:02:56.350+0000] {processor.py:208} INFO - Processing /home/airflow/.local/lib/python3.12/site-packages/airflow/example_dags/example_bash_operator.py took 0.039 seconds
[2025-04-22T10:03:26.494+0000] {processor.py:186} INFO - Started process (PID=400) to work on /home/airflow/.local/lib/python3.12/site-packages/airflow/example_dags/example_bash_operator.py
[2025-04-22T10:03:26.495+0000] {processor.py:914} INFO - Processing file /home/airflow/.local/lib/python3.12/site-packages/airflow/example_dags/example_bash_operator.py for tasks to queue
[2025-04-22T10:03:26.496+0000] {logging_mixin.py:190} INFO - [2025-04-22T10:03:26.496+0000] {dagbag.py:588} INFO - Filling up the DagBag from /home/airflow/.local/lib/python3.12/site-packages/airflow/example_dags/example_bash_operator.py
[2025-04-22T10:03:26.502+0000] {processor.py:925} INFO - DAG(s) 'example_bash_operator' retrieved from /home/airflow/.local/lib/python3.12/site-packages/airflow/example_dags/example_bash_operator.py
[2025-04-22T10:03:26.514+0000] {logging_mixin.py:190} INFO - [2025-04-22T10:03:26.514+0000] {dag.py:3239} INFO - Sync 1 DAGs
[2025-04-22T10:03:26.524+0000] {logging_mixin.py:190} INFO - [2025-04-22T10:03:26.524+0000] {dag.py:4180} INFO - Setting next_dagrun for example_bash_operator to 2025-04-21 00:00:00+00:00, run_after=2025-04-22 00:00:00+00:00
[2025-04-22T10:03:26.532+0000] {processor.py:208} INFO - Processing /home/airflow/.local/lib/python3.12/site-packages/airflow/example_dags/example_bash_operator.py took 0.041 seconds
[2025-04-22T10:05:36.628+0000] {processor.py:186} INFO - Started process (PID=86) to work on /home/airflow/.local/lib/python3.12/site-packages/airflow/example_dags/example_bash_operator.py
[2025-04-22T10:05:36.629+0000] {processor.py:914} INFO - Processing file /home/airflow/.local/lib/python3.12/site-packages/airflow/example_dags/example_bash_operator.py for tasks to queue
[2025-04-22T10:05:36.630+0000] {logging_mixin.py:190} INFO - [2025-04-22T10:05:36.629+0000] {dagbag.py:588} INFO - Filling up the DagBag from /home/airflow/.local/lib/python3.12/site-packages/airflow/example_dags/example_bash_operator.py
[2025-04-22T10:05:36.636+0000] {processor.py:925} INFO - DAG(s) 'example_bash_operator' retrieved from /home/airflow/.local/lib/python3.12/site-packages/airflow/example_dags/example_bash_operator.py
[2025-04-22T10:05:36.650+0000] {logging_mixin.py:190} INFO - [2025-04-22T10:05:36.650+0000] {dag.py:3239} INFO - Sync 1 DAGs
[2025-04-22T10:05:36.661+0000] {logging_mixin.py:190} INFO - [2025-04-22T10:05:36.661+0000] {dag.py:4180} INFO - Setting next_dagrun for example_bash_operator to 2025-04-21 00:00:00+00:00, run_after=2025-04-22 00:00:00+00:00
[2025-04-22T10:05:36.667+0000] {processor.py:208} INFO - Processing /home/airflow/.local/lib/python3.12/site-packages/airflow/example_dags/example_bash_operator.py took 0.042 seconds
[2025-04-22T10:06:07.043+0000] {processor.py:186} INFO - Started process (PID=149) to work on /home/airflow/.local/lib/python3.12/site-packages/airflow/example_dags/example_bash_operator.py
[2025-04-22T10:06:07.043+0000] {processor.py:914} INFO - Processing file /home/airflow/.local/lib/python3.12/site-packages/airflow/example_dags/example_bash_operator.py for tasks to queue
[2025-04-22T10:06:07.044+0000] {logging_mixin.py:190} INFO - [2025-04-22T10:06:07.044+0000] {dagbag.py:588} INFO - Filling up the DagBag from /home/airflow/.local/lib/python3.12/site-packages/airflow/example_dags/example_bash_operator.py
[2025-04-22T10:06:07.050+0000] {processor.py:925} INFO - DAG(s) 'example_bash_operator' retrieved from /home/airflow/.local/lib/python3.12/site-packages/airflow/example_dags/example_bash_operator.py
[2025-04-22T10:06:07.061+0000] {logging_mixin.py:190} INFO - [2025-04-22T10:06:07.061+0000] {dag.py:3239} INFO - Sync 1 DAGs
[2025-04-22T10:06:07.071+0000] {logging_mixin.py:190} INFO - [2025-04-22T10:06:07.071+0000] {dag.py:4180} INFO - Setting next_dagrun for example_bash_operator to 2025-04-21 00:00:00+00:00, run_after=2025-04-22 00:00:00+00:00
[2025-04-22T10:06:07.078+0000] {processor.py:208} INFO - Processing /home/airflow/.local/lib/python3.12/site-packages/airflow/example_dags/example_bash_operator.py took 0.038 seconds
[2025-04-22T10:06:37.358+0000] {processor.py:186} INFO - Started process (PID=212) to work on /home/airflow/.local/lib/python3.12/site-packages/airflow/example_dags/example_bash_operator.py
[2025-04-22T10:06:37.358+0000] {processor.py:914} INFO - Processing file /home/airflow/.local/lib/python3.12/site-packages/airflow/example_dags/example_bash_operator.py for tasks to queue
[2025-04-22T10:06:37.359+0000] {logging_mixin.py:190} INFO - [2025-04-22T10:06:37.359+0000] {dagbag.py:588} INFO - Filling up the DagBag from /home/airflow/.local/lib/python3.12/site-packages/airflow/example_dags/example_bash_operator.py
[2025-04-22T10:06:37.365+0000] {processor.py:925} INFO - DAG(s) 'example_bash_operator' retrieved from /home/airflow/.local/lib/python3.12/site-packages/airflow/example_dags/example_bash_operator.py
[2025-04-22T10:06:37.376+0000] {logging_mixin.py:190} INFO - [2025-04-22T10:06:37.376+0000] {dag.py:3239} INFO - Sync 1 DAGs
[2025-04-22T10:06:37.386+0000] {logging_mixin.py:190} INFO - [2025-04-22T10:06:37.386+0000] {dag.py:4180} INFO - Setting next_dagrun for example_bash_operator to 2025-04-21 00:00:00+00:00, run_after=2025-04-22 00:00:00+00:00
[2025-04-22T10:06:37.392+0000] {processor.py:208} INFO - Processing /home/airflow/.local/lib/python3.12/site-packages/airflow/example_dags/example_bash_operator.py took 0.037 seconds
[2025-04-22T10:07:07.749+0000] {processor.py:186} INFO - Started process (PID=275) to work on /home/airflow/.local/lib/python3.12/site-packages/airflow/example_dags/example_bash_operator.py
[2025-04-22T10:07:07.750+0000] {processor.py:914} INFO - Processing file /home/airflow/.local/lib/python3.12/site-packages/airflow/example_dags/example_bash_operator.py for tasks to queue
[2025-04-22T10:07:07.751+0000] {logging_mixin.py:190} INFO - [2025-04-22T10:07:07.751+0000] {dagbag.py:588} INFO - Filling up the DagBag from /home/airflow/.local/lib/python3.12/site-packages/airflow/example_dags/example_bash_operator.py
[2025-04-22T10:07:07.756+0000] {processor.py:925} INFO - DAG(s) 'example_bash_operator' retrieved from /home/airflow/.local/lib/python3.12/site-packages/airflow/example_dags/example_bash_operator.py
[2025-04-22T10:07:07.767+0000] {logging_mixin.py:190} INFO - [2025-04-22T10:07:07.767+0000] {dag.py:3239} INFO - Sync 1 DAGs
[2025-04-22T10:07:07.776+0000] {logging_mixin.py:190} INFO - [2025-04-22T10:07:07.776+0000] {dag.py:4180} INFO - Setting next_dagrun for example_bash_operator to 2025-04-21 00:00:00+00:00, run_after=2025-04-22 00:00:00+00:00
[2025-04-22T10:07:07.783+0000] {processor.py:208} INFO - Processing /home/airflow/.local/lib/python3.12/site-packages/airflow/example_dags/example_bash_operator.py took 0.036 seconds
