[2025-04-22T09:53:49.555+0000] {processor.py:186} INFO - Started process (PID=105) to work on /home/airflow/.local/lib/python3.12/site-packages/airflow/example_dags/example_inlet_event_extra.py
[2025-04-22T09:53:49.555+0000] {processor.py:914} INFO - Processing file /home/airflow/.local/lib/python3.12/site-packages/airflow/example_dags/example_inlet_event_extra.py for tasks to queue
[2025-04-22T09:53:49.556+0000] {logging_mixin.py:190} INFO - [2025-04-22T09:53:49.556+0000] {dagbag.py:588} INFO - Filling up the DagBag from /home/airflow/.local/lib/python3.12/site-packages/airflow/example_dags/example_inlet_event_extra.py
[2025-04-22T09:53:49.846+0000] {processor.py:925} INFO - DAG(s) 'read_dataset_event_from_classic', 'read_dataset_event' retrieved from /home/airflow/.local/lib/python3.12/site-packages/airflow/example_dags/example_inlet_event_extra.py
[2025-04-22T09:53:49.851+0000] {logging_mixin.py:190} INFO - [2025-04-22T09:53:49.850+0000] {dag.py:3239} INFO - Sync 2 DAGs
[2025-04-22T09:53:49.860+0000] {logging_mixin.py:190} INFO - [2025-04-22T09:53:49.860+0000] {dag.py:4180} INFO - Setting next_dagrun for read_dataset_event to 2025-04-21 00:00:00+00:00, run_after=2025-04-22 00:00:00+00:00
[2025-04-22T09:53:49.862+0000] {logging_mixin.py:190} INFO - [2025-04-22T09:53:49.862+0000] {dag.py:4180} INFO - Setting next_dagrun for read_dataset_event_from_classic to 2025-04-21 00:00:00+00:00, run_after=2025-04-22 00:00:00+00:00
[2025-04-22T09:53:49.868+0000] {processor.py:208} INFO - Processing /home/airflow/.local/lib/python3.12/site-packages/airflow/example_dags/example_inlet_event_extra.py took 0.316 seconds
[2025-04-22T09:55:02.742+0000] {processor.py:186} INFO - Started process (PID=105) to work on /home/airflow/.local/lib/python3.12/site-packages/airflow/example_dags/example_inlet_event_extra.py
[2025-04-22T09:55:02.742+0000] {processor.py:914} INFO - Processing file /home/airflow/.local/lib/python3.12/site-packages/airflow/example_dags/example_inlet_event_extra.py for tasks to queue
[2025-04-22T09:55:02.743+0000] {logging_mixin.py:190} INFO - [2025-04-22T09:55:02.743+0000] {dagbag.py:588} INFO - Filling up the DagBag from /home/airflow/.local/lib/python3.12/site-packages/airflow/example_dags/example_inlet_event_extra.py
[2025-04-22T09:55:03.026+0000] {processor.py:925} INFO - DAG(s) 'read_dataset_event_from_classic', 'read_dataset_event' retrieved from /home/airflow/.local/lib/python3.12/site-packages/airflow/example_dags/example_inlet_event_extra.py
[2025-04-22T09:55:03.081+0000] {logging_mixin.py:190} INFO - [2025-04-22T09:55:03.081+0000] {dag.py:3239} INFO - Sync 2 DAGs
[2025-04-22T09:55:03.091+0000] {logging_mixin.py:190} INFO - [2025-04-22T09:55:03.091+0000] {dag.py:4180} INFO - Setting next_dagrun for read_dataset_event to 2025-04-21 00:00:00+00:00, run_after=2025-04-22 00:00:00+00:00
[2025-04-22T09:55:03.093+0000] {logging_mixin.py:190} INFO - [2025-04-22T09:55:03.093+0000] {dag.py:4180} INFO - Setting next_dagrun for read_dataset_event_from_classic to 2025-04-21 00:00:00+00:00, run_after=2025-04-22 00:00:00+00:00
[2025-04-22T09:55:03.100+0000] {processor.py:208} INFO - Processing /home/airflow/.local/lib/python3.12/site-packages/airflow/example_dags/example_inlet_event_extra.py took 0.360 seconds
[2025-04-22T09:55:33.409+0000] {processor.py:186} INFO - Started process (PID=168) to work on /home/airflow/.local/lib/python3.12/site-packages/airflow/example_dags/example_inlet_event_extra.py
[2025-04-22T09:55:33.410+0000] {processor.py:914} INFO - Processing file /home/airflow/.local/lib/python3.12/site-packages/airflow/example_dags/example_inlet_event_extra.py for tasks to queue
[2025-04-22T09:55:33.411+0000] {logging_mixin.py:190} INFO - [2025-04-22T09:55:33.410+0000] {dagbag.py:588} INFO - Filling up the DagBag from /home/airflow/.local/lib/python3.12/site-packages/airflow/example_dags/example_inlet_event_extra.py
[2025-04-22T09:55:33.687+0000] {processor.py:925} INFO - DAG(s) 'read_dataset_event', 'read_dataset_event_from_classic' retrieved from /home/airflow/.local/lib/python3.12/site-packages/airflow/example_dags/example_inlet_event_extra.py
[2025-04-22T09:55:33.696+0000] {logging_mixin.py:190} INFO - [2025-04-22T09:55:33.695+0000] {dag.py:3239} INFO - Sync 2 DAGs
[2025-04-22T09:55:33.706+0000] {logging_mixin.py:190} INFO - [2025-04-22T09:55:33.706+0000] {dag.py:4180} INFO - Setting next_dagrun for read_dataset_event to 2025-04-21 00:00:00+00:00, run_after=2025-04-22 00:00:00+00:00
[2025-04-22T09:55:33.708+0000] {logging_mixin.py:190} INFO - [2025-04-22T09:55:33.708+0000] {dag.py:4180} INFO - Setting next_dagrun for read_dataset_event_from_classic to 2025-04-21 00:00:00+00:00, run_after=2025-04-22 00:00:00+00:00
[2025-04-22T09:55:33.715+0000] {processor.py:208} INFO - Processing /home/airflow/.local/lib/python3.12/site-packages/airflow/example_dags/example_inlet_event_extra.py took 0.308 seconds
[2025-04-22T09:56:04.808+0000] {processor.py:186} INFO - Started process (PID=231) to work on /home/airflow/.local/lib/python3.12/site-packages/airflow/example_dags/example_inlet_event_extra.py
[2025-04-22T09:56:04.809+0000] {processor.py:914} INFO - Processing file /home/airflow/.local/lib/python3.12/site-packages/airflow/example_dags/example_inlet_event_extra.py for tasks to queue
[2025-04-22T09:56:04.810+0000] {logging_mixin.py:190} INFO - [2025-04-22T09:56:04.810+0000] {dagbag.py:588} INFO - Filling up the DagBag from /home/airflow/.local/lib/python3.12/site-packages/airflow/example_dags/example_inlet_event_extra.py
[2025-04-22T09:56:05.089+0000] {processor.py:925} INFO - DAG(s) 'read_dataset_event_from_classic', 'read_dataset_event' retrieved from /home/airflow/.local/lib/python3.12/site-packages/airflow/example_dags/example_inlet_event_extra.py
[2025-04-22T09:56:05.098+0000] {logging_mixin.py:190} INFO - [2025-04-22T09:56:05.098+0000] {dag.py:3239} INFO - Sync 2 DAGs
[2025-04-22T09:56:05.108+0000] {logging_mixin.py:190} INFO - [2025-04-22T09:56:05.108+0000] {dag.py:4180} INFO - Setting next_dagrun for read_dataset_event to 2025-04-21 00:00:00+00:00, run_after=2025-04-22 00:00:00+00:00
[2025-04-22T09:56:05.110+0000] {logging_mixin.py:190} INFO - [2025-04-22T09:56:05.109+0000] {dag.py:4180} INFO - Setting next_dagrun for read_dataset_event_from_classic to 2025-04-21 00:00:00+00:00, run_after=2025-04-22 00:00:00+00:00
[2025-04-22T09:56:05.115+0000] {processor.py:208} INFO - Processing /home/airflow/.local/lib/python3.12/site-packages/airflow/example_dags/example_inlet_event_extra.py took 0.310 seconds
[2025-04-22T09:56:36.058+0000] {processor.py:186} INFO - Started process (PID=294) to work on /home/airflow/.local/lib/python3.12/site-packages/airflow/example_dags/example_inlet_event_extra.py
[2025-04-22T09:56:36.058+0000] {processor.py:914} INFO - Processing file /home/airflow/.local/lib/python3.12/site-packages/airflow/example_dags/example_inlet_event_extra.py for tasks to queue
[2025-04-22T09:56:36.059+0000] {logging_mixin.py:190} INFO - [2025-04-22T09:56:36.059+0000] {dagbag.py:588} INFO - Filling up the DagBag from /home/airflow/.local/lib/python3.12/site-packages/airflow/example_dags/example_inlet_event_extra.py
[2025-04-22T09:56:36.350+0000] {processor.py:925} INFO - DAG(s) 'read_dataset_event_from_classic', 'read_dataset_event' retrieved from /home/airflow/.local/lib/python3.12/site-packages/airflow/example_dags/example_inlet_event_extra.py
[2025-04-22T09:56:36.359+0000] {logging_mixin.py:190} INFO - [2025-04-22T09:56:36.359+0000] {dag.py:3239} INFO - Sync 2 DAGs
[2025-04-22T09:56:36.369+0000] {logging_mixin.py:190} INFO - [2025-04-22T09:56:36.369+0000] {dag.py:4180} INFO - Setting next_dagrun for read_dataset_event to 2025-04-21 00:00:00+00:00, run_after=2025-04-22 00:00:00+00:00
[2025-04-22T09:56:36.371+0000] {logging_mixin.py:190} INFO - [2025-04-22T09:56:36.371+0000] {dag.py:4180} INFO - Setting next_dagrun for read_dataset_event_from_classic to 2025-04-21 00:00:00+00:00, run_after=2025-04-22 00:00:00+00:00
[2025-04-22T09:56:36.376+0000] {processor.py:208} INFO - Processing /home/airflow/.local/lib/python3.12/site-packages/airflow/example_dags/example_inlet_event_extra.py took 0.322 seconds
[2025-04-22T09:57:07.317+0000] {processor.py:186} INFO - Started process (PID=357) to work on /home/airflow/.local/lib/python3.12/site-packages/airflow/example_dags/example_inlet_event_extra.py
[2025-04-22T09:57:07.318+0000] {processor.py:914} INFO - Processing file /home/airflow/.local/lib/python3.12/site-packages/airflow/example_dags/example_inlet_event_extra.py for tasks to queue
[2025-04-22T09:57:07.319+0000] {logging_mixin.py:190} INFO - [2025-04-22T09:57:07.319+0000] {dagbag.py:588} INFO - Filling up the DagBag from /home/airflow/.local/lib/python3.12/site-packages/airflow/example_dags/example_inlet_event_extra.py
[2025-04-22T09:57:07.598+0000] {processor.py:925} INFO - DAG(s) 'read_dataset_event_from_classic', 'read_dataset_event' retrieved from /home/airflow/.local/lib/python3.12/site-packages/airflow/example_dags/example_inlet_event_extra.py
[2025-04-22T09:57:07.607+0000] {logging_mixin.py:190} INFO - [2025-04-22T09:57:07.607+0000] {dag.py:3239} INFO - Sync 2 DAGs
[2025-04-22T09:57:07.617+0000] {logging_mixin.py:190} INFO - [2025-04-22T09:57:07.617+0000] {dag.py:4180} INFO - Setting next_dagrun for read_dataset_event to 2025-04-21 00:00:00+00:00, run_after=2025-04-22 00:00:00+00:00
[2025-04-22T09:57:07.619+0000] {logging_mixin.py:190} INFO - [2025-04-22T09:57:07.619+0000] {dag.py:4180} INFO - Setting next_dagrun for read_dataset_event_from_classic to 2025-04-21 00:00:00+00:00, run_after=2025-04-22 00:00:00+00:00
[2025-04-22T09:57:07.625+0000] {processor.py:208} INFO - Processing /home/airflow/.local/lib/python3.12/site-packages/airflow/example_dags/example_inlet_event_extra.py took 0.310 seconds
[2025-04-22T09:57:38.622+0000] {processor.py:186} INFO - Started process (PID=420) to work on /home/airflow/.local/lib/python3.12/site-packages/airflow/example_dags/example_inlet_event_extra.py
[2025-04-22T09:57:38.623+0000] {processor.py:914} INFO - Processing file /home/airflow/.local/lib/python3.12/site-packages/airflow/example_dags/example_inlet_event_extra.py for tasks to queue
[2025-04-22T09:57:38.624+0000] {logging_mixin.py:190} INFO - [2025-04-22T09:57:38.624+0000] {dagbag.py:588} INFO - Filling up the DagBag from /home/airflow/.local/lib/python3.12/site-packages/airflow/example_dags/example_inlet_event_extra.py
[2025-04-22T09:57:38.903+0000] {processor.py:925} INFO - DAG(s) 'read_dataset_event_from_classic', 'read_dataset_event' retrieved from /home/airflow/.local/lib/python3.12/site-packages/airflow/example_dags/example_inlet_event_extra.py
[2025-04-22T09:57:38.912+0000] {logging_mixin.py:190} INFO - [2025-04-22T09:57:38.912+0000] {dag.py:3239} INFO - Sync 2 DAGs
[2025-04-22T09:57:38.923+0000] {logging_mixin.py:190} INFO - [2025-04-22T09:57:38.923+0000] {dag.py:4180} INFO - Setting next_dagrun for read_dataset_event to 2025-04-21 00:00:00+00:00, run_after=2025-04-22 00:00:00+00:00
[2025-04-22T09:57:38.925+0000] {logging_mixin.py:190} INFO - [2025-04-22T09:57:38.925+0000] {dag.py:4180} INFO - Setting next_dagrun for read_dataset_event_from_classic to 2025-04-21 00:00:00+00:00, run_after=2025-04-22 00:00:00+00:00
[2025-04-22T09:57:38.930+0000] {processor.py:208} INFO - Processing /home/airflow/.local/lib/python3.12/site-packages/airflow/example_dags/example_inlet_event_extra.py took 0.311 seconds
[2025-04-22T09:58:35.013+0000] {processor.py:186} INFO - Started process (PID=105) to work on /home/airflow/.local/lib/python3.12/site-packages/airflow/example_dags/example_inlet_event_extra.py
[2025-04-22T09:58:35.013+0000] {processor.py:914} INFO - Processing file /home/airflow/.local/lib/python3.12/site-packages/airflow/example_dags/example_inlet_event_extra.py for tasks to queue
[2025-04-22T09:58:35.014+0000] {logging_mixin.py:190} INFO - [2025-04-22T09:58:35.014+0000] {dagbag.py:588} INFO - Filling up the DagBag from /home/airflow/.local/lib/python3.12/site-packages/airflow/example_dags/example_inlet_event_extra.py
[2025-04-22T09:58:35.309+0000] {processor.py:925} INFO - DAG(s) 'read_dataset_event', 'read_dataset_event_from_classic' retrieved from /home/airflow/.local/lib/python3.12/site-packages/airflow/example_dags/example_inlet_event_extra.py
[2025-04-22T09:58:35.319+0000] {logging_mixin.py:190} INFO - [2025-04-22T09:58:35.319+0000] {dag.py:3239} INFO - Sync 2 DAGs
[2025-04-22T09:58:35.332+0000] {logging_mixin.py:190} INFO - [2025-04-22T09:58:35.331+0000] {dag.py:4180} INFO - Setting next_dagrun for read_dataset_event to 2025-04-21 00:00:00+00:00, run_after=2025-04-22 00:00:00+00:00
[2025-04-22T09:58:35.333+0000] {logging_mixin.py:190} INFO - [2025-04-22T09:58:35.333+0000] {dag.py:4180} INFO - Setting next_dagrun for read_dataset_event_from_classic to 2025-04-21 00:00:00+00:00, run_after=2025-04-22 00:00:00+00:00
[2025-04-22T09:58:35.339+0000] {processor.py:208} INFO - Processing /home/airflow/.local/lib/python3.12/site-packages/airflow/example_dags/example_inlet_event_extra.py took 0.330 seconds
[2025-04-22T09:59:05.413+0000] {processor.py:186} INFO - Started process (PID=168) to work on /home/airflow/.local/lib/python3.12/site-packages/airflow/example_dags/example_inlet_event_extra.py
[2025-04-22T09:59:05.414+0000] {processor.py:914} INFO - Processing file /home/airflow/.local/lib/python3.12/site-packages/airflow/example_dags/example_inlet_event_extra.py for tasks to queue
[2025-04-22T09:59:05.415+0000] {logging_mixin.py:190} INFO - [2025-04-22T09:59:05.415+0000] {dagbag.py:588} INFO - Filling up the DagBag from /home/airflow/.local/lib/python3.12/site-packages/airflow/example_dags/example_inlet_event_extra.py
[2025-04-22T09:59:05.690+0000] {processor.py:925} INFO - DAG(s) 'read_dataset_event', 'read_dataset_event_from_classic' retrieved from /home/airflow/.local/lib/python3.12/site-packages/airflow/example_dags/example_inlet_event_extra.py
[2025-04-22T09:59:05.699+0000] {logging_mixin.py:190} INFO - [2025-04-22T09:59:05.698+0000] {dag.py:3239} INFO - Sync 2 DAGs
[2025-04-22T09:59:05.709+0000] {logging_mixin.py:190} INFO - [2025-04-22T09:59:05.709+0000] {dag.py:4180} INFO - Setting next_dagrun for read_dataset_event to 2025-04-21 00:00:00+00:00, run_after=2025-04-22 00:00:00+00:00
[2025-04-22T09:59:05.711+0000] {logging_mixin.py:190} INFO - [2025-04-22T09:59:05.711+0000] {dag.py:4180} INFO - Setting next_dagrun for read_dataset_event_from_classic to 2025-04-21 00:00:00+00:00, run_after=2025-04-22 00:00:00+00:00
[2025-04-22T09:59:05.718+0000] {processor.py:208} INFO - Processing /home/airflow/.local/lib/python3.12/site-packages/airflow/example_dags/example_inlet_event_extra.py took 0.309 seconds
[2025-04-22T09:59:35.919+0000] {processor.py:186} INFO - Started process (PID=231) to work on /home/airflow/.local/lib/python3.12/site-packages/airflow/example_dags/example_inlet_event_extra.py
[2025-04-22T09:59:35.920+0000] {processor.py:914} INFO - Processing file /home/airflow/.local/lib/python3.12/site-packages/airflow/example_dags/example_inlet_event_extra.py for tasks to queue
[2025-04-22T09:59:35.920+0000] {logging_mixin.py:190} INFO - [2025-04-22T09:59:35.920+0000] {dagbag.py:588} INFO - Filling up the DagBag from /home/airflow/.local/lib/python3.12/site-packages/airflow/example_dags/example_inlet_event_extra.py
[2025-04-22T09:59:36.196+0000] {processor.py:925} INFO - DAG(s) 'read_dataset_event_from_classic', 'read_dataset_event' retrieved from /home/airflow/.local/lib/python3.12/site-packages/airflow/example_dags/example_inlet_event_extra.py
[2025-04-22T09:59:36.205+0000] {logging_mixin.py:190} INFO - [2025-04-22T09:59:36.205+0000] {dag.py:3239} INFO - Sync 2 DAGs
[2025-04-22T09:59:36.215+0000] {logging_mixin.py:190} INFO - [2025-04-22T09:59:36.215+0000] {dag.py:4180} INFO - Setting next_dagrun for read_dataset_event to 2025-04-21 00:00:00+00:00, run_after=2025-04-22 00:00:00+00:00
[2025-04-22T09:59:36.217+0000] {logging_mixin.py:190} INFO - [2025-04-22T09:59:36.217+0000] {dag.py:4180} INFO - Setting next_dagrun for read_dataset_event_from_classic to 2025-04-21 00:00:00+00:00, run_after=2025-04-22 00:00:00+00:00
[2025-04-22T09:59:36.225+0000] {processor.py:208} INFO - Processing /home/airflow/.local/lib/python3.12/site-packages/airflow/example_dags/example_inlet_event_extra.py took 0.310 seconds
[2025-04-22T10:00:06.345+0000] {processor.py:186} INFO - Started process (PID=294) to work on /home/airflow/.local/lib/python3.12/site-packages/airflow/example_dags/example_inlet_event_extra.py
[2025-04-22T10:00:06.346+0000] {processor.py:914} INFO - Processing file /home/airflow/.local/lib/python3.12/site-packages/airflow/example_dags/example_inlet_event_extra.py for tasks to queue
[2025-04-22T10:00:06.347+0000] {logging_mixin.py:190} INFO - [2025-04-22T10:00:06.347+0000] {dagbag.py:588} INFO - Filling up the DagBag from /home/airflow/.local/lib/python3.12/site-packages/airflow/example_dags/example_inlet_event_extra.py
[2025-04-22T10:00:06.622+0000] {processor.py:925} INFO - DAG(s) 'read_dataset_event_from_classic', 'read_dataset_event' retrieved from /home/airflow/.local/lib/python3.12/site-packages/airflow/example_dags/example_inlet_event_extra.py
[2025-04-22T10:00:06.631+0000] {logging_mixin.py:190} INFO - [2025-04-22T10:00:06.631+0000] {dag.py:3239} INFO - Sync 2 DAGs
[2025-04-22T10:00:06.640+0000] {logging_mixin.py:190} INFO - [2025-04-22T10:00:06.640+0000] {dag.py:4180} INFO - Setting next_dagrun for read_dataset_event to 2025-04-21 00:00:00+00:00, run_after=2025-04-22 00:00:00+00:00
[2025-04-22T10:00:06.642+0000] {logging_mixin.py:190} INFO - [2025-04-22T10:00:06.642+0000] {dag.py:4180} INFO - Setting next_dagrun for read_dataset_event_from_classic to 2025-04-21 00:00:00+00:00, run_after=2025-04-22 00:00:00+00:00
[2025-04-22T10:00:06.648+0000] {processor.py:208} INFO - Processing /home/airflow/.local/lib/python3.12/site-packages/airflow/example_dags/example_inlet_event_extra.py took 0.307 seconds
[2025-04-22T10:00:55.504+0000] {processor.py:186} INFO - Started process (PID=105) to work on /home/airflow/.local/lib/python3.12/site-packages/airflow/example_dags/example_inlet_event_extra.py
[2025-04-22T10:00:55.504+0000] {processor.py:914} INFO - Processing file /home/airflow/.local/lib/python3.12/site-packages/airflow/example_dags/example_inlet_event_extra.py for tasks to queue
[2025-04-22T10:00:55.505+0000] {logging_mixin.py:190} INFO - [2025-04-22T10:00:55.505+0000] {dagbag.py:588} INFO - Filling up the DagBag from /home/airflow/.local/lib/python3.12/site-packages/airflow/example_dags/example_inlet_event_extra.py
[2025-04-22T10:00:55.782+0000] {processor.py:925} INFO - DAG(s) 'read_dataset_event_from_classic', 'read_dataset_event' retrieved from /home/airflow/.local/lib/python3.12/site-packages/airflow/example_dags/example_inlet_event_extra.py
[2025-04-22T10:00:55.791+0000] {logging_mixin.py:190} INFO - [2025-04-22T10:00:55.790+0000] {dag.py:3239} INFO - Sync 2 DAGs
[2025-04-22T10:00:55.801+0000] {logging_mixin.py:190} INFO - [2025-04-22T10:00:55.801+0000] {dag.py:4180} INFO - Setting next_dagrun for read_dataset_event to 2025-04-21 00:00:00+00:00, run_after=2025-04-22 00:00:00+00:00
[2025-04-22T10:00:55.803+0000] {logging_mixin.py:190} INFO - [2025-04-22T10:00:55.802+0000] {dag.py:4180} INFO - Setting next_dagrun for read_dataset_event_from_classic to 2025-04-21 00:00:00+00:00, run_after=2025-04-22 00:00:00+00:00
[2025-04-22T10:00:55.809+0000] {processor.py:208} INFO - Processing /home/airflow/.local/lib/python3.12/site-packages/airflow/example_dags/example_inlet_event_extra.py took 0.307 seconds
[2025-04-22T10:01:25.865+0000] {processor.py:186} INFO - Started process (PID=168) to work on /home/airflow/.local/lib/python3.12/site-packages/airflow/example_dags/example_inlet_event_extra.py
[2025-04-22T10:01:25.866+0000] {processor.py:914} INFO - Processing file /home/airflow/.local/lib/python3.12/site-packages/airflow/example_dags/example_inlet_event_extra.py for tasks to queue
[2025-04-22T10:01:25.867+0000] {logging_mixin.py:190} INFO - [2025-04-22T10:01:25.867+0000] {dagbag.py:588} INFO - Filling up the DagBag from /home/airflow/.local/lib/python3.12/site-packages/airflow/example_dags/example_inlet_event_extra.py
[2025-04-22T10:01:26.141+0000] {processor.py:925} INFO - DAG(s) 'read_dataset_event', 'read_dataset_event_from_classic' retrieved from /home/airflow/.local/lib/python3.12/site-packages/airflow/example_dags/example_inlet_event_extra.py
[2025-04-22T10:01:26.149+0000] {logging_mixin.py:190} INFO - [2025-04-22T10:01:26.149+0000] {dag.py:3239} INFO - Sync 2 DAGs
[2025-04-22T10:01:26.160+0000] {logging_mixin.py:190} INFO - [2025-04-22T10:01:26.160+0000] {dag.py:4180} INFO - Setting next_dagrun for read_dataset_event to 2025-04-21 00:00:00+00:00, run_after=2025-04-22 00:00:00+00:00
[2025-04-22T10:01:26.162+0000] {logging_mixin.py:190} INFO - [2025-04-22T10:01:26.162+0000] {dag.py:4180} INFO - Setting next_dagrun for read_dataset_event_from_classic to 2025-04-21 00:00:00+00:00, run_after=2025-04-22 00:00:00+00:00
[2025-04-22T10:01:26.168+0000] {processor.py:208} INFO - Processing /home/airflow/.local/lib/python3.12/site-packages/airflow/example_dags/example_inlet_event_extra.py took 0.306 seconds
[2025-04-22T10:01:56.235+0000] {processor.py:186} INFO - Started process (PID=231) to work on /home/airflow/.local/lib/python3.12/site-packages/airflow/example_dags/example_inlet_event_extra.py
[2025-04-22T10:01:56.236+0000] {processor.py:914} INFO - Processing file /home/airflow/.local/lib/python3.12/site-packages/airflow/example_dags/example_inlet_event_extra.py for tasks to queue
[2025-04-22T10:01:56.237+0000] {logging_mixin.py:190} INFO - [2025-04-22T10:01:56.237+0000] {dagbag.py:588} INFO - Filling up the DagBag from /home/airflow/.local/lib/python3.12/site-packages/airflow/example_dags/example_inlet_event_extra.py
[2025-04-22T10:01:56.513+0000] {processor.py:925} INFO - DAG(s) 'read_dataset_event_from_classic', 'read_dataset_event' retrieved from /home/airflow/.local/lib/python3.12/site-packages/airflow/example_dags/example_inlet_event_extra.py
[2025-04-22T10:01:56.522+0000] {logging_mixin.py:190} INFO - [2025-04-22T10:01:56.522+0000] {dag.py:3239} INFO - Sync 2 DAGs
[2025-04-22T10:01:56.531+0000] {logging_mixin.py:190} INFO - [2025-04-22T10:01:56.531+0000] {dag.py:4180} INFO - Setting next_dagrun for read_dataset_event to 2025-04-21 00:00:00+00:00, run_after=2025-04-22 00:00:00+00:00
[2025-04-22T10:01:56.533+0000] {logging_mixin.py:190} INFO - [2025-04-22T10:01:56.533+0000] {dag.py:4180} INFO - Setting next_dagrun for read_dataset_event_from_classic to 2025-04-21 00:00:00+00:00, run_after=2025-04-22 00:00:00+00:00
[2025-04-22T10:01:56.540+0000] {processor.py:208} INFO - Processing /home/airflow/.local/lib/python3.12/site-packages/airflow/example_dags/example_inlet_event_extra.py took 0.308 seconds
[2025-04-22T10:02:26.586+0000] {processor.py:186} INFO - Started process (PID=293) to work on /home/airflow/.local/lib/python3.12/site-packages/airflow/example_dags/example_inlet_event_extra.py
[2025-04-22T10:02:26.587+0000] {processor.py:914} INFO - Processing file /home/airflow/.local/lib/python3.12/site-packages/airflow/example_dags/example_inlet_event_extra.py for tasks to queue
[2025-04-22T10:02:26.588+0000] {logging_mixin.py:190} INFO - [2025-04-22T10:02:26.588+0000] {dagbag.py:588} INFO - Filling up the DagBag from /home/airflow/.local/lib/python3.12/site-packages/airflow/example_dags/example_inlet_event_extra.py
[2025-04-22T10:02:26.861+0000] {processor.py:925} INFO - DAG(s) 'read_dataset_event', 'read_dataset_event_from_classic' retrieved from /home/airflow/.local/lib/python3.12/site-packages/airflow/example_dags/example_inlet_event_extra.py
[2025-04-22T10:02:26.870+0000] {logging_mixin.py:190} INFO - [2025-04-22T10:02:26.870+0000] {dag.py:3239} INFO - Sync 2 DAGs
[2025-04-22T10:02:26.879+0000] {logging_mixin.py:190} INFO - [2025-04-22T10:02:26.879+0000] {dag.py:4180} INFO - Setting next_dagrun for read_dataset_event to 2025-04-21 00:00:00+00:00, run_after=2025-04-22 00:00:00+00:00
[2025-04-22T10:02:26.881+0000] {logging_mixin.py:190} INFO - [2025-04-22T10:02:26.881+0000] {dag.py:4180} INFO - Setting next_dagrun for read_dataset_event_from_classic to 2025-04-21 00:00:00+00:00, run_after=2025-04-22 00:00:00+00:00
[2025-04-22T10:02:26.888+0000] {processor.py:208} INFO - Processing /home/airflow/.local/lib/python3.12/site-packages/airflow/example_dags/example_inlet_event_extra.py took 0.305 seconds
[2025-04-22T10:02:56.968+0000] {processor.py:186} INFO - Started process (PID=356) to work on /home/airflow/.local/lib/python3.12/site-packages/airflow/example_dags/example_inlet_event_extra.py
[2025-04-22T10:02:56.969+0000] {processor.py:914} INFO - Processing file /home/airflow/.local/lib/python3.12/site-packages/airflow/example_dags/example_inlet_event_extra.py for tasks to queue
[2025-04-22T10:02:56.970+0000] {logging_mixin.py:190} INFO - [2025-04-22T10:02:56.970+0000] {dagbag.py:588} INFO - Filling up the DagBag from /home/airflow/.local/lib/python3.12/site-packages/airflow/example_dags/example_inlet_event_extra.py
[2025-04-22T10:02:57.253+0000] {processor.py:925} INFO - DAG(s) 'read_dataset_event', 'read_dataset_event_from_classic' retrieved from /home/airflow/.local/lib/python3.12/site-packages/airflow/example_dags/example_inlet_event_extra.py
[2025-04-22T10:02:57.263+0000] {logging_mixin.py:190} INFO - [2025-04-22T10:02:57.262+0000] {dag.py:3239} INFO - Sync 2 DAGs
[2025-04-22T10:02:57.272+0000] {logging_mixin.py:190} INFO - [2025-04-22T10:02:57.272+0000] {dag.py:4180} INFO - Setting next_dagrun for read_dataset_event to 2025-04-21 00:00:00+00:00, run_after=2025-04-22 00:00:00+00:00
[2025-04-22T10:02:57.274+0000] {logging_mixin.py:190} INFO - [2025-04-22T10:02:57.274+0000] {dag.py:4180} INFO - Setting next_dagrun for read_dataset_event_from_classic to 2025-04-21 00:00:00+00:00, run_after=2025-04-22 00:00:00+00:00
[2025-04-22T10:02:57.280+0000] {processor.py:208} INFO - Processing /home/airflow/.local/lib/python3.12/site-packages/airflow/example_dags/example_inlet_event_extra.py took 0.314 seconds
[2025-04-22T10:03:27.332+0000] {processor.py:186} INFO - Started process (PID=423) to work on /home/airflow/.local/lib/python3.12/site-packages/airflow/example_dags/example_inlet_event_extra.py
[2025-04-22T10:03:27.333+0000] {processor.py:914} INFO - Processing file /home/airflow/.local/lib/python3.12/site-packages/airflow/example_dags/example_inlet_event_extra.py for tasks to queue
[2025-04-22T10:03:27.334+0000] {logging_mixin.py:190} INFO - [2025-04-22T10:03:27.334+0000] {dagbag.py:588} INFO - Filling up the DagBag from /home/airflow/.local/lib/python3.12/site-packages/airflow/example_dags/example_inlet_event_extra.py
[2025-04-22T10:03:27.625+0000] {processor.py:925} INFO - DAG(s) 'read_dataset_event', 'read_dataset_event_from_classic' retrieved from /home/airflow/.local/lib/python3.12/site-packages/airflow/example_dags/example_inlet_event_extra.py
[2025-04-22T10:03:27.634+0000] {logging_mixin.py:190} INFO - [2025-04-22T10:03:27.634+0000] {dag.py:3239} INFO - Sync 2 DAGs
[2025-04-22T10:03:27.644+0000] {logging_mixin.py:190} INFO - [2025-04-22T10:03:27.644+0000] {dag.py:4180} INFO - Setting next_dagrun for read_dataset_event to 2025-04-21 00:00:00+00:00, run_after=2025-04-22 00:00:00+00:00
[2025-04-22T10:03:27.646+0000] {logging_mixin.py:190} INFO - [2025-04-22T10:03:27.646+0000] {dag.py:4180} INFO - Setting next_dagrun for read_dataset_event_from_classic to 2025-04-21 00:00:00+00:00, run_after=2025-04-22 00:00:00+00:00
[2025-04-22T10:03:27.652+0000] {processor.py:208} INFO - Processing /home/airflow/.local/lib/python3.12/site-packages/airflow/example_dags/example_inlet_event_extra.py took 0.322 seconds
[2025-04-22T10:05:37.358+0000] {processor.py:186} INFO - Started process (PID=105) to work on /home/airflow/.local/lib/python3.12/site-packages/airflow/example_dags/example_inlet_event_extra.py
[2025-04-22T10:05:37.358+0000] {processor.py:914} INFO - Processing file /home/airflow/.local/lib/python3.12/site-packages/airflow/example_dags/example_inlet_event_extra.py for tasks to queue
[2025-04-22T10:05:37.359+0000] {logging_mixin.py:190} INFO - [2025-04-22T10:05:37.359+0000] {dagbag.py:588} INFO - Filling up the DagBag from /home/airflow/.local/lib/python3.12/site-packages/airflow/example_dags/example_inlet_event_extra.py
[2025-04-22T10:05:37.648+0000] {processor.py:925} INFO - DAG(s) 'read_dataset_event_from_classic', 'read_dataset_event' retrieved from /home/airflow/.local/lib/python3.12/site-packages/airflow/example_dags/example_inlet_event_extra.py
[2025-04-22T10:05:37.657+0000] {logging_mixin.py:190} INFO - [2025-04-22T10:05:37.657+0000] {dag.py:3239} INFO - Sync 2 DAGs
[2025-04-22T10:05:37.666+0000] {logging_mixin.py:190} INFO - [2025-04-22T10:05:37.666+0000] {dag.py:4180} INFO - Setting next_dagrun for read_dataset_event to 2025-04-21 00:00:00+00:00, run_after=2025-04-22 00:00:00+00:00
[2025-04-22T10:05:37.668+0000] {logging_mixin.py:190} INFO - [2025-04-22T10:05:37.668+0000] {dag.py:4180} INFO - Setting next_dagrun for read_dataset_event_from_classic to 2025-04-21 00:00:00+00:00, run_after=2025-04-22 00:00:00+00:00
[2025-04-22T10:05:37.672+0000] {processor.py:208} INFO - Processing /home/airflow/.local/lib/python3.12/site-packages/airflow/example_dags/example_inlet_event_extra.py took 0.317 seconds
[2025-04-22T10:06:07.729+0000] {processor.py:186} INFO - Started process (PID=168) to work on /home/airflow/.local/lib/python3.12/site-packages/airflow/example_dags/example_inlet_event_extra.py
[2025-04-22T10:06:07.730+0000] {processor.py:914} INFO - Processing file /home/airflow/.local/lib/python3.12/site-packages/airflow/example_dags/example_inlet_event_extra.py for tasks to queue
[2025-04-22T10:06:07.731+0000] {logging_mixin.py:190} INFO - [2025-04-22T10:06:07.731+0000] {dagbag.py:588} INFO - Filling up the DagBag from /home/airflow/.local/lib/python3.12/site-packages/airflow/example_dags/example_inlet_event_extra.py
[2025-04-22T10:06:07.998+0000] {processor.py:925} INFO - DAG(s) 'read_dataset_event', 'read_dataset_event_from_classic' retrieved from /home/airflow/.local/lib/python3.12/site-packages/airflow/example_dags/example_inlet_event_extra.py
[2025-04-22T10:06:08.006+0000] {logging_mixin.py:190} INFO - [2025-04-22T10:06:08.006+0000] {dag.py:3239} INFO - Sync 2 DAGs
[2025-04-22T10:06:08.016+0000] {logging_mixin.py:190} INFO - [2025-04-22T10:06:08.015+0000] {dag.py:4180} INFO - Setting next_dagrun for read_dataset_event to 2025-04-21 00:00:00+00:00, run_after=2025-04-22 00:00:00+00:00
[2025-04-22T10:06:08.017+0000] {logging_mixin.py:190} INFO - [2025-04-22T10:06:08.017+0000] {dag.py:4180} INFO - Setting next_dagrun for read_dataset_event_from_classic to 2025-04-21 00:00:00+00:00, run_after=2025-04-22 00:00:00+00:00
[2025-04-22T10:06:08.024+0000] {processor.py:208} INFO - Processing /home/airflow/.local/lib/python3.12/site-packages/airflow/example_dags/example_inlet_event_extra.py took 0.298 seconds
[2025-04-22T10:06:38.084+0000] {processor.py:186} INFO - Started process (PID=231) to work on /home/airflow/.local/lib/python3.12/site-packages/airflow/example_dags/example_inlet_event_extra.py
[2025-04-22T10:06:38.085+0000] {processor.py:914} INFO - Processing file /home/airflow/.local/lib/python3.12/site-packages/airflow/example_dags/example_inlet_event_extra.py for tasks to queue
[2025-04-22T10:06:38.086+0000] {logging_mixin.py:190} INFO - [2025-04-22T10:06:38.086+0000] {dagbag.py:588} INFO - Filling up the DagBag from /home/airflow/.local/lib/python3.12/site-packages/airflow/example_dags/example_inlet_event_extra.py
[2025-04-22T10:06:38.350+0000] {processor.py:925} INFO - DAG(s) 'read_dataset_event', 'read_dataset_event_from_classic' retrieved from /home/airflow/.local/lib/python3.12/site-packages/airflow/example_dags/example_inlet_event_extra.py
[2025-04-22T10:06:38.359+0000] {logging_mixin.py:190} INFO - [2025-04-22T10:06:38.359+0000] {dag.py:3239} INFO - Sync 2 DAGs
[2025-04-22T10:06:38.367+0000] {logging_mixin.py:190} INFO - [2025-04-22T10:06:38.367+0000] {dag.py:4180} INFO - Setting next_dagrun for read_dataset_event to 2025-04-21 00:00:00+00:00, run_after=2025-04-22 00:00:00+00:00
[2025-04-22T10:06:38.369+0000] {logging_mixin.py:190} INFO - [2025-04-22T10:06:38.369+0000] {dag.py:4180} INFO - Setting next_dagrun for read_dataset_event_from_classic to 2025-04-21 00:00:00+00:00, run_after=2025-04-22 00:00:00+00:00
[2025-04-22T10:06:38.376+0000] {processor.py:208} INFO - Processing /home/airflow/.local/lib/python3.12/site-packages/airflow/example_dags/example_inlet_event_extra.py took 0.294 seconds
[2025-04-22T10:07:08.479+0000] {processor.py:186} INFO - Started process (PID=294) to work on /home/airflow/.local/lib/python3.12/site-packages/airflow/example_dags/example_inlet_event_extra.py
[2025-04-22T10:07:08.479+0000] {processor.py:914} INFO - Processing file /home/airflow/.local/lib/python3.12/site-packages/airflow/example_dags/example_inlet_event_extra.py for tasks to queue
[2025-04-22T10:07:08.480+0000] {logging_mixin.py:190} INFO - [2025-04-22T10:07:08.480+0000] {dagbag.py:588} INFO - Filling up the DagBag from /home/airflow/.local/lib/python3.12/site-packages/airflow/example_dags/example_inlet_event_extra.py
[2025-04-22T10:07:08.745+0000] {processor.py:925} INFO - DAG(s) 'read_dataset_event_from_classic', 'read_dataset_event' retrieved from /home/airflow/.local/lib/python3.12/site-packages/airflow/example_dags/example_inlet_event_extra.py
[2025-04-22T10:07:08.754+0000] {logging_mixin.py:190} INFO - [2025-04-22T10:07:08.754+0000] {dag.py:3239} INFO - Sync 2 DAGs
[2025-04-22T10:07:08.762+0000] {logging_mixin.py:190} INFO - [2025-04-22T10:07:08.762+0000] {dag.py:4180} INFO - Setting next_dagrun for read_dataset_event to 2025-04-21 00:00:00+00:00, run_after=2025-04-22 00:00:00+00:00
[2025-04-22T10:07:08.764+0000] {logging_mixin.py:190} INFO - [2025-04-22T10:07:08.764+0000] {dag.py:4180} INFO - Setting next_dagrun for read_dataset_event_from_classic to 2025-04-21 00:00:00+00:00, run_after=2025-04-22 00:00:00+00:00
[2025-04-22T10:07:08.770+0000] {processor.py:208} INFO - Processing /home/airflow/.local/lib/python3.12/site-packages/airflow/example_dags/example_inlet_event_extra.py took 0.294 seconds
[2025-04-22T10:07:38.841+0000] {processor.py:186} INFO - Started process (PID=357) to work on /home/airflow/.local/lib/python3.12/site-packages/airflow/example_dags/example_inlet_event_extra.py
[2025-04-22T10:07:38.842+0000] {processor.py:914} INFO - Processing file /home/airflow/.local/lib/python3.12/site-packages/airflow/example_dags/example_inlet_event_extra.py for tasks to queue
[2025-04-22T10:07:38.843+0000] {logging_mixin.py:190} INFO - [2025-04-22T10:07:38.843+0000] {dagbag.py:588} INFO - Filling up the DagBag from /home/airflow/.local/lib/python3.12/site-packages/airflow/example_dags/example_inlet_event_extra.py
[2025-04-22T10:07:39.113+0000] {processor.py:925} INFO - DAG(s) 'read_dataset_event', 'read_dataset_event_from_classic' retrieved from /home/airflow/.local/lib/python3.12/site-packages/airflow/example_dags/example_inlet_event_extra.py
[2025-04-22T10:07:39.122+0000] {logging_mixin.py:190} INFO - [2025-04-22T10:07:39.122+0000] {dag.py:3239} INFO - Sync 2 DAGs
[2025-04-22T10:07:39.131+0000] {logging_mixin.py:190} INFO - [2025-04-22T10:07:39.130+0000] {dag.py:4180} INFO - Setting next_dagrun for read_dataset_event to 2025-04-21 00:00:00+00:00, run_after=2025-04-22 00:00:00+00:00
[2025-04-22T10:07:39.132+0000] {logging_mixin.py:190} INFO - [2025-04-22T10:07:39.132+0000] {dag.py:4180} INFO - Setting next_dagrun for read_dataset_event_from_classic to 2025-04-21 00:00:00+00:00, run_after=2025-04-22 00:00:00+00:00
[2025-04-22T10:07:39.139+0000] {processor.py:208} INFO - Processing /home/airflow/.local/lib/python3.12/site-packages/airflow/example_dags/example_inlet_event_extra.py took 0.301 seconds
[2025-04-22T10:08:09.179+0000] {processor.py:186} INFO - Started process (PID=420) to work on /home/airflow/.local/lib/python3.12/site-packages/airflow/example_dags/example_inlet_event_extra.py
[2025-04-22T10:08:09.180+0000] {processor.py:914} INFO - Processing file /home/airflow/.local/lib/python3.12/site-packages/airflow/example_dags/example_inlet_event_extra.py for tasks to queue
[2025-04-22T10:08:09.181+0000] {logging_mixin.py:190} INFO - [2025-04-22T10:08:09.180+0000] {dagbag.py:588} INFO - Filling up the DagBag from /home/airflow/.local/lib/python3.12/site-packages/airflow/example_dags/example_inlet_event_extra.py
[2025-04-22T10:08:09.457+0000] {processor.py:925} INFO - DAG(s) 'read_dataset_event', 'read_dataset_event_from_classic' retrieved from /home/airflow/.local/lib/python3.12/site-packages/airflow/example_dags/example_inlet_event_extra.py
[2025-04-22T10:08:09.465+0000] {logging_mixin.py:190} INFO - [2025-04-22T10:08:09.465+0000] {dag.py:3239} INFO - Sync 2 DAGs
[2025-04-22T10:08:09.474+0000] {logging_mixin.py:190} INFO - [2025-04-22T10:08:09.474+0000] {dag.py:4180} INFO - Setting next_dagrun for read_dataset_event to 2025-04-21 00:00:00+00:00, run_after=2025-04-22 00:00:00+00:00
[2025-04-22T10:08:09.475+0000] {logging_mixin.py:190} INFO - [2025-04-22T10:08:09.475+0000] {dag.py:4180} INFO - Setting next_dagrun for read_dataset_event_from_classic to 2025-04-21 00:00:00+00:00, run_after=2025-04-22 00:00:00+00:00
[2025-04-22T10:08:09.481+0000] {processor.py:208} INFO - Processing /home/airflow/.local/lib/python3.12/site-packages/airflow/example_dags/example_inlet_event_extra.py took 0.305 seconds
[2025-04-22T10:08:39.564+0000] {processor.py:186} INFO - Started process (PID=483) to work on /home/airflow/.local/lib/python3.12/site-packages/airflow/example_dags/example_inlet_event_extra.py
[2025-04-22T10:08:39.564+0000] {processor.py:914} INFO - Processing file /home/airflow/.local/lib/python3.12/site-packages/airflow/example_dags/example_inlet_event_extra.py for tasks to queue
[2025-04-22T10:08:39.565+0000] {logging_mixin.py:190} INFO - [2025-04-22T10:08:39.565+0000] {dagbag.py:588} INFO - Filling up the DagBag from /home/airflow/.local/lib/python3.12/site-packages/airflow/example_dags/example_inlet_event_extra.py
[2025-04-22T10:08:39.831+0000] {processor.py:925} INFO - DAG(s) 'read_dataset_event', 'read_dataset_event_from_classic' retrieved from /home/airflow/.local/lib/python3.12/site-packages/airflow/example_dags/example_inlet_event_extra.py
[2025-04-22T10:08:39.839+0000] {logging_mixin.py:190} INFO - [2025-04-22T10:08:39.839+0000] {dag.py:3239} INFO - Sync 2 DAGs
[2025-04-22T10:08:39.848+0000] {logging_mixin.py:190} INFO - [2025-04-22T10:08:39.848+0000] {dag.py:4180} INFO - Setting next_dagrun for read_dataset_event to 2025-04-21 00:00:00+00:00, run_after=2025-04-22 00:00:00+00:00
[2025-04-22T10:08:39.850+0000] {logging_mixin.py:190} INFO - [2025-04-22T10:08:39.850+0000] {dag.py:4180} INFO - Setting next_dagrun for read_dataset_event_from_classic to 2025-04-21 00:00:00+00:00, run_after=2025-04-22 00:00:00+00:00
[2025-04-22T10:08:39.856+0000] {processor.py:208} INFO - Processing /home/airflow/.local/lib/python3.12/site-packages/airflow/example_dags/example_inlet_event_extra.py took 0.295 seconds
[2025-04-22T10:09:09.949+0000] {processor.py:186} INFO - Started process (PID=546) to work on /home/airflow/.local/lib/python3.12/site-packages/airflow/example_dags/example_inlet_event_extra.py
[2025-04-22T10:09:09.950+0000] {processor.py:914} INFO - Processing file /home/airflow/.local/lib/python3.12/site-packages/airflow/example_dags/example_inlet_event_extra.py for tasks to queue
[2025-04-22T10:09:09.951+0000] {logging_mixin.py:190} INFO - [2025-04-22T10:09:09.950+0000] {dagbag.py:588} INFO - Filling up the DagBag from /home/airflow/.local/lib/python3.12/site-packages/airflow/example_dags/example_inlet_event_extra.py
[2025-04-22T10:09:10.213+0000] {processor.py:925} INFO - DAG(s) 'read_dataset_event', 'read_dataset_event_from_classic' retrieved from /home/airflow/.local/lib/python3.12/site-packages/airflow/example_dags/example_inlet_event_extra.py
[2025-04-22T10:09:10.221+0000] {logging_mixin.py:190} INFO - [2025-04-22T10:09:10.221+0000] {dag.py:3239} INFO - Sync 2 DAGs
[2025-04-22T10:09:10.230+0000] {logging_mixin.py:190} INFO - [2025-04-22T10:09:10.230+0000] {dag.py:4180} INFO - Setting next_dagrun for read_dataset_event to 2025-04-21 00:00:00+00:00, run_after=2025-04-22 00:00:00+00:00
[2025-04-22T10:09:10.232+0000] {logging_mixin.py:190} INFO - [2025-04-22T10:09:10.232+0000] {dag.py:4180} INFO - Setting next_dagrun for read_dataset_event_from_classic to 2025-04-21 00:00:00+00:00, run_after=2025-04-22 00:00:00+00:00
[2025-04-22T10:09:10.238+0000] {processor.py:208} INFO - Processing /home/airflow/.local/lib/python3.12/site-packages/airflow/example_dags/example_inlet_event_extra.py took 0.293 seconds
[2025-04-22T10:09:40.283+0000] {processor.py:186} INFO - Started process (PID=609) to work on /home/airflow/.local/lib/python3.12/site-packages/airflow/example_dags/example_inlet_event_extra.py
[2025-04-22T10:09:40.284+0000] {processor.py:914} INFO - Processing file /home/airflow/.local/lib/python3.12/site-packages/airflow/example_dags/example_inlet_event_extra.py for tasks to queue
[2025-04-22T10:09:40.285+0000] {logging_mixin.py:190} INFO - [2025-04-22T10:09:40.285+0000] {dagbag.py:588} INFO - Filling up the DagBag from /home/airflow/.local/lib/python3.12/site-packages/airflow/example_dags/example_inlet_event_extra.py
[2025-04-22T10:09:40.551+0000] {processor.py:925} INFO - DAG(s) 'read_dataset_event_from_classic', 'read_dataset_event' retrieved from /home/airflow/.local/lib/python3.12/site-packages/airflow/example_dags/example_inlet_event_extra.py
[2025-04-22T10:09:40.559+0000] {logging_mixin.py:190} INFO - [2025-04-22T10:09:40.559+0000] {dag.py:3239} INFO - Sync 2 DAGs
[2025-04-22T10:09:40.568+0000] {logging_mixin.py:190} INFO - [2025-04-22T10:09:40.568+0000] {dag.py:4180} INFO - Setting next_dagrun for read_dataset_event to 2025-04-21 00:00:00+00:00, run_after=2025-04-22 00:00:00+00:00
[2025-04-22T10:09:40.570+0000] {logging_mixin.py:190} INFO - [2025-04-22T10:09:40.569+0000] {dag.py:4180} INFO - Setting next_dagrun for read_dataset_event_from_classic to 2025-04-21 00:00:00+00:00, run_after=2025-04-22 00:00:00+00:00
[2025-04-22T10:09:40.576+0000] {processor.py:208} INFO - Processing /home/airflow/.local/lib/python3.12/site-packages/airflow/example_dags/example_inlet_event_extra.py took 0.295 seconds
[2025-04-22T10:10:10.643+0000] {processor.py:186} INFO - Started process (PID=672) to work on /home/airflow/.local/lib/python3.12/site-packages/airflow/example_dags/example_inlet_event_extra.py
[2025-04-22T10:10:10.643+0000] {processor.py:914} INFO - Processing file /home/airflow/.local/lib/python3.12/site-packages/airflow/example_dags/example_inlet_event_extra.py for tasks to queue
[2025-04-22T10:10:10.644+0000] {logging_mixin.py:190} INFO - [2025-04-22T10:10:10.644+0000] {dagbag.py:588} INFO - Filling up the DagBag from /home/airflow/.local/lib/python3.12/site-packages/airflow/example_dags/example_inlet_event_extra.py
[2025-04-22T10:10:10.909+0000] {processor.py:925} INFO - DAG(s) 'read_dataset_event', 'read_dataset_event_from_classic' retrieved from /home/airflow/.local/lib/python3.12/site-packages/airflow/example_dags/example_inlet_event_extra.py
[2025-04-22T10:10:10.918+0000] {logging_mixin.py:190} INFO - [2025-04-22T10:10:10.917+0000] {dag.py:3239} INFO - Sync 2 DAGs
[2025-04-22T10:10:10.926+0000] {logging_mixin.py:190} INFO - [2025-04-22T10:10:10.926+0000] {dag.py:4180} INFO - Setting next_dagrun for read_dataset_event to 2025-04-21 00:00:00+00:00, run_after=2025-04-22 00:00:00+00:00
[2025-04-22T10:10:10.928+0000] {logging_mixin.py:190} INFO - [2025-04-22T10:10:10.928+0000] {dag.py:4180} INFO - Setting next_dagrun for read_dataset_event_from_classic to 2025-04-21 00:00:00+00:00, run_after=2025-04-22 00:00:00+00:00
[2025-04-22T10:10:10.935+0000] {processor.py:208} INFO - Processing /home/airflow/.local/lib/python3.12/site-packages/airflow/example_dags/example_inlet_event_extra.py took 0.295 seconds
[2025-04-22T10:10:40.983+0000] {processor.py:186} INFO - Started process (PID=735) to work on /home/airflow/.local/lib/python3.12/site-packages/airflow/example_dags/example_inlet_event_extra.py
[2025-04-22T10:10:40.984+0000] {processor.py:914} INFO - Processing file /home/airflow/.local/lib/python3.12/site-packages/airflow/example_dags/example_inlet_event_extra.py for tasks to queue
[2025-04-22T10:10:40.985+0000] {logging_mixin.py:190} INFO - [2025-04-22T10:10:40.985+0000] {dagbag.py:588} INFO - Filling up the DagBag from /home/airflow/.local/lib/python3.12/site-packages/airflow/example_dags/example_inlet_event_extra.py
[2025-04-22T10:10:41.249+0000] {processor.py:925} INFO - DAG(s) 'read_dataset_event_from_classic', 'read_dataset_event' retrieved from /home/airflow/.local/lib/python3.12/site-packages/airflow/example_dags/example_inlet_event_extra.py
[2025-04-22T10:10:41.258+0000] {logging_mixin.py:190} INFO - [2025-04-22T10:10:41.257+0000] {dag.py:3239} INFO - Sync 2 DAGs
[2025-04-22T10:10:41.266+0000] {logging_mixin.py:190} INFO - [2025-04-22T10:10:41.266+0000] {dag.py:4180} INFO - Setting next_dagrun for read_dataset_event to 2025-04-21 00:00:00+00:00, run_after=2025-04-22 00:00:00+00:00
[2025-04-22T10:10:41.268+0000] {logging_mixin.py:190} INFO - [2025-04-22T10:10:41.268+0000] {dag.py:4180} INFO - Setting next_dagrun for read_dataset_event_from_classic to 2025-04-21 00:00:00+00:00, run_after=2025-04-22 00:00:00+00:00
[2025-04-22T10:10:41.274+0000] {processor.py:208} INFO - Processing /home/airflow/.local/lib/python3.12/site-packages/airflow/example_dags/example_inlet_event_extra.py took 0.294 seconds
[2025-04-22T10:11:11.331+0000] {processor.py:186} INFO - Started process (PID=798) to work on /home/airflow/.local/lib/python3.12/site-packages/airflow/example_dags/example_inlet_event_extra.py
[2025-04-22T10:11:11.331+0000] {processor.py:914} INFO - Processing file /home/airflow/.local/lib/python3.12/site-packages/airflow/example_dags/example_inlet_event_extra.py for tasks to queue
[2025-04-22T10:11:11.332+0000] {logging_mixin.py:190} INFO - [2025-04-22T10:11:11.332+0000] {dagbag.py:588} INFO - Filling up the DagBag from /home/airflow/.local/lib/python3.12/site-packages/airflow/example_dags/example_inlet_event_extra.py
[2025-04-22T10:11:11.607+0000] {processor.py:925} INFO - DAG(s) 'read_dataset_event_from_classic', 'read_dataset_event' retrieved from /home/airflow/.local/lib/python3.12/site-packages/airflow/example_dags/example_inlet_event_extra.py
[2025-04-22T10:11:11.616+0000] {logging_mixin.py:190} INFO - [2025-04-22T10:11:11.615+0000] {dag.py:3239} INFO - Sync 2 DAGs
[2025-04-22T10:11:11.624+0000] {logging_mixin.py:190} INFO - [2025-04-22T10:11:11.624+0000] {dag.py:4180} INFO - Setting next_dagrun for read_dataset_event to 2025-04-21 00:00:00+00:00, run_after=2025-04-22 00:00:00+00:00
[2025-04-22T10:11:11.626+0000] {logging_mixin.py:190} INFO - [2025-04-22T10:11:11.626+0000] {dag.py:4180} INFO - Setting next_dagrun for read_dataset_event_from_classic to 2025-04-21 00:00:00+00:00, run_after=2025-04-22 00:00:00+00:00
[2025-04-22T10:11:11.632+0000] {processor.py:208} INFO - Processing /home/airflow/.local/lib/python3.12/site-packages/airflow/example_dags/example_inlet_event_extra.py took 0.305 seconds
[2025-04-22T10:11:41.684+0000] {processor.py:186} INFO - Started process (PID=861) to work on /home/airflow/.local/lib/python3.12/site-packages/airflow/example_dags/example_inlet_event_extra.py
[2025-04-22T10:11:41.684+0000] {processor.py:914} INFO - Processing file /home/airflow/.local/lib/python3.12/site-packages/airflow/example_dags/example_inlet_event_extra.py for tasks to queue
[2025-04-22T10:11:41.685+0000] {logging_mixin.py:190} INFO - [2025-04-22T10:11:41.685+0000] {dagbag.py:588} INFO - Filling up the DagBag from /home/airflow/.local/lib/python3.12/site-packages/airflow/example_dags/example_inlet_event_extra.py
[2025-04-22T10:11:41.951+0000] {processor.py:925} INFO - DAG(s) 'read_dataset_event', 'read_dataset_event_from_classic' retrieved from /home/airflow/.local/lib/python3.12/site-packages/airflow/example_dags/example_inlet_event_extra.py
[2025-04-22T10:11:41.959+0000] {logging_mixin.py:190} INFO - [2025-04-22T10:11:41.959+0000] {dag.py:3239} INFO - Sync 2 DAGs
[2025-04-22T10:11:41.968+0000] {logging_mixin.py:190} INFO - [2025-04-22T10:11:41.968+0000] {dag.py:4180} INFO - Setting next_dagrun for read_dataset_event to 2025-04-21 00:00:00+00:00, run_after=2025-04-22 00:00:00+00:00
[2025-04-22T10:11:41.970+0000] {logging_mixin.py:190} INFO - [2025-04-22T10:11:41.970+0000] {dag.py:4180} INFO - Setting next_dagrun for read_dataset_event_from_classic to 2025-04-21 00:00:00+00:00, run_after=2025-04-22 00:00:00+00:00
[2025-04-22T10:11:41.976+0000] {processor.py:208} INFO - Processing /home/airflow/.local/lib/python3.12/site-packages/airflow/example_dags/example_inlet_event_extra.py took 0.295 seconds
[2025-04-22T10:12:12.080+0000] {processor.py:186} INFO - Started process (PID=924) to work on /home/airflow/.local/lib/python3.12/site-packages/airflow/example_dags/example_inlet_event_extra.py
[2025-04-22T10:12:12.081+0000] {processor.py:914} INFO - Processing file /home/airflow/.local/lib/python3.12/site-packages/airflow/example_dags/example_inlet_event_extra.py for tasks to queue
[2025-04-22T10:12:12.082+0000] {logging_mixin.py:190} INFO - [2025-04-22T10:12:12.081+0000] {dagbag.py:588} INFO - Filling up the DagBag from /home/airflow/.local/lib/python3.12/site-packages/airflow/example_dags/example_inlet_event_extra.py
[2025-04-22T10:12:12.347+0000] {processor.py:925} INFO - DAG(s) 'read_dataset_event', 'read_dataset_event_from_classic' retrieved from /home/airflow/.local/lib/python3.12/site-packages/airflow/example_dags/example_inlet_event_extra.py
[2025-04-22T10:12:12.355+0000] {logging_mixin.py:190} INFO - [2025-04-22T10:12:12.355+0000] {dag.py:3239} INFO - Sync 2 DAGs
[2025-04-22T10:12:12.364+0000] {logging_mixin.py:190} INFO - [2025-04-22T10:12:12.364+0000] {dag.py:4180} INFO - Setting next_dagrun for read_dataset_event to 2025-04-21 00:00:00+00:00, run_after=2025-04-22 00:00:00+00:00
[2025-04-22T10:12:12.366+0000] {logging_mixin.py:190} INFO - [2025-04-22T10:12:12.366+0000] {dag.py:4180} INFO - Setting next_dagrun for read_dataset_event_from_classic to 2025-04-21 00:00:00+00:00, run_after=2025-04-22 00:00:00+00:00
[2025-04-22T10:12:12.373+0000] {processor.py:208} INFO - Processing /home/airflow/.local/lib/python3.12/site-packages/airflow/example_dags/example_inlet_event_extra.py took 0.296 seconds
[2025-04-22T10:12:42.550+0000] {processor.py:186} INFO - Started process (PID=987) to work on /home/airflow/.local/lib/python3.12/site-packages/airflow/example_dags/example_inlet_event_extra.py
[2025-04-22T10:12:42.550+0000] {processor.py:914} INFO - Processing file /home/airflow/.local/lib/python3.12/site-packages/airflow/example_dags/example_inlet_event_extra.py for tasks to queue
[2025-04-22T10:12:42.551+0000] {logging_mixin.py:190} INFO - [2025-04-22T10:12:42.551+0000] {dagbag.py:588} INFO - Filling up the DagBag from /home/airflow/.local/lib/python3.12/site-packages/airflow/example_dags/example_inlet_event_extra.py
[2025-04-22T10:12:42.813+0000] {processor.py:925} INFO - DAG(s) 'read_dataset_event_from_classic', 'read_dataset_event' retrieved from /home/airflow/.local/lib/python3.12/site-packages/airflow/example_dags/example_inlet_event_extra.py
[2025-04-22T10:12:42.821+0000] {logging_mixin.py:190} INFO - [2025-04-22T10:12:42.821+0000] {dag.py:3239} INFO - Sync 2 DAGs
[2025-04-22T10:12:42.829+0000] {logging_mixin.py:190} INFO - [2025-04-22T10:12:42.829+0000] {dag.py:4180} INFO - Setting next_dagrun for read_dataset_event to 2025-04-21 00:00:00+00:00, run_after=2025-04-22 00:00:00+00:00
[2025-04-22T10:12:42.831+0000] {logging_mixin.py:190} INFO - [2025-04-22T10:12:42.831+0000] {dag.py:4180} INFO - Setting next_dagrun for read_dataset_event_from_classic to 2025-04-21 00:00:00+00:00, run_after=2025-04-22 00:00:00+00:00
[2025-04-22T10:12:42.837+0000] {processor.py:208} INFO - Processing /home/airflow/.local/lib/python3.12/site-packages/airflow/example_dags/example_inlet_event_extra.py took 0.291 seconds
[2025-04-22T10:13:12.942+0000] {processor.py:186} INFO - Started process (PID=1050) to work on /home/airflow/.local/lib/python3.12/site-packages/airflow/example_dags/example_inlet_event_extra.py
[2025-04-22T10:13:12.942+0000] {processor.py:914} INFO - Processing file /home/airflow/.local/lib/python3.12/site-packages/airflow/example_dags/example_inlet_event_extra.py for tasks to queue
[2025-04-22T10:13:12.943+0000] {logging_mixin.py:190} INFO - [2025-04-22T10:13:12.943+0000] {dagbag.py:588} INFO - Filling up the DagBag from /home/airflow/.local/lib/python3.12/site-packages/airflow/example_dags/example_inlet_event_extra.py
[2025-04-22T10:13:13.205+0000] {processor.py:925} INFO - DAG(s) 'read_dataset_event', 'read_dataset_event_from_classic' retrieved from /home/airflow/.local/lib/python3.12/site-packages/airflow/example_dags/example_inlet_event_extra.py
[2025-04-22T10:13:13.214+0000] {logging_mixin.py:190} INFO - [2025-04-22T10:13:13.214+0000] {dag.py:3239} INFO - Sync 2 DAGs
[2025-04-22T10:13:13.223+0000] {logging_mixin.py:190} INFO - [2025-04-22T10:13:13.223+0000] {dag.py:4180} INFO - Setting next_dagrun for read_dataset_event to 2025-04-21 00:00:00+00:00, run_after=2025-04-22 00:00:00+00:00
[2025-04-22T10:13:13.224+0000] {logging_mixin.py:190} INFO - [2025-04-22T10:13:13.224+0000] {dag.py:4180} INFO - Setting next_dagrun for read_dataset_event_from_classic to 2025-04-21 00:00:00+00:00, run_after=2025-04-22 00:00:00+00:00
[2025-04-22T10:13:13.231+0000] {processor.py:208} INFO - Processing /home/airflow/.local/lib/python3.12/site-packages/airflow/example_dags/example_inlet_event_extra.py took 0.292 seconds
[2025-04-22T10:13:43.340+0000] {processor.py:186} INFO - Started process (PID=1113) to work on /home/airflow/.local/lib/python3.12/site-packages/airflow/example_dags/example_inlet_event_extra.py
[2025-04-22T10:13:43.340+0000] {processor.py:914} INFO - Processing file /home/airflow/.local/lib/python3.12/site-packages/airflow/example_dags/example_inlet_event_extra.py for tasks to queue
[2025-04-22T10:13:43.341+0000] {logging_mixin.py:190} INFO - [2025-04-22T10:13:43.341+0000] {dagbag.py:588} INFO - Filling up the DagBag from /home/airflow/.local/lib/python3.12/site-packages/airflow/example_dags/example_inlet_event_extra.py
[2025-04-22T10:13:43.607+0000] {processor.py:925} INFO - DAG(s) 'read_dataset_event', 'read_dataset_event_from_classic' retrieved from /home/airflow/.local/lib/python3.12/site-packages/airflow/example_dags/example_inlet_event_extra.py
[2025-04-22T10:13:43.615+0000] {logging_mixin.py:190} INFO - [2025-04-22T10:13:43.615+0000] {dag.py:3239} INFO - Sync 2 DAGs
[2025-04-22T10:13:43.624+0000] {logging_mixin.py:190} INFO - [2025-04-22T10:13:43.624+0000] {dag.py:4180} INFO - Setting next_dagrun for read_dataset_event to 2025-04-21 00:00:00+00:00, run_after=2025-04-22 00:00:00+00:00
[2025-04-22T10:13:43.626+0000] {logging_mixin.py:190} INFO - [2025-04-22T10:13:43.626+0000] {dag.py:4180} INFO - Setting next_dagrun for read_dataset_event_from_classic to 2025-04-21 00:00:00+00:00, run_after=2025-04-22 00:00:00+00:00
[2025-04-22T10:13:43.632+0000] {processor.py:208} INFO - Processing /home/airflow/.local/lib/python3.12/site-packages/airflow/example_dags/example_inlet_event_extra.py took 0.295 seconds
