[2025-04-22T09:53:49.395+0000] {processor.py:186} INFO - Started process (PID=103) to work on /home/airflow/.local/lib/python3.12/site-packages/airflow/example_dags/example_datasets.py
[2025-04-22T09:53:49.396+0000] {processor.py:914} INFO - Processing file /home/airflow/.local/lib/python3.12/site-packages/airflow/example_dags/example_datasets.py for tasks to queue
[2025-04-22T09:53:49.396+0000] {logging_mixin.py:190} INFO - [2025-04-22T09:53:49.396+0000] {dagbag.py:588} INFO - Filling up the DagBag from /home/airflow/.local/lib/python3.12/site-packages/airflow/example_dags/example_datasets.py
[2025-04-22T09:53:49.680+0000] {processor.py:925} INFO - DAG(s) 'consume_1_and_2_with_dataset_expressions', 'consume_1_or_both_2_and_3_with_dataset_expressions', 'dataset_consumes_1', 'dataset_produces_1', 'consume_1_or_2_with_dataset_expressions', 'dataset_consumes_1_and_2', 'dataset_produces_2', 'dataset_consumes_unknown_never_scheduled', 'dataset_consumes_1_never_scheduled', 'conditional_dataset_and_time_based_timetable' retrieved from /home/airflow/.local/lib/python3.12/site-packages/airflow/example_dags/example_datasets.py
[2025-04-22T09:53:49.687+0000] {logging_mixin.py:190} INFO - [2025-04-22T09:53:49.687+0000] {dag.py:3239} INFO - Sync 10 DAGs
[2025-04-22T09:53:49.699+0000] {logging_mixin.py:190} INFO - [2025-04-22T09:53:49.699+0000] {dag.py:4180} INFO - Setting next_dagrun for conditional_dataset_and_time_based_timetable to 2025-04-16 01:00:00+00:00, run_after=2025-04-16 01:00:00+00:00
[2025-04-22T09:53:49.700+0000] {logging_mixin.py:190} INFO - [2025-04-22T09:53:49.700+0000] {dag.py:4180} INFO - Setting next_dagrun for consume_1_and_2_with_dataset_expressions to None, run_after=None
[2025-04-22T09:53:49.701+0000] {logging_mixin.py:190} INFO - [2025-04-22T09:53:49.701+0000] {dag.py:4180} INFO - Setting next_dagrun for consume_1_or_2_with_dataset_expressions to None, run_after=None
[2025-04-22T09:53:49.701+0000] {logging_mixin.py:190} INFO - [2025-04-22T09:53:49.701+0000] {dag.py:4180} INFO - Setting next_dagrun for consume_1_or_both_2_and_3_with_dataset_expressions to None, run_after=None
[2025-04-22T09:53:49.701+0000] {logging_mixin.py:190} INFO - [2025-04-22T09:53:49.701+0000] {dag.py:4180} INFO - Setting next_dagrun for dataset_consumes_1 to None, run_after=None
[2025-04-22T09:53:49.702+0000] {logging_mixin.py:190} INFO - [2025-04-22T09:53:49.702+0000] {dag.py:4180} INFO - Setting next_dagrun for dataset_consumes_1_and_2 to None, run_after=None
[2025-04-22T09:53:49.702+0000] {logging_mixin.py:190} INFO - [2025-04-22T09:53:49.702+0000] {dag.py:4180} INFO - Setting next_dagrun for dataset_consumes_1_never_scheduled to None, run_after=None
[2025-04-22T09:53:49.703+0000] {logging_mixin.py:190} INFO - [2025-04-22T09:53:49.702+0000] {dag.py:4180} INFO - Setting next_dagrun for dataset_consumes_unknown_never_scheduled to None, run_after=None
[2025-04-22T09:53:49.703+0000] {logging_mixin.py:190} INFO - [2025-04-22T09:53:49.703+0000] {dag.py:4180} INFO - Setting next_dagrun for dataset_produces_1 to 2025-04-21 00:00:00+00:00, run_after=2025-04-22 00:00:00+00:00
[2025-04-22T09:53:49.704+0000] {logging_mixin.py:190} INFO - [2025-04-22T09:53:49.704+0000] {dag.py:4180} INFO - Setting next_dagrun for dataset_produces_2 to None, run_after=None
[2025-04-22T09:53:49.714+0000] {processor.py:208} INFO - Processing /home/airflow/.local/lib/python3.12/site-packages/airflow/example_dags/example_datasets.py took 0.322 seconds
[2025-04-22T09:55:02.623+0000] {processor.py:186} INFO - Started process (PID=103) to work on /home/airflow/.local/lib/python3.12/site-packages/airflow/example_dags/example_datasets.py
[2025-04-22T09:55:02.623+0000] {processor.py:914} INFO - Processing file /home/airflow/.local/lib/python3.12/site-packages/airflow/example_dags/example_datasets.py for tasks to queue
[2025-04-22T09:55:02.624+0000] {logging_mixin.py:190} INFO - [2025-04-22T09:55:02.624+0000] {dagbag.py:588} INFO - Filling up the DagBag from /home/airflow/.local/lib/python3.12/site-packages/airflow/example_dags/example_datasets.py
[2025-04-22T09:55:02.916+0000] {processor.py:925} INFO - DAG(s) 'consume_1_and_2_with_dataset_expressions', 'dataset_produces_1', 'dataset_produces_2', 'dataset_consumes_1_and_2', 'consume_1_or_both_2_and_3_with_dataset_expressions', 'dataset_consumes_unknown_never_scheduled', 'dataset_consumes_1_never_scheduled', 'dataset_consumes_1', 'conditional_dataset_and_time_based_timetable', 'consume_1_or_2_with_dataset_expressions' retrieved from /home/airflow/.local/lib/python3.12/site-packages/airflow/example_dags/example_datasets.py
[2025-04-22T09:55:03.024+0000] {logging_mixin.py:190} INFO - [2025-04-22T09:55:03.024+0000] {dag.py:3239} INFO - Sync 10 DAGs
[2025-04-22T09:55:03.034+0000] {logging_mixin.py:190} INFO - [2025-04-22T09:55:03.034+0000] {dag.py:4180} INFO - Setting next_dagrun for conditional_dataset_and_time_based_timetable to 2025-04-16 01:00:00+00:00, run_after=2025-04-16 01:00:00+00:00
[2025-04-22T09:55:03.036+0000] {logging_mixin.py:190} INFO - [2025-04-22T09:55:03.036+0000] {dag.py:4180} INFO - Setting next_dagrun for consume_1_and_2_with_dataset_expressions to None, run_after=None
[2025-04-22T09:55:03.036+0000] {logging_mixin.py:190} INFO - [2025-04-22T09:55:03.036+0000] {dag.py:4180} INFO - Setting next_dagrun for consume_1_or_2_with_dataset_expressions to None, run_after=None
[2025-04-22T09:55:03.037+0000] {logging_mixin.py:190} INFO - [2025-04-22T09:55:03.036+0000] {dag.py:4180} INFO - Setting next_dagrun for consume_1_or_both_2_and_3_with_dataset_expressions to None, run_after=None
[2025-04-22T09:55:03.037+0000] {logging_mixin.py:190} INFO - [2025-04-22T09:55:03.037+0000] {dag.py:4180} INFO - Setting next_dagrun for dataset_consumes_1 to None, run_after=None
[2025-04-22T09:55:03.037+0000] {logging_mixin.py:190} INFO - [2025-04-22T09:55:03.037+0000] {dag.py:4180} INFO - Setting next_dagrun for dataset_consumes_1_and_2 to None, run_after=None
[2025-04-22T09:55:03.038+0000] {logging_mixin.py:190} INFO - [2025-04-22T09:55:03.038+0000] {dag.py:4180} INFO - Setting next_dagrun for dataset_consumes_1_never_scheduled to None, run_after=None
[2025-04-22T09:55:03.038+0000] {logging_mixin.py:190} INFO - [2025-04-22T09:55:03.038+0000] {dag.py:4180} INFO - Setting next_dagrun for dataset_consumes_unknown_never_scheduled to None, run_after=None
[2025-04-22T09:55:03.039+0000] {logging_mixin.py:190} INFO - [2025-04-22T09:55:03.039+0000] {dag.py:4180} INFO - Setting next_dagrun for dataset_produces_1 to 2025-04-21 00:00:00+00:00, run_after=2025-04-22 00:00:00+00:00
[2025-04-22T09:55:03.039+0000] {logging_mixin.py:190} INFO - [2025-04-22T09:55:03.039+0000] {dag.py:4180} INFO - Setting next_dagrun for dataset_produces_2 to None, run_after=None
[2025-04-22T09:55:03.054+0000] {processor.py:208} INFO - Processing /home/airflow/.local/lib/python3.12/site-packages/airflow/example_dags/example_datasets.py took 0.434 seconds
[2025-04-22T09:55:33.337+0000] {processor.py:186} INFO - Started process (PID=167) to work on /home/airflow/.local/lib/python3.12/site-packages/airflow/example_dags/example_datasets.py
[2025-04-22T09:55:33.338+0000] {processor.py:914} INFO - Processing file /home/airflow/.local/lib/python3.12/site-packages/airflow/example_dags/example_datasets.py for tasks to queue
[2025-04-22T09:55:33.339+0000] {logging_mixin.py:190} INFO - [2025-04-22T09:55:33.338+0000] {dagbag.py:588} INFO - Filling up the DagBag from /home/airflow/.local/lib/python3.12/site-packages/airflow/example_dags/example_datasets.py
[2025-04-22T09:55:33.624+0000] {processor.py:925} INFO - DAG(s) 'consume_1_and_2_with_dataset_expressions', 'dataset_consumes_1_and_2', 'consume_1_or_2_with_dataset_expressions', 'dataset_consumes_unknown_never_scheduled', 'conditional_dataset_and_time_based_timetable', 'dataset_consumes_1', 'dataset_produces_1', 'consume_1_or_both_2_and_3_with_dataset_expressions', 'dataset_consumes_1_never_scheduled', 'dataset_produces_2' retrieved from /home/airflow/.local/lib/python3.12/site-packages/airflow/example_dags/example_datasets.py
[2025-04-22T09:55:33.641+0000] {logging_mixin.py:190} INFO - [2025-04-22T09:55:33.641+0000] {dag.py:3239} INFO - Sync 10 DAGs
[2025-04-22T09:55:33.652+0000] {logging_mixin.py:190} INFO - [2025-04-22T09:55:33.652+0000] {dag.py:4180} INFO - Setting next_dagrun for conditional_dataset_and_time_based_timetable to 2025-04-16 01:00:00+00:00, run_after=2025-04-16 01:00:00+00:00
[2025-04-22T09:55:33.653+0000] {logging_mixin.py:190} INFO - [2025-04-22T09:55:33.653+0000] {dag.py:4180} INFO - Setting next_dagrun for consume_1_and_2_with_dataset_expressions to None, run_after=None
[2025-04-22T09:55:33.653+0000] {logging_mixin.py:190} INFO - [2025-04-22T09:55:33.653+0000] {dag.py:4180} INFO - Setting next_dagrun for consume_1_or_2_with_dataset_expressions to None, run_after=None
[2025-04-22T09:55:33.654+0000] {logging_mixin.py:190} INFO - [2025-04-22T09:55:33.654+0000] {dag.py:4180} INFO - Setting next_dagrun for consume_1_or_both_2_and_3_with_dataset_expressions to None, run_after=None
[2025-04-22T09:55:33.654+0000] {logging_mixin.py:190} INFO - [2025-04-22T09:55:33.654+0000] {dag.py:4180} INFO - Setting next_dagrun for dataset_consumes_1 to None, run_after=None
[2025-04-22T09:55:33.655+0000] {logging_mixin.py:190} INFO - [2025-04-22T09:55:33.655+0000] {dag.py:4180} INFO - Setting next_dagrun for dataset_consumes_1_and_2 to None, run_after=None
[2025-04-22T09:55:33.655+0000] {logging_mixin.py:190} INFO - [2025-04-22T09:55:33.655+0000] {dag.py:4180} INFO - Setting next_dagrun for dataset_consumes_1_never_scheduled to None, run_after=None
[2025-04-22T09:55:33.655+0000] {logging_mixin.py:190} INFO - [2025-04-22T09:55:33.655+0000] {dag.py:4180} INFO - Setting next_dagrun for dataset_consumes_unknown_never_scheduled to None, run_after=None
[2025-04-22T09:55:33.656+0000] {logging_mixin.py:190} INFO - [2025-04-22T09:55:33.656+0000] {dag.py:4180} INFO - Setting next_dagrun for dataset_produces_1 to 2025-04-21 00:00:00+00:00, run_after=2025-04-22 00:00:00+00:00
[2025-04-22T09:55:33.657+0000] {logging_mixin.py:190} INFO - [2025-04-22T09:55:33.657+0000] {dag.py:4180} INFO - Setting next_dagrun for dataset_produces_2 to None, run_after=None
[2025-04-22T09:55:33.668+0000] {processor.py:208} INFO - Processing /home/airflow/.local/lib/python3.12/site-packages/airflow/example_dags/example_datasets.py took 0.334 seconds
[2025-04-22T09:56:04.506+0000] {processor.py:186} INFO - Started process (PID=230) to work on /home/airflow/.local/lib/python3.12/site-packages/airflow/example_dags/example_datasets.py
[2025-04-22T09:56:04.506+0000] {processor.py:914} INFO - Processing file /home/airflow/.local/lib/python3.12/site-packages/airflow/example_dags/example_datasets.py for tasks to queue
[2025-04-22T09:56:04.507+0000] {logging_mixin.py:190} INFO - [2025-04-22T09:56:04.507+0000] {dagbag.py:588} INFO - Filling up the DagBag from /home/airflow/.local/lib/python3.12/site-packages/airflow/example_dags/example_datasets.py
[2025-04-22T09:56:04.778+0000] {processor.py:925} INFO - DAG(s) 'conditional_dataset_and_time_based_timetable', 'consume_1_or_both_2_and_3_with_dataset_expressions', 'dataset_consumes_1_never_scheduled', 'consume_1_and_2_with_dataset_expressions', 'dataset_consumes_1', 'dataset_produces_1', 'dataset_consumes_1_and_2', 'consume_1_or_2_with_dataset_expressions', 'dataset_produces_2', 'dataset_consumes_unknown_never_scheduled' retrieved from /home/airflow/.local/lib/python3.12/site-packages/airflow/example_dags/example_datasets.py
[2025-04-22T09:56:04.795+0000] {logging_mixin.py:190} INFO - [2025-04-22T09:56:04.795+0000] {dag.py:3239} INFO - Sync 10 DAGs
[2025-04-22T09:56:04.805+0000] {logging_mixin.py:190} INFO - [2025-04-22T09:56:04.805+0000] {dag.py:4180} INFO - Setting next_dagrun for conditional_dataset_and_time_based_timetable to 2025-04-16 01:00:00+00:00, run_after=2025-04-16 01:00:00+00:00
[2025-04-22T09:56:04.806+0000] {logging_mixin.py:190} INFO - [2025-04-22T09:56:04.806+0000] {dag.py:4180} INFO - Setting next_dagrun for consume_1_and_2_with_dataset_expressions to None, run_after=None
[2025-04-22T09:56:04.807+0000] {logging_mixin.py:190} INFO - [2025-04-22T09:56:04.807+0000] {dag.py:4180} INFO - Setting next_dagrun for consume_1_or_2_with_dataset_expressions to None, run_after=None
[2025-04-22T09:56:04.808+0000] {logging_mixin.py:190} INFO - [2025-04-22T09:56:04.808+0000] {dag.py:4180} INFO - Setting next_dagrun for consume_1_or_both_2_and_3_with_dataset_expressions to None, run_after=None
[2025-04-22T09:56:04.808+0000] {logging_mixin.py:190} INFO - [2025-04-22T09:56:04.808+0000] {dag.py:4180} INFO - Setting next_dagrun for dataset_consumes_1 to None, run_after=None
[2025-04-22T09:56:04.809+0000] {logging_mixin.py:190} INFO - [2025-04-22T09:56:04.808+0000] {dag.py:4180} INFO - Setting next_dagrun for dataset_consumes_1_and_2 to None, run_after=None
[2025-04-22T09:56:04.809+0000] {logging_mixin.py:190} INFO - [2025-04-22T09:56:04.809+0000] {dag.py:4180} INFO - Setting next_dagrun for dataset_consumes_1_never_scheduled to None, run_after=None
[2025-04-22T09:56:04.809+0000] {logging_mixin.py:190} INFO - [2025-04-22T09:56:04.809+0000] {dag.py:4180} INFO - Setting next_dagrun for dataset_consumes_unknown_never_scheduled to None, run_after=None
[2025-04-22T09:56:04.810+0000] {logging_mixin.py:190} INFO - [2025-04-22T09:56:04.810+0000] {dag.py:4180} INFO - Setting next_dagrun for dataset_produces_1 to 2025-04-21 00:00:00+00:00, run_after=2025-04-22 00:00:00+00:00
[2025-04-22T09:56:04.811+0000] {logging_mixin.py:190} INFO - [2025-04-22T09:56:04.810+0000] {dag.py:4180} INFO - Setting next_dagrun for dataset_produces_2 to None, run_after=None
[2025-04-22T09:56:04.828+0000] {processor.py:208} INFO - Processing /home/airflow/.local/lib/python3.12/site-packages/airflow/example_dags/example_datasets.py took 0.325 seconds
[2025-04-22T09:56:35.740+0000] {processor.py:186} INFO - Started process (PID=293) to work on /home/airflow/.local/lib/python3.12/site-packages/airflow/example_dags/example_datasets.py
[2025-04-22T09:56:35.740+0000] {processor.py:914} INFO - Processing file /home/airflow/.local/lib/python3.12/site-packages/airflow/example_dags/example_datasets.py for tasks to queue
[2025-04-22T09:56:35.741+0000] {logging_mixin.py:190} INFO - [2025-04-22T09:56:35.741+0000] {dagbag.py:588} INFO - Filling up the DagBag from /home/airflow/.local/lib/python3.12/site-packages/airflow/example_dags/example_datasets.py
[2025-04-22T09:56:36.013+0000] {processor.py:925} INFO - DAG(s) 'dataset_consumes_1', 'dataset_produces_2', 'dataset_consumes_unknown_never_scheduled', 'dataset_consumes_1_never_scheduled', 'dataset_produces_1', 'consume_1_or_both_2_and_3_with_dataset_expressions', 'consume_1_or_2_with_dataset_expressions', 'conditional_dataset_and_time_based_timetable', 'consume_1_and_2_with_dataset_expressions', 'dataset_consumes_1_and_2' retrieved from /home/airflow/.local/lib/python3.12/site-packages/airflow/example_dags/example_datasets.py
[2025-04-22T09:56:36.029+0000] {logging_mixin.py:190} INFO - [2025-04-22T09:56:36.029+0000] {dag.py:3239} INFO - Sync 10 DAGs
[2025-04-22T09:56:36.039+0000] {logging_mixin.py:190} INFO - [2025-04-22T09:56:36.039+0000] {dag.py:4180} INFO - Setting next_dagrun for conditional_dataset_and_time_based_timetable to 2025-04-16 01:00:00+00:00, run_after=2025-04-16 01:00:00+00:00
[2025-04-22T09:56:36.041+0000] {logging_mixin.py:190} INFO - [2025-04-22T09:56:36.041+0000] {dag.py:4180} INFO - Setting next_dagrun for consume_1_and_2_with_dataset_expressions to None, run_after=None
[2025-04-22T09:56:36.041+0000] {logging_mixin.py:190} INFO - [2025-04-22T09:56:36.041+0000] {dag.py:4180} INFO - Setting next_dagrun for consume_1_or_2_with_dataset_expressions to None, run_after=None
[2025-04-22T09:56:36.042+0000] {logging_mixin.py:190} INFO - [2025-04-22T09:56:36.042+0000] {dag.py:4180} INFO - Setting next_dagrun for consume_1_or_both_2_and_3_with_dataset_expressions to None, run_after=None
[2025-04-22T09:56:36.042+0000] {logging_mixin.py:190} INFO - [2025-04-22T09:56:36.042+0000] {dag.py:4180} INFO - Setting next_dagrun for dataset_consumes_1 to None, run_after=None
[2025-04-22T09:56:36.043+0000] {logging_mixin.py:190} INFO - [2025-04-22T09:56:36.042+0000] {dag.py:4180} INFO - Setting next_dagrun for dataset_consumes_1_and_2 to None, run_after=None
[2025-04-22T09:56:36.043+0000] {logging_mixin.py:190} INFO - [2025-04-22T09:56:36.043+0000] {dag.py:4180} INFO - Setting next_dagrun for dataset_consumes_1_never_scheduled to None, run_after=None
[2025-04-22T09:56:36.043+0000] {logging_mixin.py:190} INFO - [2025-04-22T09:56:36.043+0000] {dag.py:4180} INFO - Setting next_dagrun for dataset_consumes_unknown_never_scheduled to None, run_after=None
[2025-04-22T09:56:36.044+0000] {logging_mixin.py:190} INFO - [2025-04-22T09:56:36.044+0000] {dag.py:4180} INFO - Setting next_dagrun for dataset_produces_1 to 2025-04-21 00:00:00+00:00, run_after=2025-04-22 00:00:00+00:00
[2025-04-22T09:56:36.044+0000] {logging_mixin.py:190} INFO - [2025-04-22T09:56:36.044+0000] {dag.py:4180} INFO - Setting next_dagrun for dataset_produces_2 to None, run_after=None
[2025-04-22T09:56:36.057+0000] {processor.py:208} INFO - Processing /home/airflow/.local/lib/python3.12/site-packages/airflow/example_dags/example_datasets.py took 0.319 seconds
[2025-04-22T09:57:07.004+0000] {processor.py:186} INFO - Started process (PID=356) to work on /home/airflow/.local/lib/python3.12/site-packages/airflow/example_dags/example_datasets.py
[2025-04-22T09:57:07.005+0000] {processor.py:914} INFO - Processing file /home/airflow/.local/lib/python3.12/site-packages/airflow/example_dags/example_datasets.py for tasks to queue
[2025-04-22T09:57:07.005+0000] {logging_mixin.py:190} INFO - [2025-04-22T09:57:07.005+0000] {dagbag.py:588} INFO - Filling up the DagBag from /home/airflow/.local/lib/python3.12/site-packages/airflow/example_dags/example_datasets.py
[2025-04-22T09:57:07.278+0000] {processor.py:925} INFO - DAG(s) 'dataset_consumes_1_and_2', 'dataset_consumes_1_never_scheduled', 'consume_1_or_2_with_dataset_expressions', 'dataset_produces_1', 'dataset_consumes_1', 'consume_1_and_2_with_dataset_expressions', 'conditional_dataset_and_time_based_timetable', 'dataset_consumes_unknown_never_scheduled', 'consume_1_or_both_2_and_3_with_dataset_expressions', 'dataset_produces_2' retrieved from /home/airflow/.local/lib/python3.12/site-packages/airflow/example_dags/example_datasets.py
[2025-04-22T09:57:07.294+0000] {logging_mixin.py:190} INFO - [2025-04-22T09:57:07.294+0000] {dag.py:3239} INFO - Sync 10 DAGs
[2025-04-22T09:57:07.304+0000] {logging_mixin.py:190} INFO - [2025-04-22T09:57:07.304+0000] {dag.py:4180} INFO - Setting next_dagrun for conditional_dataset_and_time_based_timetable to 2025-04-16 01:00:00+00:00, run_after=2025-04-16 01:00:00+00:00
[2025-04-22T09:57:07.306+0000] {logging_mixin.py:190} INFO - [2025-04-22T09:57:07.306+0000] {dag.py:4180} INFO - Setting next_dagrun for consume_1_and_2_with_dataset_expressions to None, run_after=None
[2025-04-22T09:57:07.306+0000] {logging_mixin.py:190} INFO - [2025-04-22T09:57:07.306+0000] {dag.py:4180} INFO - Setting next_dagrun for consume_1_or_2_with_dataset_expressions to None, run_after=None
[2025-04-22T09:57:07.307+0000] {logging_mixin.py:190} INFO - [2025-04-22T09:57:07.307+0000] {dag.py:4180} INFO - Setting next_dagrun for consume_1_or_both_2_and_3_with_dataset_expressions to None, run_after=None
[2025-04-22T09:57:07.307+0000] {logging_mixin.py:190} INFO - [2025-04-22T09:57:07.307+0000] {dag.py:4180} INFO - Setting next_dagrun for dataset_consumes_1 to None, run_after=None
[2025-04-22T09:57:07.308+0000] {logging_mixin.py:190} INFO - [2025-04-22T09:57:07.308+0000] {dag.py:4180} INFO - Setting next_dagrun for dataset_consumes_1_and_2 to None, run_after=None
[2025-04-22T09:57:07.308+0000] {logging_mixin.py:190} INFO - [2025-04-22T09:57:07.308+0000] {dag.py:4180} INFO - Setting next_dagrun for dataset_consumes_1_never_scheduled to None, run_after=None
[2025-04-22T09:57:07.308+0000] {logging_mixin.py:190} INFO - [2025-04-22T09:57:07.308+0000] {dag.py:4180} INFO - Setting next_dagrun for dataset_consumes_unknown_never_scheduled to None, run_after=None
[2025-04-22T09:57:07.309+0000] {logging_mixin.py:190} INFO - [2025-04-22T09:57:07.309+0000] {dag.py:4180} INFO - Setting next_dagrun for dataset_produces_1 to 2025-04-21 00:00:00+00:00, run_after=2025-04-22 00:00:00+00:00
[2025-04-22T09:57:07.310+0000] {logging_mixin.py:190} INFO - [2025-04-22T09:57:07.310+0000] {dag.py:4180} INFO - Setting next_dagrun for dataset_produces_2 to None, run_after=None
[2025-04-22T09:57:07.321+0000] {processor.py:208} INFO - Processing /home/airflow/.local/lib/python3.12/site-packages/airflow/example_dags/example_datasets.py took 0.320 seconds
[2025-04-22T09:57:38.295+0000] {processor.py:186} INFO - Started process (PID=419) to work on /home/airflow/.local/lib/python3.12/site-packages/airflow/example_dags/example_datasets.py
[2025-04-22T09:57:38.296+0000] {processor.py:914} INFO - Processing file /home/airflow/.local/lib/python3.12/site-packages/airflow/example_dags/example_datasets.py for tasks to queue
[2025-04-22T09:57:38.297+0000] {logging_mixin.py:190} INFO - [2025-04-22T09:57:38.296+0000] {dagbag.py:588} INFO - Filling up the DagBag from /home/airflow/.local/lib/python3.12/site-packages/airflow/example_dags/example_datasets.py
[2025-04-22T09:57:38.575+0000] {processor.py:925} INFO - DAG(s) 'dataset_consumes_1', 'consume_1_or_2_with_dataset_expressions', 'dataset_produces_2', 'consume_1_or_both_2_and_3_with_dataset_expressions', 'conditional_dataset_and_time_based_timetable', 'consume_1_and_2_with_dataset_expressions', 'dataset_consumes_1_and_2', 'dataset_consumes_1_never_scheduled', 'dataset_produces_1', 'dataset_consumes_unknown_never_scheduled' retrieved from /home/airflow/.local/lib/python3.12/site-packages/airflow/example_dags/example_datasets.py
[2025-04-22T09:57:38.592+0000] {logging_mixin.py:190} INFO - [2025-04-22T09:57:38.591+0000] {dag.py:3239} INFO - Sync 10 DAGs
[2025-04-22T09:57:38.602+0000] {logging_mixin.py:190} INFO - [2025-04-22T09:57:38.602+0000] {dag.py:4180} INFO - Setting next_dagrun for conditional_dataset_and_time_based_timetable to 2025-04-16 01:00:00+00:00, run_after=2025-04-16 01:00:00+00:00
[2025-04-22T09:57:38.603+0000] {logging_mixin.py:190} INFO - [2025-04-22T09:57:38.603+0000] {dag.py:4180} INFO - Setting next_dagrun for consume_1_and_2_with_dataset_expressions to None, run_after=None
[2025-04-22T09:57:38.604+0000] {logging_mixin.py:190} INFO - [2025-04-22T09:57:38.604+0000] {dag.py:4180} INFO - Setting next_dagrun for consume_1_or_2_with_dataset_expressions to None, run_after=None
[2025-04-22T09:57:38.604+0000] {logging_mixin.py:190} INFO - [2025-04-22T09:57:38.604+0000] {dag.py:4180} INFO - Setting next_dagrun for consume_1_or_both_2_and_3_with_dataset_expressions to None, run_after=None
[2025-04-22T09:57:38.605+0000] {logging_mixin.py:190} INFO - [2025-04-22T09:57:38.604+0000] {dag.py:4180} INFO - Setting next_dagrun for dataset_consumes_1 to None, run_after=None
[2025-04-22T09:57:38.605+0000] {logging_mixin.py:190} INFO - [2025-04-22T09:57:38.605+0000] {dag.py:4180} INFO - Setting next_dagrun for dataset_consumes_1_and_2 to None, run_after=None
[2025-04-22T09:57:38.605+0000] {logging_mixin.py:190} INFO - [2025-04-22T09:57:38.605+0000] {dag.py:4180} INFO - Setting next_dagrun for dataset_consumes_1_never_scheduled to None, run_after=None
[2025-04-22T09:57:38.606+0000] {logging_mixin.py:190} INFO - [2025-04-22T09:57:38.606+0000] {dag.py:4180} INFO - Setting next_dagrun for dataset_consumes_unknown_never_scheduled to None, run_after=None
[2025-04-22T09:57:38.607+0000] {logging_mixin.py:190} INFO - [2025-04-22T09:57:38.607+0000] {dag.py:4180} INFO - Setting next_dagrun for dataset_produces_1 to 2025-04-21 00:00:00+00:00, run_after=2025-04-22 00:00:00+00:00
[2025-04-22T09:57:38.607+0000] {logging_mixin.py:190} INFO - [2025-04-22T09:57:38.607+0000] {dag.py:4180} INFO - Setting next_dagrun for dataset_produces_2 to None, run_after=None
[2025-04-22T09:57:38.619+0000] {processor.py:208} INFO - Processing /home/airflow/.local/lib/python3.12/site-packages/airflow/example_dags/example_datasets.py took 0.326 seconds
[2025-04-22T09:58:34.891+0000] {processor.py:186} INFO - Started process (PID=103) to work on /home/airflow/.local/lib/python3.12/site-packages/airflow/example_dags/example_datasets.py
[2025-04-22T09:58:34.892+0000] {processor.py:914} INFO - Processing file /home/airflow/.local/lib/python3.12/site-packages/airflow/example_dags/example_datasets.py for tasks to queue
[2025-04-22T09:58:34.893+0000] {logging_mixin.py:190} INFO - [2025-04-22T09:58:34.892+0000] {dagbag.py:588} INFO - Filling up the DagBag from /home/airflow/.local/lib/python3.12/site-packages/airflow/example_dags/example_datasets.py
[2025-04-22T09:58:35.173+0000] {processor.py:925} INFO - DAG(s) 'conditional_dataset_and_time_based_timetable', 'dataset_consumes_1_and_2', 'dataset_consumes_1_never_scheduled', 'consume_1_or_2_with_dataset_expressions', 'dataset_consumes_unknown_never_scheduled', 'dataset_consumes_1', 'dataset_produces_2', 'dataset_produces_1', 'consume_1_or_both_2_and_3_with_dataset_expressions', 'consume_1_and_2_with_dataset_expressions' retrieved from /home/airflow/.local/lib/python3.12/site-packages/airflow/example_dags/example_datasets.py
[2025-04-22T09:58:35.190+0000] {logging_mixin.py:190} INFO - [2025-04-22T09:58:35.190+0000] {dag.py:3239} INFO - Sync 10 DAGs
[2025-04-22T09:58:35.201+0000] {logging_mixin.py:190} INFO - [2025-04-22T09:58:35.200+0000] {dag.py:4180} INFO - Setting next_dagrun for conditional_dataset_and_time_based_timetable to 2025-04-16 01:00:00+00:00, run_after=2025-04-16 01:00:00+00:00
[2025-04-22T09:58:35.202+0000] {logging_mixin.py:190} INFO - [2025-04-22T09:58:35.202+0000] {dag.py:4180} INFO - Setting next_dagrun for consume_1_and_2_with_dataset_expressions to None, run_after=None
[2025-04-22T09:58:35.203+0000] {logging_mixin.py:190} INFO - [2025-04-22T09:58:35.202+0000] {dag.py:4180} INFO - Setting next_dagrun for consume_1_or_2_with_dataset_expressions to None, run_after=None
[2025-04-22T09:58:35.203+0000] {logging_mixin.py:190} INFO - [2025-04-22T09:58:35.203+0000] {dag.py:4180} INFO - Setting next_dagrun for consume_1_or_both_2_and_3_with_dataset_expressions to None, run_after=None
[2025-04-22T09:58:35.203+0000] {logging_mixin.py:190} INFO - [2025-04-22T09:58:35.203+0000] {dag.py:4180} INFO - Setting next_dagrun for dataset_consumes_1 to None, run_after=None
[2025-04-22T09:58:35.204+0000] {logging_mixin.py:190} INFO - [2025-04-22T09:58:35.204+0000] {dag.py:4180} INFO - Setting next_dagrun for dataset_consumes_1_and_2 to None, run_after=None
[2025-04-22T09:58:35.204+0000] {logging_mixin.py:190} INFO - [2025-04-22T09:58:35.204+0000] {dag.py:4180} INFO - Setting next_dagrun for dataset_consumes_1_never_scheduled to None, run_after=None
[2025-04-22T09:58:35.204+0000] {logging_mixin.py:190} INFO - [2025-04-22T09:58:35.204+0000] {dag.py:4180} INFO - Setting next_dagrun for dataset_consumes_unknown_never_scheduled to None, run_after=None
[2025-04-22T09:58:35.205+0000] {logging_mixin.py:190} INFO - [2025-04-22T09:58:35.205+0000] {dag.py:4180} INFO - Setting next_dagrun for dataset_produces_1 to 2025-04-21 00:00:00+00:00, run_after=2025-04-22 00:00:00+00:00
[2025-04-22T09:58:35.206+0000] {logging_mixin.py:190} INFO - [2025-04-22T09:58:35.206+0000] {dag.py:4180} INFO - Setting next_dagrun for dataset_produces_2 to None, run_after=None
[2025-04-22T09:58:35.218+0000] {processor.py:208} INFO - Processing /home/airflow/.local/lib/python3.12/site-packages/airflow/example_dags/example_datasets.py took 0.331 seconds
[2025-04-22T09:59:05.409+0000] {processor.py:186} INFO - Started process (PID=167) to work on /home/airflow/.local/lib/python3.12/site-packages/airflow/example_dags/example_datasets.py
[2025-04-22T09:59:05.410+0000] {processor.py:914} INFO - Processing file /home/airflow/.local/lib/python3.12/site-packages/airflow/example_dags/example_datasets.py for tasks to queue
[2025-04-22T09:59:05.411+0000] {logging_mixin.py:190} INFO - [2025-04-22T09:59:05.411+0000] {dagbag.py:588} INFO - Filling up the DagBag from /home/airflow/.local/lib/python3.12/site-packages/airflow/example_dags/example_datasets.py
[2025-04-22T09:59:05.690+0000] {processor.py:925} INFO - DAG(s) 'consume_1_and_2_with_dataset_expressions', 'dataset_consumes_unknown_never_scheduled', 'consume_1_or_both_2_and_3_with_dataset_expressions', 'dataset_consumes_1', 'dataset_consumes_1_and_2', 'dataset_produces_1', 'dataset_consumes_1_never_scheduled', 'dataset_produces_2', 'conditional_dataset_and_time_based_timetable', 'consume_1_or_2_with_dataset_expressions' retrieved from /home/airflow/.local/lib/python3.12/site-packages/airflow/example_dags/example_datasets.py
[2025-04-22T09:59:05.707+0000] {logging_mixin.py:190} INFO - [2025-04-22T09:59:05.707+0000] {dag.py:3239} INFO - Sync 10 DAGs
[2025-04-22T09:59:05.718+0000] {logging_mixin.py:190} INFO - [2025-04-22T09:59:05.718+0000] {dag.py:4180} INFO - Setting next_dagrun for conditional_dataset_and_time_based_timetable to 2025-04-16 01:00:00+00:00, run_after=2025-04-16 01:00:00+00:00
[2025-04-22T09:59:05.720+0000] {logging_mixin.py:190} INFO - [2025-04-22T09:59:05.720+0000] {dag.py:4180} INFO - Setting next_dagrun for consume_1_and_2_with_dataset_expressions to None, run_after=None
[2025-04-22T09:59:05.720+0000] {logging_mixin.py:190} INFO - [2025-04-22T09:59:05.720+0000] {dag.py:4180} INFO - Setting next_dagrun for consume_1_or_2_with_dataset_expressions to None, run_after=None
[2025-04-22T09:59:05.721+0000] {logging_mixin.py:190} INFO - [2025-04-22T09:59:05.720+0000] {dag.py:4180} INFO - Setting next_dagrun for consume_1_or_both_2_and_3_with_dataset_expressions to None, run_after=None
[2025-04-22T09:59:05.721+0000] {logging_mixin.py:190} INFO - [2025-04-22T09:59:05.721+0000] {dag.py:4180} INFO - Setting next_dagrun for dataset_consumes_1 to None, run_after=None
[2025-04-22T09:59:05.721+0000] {logging_mixin.py:190} INFO - [2025-04-22T09:59:05.721+0000] {dag.py:4180} INFO - Setting next_dagrun for dataset_consumes_1_and_2 to None, run_after=None
[2025-04-22T09:59:05.722+0000] {logging_mixin.py:190} INFO - [2025-04-22T09:59:05.722+0000] {dag.py:4180} INFO - Setting next_dagrun for dataset_consumes_1_never_scheduled to None, run_after=None
[2025-04-22T09:59:05.722+0000] {logging_mixin.py:190} INFO - [2025-04-22T09:59:05.722+0000] {dag.py:4180} INFO - Setting next_dagrun for dataset_consumes_unknown_never_scheduled to None, run_after=None
[2025-04-22T09:59:05.723+0000] {logging_mixin.py:190} INFO - [2025-04-22T09:59:05.723+0000] {dag.py:4180} INFO - Setting next_dagrun for dataset_produces_1 to 2025-04-21 00:00:00+00:00, run_after=2025-04-22 00:00:00+00:00
[2025-04-22T09:59:05.723+0000] {logging_mixin.py:190} INFO - [2025-04-22T09:59:05.723+0000] {dag.py:4180} INFO - Setting next_dagrun for dataset_produces_2 to None, run_after=None
[2025-04-22T09:59:05.735+0000] {processor.py:208} INFO - Processing /home/airflow/.local/lib/python3.12/site-packages/airflow/example_dags/example_datasets.py took 0.330 seconds
[2025-04-22T09:59:35.914+0000] {processor.py:186} INFO - Started process (PID=230) to work on /home/airflow/.local/lib/python3.12/site-packages/airflow/example_dags/example_datasets.py
[2025-04-22T09:59:35.916+0000] {processor.py:914} INFO - Processing file /home/airflow/.local/lib/python3.12/site-packages/airflow/example_dags/example_datasets.py for tasks to queue
[2025-04-22T09:59:35.917+0000] {logging_mixin.py:190} INFO - [2025-04-22T09:59:35.916+0000] {dagbag.py:588} INFO - Filling up the DagBag from /home/airflow/.local/lib/python3.12/site-packages/airflow/example_dags/example_datasets.py
[2025-04-22T09:59:36.197+0000] {processor.py:925} INFO - DAG(s) 'dataset_produces_1', 'dataset_consumes_1', 'dataset_produces_2', 'consume_1_or_both_2_and_3_with_dataset_expressions', 'consume_1_and_2_with_dataset_expressions', 'consume_1_or_2_with_dataset_expressions', 'dataset_consumes_1_never_scheduled', 'dataset_consumes_unknown_never_scheduled', 'dataset_consumes_1_and_2', 'conditional_dataset_and_time_based_timetable' retrieved from /home/airflow/.local/lib/python3.12/site-packages/airflow/example_dags/example_datasets.py
[2025-04-22T09:59:36.214+0000] {logging_mixin.py:190} INFO - [2025-04-22T09:59:36.214+0000] {dag.py:3239} INFO - Sync 10 DAGs
[2025-04-22T09:59:36.225+0000] {logging_mixin.py:190} INFO - [2025-04-22T09:59:36.224+0000] {dag.py:4180} INFO - Setting next_dagrun for conditional_dataset_and_time_based_timetable to 2025-04-16 01:00:00+00:00, run_after=2025-04-16 01:00:00+00:00
[2025-04-22T09:59:36.226+0000] {logging_mixin.py:190} INFO - [2025-04-22T09:59:36.226+0000] {dag.py:4180} INFO - Setting next_dagrun for consume_1_and_2_with_dataset_expressions to None, run_after=None
[2025-04-22T09:59:36.227+0000] {logging_mixin.py:190} INFO - [2025-04-22T09:59:36.226+0000] {dag.py:4180} INFO - Setting next_dagrun for consume_1_or_2_with_dataset_expressions to None, run_after=None
[2025-04-22T09:59:36.227+0000] {logging_mixin.py:190} INFO - [2025-04-22T09:59:36.227+0000] {dag.py:4180} INFO - Setting next_dagrun for consume_1_or_both_2_and_3_with_dataset_expressions to None, run_after=None
[2025-04-22T09:59:36.227+0000] {logging_mixin.py:190} INFO - [2025-04-22T09:59:36.227+0000] {dag.py:4180} INFO - Setting next_dagrun for dataset_consumes_1 to None, run_after=None
[2025-04-22T09:59:36.228+0000] {logging_mixin.py:190} INFO - [2025-04-22T09:59:36.228+0000] {dag.py:4180} INFO - Setting next_dagrun for dataset_consumes_1_and_2 to None, run_after=None
[2025-04-22T09:59:36.228+0000] {logging_mixin.py:190} INFO - [2025-04-22T09:59:36.228+0000] {dag.py:4180} INFO - Setting next_dagrun for dataset_consumes_1_never_scheduled to None, run_after=None
[2025-04-22T09:59:36.228+0000] {logging_mixin.py:190} INFO - [2025-04-22T09:59:36.228+0000] {dag.py:4180} INFO - Setting next_dagrun for dataset_consumes_unknown_never_scheduled to None, run_after=None
[2025-04-22T09:59:36.229+0000] {logging_mixin.py:190} INFO - [2025-04-22T09:59:36.229+0000] {dag.py:4180} INFO - Setting next_dagrun for dataset_produces_1 to 2025-04-21 00:00:00+00:00, run_after=2025-04-22 00:00:00+00:00
[2025-04-22T09:59:36.230+0000] {logging_mixin.py:190} INFO - [2025-04-22T09:59:36.230+0000] {dag.py:4180} INFO - Setting next_dagrun for dataset_produces_2 to None, run_after=None
[2025-04-22T09:59:36.241+0000] {processor.py:208} INFO - Processing /home/airflow/.local/lib/python3.12/site-packages/airflow/example_dags/example_datasets.py took 0.331 seconds
[2025-04-22T10:00:06.342+0000] {processor.py:186} INFO - Started process (PID=293) to work on /home/airflow/.local/lib/python3.12/site-packages/airflow/example_dags/example_datasets.py
[2025-04-22T10:00:06.343+0000] {processor.py:914} INFO - Processing file /home/airflow/.local/lib/python3.12/site-packages/airflow/example_dags/example_datasets.py for tasks to queue
[2025-04-22T10:00:06.344+0000] {logging_mixin.py:190} INFO - [2025-04-22T10:00:06.344+0000] {dagbag.py:588} INFO - Filling up the DagBag from /home/airflow/.local/lib/python3.12/site-packages/airflow/example_dags/example_datasets.py
[2025-04-22T10:00:06.623+0000] {processor.py:925} INFO - DAG(s) 'consume_1_and_2_with_dataset_expressions', 'dataset_consumes_1_never_scheduled', 'conditional_dataset_and_time_based_timetable', 'dataset_consumes_1', 'dataset_consumes_1_and_2', 'consume_1_or_both_2_and_3_with_dataset_expressions', 'dataset_consumes_unknown_never_scheduled', 'consume_1_or_2_with_dataset_expressions', 'dataset_produces_2', 'dataset_produces_1' retrieved from /home/airflow/.local/lib/python3.12/site-packages/airflow/example_dags/example_datasets.py
[2025-04-22T10:00:06.639+0000] {logging_mixin.py:190} INFO - [2025-04-22T10:00:06.639+0000] {dag.py:3239} INFO - Sync 10 DAGs
[2025-04-22T10:00:06.650+0000] {logging_mixin.py:190} INFO - [2025-04-22T10:00:06.650+0000] {dag.py:4180} INFO - Setting next_dagrun for conditional_dataset_and_time_based_timetable to 2025-04-16 01:00:00+00:00, run_after=2025-04-16 01:00:00+00:00
[2025-04-22T10:00:06.651+0000] {logging_mixin.py:190} INFO - [2025-04-22T10:00:06.651+0000] {dag.py:4180} INFO - Setting next_dagrun for consume_1_and_2_with_dataset_expressions to None, run_after=None
[2025-04-22T10:00:06.652+0000] {logging_mixin.py:190} INFO - [2025-04-22T10:00:06.652+0000] {dag.py:4180} INFO - Setting next_dagrun for consume_1_or_2_with_dataset_expressions to None, run_after=None
[2025-04-22T10:00:06.653+0000] {logging_mixin.py:190} INFO - [2025-04-22T10:00:06.653+0000] {dag.py:4180} INFO - Setting next_dagrun for consume_1_or_both_2_and_3_with_dataset_expressions to None, run_after=None
[2025-04-22T10:00:06.653+0000] {logging_mixin.py:190} INFO - [2025-04-22T10:00:06.653+0000] {dag.py:4180} INFO - Setting next_dagrun for dataset_consumes_1 to None, run_after=None
[2025-04-22T10:00:06.654+0000] {logging_mixin.py:190} INFO - [2025-04-22T10:00:06.654+0000] {dag.py:4180} INFO - Setting next_dagrun for dataset_consumes_1_and_2 to None, run_after=None
[2025-04-22T10:00:06.654+0000] {logging_mixin.py:190} INFO - [2025-04-22T10:00:06.654+0000] {dag.py:4180} INFO - Setting next_dagrun for dataset_consumes_1_never_scheduled to None, run_after=None
[2025-04-22T10:00:06.654+0000] {logging_mixin.py:190} INFO - [2025-04-22T10:00:06.654+0000] {dag.py:4180} INFO - Setting next_dagrun for dataset_consumes_unknown_never_scheduled to None, run_after=None
[2025-04-22T10:00:06.655+0000] {logging_mixin.py:190} INFO - [2025-04-22T10:00:06.655+0000] {dag.py:4180} INFO - Setting next_dagrun for dataset_produces_1 to 2025-04-21 00:00:00+00:00, run_after=2025-04-22 00:00:00+00:00
[2025-04-22T10:00:06.656+0000] {logging_mixin.py:190} INFO - [2025-04-22T10:00:06.656+0000] {dag.py:4180} INFO - Setting next_dagrun for dataset_produces_2 to None, run_after=None
[2025-04-22T10:00:06.666+0000] {processor.py:208} INFO - Processing /home/airflow/.local/lib/python3.12/site-packages/airflow/example_dags/example_datasets.py took 0.329 seconds
[2025-04-22T10:00:55.413+0000] {processor.py:186} INFO - Started process (PID=103) to work on /home/airflow/.local/lib/python3.12/site-packages/airflow/example_dags/example_datasets.py
[2025-04-22T10:00:55.414+0000] {processor.py:914} INFO - Processing file /home/airflow/.local/lib/python3.12/site-packages/airflow/example_dags/example_datasets.py for tasks to queue
[2025-04-22T10:00:55.415+0000] {logging_mixin.py:190} INFO - [2025-04-22T10:00:55.415+0000] {dagbag.py:588} INFO - Filling up the DagBag from /home/airflow/.local/lib/python3.12/site-packages/airflow/example_dags/example_datasets.py
[2025-04-22T10:00:55.717+0000] {processor.py:925} INFO - DAG(s) 'dataset_produces_1', 'consume_1_and_2_with_dataset_expressions', 'dataset_consumes_1_and_2', 'dataset_consumes_1', 'conditional_dataset_and_time_based_timetable', 'consume_1_or_both_2_and_3_with_dataset_expressions', 'dataset_consumes_1_never_scheduled', 'dataset_consumes_unknown_never_scheduled', 'consume_1_or_2_with_dataset_expressions', 'dataset_produces_2' retrieved from /home/airflow/.local/lib/python3.12/site-packages/airflow/example_dags/example_datasets.py
[2025-04-22T10:00:55.734+0000] {logging_mixin.py:190} INFO - [2025-04-22T10:00:55.734+0000] {dag.py:3239} INFO - Sync 10 DAGs
[2025-04-22T10:00:55.745+0000] {logging_mixin.py:190} INFO - [2025-04-22T10:00:55.745+0000] {dag.py:4180} INFO - Setting next_dagrun for conditional_dataset_and_time_based_timetable to 2025-04-16 01:00:00+00:00, run_after=2025-04-16 01:00:00+00:00
[2025-04-22T10:00:55.747+0000] {logging_mixin.py:190} INFO - [2025-04-22T10:00:55.747+0000] {dag.py:4180} INFO - Setting next_dagrun for consume_1_and_2_with_dataset_expressions to None, run_after=None
[2025-04-22T10:00:55.747+0000] {logging_mixin.py:190} INFO - [2025-04-22T10:00:55.747+0000] {dag.py:4180} INFO - Setting next_dagrun for consume_1_or_2_with_dataset_expressions to None, run_after=None
[2025-04-22T10:00:55.748+0000] {logging_mixin.py:190} INFO - [2025-04-22T10:00:55.748+0000] {dag.py:4180} INFO - Setting next_dagrun for consume_1_or_both_2_and_3_with_dataset_expressions to None, run_after=None
[2025-04-22T10:00:55.748+0000] {logging_mixin.py:190} INFO - [2025-04-22T10:00:55.748+0000] {dag.py:4180} INFO - Setting next_dagrun for dataset_consumes_1 to None, run_after=None
[2025-04-22T10:00:55.748+0000] {logging_mixin.py:190} INFO - [2025-04-22T10:00:55.748+0000] {dag.py:4180} INFO - Setting next_dagrun for dataset_consumes_1_and_2 to None, run_after=None
[2025-04-22T10:00:55.749+0000] {logging_mixin.py:190} INFO - [2025-04-22T10:00:55.749+0000] {dag.py:4180} INFO - Setting next_dagrun for dataset_consumes_1_never_scheduled to None, run_after=None
[2025-04-22T10:00:55.749+0000] {logging_mixin.py:190} INFO - [2025-04-22T10:00:55.749+0000] {dag.py:4180} INFO - Setting next_dagrun for dataset_consumes_unknown_never_scheduled to None, run_after=None
[2025-04-22T10:00:55.750+0000] {logging_mixin.py:190} INFO - [2025-04-22T10:00:55.750+0000] {dag.py:4180} INFO - Setting next_dagrun for dataset_produces_1 to 2025-04-21 00:00:00+00:00, run_after=2025-04-22 00:00:00+00:00
[2025-04-22T10:00:55.750+0000] {logging_mixin.py:190} INFO - [2025-04-22T10:00:55.750+0000] {dag.py:4180} INFO - Setting next_dagrun for dataset_produces_2 to None, run_after=None
[2025-04-22T10:00:55.763+0000] {processor.py:208} INFO - Processing /home/airflow/.local/lib/python3.12/site-packages/airflow/example_dags/example_datasets.py took 0.352 seconds
[2025-04-22T10:01:25.861+0000] {processor.py:186} INFO - Started process (PID=167) to work on /home/airflow/.local/lib/python3.12/site-packages/airflow/example_dags/example_datasets.py
[2025-04-22T10:01:25.862+0000] {processor.py:914} INFO - Processing file /home/airflow/.local/lib/python3.12/site-packages/airflow/example_dags/example_datasets.py for tasks to queue
[2025-04-22T10:01:25.863+0000] {logging_mixin.py:190} INFO - [2025-04-22T10:01:25.863+0000] {dagbag.py:588} INFO - Filling up the DagBag from /home/airflow/.local/lib/python3.12/site-packages/airflow/example_dags/example_datasets.py
[2025-04-22T10:01:26.140+0000] {processor.py:925} INFO - DAG(s) 'consume_1_or_both_2_and_3_with_dataset_expressions', 'dataset_consumes_unknown_never_scheduled', 'conditional_dataset_and_time_based_timetable', 'dataset_produces_2', 'consume_1_and_2_with_dataset_expressions', 'consume_1_or_2_with_dataset_expressions', 'dataset_consumes_1_never_scheduled', 'dataset_consumes_1', 'dataset_produces_1', 'dataset_consumes_1_and_2' retrieved from /home/airflow/.local/lib/python3.12/site-packages/airflow/example_dags/example_datasets.py
[2025-04-22T10:01:26.157+0000] {logging_mixin.py:190} INFO - [2025-04-22T10:01:26.156+0000] {dag.py:3239} INFO - Sync 10 DAGs
[2025-04-22T10:01:26.167+0000] {logging_mixin.py:190} INFO - [2025-04-22T10:01:26.167+0000] {dag.py:4180} INFO - Setting next_dagrun for conditional_dataset_and_time_based_timetable to 2025-04-16 01:00:00+00:00, run_after=2025-04-16 01:00:00+00:00
[2025-04-22T10:01:26.169+0000] {logging_mixin.py:190} INFO - [2025-04-22T10:01:26.169+0000] {dag.py:4180} INFO - Setting next_dagrun for consume_1_and_2_with_dataset_expressions to None, run_after=None
[2025-04-22T10:01:26.169+0000] {logging_mixin.py:190} INFO - [2025-04-22T10:01:26.169+0000] {dag.py:4180} INFO - Setting next_dagrun for consume_1_or_2_with_dataset_expressions to None, run_after=None
[2025-04-22T10:01:26.170+0000] {logging_mixin.py:190} INFO - [2025-04-22T10:01:26.170+0000] {dag.py:4180} INFO - Setting next_dagrun for consume_1_or_both_2_and_3_with_dataset_expressions to None, run_after=None
[2025-04-22T10:01:26.170+0000] {logging_mixin.py:190} INFO - [2025-04-22T10:01:26.170+0000] {dag.py:4180} INFO - Setting next_dagrun for dataset_consumes_1 to None, run_after=None
[2025-04-22T10:01:26.170+0000] {logging_mixin.py:190} INFO - [2025-04-22T10:01:26.170+0000] {dag.py:4180} INFO - Setting next_dagrun for dataset_consumes_1_and_2 to None, run_after=None
[2025-04-22T10:01:26.171+0000] {logging_mixin.py:190} INFO - [2025-04-22T10:01:26.171+0000] {dag.py:4180} INFO - Setting next_dagrun for dataset_consumes_1_never_scheduled to None, run_after=None
[2025-04-22T10:01:26.171+0000] {logging_mixin.py:190} INFO - [2025-04-22T10:01:26.171+0000] {dag.py:4180} INFO - Setting next_dagrun for dataset_consumes_unknown_never_scheduled to None, run_after=None
[2025-04-22T10:01:26.172+0000] {logging_mixin.py:190} INFO - [2025-04-22T10:01:26.172+0000] {dag.py:4180} INFO - Setting next_dagrun for dataset_produces_1 to 2025-04-21 00:00:00+00:00, run_after=2025-04-22 00:00:00+00:00
[2025-04-22T10:01:26.172+0000] {logging_mixin.py:190} INFO - [2025-04-22T10:01:26.172+0000] {dag.py:4180} INFO - Setting next_dagrun for dataset_produces_2 to None, run_after=None
[2025-04-22T10:01:26.184+0000] {processor.py:208} INFO - Processing /home/airflow/.local/lib/python3.12/site-packages/airflow/example_dags/example_datasets.py took 0.325 seconds
[2025-04-22T10:01:56.232+0000] {processor.py:186} INFO - Started process (PID=230) to work on /home/airflow/.local/lib/python3.12/site-packages/airflow/example_dags/example_datasets.py
[2025-04-22T10:01:56.233+0000] {processor.py:914} INFO - Processing file /home/airflow/.local/lib/python3.12/site-packages/airflow/example_dags/example_datasets.py for tasks to queue
[2025-04-22T10:01:56.234+0000] {logging_mixin.py:190} INFO - [2025-04-22T10:01:56.234+0000] {dagbag.py:588} INFO - Filling up the DagBag from /home/airflow/.local/lib/python3.12/site-packages/airflow/example_dags/example_datasets.py
[2025-04-22T10:01:56.535+0000] {processor.py:925} INFO - DAG(s) 'conditional_dataset_and_time_based_timetable', 'dataset_produces_2', 'consume_1_or_2_with_dataset_expressions', 'dataset_produces_1', 'consume_1_and_2_with_dataset_expressions', 'dataset_consumes_1_and_2', 'dataset_consumes_1', 'dataset_consumes_unknown_never_scheduled', 'consume_1_or_both_2_and_3_with_dataset_expressions', 'dataset_consumes_1_never_scheduled' retrieved from /home/airflow/.local/lib/python3.12/site-packages/airflow/example_dags/example_datasets.py
[2025-04-22T10:01:56.551+0000] {logging_mixin.py:190} INFO - [2025-04-22T10:01:56.551+0000] {dag.py:3239} INFO - Sync 10 DAGs
[2025-04-22T10:01:56.561+0000] {logging_mixin.py:190} INFO - [2025-04-22T10:01:56.561+0000] {dag.py:4180} INFO - Setting next_dagrun for conditional_dataset_and_time_based_timetable to 2025-04-16 01:00:00+00:00, run_after=2025-04-16 01:00:00+00:00
[2025-04-22T10:01:56.562+0000] {logging_mixin.py:190} INFO - [2025-04-22T10:01:56.562+0000] {dag.py:4180} INFO - Setting next_dagrun for consume_1_and_2_with_dataset_expressions to None, run_after=None
[2025-04-22T10:01:56.563+0000] {logging_mixin.py:190} INFO - [2025-04-22T10:01:56.563+0000] {dag.py:4180} INFO - Setting next_dagrun for consume_1_or_2_with_dataset_expressions to None, run_after=None
[2025-04-22T10:01:56.564+0000] {logging_mixin.py:190} INFO - [2025-04-22T10:01:56.564+0000] {dag.py:4180} INFO - Setting next_dagrun for consume_1_or_both_2_and_3_with_dataset_expressions to None, run_after=None
[2025-04-22T10:01:56.564+0000] {logging_mixin.py:190} INFO - [2025-04-22T10:01:56.564+0000] {dag.py:4180} INFO - Setting next_dagrun for dataset_consumes_1 to None, run_after=None
[2025-04-22T10:01:56.564+0000] {logging_mixin.py:190} INFO - [2025-04-22T10:01:56.564+0000] {dag.py:4180} INFO - Setting next_dagrun for dataset_consumes_1_and_2 to None, run_after=None
[2025-04-22T10:01:56.565+0000] {logging_mixin.py:190} INFO - [2025-04-22T10:01:56.565+0000] {dag.py:4180} INFO - Setting next_dagrun for dataset_consumes_1_never_scheduled to None, run_after=None
[2025-04-22T10:01:56.565+0000] {logging_mixin.py:190} INFO - [2025-04-22T10:01:56.565+0000] {dag.py:4180} INFO - Setting next_dagrun for dataset_consumes_unknown_never_scheduled to None, run_after=None
[2025-04-22T10:01:56.566+0000] {logging_mixin.py:190} INFO - [2025-04-22T10:01:56.566+0000] {dag.py:4180} INFO - Setting next_dagrun for dataset_produces_1 to 2025-04-21 00:00:00+00:00, run_after=2025-04-22 00:00:00+00:00
[2025-04-22T10:01:56.566+0000] {logging_mixin.py:190} INFO - [2025-04-22T10:01:56.566+0000] {dag.py:4180} INFO - Setting next_dagrun for dataset_produces_2 to None, run_after=None
[2025-04-22T10:01:56.578+0000] {processor.py:208} INFO - Processing /home/airflow/.local/lib/python3.12/site-packages/airflow/example_dags/example_datasets.py took 0.349 seconds
[2025-04-22T10:02:26.910+0000] {processor.py:186} INFO - Started process (PID=294) to work on /home/airflow/.local/lib/python3.12/site-packages/airflow/example_dags/example_datasets.py
[2025-04-22T10:02:26.911+0000] {processor.py:914} INFO - Processing file /home/airflow/.local/lib/python3.12/site-packages/airflow/example_dags/example_datasets.py for tasks to queue
[2025-04-22T10:02:26.912+0000] {logging_mixin.py:190} INFO - [2025-04-22T10:02:26.912+0000] {dagbag.py:588} INFO - Filling up the DagBag from /home/airflow/.local/lib/python3.12/site-packages/airflow/example_dags/example_datasets.py
[2025-04-22T10:02:27.197+0000] {processor.py:925} INFO - DAG(s) 'dataset_consumes_unknown_never_scheduled', 'dataset_produces_1', 'dataset_consumes_1', 'consume_1_or_2_with_dataset_expressions', 'dataset_consumes_1_and_2', 'conditional_dataset_and_time_based_timetable', 'dataset_produces_2', 'consume_1_and_2_with_dataset_expressions', 'dataset_consumes_1_never_scheduled', 'consume_1_or_both_2_and_3_with_dataset_expressions' retrieved from /home/airflow/.local/lib/python3.12/site-packages/airflow/example_dags/example_datasets.py
[2025-04-22T10:02:27.213+0000] {logging_mixin.py:190} INFO - [2025-04-22T10:02:27.213+0000] {dag.py:3239} INFO - Sync 10 DAGs
[2025-04-22T10:02:27.224+0000] {logging_mixin.py:190} INFO - [2025-04-22T10:02:27.224+0000] {dag.py:4180} INFO - Setting next_dagrun for conditional_dataset_and_time_based_timetable to 2025-04-16 01:00:00+00:00, run_after=2025-04-16 01:00:00+00:00
[2025-04-22T10:02:27.225+0000] {logging_mixin.py:190} INFO - [2025-04-22T10:02:27.225+0000] {dag.py:4180} INFO - Setting next_dagrun for consume_1_and_2_with_dataset_expressions to None, run_after=None
[2025-04-22T10:02:27.226+0000] {logging_mixin.py:190} INFO - [2025-04-22T10:02:27.226+0000] {dag.py:4180} INFO - Setting next_dagrun for consume_1_or_2_with_dataset_expressions to None, run_after=None
[2025-04-22T10:02:27.226+0000] {logging_mixin.py:190} INFO - [2025-04-22T10:02:27.226+0000] {dag.py:4180} INFO - Setting next_dagrun for consume_1_or_both_2_and_3_with_dataset_expressions to None, run_after=None
[2025-04-22T10:02:27.227+0000] {logging_mixin.py:190} INFO - [2025-04-22T10:02:27.226+0000] {dag.py:4180} INFO - Setting next_dagrun for dataset_consumes_1 to None, run_after=None
[2025-04-22T10:02:27.227+0000] {logging_mixin.py:190} INFO - [2025-04-22T10:02:27.227+0000] {dag.py:4180} INFO - Setting next_dagrun for dataset_consumes_1_and_2 to None, run_after=None
[2025-04-22T10:02:27.227+0000] {logging_mixin.py:190} INFO - [2025-04-22T10:02:27.227+0000] {dag.py:4180} INFO - Setting next_dagrun for dataset_consumes_1_never_scheduled to None, run_after=None
[2025-04-22T10:02:27.228+0000] {logging_mixin.py:190} INFO - [2025-04-22T10:02:27.228+0000] {dag.py:4180} INFO - Setting next_dagrun for dataset_consumes_unknown_never_scheduled to None, run_after=None
[2025-04-22T10:02:27.229+0000] {logging_mixin.py:190} INFO - [2025-04-22T10:02:27.228+0000] {dag.py:4180} INFO - Setting next_dagrun for dataset_produces_1 to 2025-04-21 00:00:00+00:00, run_after=2025-04-22 00:00:00+00:00
[2025-04-22T10:02:27.229+0000] {logging_mixin.py:190} INFO - [2025-04-22T10:02:27.229+0000] {dag.py:4180} INFO - Setting next_dagrun for dataset_produces_2 to None, run_after=None
[2025-04-22T10:02:27.240+0000] {processor.py:208} INFO - Processing /home/airflow/.local/lib/python3.12/site-packages/airflow/example_dags/example_datasets.py took 0.333 seconds
[2025-04-22T10:02:57.269+0000] {processor.py:186} INFO - Started process (PID=361) to work on /home/airflow/.local/lib/python3.12/site-packages/airflow/example_dags/example_datasets.py
[2025-04-22T10:02:57.270+0000] {processor.py:914} INFO - Processing file /home/airflow/.local/lib/python3.12/site-packages/airflow/example_dags/example_datasets.py for tasks to queue
[2025-04-22T10:02:57.271+0000] {logging_mixin.py:190} INFO - [2025-04-22T10:02:57.271+0000] {dagbag.py:588} INFO - Filling up the DagBag from /home/airflow/.local/lib/python3.12/site-packages/airflow/example_dags/example_datasets.py
[2025-04-22T10:02:57.562+0000] {processor.py:925} INFO - DAG(s) 'conditional_dataset_and_time_based_timetable', 'dataset_consumes_1_and_2', 'consume_1_or_2_with_dataset_expressions', 'dataset_produces_1', 'dataset_produces_2', 'consume_1_and_2_with_dataset_expressions', 'dataset_consumes_1', 'dataset_consumes_1_never_scheduled', 'dataset_consumes_unknown_never_scheduled', 'consume_1_or_both_2_and_3_with_dataset_expressions' retrieved from /home/airflow/.local/lib/python3.12/site-packages/airflow/example_dags/example_datasets.py
[2025-04-22T10:02:57.579+0000] {logging_mixin.py:190} INFO - [2025-04-22T10:02:57.579+0000] {dag.py:3239} INFO - Sync 10 DAGs
[2025-04-22T10:02:57.589+0000] {logging_mixin.py:190} INFO - [2025-04-22T10:02:57.589+0000] {dag.py:4180} INFO - Setting next_dagrun for conditional_dataset_and_time_based_timetable to 2025-04-16 01:00:00+00:00, run_after=2025-04-16 01:00:00+00:00
[2025-04-22T10:02:57.590+0000] {logging_mixin.py:190} INFO - [2025-04-22T10:02:57.590+0000] {dag.py:4180} INFO - Setting next_dagrun for consume_1_and_2_with_dataset_expressions to None, run_after=None
[2025-04-22T10:02:57.591+0000] {logging_mixin.py:190} INFO - [2025-04-22T10:02:57.591+0000] {dag.py:4180} INFO - Setting next_dagrun for consume_1_or_2_with_dataset_expressions to None, run_after=None
[2025-04-22T10:02:57.591+0000] {logging_mixin.py:190} INFO - [2025-04-22T10:02:57.591+0000] {dag.py:4180} INFO - Setting next_dagrun for consume_1_or_both_2_and_3_with_dataset_expressions to None, run_after=None
[2025-04-22T10:02:57.592+0000] {logging_mixin.py:190} INFO - [2025-04-22T10:02:57.592+0000] {dag.py:4180} INFO - Setting next_dagrun for dataset_consumes_1 to None, run_after=None
[2025-04-22T10:02:57.592+0000] {logging_mixin.py:190} INFO - [2025-04-22T10:02:57.592+0000] {dag.py:4180} INFO - Setting next_dagrun for dataset_consumes_1_and_2 to None, run_after=None
[2025-04-22T10:02:57.593+0000] {logging_mixin.py:190} INFO - [2025-04-22T10:02:57.592+0000] {dag.py:4180} INFO - Setting next_dagrun for dataset_consumes_1_never_scheduled to None, run_after=None
[2025-04-22T10:02:57.593+0000] {logging_mixin.py:190} INFO - [2025-04-22T10:02:57.593+0000] {dag.py:4180} INFO - Setting next_dagrun for dataset_consumes_unknown_never_scheduled to None, run_after=None
[2025-04-22T10:02:57.594+0000] {logging_mixin.py:190} INFO - [2025-04-22T10:02:57.594+0000] {dag.py:4180} INFO - Setting next_dagrun for dataset_produces_1 to 2025-04-21 00:00:00+00:00, run_after=2025-04-22 00:00:00+00:00
[2025-04-22T10:02:57.594+0000] {logging_mixin.py:190} INFO - [2025-04-22T10:02:57.594+0000] {dag.py:4180} INFO - Setting next_dagrun for dataset_produces_2 to None, run_after=None
[2025-04-22T10:02:57.605+0000] {processor.py:208} INFO - Processing /home/airflow/.local/lib/python3.12/site-packages/airflow/example_dags/example_datasets.py took 0.338 seconds
[2025-04-22T10:03:27.703+0000] {processor.py:186} INFO - Started process (PID=430) to work on /home/airflow/.local/lib/python3.12/site-packages/airflow/example_dags/example_datasets.py
[2025-04-22T10:03:27.703+0000] {processor.py:914} INFO - Processing file /home/airflow/.local/lib/python3.12/site-packages/airflow/example_dags/example_datasets.py for tasks to queue
[2025-04-22T10:03:27.704+0000] {logging_mixin.py:190} INFO - [2025-04-22T10:03:27.704+0000] {dagbag.py:588} INFO - Filling up the DagBag from /home/airflow/.local/lib/python3.12/site-packages/airflow/example_dags/example_datasets.py
[2025-04-22T10:03:27.995+0000] {processor.py:925} INFO - DAG(s) 'dataset_consumes_1_and_2', 'dataset_consumes_unknown_never_scheduled', 'dataset_produces_2', 'conditional_dataset_and_time_based_timetable', 'dataset_produces_1', 'dataset_consumes_1_never_scheduled', 'dataset_consumes_1', 'consume_1_or_2_with_dataset_expressions', 'consume_1_and_2_with_dataset_expressions', 'consume_1_or_both_2_and_3_with_dataset_expressions' retrieved from /home/airflow/.local/lib/python3.12/site-packages/airflow/example_dags/example_datasets.py
[2025-04-22T10:03:28.012+0000] {logging_mixin.py:190} INFO - [2025-04-22T10:03:28.012+0000] {dag.py:3239} INFO - Sync 10 DAGs
[2025-04-22T10:03:28.023+0000] {logging_mixin.py:190} INFO - [2025-04-22T10:03:28.023+0000] {dag.py:4180} INFO - Setting next_dagrun for conditional_dataset_and_time_based_timetable to 2025-04-16 01:00:00+00:00, run_after=2025-04-16 01:00:00+00:00
[2025-04-22T10:03:28.024+0000] {logging_mixin.py:190} INFO - [2025-04-22T10:03:28.024+0000] {dag.py:4180} INFO - Setting next_dagrun for consume_1_and_2_with_dataset_expressions to None, run_after=None
[2025-04-22T10:03:28.025+0000] {logging_mixin.py:190} INFO - [2025-04-22T10:03:28.025+0000] {dag.py:4180} INFO - Setting next_dagrun for consume_1_or_2_with_dataset_expressions to None, run_after=None
[2025-04-22T10:03:28.025+0000] {logging_mixin.py:190} INFO - [2025-04-22T10:03:28.025+0000] {dag.py:4180} INFO - Setting next_dagrun for consume_1_or_both_2_and_3_with_dataset_expressions to None, run_after=None
[2025-04-22T10:03:28.026+0000] {logging_mixin.py:190} INFO - [2025-04-22T10:03:28.026+0000] {dag.py:4180} INFO - Setting next_dagrun for dataset_consumes_1 to None, run_after=None
[2025-04-22T10:03:28.026+0000] {logging_mixin.py:190} INFO - [2025-04-22T10:03:28.026+0000] {dag.py:4180} INFO - Setting next_dagrun for dataset_consumes_1_and_2 to None, run_after=None
[2025-04-22T10:03:28.027+0000] {logging_mixin.py:190} INFO - [2025-04-22T10:03:28.026+0000] {dag.py:4180} INFO - Setting next_dagrun for dataset_consumes_1_never_scheduled to None, run_after=None
[2025-04-22T10:03:28.027+0000] {logging_mixin.py:190} INFO - [2025-04-22T10:03:28.027+0000] {dag.py:4180} INFO - Setting next_dagrun for dataset_consumes_unknown_never_scheduled to None, run_after=None
[2025-04-22T10:03:28.028+0000] {logging_mixin.py:190} INFO - [2025-04-22T10:03:28.028+0000] {dag.py:4180} INFO - Setting next_dagrun for dataset_produces_1 to 2025-04-21 00:00:00+00:00, run_after=2025-04-22 00:00:00+00:00
[2025-04-22T10:03:28.028+0000] {logging_mixin.py:190} INFO - [2025-04-22T10:03:28.028+0000] {dag.py:4180} INFO - Setting next_dagrun for dataset_produces_2 to None, run_after=None
[2025-04-22T10:03:28.039+0000] {processor.py:208} INFO - Processing /home/airflow/.local/lib/python3.12/site-packages/airflow/example_dags/example_datasets.py took 0.339 seconds
[2025-04-22T10:05:37.264+0000] {processor.py:186} INFO - Started process (PID=103) to work on /home/airflow/.local/lib/python3.12/site-packages/airflow/example_dags/example_datasets.py
[2025-04-22T10:05:37.264+0000] {processor.py:914} INFO - Processing file /home/airflow/.local/lib/python3.12/site-packages/airflow/example_dags/example_datasets.py for tasks to queue
[2025-04-22T10:05:37.265+0000] {logging_mixin.py:190} INFO - [2025-04-22T10:05:37.265+0000] {dagbag.py:588} INFO - Filling up the DagBag from /home/airflow/.local/lib/python3.12/site-packages/airflow/example_dags/example_datasets.py
[2025-04-22T10:05:37.541+0000] {processor.py:925} INFO - DAG(s) 'dataset_produces_1', 'dataset_consumes_unknown_never_scheduled', 'dataset_consumes_1', 'dataset_consumes_1_never_scheduled', 'consume_1_or_both_2_and_3_with_dataset_expressions', 'consume_1_or_2_with_dataset_expressions', 'dataset_consumes_1_and_2', 'conditional_dataset_and_time_based_timetable', 'dataset_produces_2', 'consume_1_and_2_with_dataset_expressions' retrieved from /home/airflow/.local/lib/python3.12/site-packages/airflow/example_dags/example_datasets.py
[2025-04-22T10:05:37.556+0000] {logging_mixin.py:190} INFO - [2025-04-22T10:05:37.556+0000] {dag.py:3239} INFO - Sync 10 DAGs
[2025-04-22T10:05:37.566+0000] {logging_mixin.py:190} INFO - [2025-04-22T10:05:37.566+0000] {dag.py:4180} INFO - Setting next_dagrun for conditional_dataset_and_time_based_timetable to 2025-04-16 01:00:00+00:00, run_after=2025-04-16 01:00:00+00:00
[2025-04-22T10:05:37.568+0000] {logging_mixin.py:190} INFO - [2025-04-22T10:05:37.567+0000] {dag.py:4180} INFO - Setting next_dagrun for consume_1_and_2_with_dataset_expressions to None, run_after=None
[2025-04-22T10:05:37.568+0000] {logging_mixin.py:190} INFO - [2025-04-22T10:05:37.568+0000] {dag.py:4180} INFO - Setting next_dagrun for consume_1_or_2_with_dataset_expressions to None, run_after=None
[2025-04-22T10:05:37.568+0000] {logging_mixin.py:190} INFO - [2025-04-22T10:05:37.568+0000] {dag.py:4180} INFO - Setting next_dagrun for consume_1_or_both_2_and_3_with_dataset_expressions to None, run_after=None
[2025-04-22T10:05:37.569+0000] {logging_mixin.py:190} INFO - [2025-04-22T10:05:37.569+0000] {dag.py:4180} INFO - Setting next_dagrun for dataset_consumes_1 to None, run_after=None
[2025-04-22T10:05:37.569+0000] {logging_mixin.py:190} INFO - [2025-04-22T10:05:37.569+0000] {dag.py:4180} INFO - Setting next_dagrun for dataset_consumes_1_and_2 to None, run_after=None
[2025-04-22T10:05:37.569+0000] {logging_mixin.py:190} INFO - [2025-04-22T10:05:37.569+0000] {dag.py:4180} INFO - Setting next_dagrun for dataset_consumes_1_never_scheduled to None, run_after=None
[2025-04-22T10:05:37.570+0000] {logging_mixin.py:190} INFO - [2025-04-22T10:05:37.570+0000] {dag.py:4180} INFO - Setting next_dagrun for dataset_consumes_unknown_never_scheduled to None, run_after=None
[2025-04-22T10:05:37.570+0000] {logging_mixin.py:190} INFO - [2025-04-22T10:05:37.570+0000] {dag.py:4180} INFO - Setting next_dagrun for dataset_produces_1 to 2025-04-21 00:00:00+00:00, run_after=2025-04-22 00:00:00+00:00
[2025-04-22T10:05:37.571+0000] {logging_mixin.py:190} INFO - [2025-04-22T10:05:37.571+0000] {dag.py:4180} INFO - Setting next_dagrun for dataset_produces_2 to None, run_after=None
[2025-04-22T10:05:37.581+0000] {processor.py:208} INFO - Processing /home/airflow/.local/lib/python3.12/site-packages/airflow/example_dags/example_datasets.py took 0.320 seconds
[2025-04-22T10:06:07.725+0000] {processor.py:186} INFO - Started process (PID=167) to work on /home/airflow/.local/lib/python3.12/site-packages/airflow/example_dags/example_datasets.py
[2025-04-22T10:06:07.727+0000] {processor.py:914} INFO - Processing file /home/airflow/.local/lib/python3.12/site-packages/airflow/example_dags/example_datasets.py for tasks to queue
[2025-04-22T10:06:07.728+0000] {logging_mixin.py:190} INFO - [2025-04-22T10:06:07.727+0000] {dagbag.py:588} INFO - Filling up the DagBag from /home/airflow/.local/lib/python3.12/site-packages/airflow/example_dags/example_datasets.py
[2025-04-22T10:06:07.992+0000] {processor.py:925} INFO - DAG(s) 'dataset_consumes_1_never_scheduled', 'consume_1_or_both_2_and_3_with_dataset_expressions', 'dataset_consumes_1_and_2', 'consume_1_and_2_with_dataset_expressions', 'dataset_produces_1', 'conditional_dataset_and_time_based_timetable', 'dataset_consumes_unknown_never_scheduled', 'dataset_consumes_1', 'consume_1_or_2_with_dataset_expressions', 'dataset_produces_2' retrieved from /home/airflow/.local/lib/python3.12/site-packages/airflow/example_dags/example_datasets.py
[2025-04-22T10:06:08.007+0000] {logging_mixin.py:190} INFO - [2025-04-22T10:06:08.007+0000] {dag.py:3239} INFO - Sync 10 DAGs
[2025-04-22T10:06:08.016+0000] {logging_mixin.py:190} INFO - [2025-04-22T10:06:08.016+0000] {dag.py:4180} INFO - Setting next_dagrun for conditional_dataset_and_time_based_timetable to 2025-04-16 01:00:00+00:00, run_after=2025-04-16 01:00:00+00:00
[2025-04-22T10:06:08.017+0000] {logging_mixin.py:190} INFO - [2025-04-22T10:06:08.017+0000] {dag.py:4180} INFO - Setting next_dagrun for consume_1_and_2_with_dataset_expressions to None, run_after=None
[2025-04-22T10:06:08.018+0000] {logging_mixin.py:190} INFO - [2025-04-22T10:06:08.018+0000] {dag.py:4180} INFO - Setting next_dagrun for consume_1_or_2_with_dataset_expressions to None, run_after=None
[2025-04-22T10:06:08.018+0000] {logging_mixin.py:190} INFO - [2025-04-22T10:06:08.018+0000] {dag.py:4180} INFO - Setting next_dagrun for consume_1_or_both_2_and_3_with_dataset_expressions to None, run_after=None
[2025-04-22T10:06:08.019+0000] {logging_mixin.py:190} INFO - [2025-04-22T10:06:08.019+0000] {dag.py:4180} INFO - Setting next_dagrun for dataset_consumes_1 to None, run_after=None
[2025-04-22T10:06:08.019+0000] {logging_mixin.py:190} INFO - [2025-04-22T10:06:08.019+0000] {dag.py:4180} INFO - Setting next_dagrun for dataset_consumes_1_and_2 to None, run_after=None
[2025-04-22T10:06:08.019+0000] {logging_mixin.py:190} INFO - [2025-04-22T10:06:08.019+0000] {dag.py:4180} INFO - Setting next_dagrun for dataset_consumes_1_never_scheduled to None, run_after=None
[2025-04-22T10:06:08.020+0000] {logging_mixin.py:190} INFO - [2025-04-22T10:06:08.020+0000] {dag.py:4180} INFO - Setting next_dagrun for dataset_consumes_unknown_never_scheduled to None, run_after=None
[2025-04-22T10:06:08.020+0000] {logging_mixin.py:190} INFO - [2025-04-22T10:06:08.020+0000] {dag.py:4180} INFO - Setting next_dagrun for dataset_produces_1 to 2025-04-21 00:00:00+00:00, run_after=2025-04-22 00:00:00+00:00
[2025-04-22T10:06:08.021+0000] {logging_mixin.py:190} INFO - [2025-04-22T10:06:08.021+0000] {dag.py:4180} INFO - Setting next_dagrun for dataset_produces_2 to None, run_after=None
[2025-04-22T10:06:08.031+0000] {processor.py:208} INFO - Processing /home/airflow/.local/lib/python3.12/site-packages/airflow/example_dags/example_datasets.py took 0.309 seconds
[2025-04-22T10:06:38.080+0000] {processor.py:186} INFO - Started process (PID=230) to work on /home/airflow/.local/lib/python3.12/site-packages/airflow/example_dags/example_datasets.py
[2025-04-22T10:06:38.081+0000] {processor.py:914} INFO - Processing file /home/airflow/.local/lib/python3.12/site-packages/airflow/example_dags/example_datasets.py for tasks to queue
[2025-04-22T10:06:38.082+0000] {logging_mixin.py:190} INFO - [2025-04-22T10:06:38.082+0000] {dagbag.py:588} INFO - Filling up the DagBag from /home/airflow/.local/lib/python3.12/site-packages/airflow/example_dags/example_datasets.py
[2025-04-22T10:06:38.352+0000] {processor.py:925} INFO - DAG(s) 'consume_1_and_2_with_dataset_expressions', 'dataset_produces_2', 'dataset_produces_1', 'dataset_consumes_1_and_2', 'dataset_consumes_1_never_scheduled', 'conditional_dataset_and_time_based_timetable', 'consume_1_or_2_with_dataset_expressions', 'consume_1_or_both_2_and_3_with_dataset_expressions', 'dataset_consumes_unknown_never_scheduled', 'dataset_consumes_1' retrieved from /home/airflow/.local/lib/python3.12/site-packages/airflow/example_dags/example_datasets.py
[2025-04-22T10:06:38.367+0000] {logging_mixin.py:190} INFO - [2025-04-22T10:06:38.367+0000] {dag.py:3239} INFO - Sync 10 DAGs
[2025-04-22T10:06:38.376+0000] {logging_mixin.py:190} INFO - [2025-04-22T10:06:38.376+0000] {dag.py:4180} INFO - Setting next_dagrun for conditional_dataset_and_time_based_timetable to 2025-04-16 01:00:00+00:00, run_after=2025-04-16 01:00:00+00:00
[2025-04-22T10:06:38.377+0000] {logging_mixin.py:190} INFO - [2025-04-22T10:06:38.377+0000] {dag.py:4180} INFO - Setting next_dagrun for consume_1_and_2_with_dataset_expressions to None, run_after=None
[2025-04-22T10:06:38.378+0000] {logging_mixin.py:190} INFO - [2025-04-22T10:06:38.378+0000] {dag.py:4180} INFO - Setting next_dagrun for consume_1_or_2_with_dataset_expressions to None, run_after=None
[2025-04-22T10:06:38.378+0000] {logging_mixin.py:190} INFO - [2025-04-22T10:06:38.378+0000] {dag.py:4180} INFO - Setting next_dagrun for consume_1_or_both_2_and_3_with_dataset_expressions to None, run_after=None
[2025-04-22T10:06:38.379+0000] {logging_mixin.py:190} INFO - [2025-04-22T10:06:38.379+0000] {dag.py:4180} INFO - Setting next_dagrun for dataset_consumes_1 to None, run_after=None
[2025-04-22T10:06:38.379+0000] {logging_mixin.py:190} INFO - [2025-04-22T10:06:38.379+0000] {dag.py:4180} INFO - Setting next_dagrun for dataset_consumes_1_and_2 to None, run_after=None
[2025-04-22T10:06:38.380+0000] {logging_mixin.py:190} INFO - [2025-04-22T10:06:38.379+0000] {dag.py:4180} INFO - Setting next_dagrun for dataset_consumes_1_never_scheduled to None, run_after=None
[2025-04-22T10:06:38.380+0000] {logging_mixin.py:190} INFO - [2025-04-22T10:06:38.380+0000] {dag.py:4180} INFO - Setting next_dagrun for dataset_consumes_unknown_never_scheduled to None, run_after=None
[2025-04-22T10:06:38.381+0000] {logging_mixin.py:190} INFO - [2025-04-22T10:06:38.381+0000] {dag.py:4180} INFO - Setting next_dagrun for dataset_produces_1 to 2025-04-21 00:00:00+00:00, run_after=2025-04-22 00:00:00+00:00
[2025-04-22T10:06:38.381+0000] {logging_mixin.py:190} INFO - [2025-04-22T10:06:38.381+0000] {dag.py:4180} INFO - Setting next_dagrun for dataset_produces_2 to None, run_after=None
[2025-04-22T10:06:38.392+0000] {processor.py:208} INFO - Processing /home/airflow/.local/lib/python3.12/site-packages/airflow/example_dags/example_datasets.py took 0.314 seconds
[2025-04-22T10:07:08.475+0000] {processor.py:186} INFO - Started process (PID=293) to work on /home/airflow/.local/lib/python3.12/site-packages/airflow/example_dags/example_datasets.py
[2025-04-22T10:07:08.476+0000] {processor.py:914} INFO - Processing file /home/airflow/.local/lib/python3.12/site-packages/airflow/example_dags/example_datasets.py for tasks to queue
[2025-04-22T10:07:08.477+0000] {logging_mixin.py:190} INFO - [2025-04-22T10:07:08.477+0000] {dagbag.py:588} INFO - Filling up the DagBag from /home/airflow/.local/lib/python3.12/site-packages/airflow/example_dags/example_datasets.py
[2025-04-22T10:07:08.744+0000] {processor.py:925} INFO - DAG(s) 'dataset_consumes_1', 'consume_1_or_2_with_dataset_expressions', 'conditional_dataset_and_time_based_timetable', 'consume_1_or_both_2_and_3_with_dataset_expressions', 'dataset_consumes_1_never_scheduled', 'dataset_consumes_unknown_never_scheduled', 'consume_1_and_2_with_dataset_expressions', 'dataset_produces_2', 'dataset_produces_1', 'dataset_consumes_1_and_2' retrieved from /home/airflow/.local/lib/python3.12/site-packages/airflow/example_dags/example_datasets.py
[2025-04-22T10:07:08.760+0000] {logging_mixin.py:190} INFO - [2025-04-22T10:07:08.760+0000] {dag.py:3239} INFO - Sync 10 DAGs
[2025-04-22T10:07:08.770+0000] {logging_mixin.py:190} INFO - [2025-04-22T10:07:08.770+0000] {dag.py:4180} INFO - Setting next_dagrun for conditional_dataset_and_time_based_timetable to 2025-04-16 01:00:00+00:00, run_after=2025-04-16 01:00:00+00:00
[2025-04-22T10:07:08.771+0000] {logging_mixin.py:190} INFO - [2025-04-22T10:07:08.771+0000] {dag.py:4180} INFO - Setting next_dagrun for consume_1_and_2_with_dataset_expressions to None, run_after=None
[2025-04-22T10:07:08.772+0000] {logging_mixin.py:190} INFO - [2025-04-22T10:07:08.772+0000] {dag.py:4180} INFO - Setting next_dagrun for consume_1_or_2_with_dataset_expressions to None, run_after=None
[2025-04-22T10:07:08.772+0000] {logging_mixin.py:190} INFO - [2025-04-22T10:07:08.772+0000] {dag.py:4180} INFO - Setting next_dagrun for consume_1_or_both_2_and_3_with_dataset_expressions to None, run_after=None
[2025-04-22T10:07:08.772+0000] {logging_mixin.py:190} INFO - [2025-04-22T10:07:08.772+0000] {dag.py:4180} INFO - Setting next_dagrun for dataset_consumes_1 to None, run_after=None
[2025-04-22T10:07:08.773+0000] {logging_mixin.py:190} INFO - [2025-04-22T10:07:08.773+0000] {dag.py:4180} INFO - Setting next_dagrun for dataset_consumes_1_and_2 to None, run_after=None
[2025-04-22T10:07:08.773+0000] {logging_mixin.py:190} INFO - [2025-04-22T10:07:08.773+0000] {dag.py:4180} INFO - Setting next_dagrun for dataset_consumes_1_never_scheduled to None, run_after=None
[2025-04-22T10:07:08.773+0000] {logging_mixin.py:190} INFO - [2025-04-22T10:07:08.773+0000] {dag.py:4180} INFO - Setting next_dagrun for dataset_consumes_unknown_never_scheduled to None, run_after=None
[2025-04-22T10:07:08.774+0000] {logging_mixin.py:190} INFO - [2025-04-22T10:07:08.774+0000] {dag.py:4180} INFO - Setting next_dagrun for dataset_produces_1 to 2025-04-21 00:00:00+00:00, run_after=2025-04-22 00:00:00+00:00
[2025-04-22T10:07:08.774+0000] {logging_mixin.py:190} INFO - [2025-04-22T10:07:08.774+0000] {dag.py:4180} INFO - Setting next_dagrun for dataset_produces_2 to None, run_after=None
[2025-04-22T10:07:08.785+0000] {processor.py:208} INFO - Processing /home/airflow/.local/lib/python3.12/site-packages/airflow/example_dags/example_datasets.py took 0.313 seconds
[2025-04-22T10:07:38.836+0000] {processor.py:186} INFO - Started process (PID=356) to work on /home/airflow/.local/lib/python3.12/site-packages/airflow/example_dags/example_datasets.py
[2025-04-22T10:07:38.838+0000] {processor.py:914} INFO - Processing file /home/airflow/.local/lib/python3.12/site-packages/airflow/example_dags/example_datasets.py for tasks to queue
[2025-04-22T10:07:38.839+0000] {logging_mixin.py:190} INFO - [2025-04-22T10:07:38.838+0000] {dagbag.py:588} INFO - Filling up the DagBag from /home/airflow/.local/lib/python3.12/site-packages/airflow/example_dags/example_datasets.py
[2025-04-22T10:07:39.114+0000] {processor.py:925} INFO - DAG(s) 'dataset_produces_1', 'consume_1_and_2_with_dataset_expressions', 'consume_1_or_both_2_and_3_with_dataset_expressions', 'dataset_consumes_1', 'consume_1_or_2_with_dataset_expressions', 'dataset_consumes_unknown_never_scheduled', 'conditional_dataset_and_time_based_timetable', 'dataset_consumes_1_and_2', 'dataset_produces_2', 'dataset_consumes_1_never_scheduled' retrieved from /home/airflow/.local/lib/python3.12/site-packages/airflow/example_dags/example_datasets.py
[2025-04-22T10:07:39.129+0000] {logging_mixin.py:190} INFO - [2025-04-22T10:07:39.128+0000] {dag.py:3239} INFO - Sync 10 DAGs
[2025-04-22T10:07:39.138+0000] {logging_mixin.py:190} INFO - [2025-04-22T10:07:39.138+0000] {dag.py:4180} INFO - Setting next_dagrun for conditional_dataset_and_time_based_timetable to 2025-04-16 01:00:00+00:00, run_after=2025-04-16 01:00:00+00:00
[2025-04-22T10:07:39.139+0000] {logging_mixin.py:190} INFO - [2025-04-22T10:07:39.139+0000] {dag.py:4180} INFO - Setting next_dagrun for consume_1_and_2_with_dataset_expressions to None, run_after=None
[2025-04-22T10:07:39.140+0000] {logging_mixin.py:190} INFO - [2025-04-22T10:07:39.139+0000] {dag.py:4180} INFO - Setting next_dagrun for consume_1_or_2_with_dataset_expressions to None, run_after=None
[2025-04-22T10:07:39.140+0000] {logging_mixin.py:190} INFO - [2025-04-22T10:07:39.140+0000] {dag.py:4180} INFO - Setting next_dagrun for consume_1_or_both_2_and_3_with_dataset_expressions to None, run_after=None
[2025-04-22T10:07:39.140+0000] {logging_mixin.py:190} INFO - [2025-04-22T10:07:39.140+0000] {dag.py:4180} INFO - Setting next_dagrun for dataset_consumes_1 to None, run_after=None
[2025-04-22T10:07:39.141+0000] {logging_mixin.py:190} INFO - [2025-04-22T10:07:39.141+0000] {dag.py:4180} INFO - Setting next_dagrun for dataset_consumes_1_and_2 to None, run_after=None
[2025-04-22T10:07:39.141+0000] {logging_mixin.py:190} INFO - [2025-04-22T10:07:39.141+0000] {dag.py:4180} INFO - Setting next_dagrun for dataset_consumes_1_never_scheduled to None, run_after=None
[2025-04-22T10:07:39.141+0000] {logging_mixin.py:190} INFO - [2025-04-22T10:07:39.141+0000] {dag.py:4180} INFO - Setting next_dagrun for dataset_consumes_unknown_never_scheduled to None, run_after=None
[2025-04-22T10:07:39.142+0000] {logging_mixin.py:190} INFO - [2025-04-22T10:07:39.142+0000] {dag.py:4180} INFO - Setting next_dagrun for dataset_produces_1 to 2025-04-21 00:00:00+00:00, run_after=2025-04-22 00:00:00+00:00
[2025-04-22T10:07:39.142+0000] {logging_mixin.py:190} INFO - [2025-04-22T10:07:39.142+0000] {dag.py:4180} INFO - Setting next_dagrun for dataset_produces_2 to None, run_after=None
[2025-04-22T10:07:39.153+0000] {processor.py:208} INFO - Processing /home/airflow/.local/lib/python3.12/site-packages/airflow/example_dags/example_datasets.py took 0.319 seconds
[2025-04-22T10:08:09.174+0000] {processor.py:186} INFO - Started process (PID=419) to work on /home/airflow/.local/lib/python3.12/site-packages/airflow/example_dags/example_datasets.py
[2025-04-22T10:08:09.176+0000] {processor.py:914} INFO - Processing file /home/airflow/.local/lib/python3.12/site-packages/airflow/example_dags/example_datasets.py for tasks to queue
[2025-04-22T10:08:09.176+0000] {logging_mixin.py:190} INFO - [2025-04-22T10:08:09.176+0000] {dagbag.py:588} INFO - Filling up the DagBag from /home/airflow/.local/lib/python3.12/site-packages/airflow/example_dags/example_datasets.py
[2025-04-22T10:08:09.445+0000] {processor.py:925} INFO - DAG(s) 'consume_1_or_2_with_dataset_expressions', 'dataset_consumes_1_and_2', 'consume_1_and_2_with_dataset_expressions', 'conditional_dataset_and_time_based_timetable', 'dataset_consumes_1_never_scheduled', 'dataset_consumes_1', 'dataset_produces_1', 'dataset_consumes_unknown_never_scheduled', 'consume_1_or_both_2_and_3_with_dataset_expressions', 'dataset_produces_2' retrieved from /home/airflow/.local/lib/python3.12/site-packages/airflow/example_dags/example_datasets.py
[2025-04-22T10:08:09.462+0000] {logging_mixin.py:190} INFO - [2025-04-22T10:08:09.462+0000] {dag.py:3239} INFO - Sync 10 DAGs
[2025-04-22T10:08:09.471+0000] {logging_mixin.py:190} INFO - [2025-04-22T10:08:09.471+0000] {dag.py:4180} INFO - Setting next_dagrun for conditional_dataset_and_time_based_timetable to 2025-04-16 01:00:00+00:00, run_after=2025-04-16 01:00:00+00:00
[2025-04-22T10:08:09.473+0000] {logging_mixin.py:190} INFO - [2025-04-22T10:08:09.472+0000] {dag.py:4180} INFO - Setting next_dagrun for consume_1_and_2_with_dataset_expressions to None, run_after=None
[2025-04-22T10:08:09.473+0000] {logging_mixin.py:190} INFO - [2025-04-22T10:08:09.473+0000] {dag.py:4180} INFO - Setting next_dagrun for consume_1_or_2_with_dataset_expressions to None, run_after=None
[2025-04-22T10:08:09.474+0000] {logging_mixin.py:190} INFO - [2025-04-22T10:08:09.474+0000] {dag.py:4180} INFO - Setting next_dagrun for consume_1_or_both_2_and_3_with_dataset_expressions to None, run_after=None
[2025-04-22T10:08:09.474+0000] {logging_mixin.py:190} INFO - [2025-04-22T10:08:09.474+0000] {dag.py:4180} INFO - Setting next_dagrun for dataset_consumes_1 to None, run_after=None
[2025-04-22T10:08:09.474+0000] {logging_mixin.py:190} INFO - [2025-04-22T10:08:09.474+0000] {dag.py:4180} INFO - Setting next_dagrun for dataset_consumes_1_and_2 to None, run_after=None
[2025-04-22T10:08:09.475+0000] {logging_mixin.py:190} INFO - [2025-04-22T10:08:09.475+0000] {dag.py:4180} INFO - Setting next_dagrun for dataset_consumes_1_never_scheduled to None, run_after=None
[2025-04-22T10:08:09.475+0000] {logging_mixin.py:190} INFO - [2025-04-22T10:08:09.475+0000] {dag.py:4180} INFO - Setting next_dagrun for dataset_consumes_unknown_never_scheduled to None, run_after=None
[2025-04-22T10:08:09.476+0000] {logging_mixin.py:190} INFO - [2025-04-22T10:08:09.476+0000] {dag.py:4180} INFO - Setting next_dagrun for dataset_produces_1 to 2025-04-21 00:00:00+00:00, run_after=2025-04-22 00:00:00+00:00
[2025-04-22T10:08:09.476+0000] {logging_mixin.py:190} INFO - [2025-04-22T10:08:09.476+0000] {dag.py:4180} INFO - Setting next_dagrun for dataset_produces_2 to None, run_after=None
[2025-04-22T10:08:09.487+0000] {processor.py:208} INFO - Processing /home/airflow/.local/lib/python3.12/site-packages/airflow/example_dags/example_datasets.py took 0.315 seconds
[2025-04-22T10:08:39.559+0000] {processor.py:186} INFO - Started process (PID=482) to work on /home/airflow/.local/lib/python3.12/site-packages/airflow/example_dags/example_datasets.py
[2025-04-22T10:08:39.561+0000] {processor.py:914} INFO - Processing file /home/airflow/.local/lib/python3.12/site-packages/airflow/example_dags/example_datasets.py for tasks to queue
[2025-04-22T10:08:39.561+0000] {logging_mixin.py:190} INFO - [2025-04-22T10:08:39.561+0000] {dagbag.py:588} INFO - Filling up the DagBag from /home/airflow/.local/lib/python3.12/site-packages/airflow/example_dags/example_datasets.py
[2025-04-22T10:08:39.829+0000] {processor.py:925} INFO - DAG(s) 'conditional_dataset_and_time_based_timetable', 'consume_1_or_both_2_and_3_with_dataset_expressions', 'dataset_consumes_1_never_scheduled', 'dataset_produces_2', 'consume_1_or_2_with_dataset_expressions', 'consume_1_and_2_with_dataset_expressions', 'dataset_produces_1', 'dataset_consumes_1_and_2', 'dataset_consumes_1', 'dataset_consumes_unknown_never_scheduled' retrieved from /home/airflow/.local/lib/python3.12/site-packages/airflow/example_dags/example_datasets.py
[2025-04-22T10:08:39.844+0000] {logging_mixin.py:190} INFO - [2025-04-22T10:08:39.844+0000] {dag.py:3239} INFO - Sync 10 DAGs
[2025-04-22T10:08:39.854+0000] {logging_mixin.py:190} INFO - [2025-04-22T10:08:39.854+0000] {dag.py:4180} INFO - Setting next_dagrun for conditional_dataset_and_time_based_timetable to 2025-04-16 01:00:00+00:00, run_after=2025-04-16 01:00:00+00:00
[2025-04-22T10:08:39.856+0000] {logging_mixin.py:190} INFO - [2025-04-22T10:08:39.856+0000] {dag.py:4180} INFO - Setting next_dagrun for consume_1_and_2_with_dataset_expressions to None, run_after=None
[2025-04-22T10:08:39.856+0000] {logging_mixin.py:190} INFO - [2025-04-22T10:08:39.856+0000] {dag.py:4180} INFO - Setting next_dagrun for consume_1_or_2_with_dataset_expressions to None, run_after=None
[2025-04-22T10:08:39.857+0000] {logging_mixin.py:190} INFO - [2025-04-22T10:08:39.856+0000] {dag.py:4180} INFO - Setting next_dagrun for consume_1_or_both_2_and_3_with_dataset_expressions to None, run_after=None
[2025-04-22T10:08:39.857+0000] {logging_mixin.py:190} INFO - [2025-04-22T10:08:39.857+0000] {dag.py:4180} INFO - Setting next_dagrun for dataset_consumes_1 to None, run_after=None
[2025-04-22T10:08:39.857+0000] {logging_mixin.py:190} INFO - [2025-04-22T10:08:39.857+0000] {dag.py:4180} INFO - Setting next_dagrun for dataset_consumes_1_and_2 to None, run_after=None
[2025-04-22T10:08:39.858+0000] {logging_mixin.py:190} INFO - [2025-04-22T10:08:39.858+0000] {dag.py:4180} INFO - Setting next_dagrun for dataset_consumes_1_never_scheduled to None, run_after=None
[2025-04-22T10:08:39.858+0000] {logging_mixin.py:190} INFO - [2025-04-22T10:08:39.858+0000] {dag.py:4180} INFO - Setting next_dagrun for dataset_consumes_unknown_never_scheduled to None, run_after=None
[2025-04-22T10:08:39.859+0000] {logging_mixin.py:190} INFO - [2025-04-22T10:08:39.859+0000] {dag.py:4180} INFO - Setting next_dagrun for dataset_produces_1 to 2025-04-21 00:00:00+00:00, run_after=2025-04-22 00:00:00+00:00
[2025-04-22T10:08:39.859+0000] {logging_mixin.py:190} INFO - [2025-04-22T10:08:39.859+0000] {dag.py:4180} INFO - Setting next_dagrun for dataset_produces_2 to None, run_after=None
[2025-04-22T10:08:39.870+0000] {processor.py:208} INFO - Processing /home/airflow/.local/lib/python3.12/site-packages/airflow/example_dags/example_datasets.py took 0.313 seconds
[2025-04-22T10:09:09.944+0000] {processor.py:186} INFO - Started process (PID=545) to work on /home/airflow/.local/lib/python3.12/site-packages/airflow/example_dags/example_datasets.py
[2025-04-22T10:09:09.946+0000] {processor.py:914} INFO - Processing file /home/airflow/.local/lib/python3.12/site-packages/airflow/example_dags/example_datasets.py for tasks to queue
[2025-04-22T10:09:09.947+0000] {logging_mixin.py:190} INFO - [2025-04-22T10:09:09.946+0000] {dagbag.py:588} INFO - Filling up the DagBag from /home/airflow/.local/lib/python3.12/site-packages/airflow/example_dags/example_datasets.py
[2025-04-22T10:09:10.212+0000] {processor.py:925} INFO - DAG(s) 'dataset_consumes_1_never_scheduled', 'dataset_consumes_unknown_never_scheduled', 'consume_1_or_2_with_dataset_expressions', 'consume_1_and_2_with_dataset_expressions', 'dataset_produces_2', 'consume_1_or_both_2_and_3_with_dataset_expressions', 'dataset_produces_1', 'conditional_dataset_and_time_based_timetable', 'dataset_consumes_1_and_2', 'dataset_consumes_1' retrieved from /home/airflow/.local/lib/python3.12/site-packages/airflow/example_dags/example_datasets.py
[2025-04-22T10:09:10.227+0000] {logging_mixin.py:190} INFO - [2025-04-22T10:09:10.227+0000] {dag.py:3239} INFO - Sync 10 DAGs
[2025-04-22T10:09:10.237+0000] {logging_mixin.py:190} INFO - [2025-04-22T10:09:10.237+0000] {dag.py:4180} INFO - Setting next_dagrun for conditional_dataset_and_time_based_timetable to 2025-04-16 01:00:00+00:00, run_after=2025-04-16 01:00:00+00:00
[2025-04-22T10:09:10.238+0000] {logging_mixin.py:190} INFO - [2025-04-22T10:09:10.238+0000] {dag.py:4180} INFO - Setting next_dagrun for consume_1_and_2_with_dataset_expressions to None, run_after=None
[2025-04-22T10:09:10.238+0000] {logging_mixin.py:190} INFO - [2025-04-22T10:09:10.238+0000] {dag.py:4180} INFO - Setting next_dagrun for consume_1_or_2_with_dataset_expressions to None, run_after=None
[2025-04-22T10:09:10.239+0000] {logging_mixin.py:190} INFO - [2025-04-22T10:09:10.239+0000] {dag.py:4180} INFO - Setting next_dagrun for consume_1_or_both_2_and_3_with_dataset_expressions to None, run_after=None
[2025-04-22T10:09:10.239+0000] {logging_mixin.py:190} INFO - [2025-04-22T10:09:10.239+0000] {dag.py:4180} INFO - Setting next_dagrun for dataset_consumes_1 to None, run_after=None
[2025-04-22T10:09:10.239+0000] {logging_mixin.py:190} INFO - [2025-04-22T10:09:10.239+0000] {dag.py:4180} INFO - Setting next_dagrun for dataset_consumes_1_and_2 to None, run_after=None
[2025-04-22T10:09:10.240+0000] {logging_mixin.py:190} INFO - [2025-04-22T10:09:10.240+0000] {dag.py:4180} INFO - Setting next_dagrun for dataset_consumes_1_never_scheduled to None, run_after=None
[2025-04-22T10:09:10.240+0000] {logging_mixin.py:190} INFO - [2025-04-22T10:09:10.240+0000] {dag.py:4180} INFO - Setting next_dagrun for dataset_consumes_unknown_never_scheduled to None, run_after=None
[2025-04-22T10:09:10.241+0000] {logging_mixin.py:190} INFO - [2025-04-22T10:09:10.241+0000] {dag.py:4180} INFO - Setting next_dagrun for dataset_produces_1 to 2025-04-21 00:00:00+00:00, run_after=2025-04-22 00:00:00+00:00
[2025-04-22T10:09:10.241+0000] {logging_mixin.py:190} INFO - [2025-04-22T10:09:10.241+0000] {dag.py:4180} INFO - Setting next_dagrun for dataset_produces_2 to None, run_after=None
[2025-04-22T10:09:10.252+0000] {processor.py:208} INFO - Processing /home/airflow/.local/lib/python3.12/site-packages/airflow/example_dags/example_datasets.py took 0.310 seconds
[2025-04-22T10:09:40.280+0000] {processor.py:186} INFO - Started process (PID=608) to work on /home/airflow/.local/lib/python3.12/site-packages/airflow/example_dags/example_datasets.py
[2025-04-22T10:09:40.281+0000] {processor.py:914} INFO - Processing file /home/airflow/.local/lib/python3.12/site-packages/airflow/example_dags/example_datasets.py for tasks to queue
[2025-04-22T10:09:40.282+0000] {logging_mixin.py:190} INFO - [2025-04-22T10:09:40.282+0000] {dagbag.py:588} INFO - Filling up the DagBag from /home/airflow/.local/lib/python3.12/site-packages/airflow/example_dags/example_datasets.py
[2025-04-22T10:09:40.552+0000] {processor.py:925} INFO - DAG(s) 'dataset_consumes_1_never_scheduled', 'consume_1_or_2_with_dataset_expressions', 'consume_1_and_2_with_dataset_expressions', 'dataset_consumes_1', 'consume_1_or_both_2_and_3_with_dataset_expressions', 'dataset_produces_2', 'dataset_produces_1', 'conditional_dataset_and_time_based_timetable', 'dataset_consumes_unknown_never_scheduled', 'dataset_consumes_1_and_2' retrieved from /home/airflow/.local/lib/python3.12/site-packages/airflow/example_dags/example_datasets.py
[2025-04-22T10:09:40.567+0000] {logging_mixin.py:190} INFO - [2025-04-22T10:09:40.566+0000] {dag.py:3239} INFO - Sync 10 DAGs
[2025-04-22T10:09:40.576+0000] {logging_mixin.py:190} INFO - [2025-04-22T10:09:40.575+0000] {dag.py:4180} INFO - Setting next_dagrun for conditional_dataset_and_time_based_timetable to 2025-04-16 01:00:00+00:00, run_after=2025-04-16 01:00:00+00:00
[2025-04-22T10:09:40.577+0000] {logging_mixin.py:190} INFO - [2025-04-22T10:09:40.577+0000] {dag.py:4180} INFO - Setting next_dagrun for consume_1_and_2_with_dataset_expressions to None, run_after=None
[2025-04-22T10:09:40.578+0000] {logging_mixin.py:190} INFO - [2025-04-22T10:09:40.578+0000] {dag.py:4180} INFO - Setting next_dagrun for consume_1_or_2_with_dataset_expressions to None, run_after=None
[2025-04-22T10:09:40.578+0000] {logging_mixin.py:190} INFO - [2025-04-22T10:09:40.578+0000] {dag.py:4180} INFO - Setting next_dagrun for consume_1_or_both_2_and_3_with_dataset_expressions to None, run_after=None
[2025-04-22T10:09:40.578+0000] {logging_mixin.py:190} INFO - [2025-04-22T10:09:40.578+0000] {dag.py:4180} INFO - Setting next_dagrun for dataset_consumes_1 to None, run_after=None
[2025-04-22T10:09:40.579+0000] {logging_mixin.py:190} INFO - [2025-04-22T10:09:40.579+0000] {dag.py:4180} INFO - Setting next_dagrun for dataset_consumes_1_and_2 to None, run_after=None
[2025-04-22T10:09:40.579+0000] {logging_mixin.py:190} INFO - [2025-04-22T10:09:40.579+0000] {dag.py:4180} INFO - Setting next_dagrun for dataset_consumes_1_never_scheduled to None, run_after=None
[2025-04-22T10:09:40.579+0000] {logging_mixin.py:190} INFO - [2025-04-22T10:09:40.579+0000] {dag.py:4180} INFO - Setting next_dagrun for dataset_consumes_unknown_never_scheduled to None, run_after=None
[2025-04-22T10:09:40.580+0000] {logging_mixin.py:190} INFO - [2025-04-22T10:09:40.580+0000] {dag.py:4180} INFO - Setting next_dagrun for dataset_produces_1 to 2025-04-21 00:00:00+00:00, run_after=2025-04-22 00:00:00+00:00
[2025-04-22T10:09:40.581+0000] {logging_mixin.py:190} INFO - [2025-04-22T10:09:40.580+0000] {dag.py:4180} INFO - Setting next_dagrun for dataset_produces_2 to None, run_after=None
[2025-04-22T10:09:40.591+0000] {processor.py:208} INFO - Processing /home/airflow/.local/lib/python3.12/site-packages/airflow/example_dags/example_datasets.py took 0.314 seconds
