[2025-04-22T09:53:48.978+0000] {processor.py:186} INFO - Started process (PID=92) to work on /home/airflow/.local/lib/python3.12/site-packages/airflow/example_dags/example_task_group.py
[2025-04-22T09:53:48.978+0000] {processor.py:914} INFO - Processing file /home/airflow/.local/lib/python3.12/site-packages/airflow/example_dags/example_task_group.py for tasks to queue
[2025-04-22T09:53:48.979+0000] {logging_mixin.py:190} INFO - [2025-04-22T09:53:48.979+0000] {dagbag.py:588} INFO - Filling up the DagBag from /home/airflow/.local/lib/python3.12/site-packages/airflow/example_dags/example_task_group.py
[2025-04-22T09:53:48.984+0000] {processor.py:925} INFO - DAG(s) 'example_task_group' retrieved from /home/airflow/.local/lib/python3.12/site-packages/airflow/example_dags/example_task_group.py
[2025-04-22T09:53:48.990+0000] {logging_mixin.py:190} INFO - [2025-04-22T09:53:48.990+0000] {dag.py:3239} INFO - Sync 1 DAGs
[2025-04-22T09:53:48.996+0000] {logging_mixin.py:190} INFO - [2025-04-22T09:53:48.996+0000] {dag.py:4180} INFO - Setting next_dagrun for example_task_group to None, run_after=None
[2025-04-22T09:53:49.002+0000] {processor.py:208} INFO - Processing /home/airflow/.local/lib/python3.12/site-packages/airflow/example_dags/example_task_group.py took 0.027 seconds
[2025-04-22T09:55:01.979+0000] {processor.py:186} INFO - Started process (PID=92) to work on /home/airflow/.local/lib/python3.12/site-packages/airflow/example_dags/example_task_group.py
[2025-04-22T09:55:01.980+0000] {processor.py:914} INFO - Processing file /home/airflow/.local/lib/python3.12/site-packages/airflow/example_dags/example_task_group.py for tasks to queue
[2025-04-22T09:55:01.981+0000] {logging_mixin.py:190} INFO - [2025-04-22T09:55:01.981+0000] {dagbag.py:588} INFO - Filling up the DagBag from /home/airflow/.local/lib/python3.12/site-packages/airflow/example_dags/example_task_group.py
[2025-04-22T09:55:01.986+0000] {processor.py:925} INFO - DAG(s) 'example_task_group' retrieved from /home/airflow/.local/lib/python3.12/site-packages/airflow/example_dags/example_task_group.py
[2025-04-22T09:55:02.038+0000] {logging_mixin.py:190} INFO - [2025-04-22T09:55:02.037+0000] {dag.py:3239} INFO - Sync 1 DAGs
[2025-04-22T09:55:02.045+0000] {logging_mixin.py:190} INFO - [2025-04-22T09:55:02.044+0000] {dag.py:4180} INFO - Setting next_dagrun for example_task_group to None, run_after=None
[2025-04-22T09:55:02.051+0000] {processor.py:208} INFO - Processing /home/airflow/.local/lib/python3.12/site-packages/airflow/example_dags/example_task_group.py took 0.075 seconds
[2025-04-22T09:55:32.931+0000] {processor.py:186} INFO - Started process (PID=155) to work on /home/airflow/.local/lib/python3.12/site-packages/airflow/example_dags/example_task_group.py
[2025-04-22T09:55:32.932+0000] {processor.py:914} INFO - Processing file /home/airflow/.local/lib/python3.12/site-packages/airflow/example_dags/example_task_group.py for tasks to queue
[2025-04-22T09:55:32.933+0000] {logging_mixin.py:190} INFO - [2025-04-22T09:55:32.933+0000] {dagbag.py:588} INFO - Filling up the DagBag from /home/airflow/.local/lib/python3.12/site-packages/airflow/example_dags/example_task_group.py
[2025-04-22T09:55:32.937+0000] {processor.py:925} INFO - DAG(s) 'example_task_group' retrieved from /home/airflow/.local/lib/python3.12/site-packages/airflow/example_dags/example_task_group.py
[2025-04-22T09:55:32.946+0000] {logging_mixin.py:190} INFO - [2025-04-22T09:55:32.946+0000] {dag.py:3239} INFO - Sync 1 DAGs
[2025-04-22T09:55:32.952+0000] {logging_mixin.py:190} INFO - [2025-04-22T09:55:32.952+0000] {dag.py:4180} INFO - Setting next_dagrun for example_task_group to None, run_after=None
[2025-04-22T09:55:32.958+0000] {processor.py:208} INFO - Processing /home/airflow/.local/lib/python3.12/site-packages/airflow/example_dags/example_task_group.py took 0.030 seconds
[2025-04-22T09:56:04.215+0000] {processor.py:186} INFO - Started process (PID=218) to work on /home/airflow/.local/lib/python3.12/site-packages/airflow/example_dags/example_task_group.py
[2025-04-22T09:56:04.215+0000] {processor.py:914} INFO - Processing file /home/airflow/.local/lib/python3.12/site-packages/airflow/example_dags/example_task_group.py for tasks to queue
[2025-04-22T09:56:04.216+0000] {logging_mixin.py:190} INFO - [2025-04-22T09:56:04.216+0000] {dagbag.py:588} INFO - Filling up the DagBag from /home/airflow/.local/lib/python3.12/site-packages/airflow/example_dags/example_task_group.py
[2025-04-22T09:56:04.220+0000] {processor.py:925} INFO - DAG(s) 'example_task_group' retrieved from /home/airflow/.local/lib/python3.12/site-packages/airflow/example_dags/example_task_group.py
[2025-04-22T09:56:04.230+0000] {logging_mixin.py:190} INFO - [2025-04-22T09:56:04.230+0000] {dag.py:3239} INFO - Sync 1 DAGs
[2025-04-22T09:56:04.236+0000] {logging_mixin.py:190} INFO - [2025-04-22T09:56:04.236+0000] {dag.py:4180} INFO - Setting next_dagrun for example_task_group to None, run_after=None
[2025-04-22T09:56:04.242+0000] {processor.py:208} INFO - Processing /home/airflow/.local/lib/python3.12/site-packages/airflow/example_dags/example_task_group.py took 0.030 seconds
[2025-04-22T09:56:35.461+0000] {processor.py:186} INFO - Started process (PID=281) to work on /home/airflow/.local/lib/python3.12/site-packages/airflow/example_dags/example_task_group.py
[2025-04-22T09:56:35.462+0000] {processor.py:914} INFO - Processing file /home/airflow/.local/lib/python3.12/site-packages/airflow/example_dags/example_task_group.py for tasks to queue
[2025-04-22T09:56:35.463+0000] {logging_mixin.py:190} INFO - [2025-04-22T09:56:35.463+0000] {dagbag.py:588} INFO - Filling up the DagBag from /home/airflow/.local/lib/python3.12/site-packages/airflow/example_dags/example_task_group.py
[2025-04-22T09:56:35.467+0000] {processor.py:925} INFO - DAG(s) 'example_task_group' retrieved from /home/airflow/.local/lib/python3.12/site-packages/airflow/example_dags/example_task_group.py
[2025-04-22T09:56:35.477+0000] {logging_mixin.py:190} INFO - [2025-04-22T09:56:35.476+0000] {dag.py:3239} INFO - Sync 1 DAGs
[2025-04-22T09:56:35.483+0000] {logging_mixin.py:190} INFO - [2025-04-22T09:56:35.483+0000] {dag.py:4180} INFO - Setting next_dagrun for example_task_group to None, run_after=None
[2025-04-22T09:56:35.489+0000] {processor.py:208} INFO - Processing /home/airflow/.local/lib/python3.12/site-packages/airflow/example_dags/example_task_group.py took 0.030 seconds
[2025-04-22T09:57:06.724+0000] {processor.py:186} INFO - Started process (PID=344) to work on /home/airflow/.local/lib/python3.12/site-packages/airflow/example_dags/example_task_group.py
[2025-04-22T09:57:06.725+0000] {processor.py:914} INFO - Processing file /home/airflow/.local/lib/python3.12/site-packages/airflow/example_dags/example_task_group.py for tasks to queue
[2025-04-22T09:57:06.726+0000] {logging_mixin.py:190} INFO - [2025-04-22T09:57:06.725+0000] {dagbag.py:588} INFO - Filling up the DagBag from /home/airflow/.local/lib/python3.12/site-packages/airflow/example_dags/example_task_group.py
[2025-04-22T09:57:06.730+0000] {processor.py:925} INFO - DAG(s) 'example_task_group' retrieved from /home/airflow/.local/lib/python3.12/site-packages/airflow/example_dags/example_task_group.py
[2025-04-22T09:57:06.740+0000] {logging_mixin.py:190} INFO - [2025-04-22T09:57:06.740+0000] {dag.py:3239} INFO - Sync 1 DAGs
[2025-04-22T09:57:06.746+0000] {logging_mixin.py:190} INFO - [2025-04-22T09:57:06.746+0000] {dag.py:4180} INFO - Setting next_dagrun for example_task_group to None, run_after=None
[2025-04-22T09:57:06.753+0000] {processor.py:208} INFO - Processing /home/airflow/.local/lib/python3.12/site-packages/airflow/example_dags/example_task_group.py took 0.031 seconds
[2025-04-22T09:57:38.020+0000] {processor.py:186} INFO - Started process (PID=407) to work on /home/airflow/.local/lib/python3.12/site-packages/airflow/example_dags/example_task_group.py
[2025-04-22T09:57:38.020+0000] {processor.py:914} INFO - Processing file /home/airflow/.local/lib/python3.12/site-packages/airflow/example_dags/example_task_group.py for tasks to queue
[2025-04-22T09:57:38.021+0000] {logging_mixin.py:190} INFO - [2025-04-22T09:57:38.021+0000] {dagbag.py:588} INFO - Filling up the DagBag from /home/airflow/.local/lib/python3.12/site-packages/airflow/example_dags/example_task_group.py
[2025-04-22T09:57:38.025+0000] {processor.py:925} INFO - DAG(s) 'example_task_group' retrieved from /home/airflow/.local/lib/python3.12/site-packages/airflow/example_dags/example_task_group.py
[2025-04-22T09:57:38.034+0000] {logging_mixin.py:190} INFO - [2025-04-22T09:57:38.034+0000] {dag.py:3239} INFO - Sync 1 DAGs
[2025-04-22T09:57:38.039+0000] {logging_mixin.py:190} INFO - [2025-04-22T09:57:38.039+0000] {dag.py:4180} INFO - Setting next_dagrun for example_task_group to None, run_after=None
[2025-04-22T09:57:38.046+0000] {processor.py:208} INFO - Processing /home/airflow/.local/lib/python3.12/site-packages/airflow/example_dags/example_task_group.py took 0.029 seconds
[2025-04-22T09:58:34.430+0000] {processor.py:186} INFO - Started process (PID=92) to work on /home/airflow/.local/lib/python3.12/site-packages/airflow/example_dags/example_task_group.py
[2025-04-22T09:58:34.431+0000] {processor.py:914} INFO - Processing file /home/airflow/.local/lib/python3.12/site-packages/airflow/example_dags/example_task_group.py for tasks to queue
[2025-04-22T09:58:34.432+0000] {logging_mixin.py:190} INFO - [2025-04-22T09:58:34.432+0000] {dagbag.py:588} INFO - Filling up the DagBag from /home/airflow/.local/lib/python3.12/site-packages/airflow/example_dags/example_task_group.py
[2025-04-22T09:58:34.436+0000] {processor.py:925} INFO - DAG(s) 'example_task_group' retrieved from /home/airflow/.local/lib/python3.12/site-packages/airflow/example_dags/example_task_group.py
[2025-04-22T09:58:34.446+0000] {logging_mixin.py:190} INFO - [2025-04-22T09:58:34.446+0000] {dag.py:3239} INFO - Sync 1 DAGs
[2025-04-22T09:58:34.453+0000] {logging_mixin.py:190} INFO - [2025-04-22T09:58:34.453+0000] {dag.py:4180} INFO - Setting next_dagrun for example_task_group to None, run_after=None
[2025-04-22T09:58:34.459+0000] {processor.py:208} INFO - Processing /home/airflow/.local/lib/python3.12/site-packages/airflow/example_dags/example_task_group.py took 0.034 seconds
[2025-04-22T09:59:04.835+0000] {processor.py:186} INFO - Started process (PID=155) to work on /home/airflow/.local/lib/python3.12/site-packages/airflow/example_dags/example_task_group.py
[2025-04-22T09:59:04.835+0000] {processor.py:914} INFO - Processing file /home/airflow/.local/lib/python3.12/site-packages/airflow/example_dags/example_task_group.py for tasks to queue
[2025-04-22T09:59:04.836+0000] {logging_mixin.py:190} INFO - [2025-04-22T09:59:04.836+0000] {dagbag.py:588} INFO - Filling up the DagBag from /home/airflow/.local/lib/python3.12/site-packages/airflow/example_dags/example_task_group.py
[2025-04-22T09:59:04.840+0000] {processor.py:925} INFO - DAG(s) 'example_task_group' retrieved from /home/airflow/.local/lib/python3.12/site-packages/airflow/example_dags/example_task_group.py
[2025-04-22T09:59:04.849+0000] {logging_mixin.py:190} INFO - [2025-04-22T09:59:04.849+0000] {dag.py:3239} INFO - Sync 1 DAGs
[2025-04-22T09:59:04.855+0000] {logging_mixin.py:190} INFO - [2025-04-22T09:59:04.855+0000] {dag.py:4180} INFO - Setting next_dagrun for example_task_group to None, run_after=None
[2025-04-22T09:59:04.861+0000] {processor.py:208} INFO - Processing /home/airflow/.local/lib/python3.12/site-packages/airflow/example_dags/example_task_group.py took 0.031 seconds
[2025-04-22T09:59:35.296+0000] {processor.py:186} INFO - Started process (PID=218) to work on /home/airflow/.local/lib/python3.12/site-packages/airflow/example_dags/example_task_group.py
[2025-04-22T09:59:35.296+0000] {processor.py:914} INFO - Processing file /home/airflow/.local/lib/python3.12/site-packages/airflow/example_dags/example_task_group.py for tasks to queue
[2025-04-22T09:59:35.297+0000] {logging_mixin.py:190} INFO - [2025-04-22T09:59:35.297+0000] {dagbag.py:588} INFO - Filling up the DagBag from /home/airflow/.local/lib/python3.12/site-packages/airflow/example_dags/example_task_group.py
[2025-04-22T09:59:35.301+0000] {processor.py:925} INFO - DAG(s) 'example_task_group' retrieved from /home/airflow/.local/lib/python3.12/site-packages/airflow/example_dags/example_task_group.py
[2025-04-22T09:59:35.310+0000] {logging_mixin.py:190} INFO - [2025-04-22T09:59:35.310+0000] {dag.py:3239} INFO - Sync 1 DAGs
[2025-04-22T09:59:35.316+0000] {logging_mixin.py:190} INFO - [2025-04-22T09:59:35.316+0000] {dag.py:4180} INFO - Setting next_dagrun for example_task_group to None, run_after=None
[2025-04-22T09:59:35.322+0000] {processor.py:208} INFO - Processing /home/airflow/.local/lib/python3.12/site-packages/airflow/example_dags/example_task_group.py took 0.031 seconds
[2025-04-22T10:00:05.677+0000] {processor.py:186} INFO - Started process (PID=281) to work on /home/airflow/.local/lib/python3.12/site-packages/airflow/example_dags/example_task_group.py
[2025-04-22T10:00:05.677+0000] {processor.py:914} INFO - Processing file /home/airflow/.local/lib/python3.12/site-packages/airflow/example_dags/example_task_group.py for tasks to queue
[2025-04-22T10:00:05.678+0000] {logging_mixin.py:190} INFO - [2025-04-22T10:00:05.678+0000] {dagbag.py:588} INFO - Filling up the DagBag from /home/airflow/.local/lib/python3.12/site-packages/airflow/example_dags/example_task_group.py
[2025-04-22T10:00:05.682+0000] {processor.py:925} INFO - DAG(s) 'example_task_group' retrieved from /home/airflow/.local/lib/python3.12/site-packages/airflow/example_dags/example_task_group.py
[2025-04-22T10:00:05.691+0000] {logging_mixin.py:190} INFO - [2025-04-22T10:00:05.691+0000] {dag.py:3239} INFO - Sync 1 DAGs
[2025-04-22T10:00:05.697+0000] {logging_mixin.py:190} INFO - [2025-04-22T10:00:05.697+0000] {dag.py:4180} INFO - Setting next_dagrun for example_task_group to None, run_after=None
[2025-04-22T10:00:05.703+0000] {processor.py:208} INFO - Processing /home/airflow/.local/lib/python3.12/site-packages/airflow/example_dags/example_task_group.py took 0.031 seconds
[2025-04-22T10:00:54.890+0000] {processor.py:186} INFO - Started process (PID=92) to work on /home/airflow/.local/lib/python3.12/site-packages/airflow/example_dags/example_task_group.py
[2025-04-22T10:00:54.890+0000] {processor.py:914} INFO - Processing file /home/airflow/.local/lib/python3.12/site-packages/airflow/example_dags/example_task_group.py for tasks to queue
[2025-04-22T10:00:54.891+0000] {logging_mixin.py:190} INFO - [2025-04-22T10:00:54.891+0000] {dagbag.py:588} INFO - Filling up the DagBag from /home/airflow/.local/lib/python3.12/site-packages/airflow/example_dags/example_task_group.py
[2025-04-22T10:00:54.896+0000] {processor.py:925} INFO - DAG(s) 'example_task_group' retrieved from /home/airflow/.local/lib/python3.12/site-packages/airflow/example_dags/example_task_group.py
[2025-04-22T10:00:54.906+0000] {logging_mixin.py:190} INFO - [2025-04-22T10:00:54.906+0000] {dag.py:3239} INFO - Sync 1 DAGs
[2025-04-22T10:00:54.912+0000] {logging_mixin.py:190} INFO - [2025-04-22T10:00:54.912+0000] {dag.py:4180} INFO - Setting next_dagrun for example_task_group to None, run_after=None
[2025-04-22T10:00:54.919+0000] {processor.py:208} INFO - Processing /home/airflow/.local/lib/python3.12/site-packages/airflow/example_dags/example_task_group.py took 0.032 seconds
[2025-04-22T10:01:25.321+0000] {processor.py:186} INFO - Started process (PID=155) to work on /home/airflow/.local/lib/python3.12/site-packages/airflow/example_dags/example_task_group.py
[2025-04-22T10:01:25.321+0000] {processor.py:914} INFO - Processing file /home/airflow/.local/lib/python3.12/site-packages/airflow/example_dags/example_task_group.py for tasks to queue
[2025-04-22T10:01:25.322+0000] {logging_mixin.py:190} INFO - [2025-04-22T10:01:25.322+0000] {dagbag.py:588} INFO - Filling up the DagBag from /home/airflow/.local/lib/python3.12/site-packages/airflow/example_dags/example_task_group.py
[2025-04-22T10:01:25.326+0000] {processor.py:925} INFO - DAG(s) 'example_task_group' retrieved from /home/airflow/.local/lib/python3.12/site-packages/airflow/example_dags/example_task_group.py
[2025-04-22T10:01:25.335+0000] {logging_mixin.py:190} INFO - [2025-04-22T10:01:25.335+0000] {dag.py:3239} INFO - Sync 1 DAGs
[2025-04-22T10:01:25.342+0000] {logging_mixin.py:190} INFO - [2025-04-22T10:01:25.342+0000] {dag.py:4180} INFO - Setting next_dagrun for example_task_group to None, run_after=None
[2025-04-22T10:01:25.348+0000] {processor.py:208} INFO - Processing /home/airflow/.local/lib/python3.12/site-packages/airflow/example_dags/example_task_group.py took 0.030 seconds
[2025-04-22T10:01:55.729+0000] {processor.py:186} INFO - Started process (PID=218) to work on /home/airflow/.local/lib/python3.12/site-packages/airflow/example_dags/example_task_group.py
[2025-04-22T10:01:55.729+0000] {processor.py:914} INFO - Processing file /home/airflow/.local/lib/python3.12/site-packages/airflow/example_dags/example_task_group.py for tasks to queue
[2025-04-22T10:01:55.730+0000] {logging_mixin.py:190} INFO - [2025-04-22T10:01:55.730+0000] {dagbag.py:588} INFO - Filling up the DagBag from /home/airflow/.local/lib/python3.12/site-packages/airflow/example_dags/example_task_group.py
[2025-04-22T10:01:55.734+0000] {processor.py:925} INFO - DAG(s) 'example_task_group' retrieved from /home/airflow/.local/lib/python3.12/site-packages/airflow/example_dags/example_task_group.py
[2025-04-22T10:01:55.743+0000] {logging_mixin.py:190} INFO - [2025-04-22T10:01:55.743+0000] {dag.py:3239} INFO - Sync 1 DAGs
[2025-04-22T10:01:55.749+0000] {logging_mixin.py:190} INFO - [2025-04-22T10:01:55.749+0000] {dag.py:4180} INFO - Setting next_dagrun for example_task_group to None, run_after=None
[2025-04-22T10:01:55.756+0000] {processor.py:208} INFO - Processing /home/airflow/.local/lib/python3.12/site-packages/airflow/example_dags/example_task_group.py took 0.030 seconds
[2025-04-22T10:02:25.959+0000] {processor.py:186} INFO - Started process (PID=281) to work on /home/airflow/.local/lib/python3.12/site-packages/airflow/example_dags/example_task_group.py
[2025-04-22T10:02:25.960+0000] {processor.py:914} INFO - Processing file /home/airflow/.local/lib/python3.12/site-packages/airflow/example_dags/example_task_group.py for tasks to queue
[2025-04-22T10:02:25.961+0000] {logging_mixin.py:190} INFO - [2025-04-22T10:02:25.960+0000] {dagbag.py:588} INFO - Filling up the DagBag from /home/airflow/.local/lib/python3.12/site-packages/airflow/example_dags/example_task_group.py
[2025-04-22T10:02:25.965+0000] {processor.py:925} INFO - DAG(s) 'example_task_group' retrieved from /home/airflow/.local/lib/python3.12/site-packages/airflow/example_dags/example_task_group.py
[2025-04-22T10:02:25.974+0000] {logging_mixin.py:190} INFO - [2025-04-22T10:02:25.974+0000] {dag.py:3239} INFO - Sync 1 DAGs
[2025-04-22T10:02:25.980+0000] {logging_mixin.py:190} INFO - [2025-04-22T10:02:25.980+0000] {dag.py:4180} INFO - Setting next_dagrun for example_task_group to None, run_after=None
[2025-04-22T10:02:25.986+0000] {processor.py:208} INFO - Processing /home/airflow/.local/lib/python3.12/site-packages/airflow/example_dags/example_task_group.py took 0.029 seconds
[2025-04-22T10:02:56.557+0000] {processor.py:186} INFO - Started process (PID=344) to work on /home/airflow/.local/lib/python3.12/site-packages/airflow/example_dags/example_task_group.py
[2025-04-22T10:02:56.557+0000] {processor.py:914} INFO - Processing file /home/airflow/.local/lib/python3.12/site-packages/airflow/example_dags/example_task_group.py for tasks to queue
[2025-04-22T10:02:56.558+0000] {logging_mixin.py:190} INFO - [2025-04-22T10:02:56.558+0000] {dagbag.py:588} INFO - Filling up the DagBag from /home/airflow/.local/lib/python3.12/site-packages/airflow/example_dags/example_task_group.py
[2025-04-22T10:02:56.562+0000] {processor.py:925} INFO - DAG(s) 'example_task_group' retrieved from /home/airflow/.local/lib/python3.12/site-packages/airflow/example_dags/example_task_group.py
[2025-04-22T10:02:56.571+0000] {logging_mixin.py:190} INFO - [2025-04-22T10:02:56.571+0000] {dag.py:3239} INFO - Sync 1 DAGs
[2025-04-22T10:02:56.577+0000] {logging_mixin.py:190} INFO - [2025-04-22T10:02:56.577+0000] {dag.py:4180} INFO - Setting next_dagrun for example_task_group to None, run_after=None
[2025-04-22T10:02:56.584+0000] {processor.py:208} INFO - Processing /home/airflow/.local/lib/python3.12/site-packages/airflow/example_dags/example_task_group.py took 0.030 seconds
[2025-04-22T10:03:26.778+0000] {processor.py:186} INFO - Started process (PID=407) to work on /home/airflow/.local/lib/python3.12/site-packages/airflow/example_dags/example_task_group.py
[2025-04-22T10:03:26.779+0000] {processor.py:914} INFO - Processing file /home/airflow/.local/lib/python3.12/site-packages/airflow/example_dags/example_task_group.py for tasks to queue
[2025-04-22T10:03:26.779+0000] {logging_mixin.py:190} INFO - [2025-04-22T10:03:26.779+0000] {dagbag.py:588} INFO - Filling up the DagBag from /home/airflow/.local/lib/python3.12/site-packages/airflow/example_dags/example_task_group.py
[2025-04-22T10:03:26.783+0000] {processor.py:925} INFO - DAG(s) 'example_task_group' retrieved from /home/airflow/.local/lib/python3.12/site-packages/airflow/example_dags/example_task_group.py
[2025-04-22T10:03:26.792+0000] {logging_mixin.py:190} INFO - [2025-04-22T10:03:26.792+0000] {dag.py:3239} INFO - Sync 1 DAGs
[2025-04-22T10:03:26.798+0000] {logging_mixin.py:190} INFO - [2025-04-22T10:03:26.798+0000] {dag.py:4180} INFO - Setting next_dagrun for example_task_group to None, run_after=None
[2025-04-22T10:03:26.805+0000] {processor.py:208} INFO - Processing /home/airflow/.local/lib/python3.12/site-packages/airflow/example_dags/example_task_group.py took 0.029 seconds
[2025-04-22T10:05:36.804+0000] {processor.py:186} INFO - Started process (PID=92) to work on /home/airflow/.local/lib/python3.12/site-packages/airflow/example_dags/example_task_group.py
[2025-04-22T10:05:36.805+0000] {processor.py:914} INFO - Processing file /home/airflow/.local/lib/python3.12/site-packages/airflow/example_dags/example_task_group.py for tasks to queue
[2025-04-22T10:05:36.806+0000] {logging_mixin.py:190} INFO - [2025-04-22T10:05:36.805+0000] {dagbag.py:588} INFO - Filling up the DagBag from /home/airflow/.local/lib/python3.12/site-packages/airflow/example_dags/example_task_group.py
[2025-04-22T10:05:36.810+0000] {processor.py:925} INFO - DAG(s) 'example_task_group' retrieved from /home/airflow/.local/lib/python3.12/site-packages/airflow/example_dags/example_task_group.py
[2025-04-22T10:05:36.820+0000] {logging_mixin.py:190} INFO - [2025-04-22T10:05:36.820+0000] {dag.py:3239} INFO - Sync 1 DAGs
[2025-04-22T10:05:36.827+0000] {logging_mixin.py:190} INFO - [2025-04-22T10:05:36.827+0000] {dag.py:4180} INFO - Setting next_dagrun for example_task_group to None, run_after=None
[2025-04-22T10:05:36.833+0000] {processor.py:208} INFO - Processing /home/airflow/.local/lib/python3.12/site-packages/airflow/example_dags/example_task_group.py took 0.032 seconds
[2025-04-22T10:06:07.191+0000] {processor.py:186} INFO - Started process (PID=155) to work on /home/airflow/.local/lib/python3.12/site-packages/airflow/example_dags/example_task_group.py
[2025-04-22T10:06:07.191+0000] {processor.py:914} INFO - Processing file /home/airflow/.local/lib/python3.12/site-packages/airflow/example_dags/example_task_group.py for tasks to queue
[2025-04-22T10:06:07.192+0000] {logging_mixin.py:190} INFO - [2025-04-22T10:06:07.192+0000] {dagbag.py:588} INFO - Filling up the DagBag from /home/airflow/.local/lib/python3.12/site-packages/airflow/example_dags/example_task_group.py
[2025-04-22T10:06:07.196+0000] {processor.py:925} INFO - DAG(s) 'example_task_group' retrieved from /home/airflow/.local/lib/python3.12/site-packages/airflow/example_dags/example_task_group.py
[2025-04-22T10:06:07.207+0000] {logging_mixin.py:190} INFO - [2025-04-22T10:06:07.207+0000] {dag.py:3239} INFO - Sync 1 DAGs
[2025-04-22T10:06:07.213+0000] {logging_mixin.py:190} INFO - [2025-04-22T10:06:07.213+0000] {dag.py:4180} INFO - Setting next_dagrun for example_task_group to None, run_after=None
[2025-04-22T10:06:07.220+0000] {processor.py:208} INFO - Processing /home/airflow/.local/lib/python3.12/site-packages/airflow/example_dags/example_task_group.py took 0.031 seconds
[2025-04-22T10:06:37.504+0000] {processor.py:186} INFO - Started process (PID=218) to work on /home/airflow/.local/lib/python3.12/site-packages/airflow/example_dags/example_task_group.py
[2025-04-22T10:06:37.504+0000] {processor.py:914} INFO - Processing file /home/airflow/.local/lib/python3.12/site-packages/airflow/example_dags/example_task_group.py for tasks to queue
[2025-04-22T10:06:37.505+0000] {logging_mixin.py:190} INFO - [2025-04-22T10:06:37.505+0000] {dagbag.py:588} INFO - Filling up the DagBag from /home/airflow/.local/lib/python3.12/site-packages/airflow/example_dags/example_task_group.py
[2025-04-22T10:06:37.509+0000] {processor.py:925} INFO - DAG(s) 'example_task_group' retrieved from /home/airflow/.local/lib/python3.12/site-packages/airflow/example_dags/example_task_group.py
[2025-04-22T10:06:37.518+0000] {logging_mixin.py:190} INFO - [2025-04-22T10:06:37.518+0000] {dag.py:3239} INFO - Sync 1 DAGs
[2025-04-22T10:06:37.524+0000] {logging_mixin.py:190} INFO - [2025-04-22T10:06:37.524+0000] {dag.py:4180} INFO - Setting next_dagrun for example_task_group to None, run_after=None
[2025-04-22T10:06:37.530+0000] {processor.py:208} INFO - Processing /home/airflow/.local/lib/python3.12/site-packages/airflow/example_dags/example_task_group.py took 0.029 seconds
[2025-04-22T10:07:07.894+0000] {processor.py:186} INFO - Started process (PID=281) to work on /home/airflow/.local/lib/python3.12/site-packages/airflow/example_dags/example_task_group.py
[2025-04-22T10:07:07.894+0000] {processor.py:914} INFO - Processing file /home/airflow/.local/lib/python3.12/site-packages/airflow/example_dags/example_task_group.py for tasks to queue
[2025-04-22T10:07:07.895+0000] {logging_mixin.py:190} INFO - [2025-04-22T10:07:07.895+0000] {dagbag.py:588} INFO - Filling up the DagBag from /home/airflow/.local/lib/python3.12/site-packages/airflow/example_dags/example_task_group.py
[2025-04-22T10:07:07.899+0000] {processor.py:925} INFO - DAG(s) 'example_task_group' retrieved from /home/airflow/.local/lib/python3.12/site-packages/airflow/example_dags/example_task_group.py
[2025-04-22T10:07:07.908+0000] {logging_mixin.py:190} INFO - [2025-04-22T10:07:07.908+0000] {dag.py:3239} INFO - Sync 1 DAGs
[2025-04-22T10:07:07.914+0000] {logging_mixin.py:190} INFO - [2025-04-22T10:07:07.914+0000] {dag.py:4180} INFO - Setting next_dagrun for example_task_group to None, run_after=None
[2025-04-22T10:07:07.921+0000] {processor.py:208} INFO - Processing /home/airflow/.local/lib/python3.12/site-packages/airflow/example_dags/example_task_group.py took 0.029 seconds
[2025-04-22T10:07:38.262+0000] {processor.py:186} INFO - Started process (PID=344) to work on /home/airflow/.local/lib/python3.12/site-packages/airflow/example_dags/example_task_group.py
[2025-04-22T10:07:38.262+0000] {processor.py:914} INFO - Processing file /home/airflow/.local/lib/python3.12/site-packages/airflow/example_dags/example_task_group.py for tasks to queue
[2025-04-22T10:07:38.263+0000] {logging_mixin.py:190} INFO - [2025-04-22T10:07:38.263+0000] {dagbag.py:588} INFO - Filling up the DagBag from /home/airflow/.local/lib/python3.12/site-packages/airflow/example_dags/example_task_group.py
[2025-04-22T10:07:38.267+0000] {processor.py:925} INFO - DAG(s) 'example_task_group' retrieved from /home/airflow/.local/lib/python3.12/site-packages/airflow/example_dags/example_task_group.py
[2025-04-22T10:07:38.276+0000] {logging_mixin.py:190} INFO - [2025-04-22T10:07:38.276+0000] {dag.py:3239} INFO - Sync 1 DAGs
[2025-04-22T10:07:38.283+0000] {logging_mixin.py:190} INFO - [2025-04-22T10:07:38.283+0000] {dag.py:4180} INFO - Setting next_dagrun for example_task_group to None, run_after=None
[2025-04-22T10:07:38.289+0000] {processor.py:208} INFO - Processing /home/airflow/.local/lib/python3.12/site-packages/airflow/example_dags/example_task_group.py took 0.030 seconds
[2025-04-22T10:08:08.587+0000] {processor.py:186} INFO - Started process (PID=407) to work on /home/airflow/.local/lib/python3.12/site-packages/airflow/example_dags/example_task_group.py
[2025-04-22T10:08:08.587+0000] {processor.py:914} INFO - Processing file /home/airflow/.local/lib/python3.12/site-packages/airflow/example_dags/example_task_group.py for tasks to queue
[2025-04-22T10:08:08.588+0000] {logging_mixin.py:190} INFO - [2025-04-22T10:08:08.588+0000] {dagbag.py:588} INFO - Filling up the DagBag from /home/airflow/.local/lib/python3.12/site-packages/airflow/example_dags/example_task_group.py
[2025-04-22T10:08:08.592+0000] {processor.py:925} INFO - DAG(s) 'example_task_group' retrieved from /home/airflow/.local/lib/python3.12/site-packages/airflow/example_dags/example_task_group.py
[2025-04-22T10:08:08.602+0000] {logging_mixin.py:190} INFO - [2025-04-22T10:08:08.602+0000] {dag.py:3239} INFO - Sync 1 DAGs
[2025-04-22T10:08:08.608+0000] {logging_mixin.py:190} INFO - [2025-04-22T10:08:08.608+0000] {dag.py:4180} INFO - Setting next_dagrun for example_task_group to None, run_after=None
[2025-04-22T10:08:08.614+0000] {processor.py:208} INFO - Processing /home/airflow/.local/lib/python3.12/site-packages/airflow/example_dags/example_task_group.py took 0.030 seconds
[2025-04-22T10:08:38.967+0000] {processor.py:186} INFO - Started process (PID=470) to work on /home/airflow/.local/lib/python3.12/site-packages/airflow/example_dags/example_task_group.py
[2025-04-22T10:08:38.967+0000] {processor.py:914} INFO - Processing file /home/airflow/.local/lib/python3.12/site-packages/airflow/example_dags/example_task_group.py for tasks to queue
[2025-04-22T10:08:38.968+0000] {logging_mixin.py:190} INFO - [2025-04-22T10:08:38.968+0000] {dagbag.py:588} INFO - Filling up the DagBag from /home/airflow/.local/lib/python3.12/site-packages/airflow/example_dags/example_task_group.py
[2025-04-22T10:08:38.972+0000] {processor.py:925} INFO - DAG(s) 'example_task_group' retrieved from /home/airflow/.local/lib/python3.12/site-packages/airflow/example_dags/example_task_group.py
[2025-04-22T10:08:38.982+0000] {logging_mixin.py:190} INFO - [2025-04-22T10:08:38.982+0000] {dag.py:3239} INFO - Sync 1 DAGs
[2025-04-22T10:08:38.988+0000] {logging_mixin.py:190} INFO - [2025-04-22T10:08:38.988+0000] {dag.py:4180} INFO - Setting next_dagrun for example_task_group to None, run_after=None
[2025-04-22T10:08:38.994+0000] {processor.py:208} INFO - Processing /home/airflow/.local/lib/python3.12/site-packages/airflow/example_dags/example_task_group.py took 0.030 seconds
[2025-04-22T10:09:09.255+0000] {processor.py:186} INFO - Started process (PID=533) to work on /home/airflow/.local/lib/python3.12/site-packages/airflow/example_dags/example_task_group.py
[2025-04-22T10:09:09.255+0000] {processor.py:914} INFO - Processing file /home/airflow/.local/lib/python3.12/site-packages/airflow/example_dags/example_task_group.py for tasks to queue
[2025-04-22T10:09:09.256+0000] {logging_mixin.py:190} INFO - [2025-04-22T10:09:09.256+0000] {dagbag.py:588} INFO - Filling up the DagBag from /home/airflow/.local/lib/python3.12/site-packages/airflow/example_dags/example_task_group.py
[2025-04-22T10:09:09.260+0000] {processor.py:925} INFO - DAG(s) 'example_task_group' retrieved from /home/airflow/.local/lib/python3.12/site-packages/airflow/example_dags/example_task_group.py
[2025-04-22T10:09:09.269+0000] {logging_mixin.py:190} INFO - [2025-04-22T10:09:09.269+0000] {dag.py:3239} INFO - Sync 1 DAGs
[2025-04-22T10:09:09.275+0000] {logging_mixin.py:190} INFO - [2025-04-22T10:09:09.275+0000] {dag.py:4180} INFO - Setting next_dagrun for example_task_group to None, run_after=None
[2025-04-22T10:09:09.281+0000] {processor.py:208} INFO - Processing /home/airflow/.local/lib/python3.12/site-packages/airflow/example_dags/example_task_group.py took 0.029 seconds
[2025-04-22T10:09:39.612+0000] {processor.py:186} INFO - Started process (PID=596) to work on /home/airflow/.local/lib/python3.12/site-packages/airflow/example_dags/example_task_group.py
[2025-04-22T10:09:39.613+0000] {processor.py:914} INFO - Processing file /home/airflow/.local/lib/python3.12/site-packages/airflow/example_dags/example_task_group.py for tasks to queue
[2025-04-22T10:09:39.614+0000] {logging_mixin.py:190} INFO - [2025-04-22T10:09:39.613+0000] {dagbag.py:588} INFO - Filling up the DagBag from /home/airflow/.local/lib/python3.12/site-packages/airflow/example_dags/example_task_group.py
[2025-04-22T10:09:39.617+0000] {processor.py:925} INFO - DAG(s) 'example_task_group' retrieved from /home/airflow/.local/lib/python3.12/site-packages/airflow/example_dags/example_task_group.py
[2025-04-22T10:09:39.626+0000] {logging_mixin.py:190} INFO - [2025-04-22T10:09:39.626+0000] {dag.py:3239} INFO - Sync 1 DAGs
[2025-04-22T10:09:39.632+0000] {logging_mixin.py:190} INFO - [2025-04-22T10:09:39.632+0000] {dag.py:4180} INFO - Setting next_dagrun for example_task_group to None, run_after=None
[2025-04-22T10:09:39.638+0000] {processor.py:208} INFO - Processing /home/airflow/.local/lib/python3.12/site-packages/airflow/example_dags/example_task_group.py took 0.029 seconds
[2025-04-22T10:10:09.959+0000] {processor.py:186} INFO - Started process (PID=659) to work on /home/airflow/.local/lib/python3.12/site-packages/airflow/example_dags/example_task_group.py
[2025-04-22T10:10:09.959+0000] {processor.py:914} INFO - Processing file /home/airflow/.local/lib/python3.12/site-packages/airflow/example_dags/example_task_group.py for tasks to queue
[2025-04-22T10:10:09.960+0000] {logging_mixin.py:190} INFO - [2025-04-22T10:10:09.960+0000] {dagbag.py:588} INFO - Filling up the DagBag from /home/airflow/.local/lib/python3.12/site-packages/airflow/example_dags/example_task_group.py
[2025-04-22T10:10:09.964+0000] {processor.py:925} INFO - DAG(s) 'example_task_group' retrieved from /home/airflow/.local/lib/python3.12/site-packages/airflow/example_dags/example_task_group.py
[2025-04-22T10:10:09.973+0000] {logging_mixin.py:190} INFO - [2025-04-22T10:10:09.973+0000] {dag.py:3239} INFO - Sync 1 DAGs
[2025-04-22T10:10:09.979+0000] {logging_mixin.py:190} INFO - [2025-04-22T10:10:09.979+0000] {dag.py:4180} INFO - Setting next_dagrun for example_task_group to None, run_after=None
[2025-04-22T10:10:09.985+0000] {processor.py:208} INFO - Processing /home/airflow/.local/lib/python3.12/site-packages/airflow/example_dags/example_task_group.py took 0.029 seconds
[2025-04-22T10:10:40.335+0000] {processor.py:186} INFO - Started process (PID=722) to work on /home/airflow/.local/lib/python3.12/site-packages/airflow/example_dags/example_task_group.py
[2025-04-22T10:10:40.335+0000] {processor.py:914} INFO - Processing file /home/airflow/.local/lib/python3.12/site-packages/airflow/example_dags/example_task_group.py for tasks to queue
[2025-04-22T10:10:40.336+0000] {logging_mixin.py:190} INFO - [2025-04-22T10:10:40.336+0000] {dagbag.py:588} INFO - Filling up the DagBag from /home/airflow/.local/lib/python3.12/site-packages/airflow/example_dags/example_task_group.py
[2025-04-22T10:10:40.340+0000] {processor.py:925} INFO - DAG(s) 'example_task_group' retrieved from /home/airflow/.local/lib/python3.12/site-packages/airflow/example_dags/example_task_group.py
[2025-04-22T10:10:40.349+0000] {logging_mixin.py:190} INFO - [2025-04-22T10:10:40.349+0000] {dag.py:3239} INFO - Sync 1 DAGs
[2025-04-22T10:10:40.355+0000] {logging_mixin.py:190} INFO - [2025-04-22T10:10:40.355+0000] {dag.py:4180} INFO - Setting next_dagrun for example_task_group to None, run_after=None
[2025-04-22T10:10:40.361+0000] {processor.py:208} INFO - Processing /home/airflow/.local/lib/python3.12/site-packages/airflow/example_dags/example_task_group.py took 0.029 seconds
[2025-04-22T10:11:10.493+0000] {processor.py:186} INFO - Started process (PID=784) to work on /home/airflow/.local/lib/python3.12/site-packages/airflow/example_dags/example_task_group.py
[2025-04-22T10:11:10.494+0000] {processor.py:914} INFO - Processing file /home/airflow/.local/lib/python3.12/site-packages/airflow/example_dags/example_task_group.py for tasks to queue
[2025-04-22T10:11:10.495+0000] {logging_mixin.py:190} INFO - [2025-04-22T10:11:10.494+0000] {dagbag.py:588} INFO - Filling up the DagBag from /home/airflow/.local/lib/python3.12/site-packages/airflow/example_dags/example_task_group.py
[2025-04-22T10:11:10.499+0000] {processor.py:925} INFO - DAG(s) 'example_task_group' retrieved from /home/airflow/.local/lib/python3.12/site-packages/airflow/example_dags/example_task_group.py
[2025-04-22T10:11:10.509+0000] {logging_mixin.py:190} INFO - [2025-04-22T10:11:10.508+0000] {dag.py:3239} INFO - Sync 1 DAGs
[2025-04-22T10:11:10.515+0000] {logging_mixin.py:190} INFO - [2025-04-22T10:11:10.515+0000] {dag.py:4180} INFO - Setting next_dagrun for example_task_group to None, run_after=None
[2025-04-22T10:11:10.521+0000] {processor.py:208} INFO - Processing /home/airflow/.local/lib/python3.12/site-packages/airflow/example_dags/example_task_group.py took 0.031 seconds
[2025-04-22T10:11:40.743+0000] {processor.py:186} INFO - Started process (PID=846) to work on /home/airflow/.local/lib/python3.12/site-packages/airflow/example_dags/example_task_group.py
[2025-04-22T10:11:40.744+0000] {processor.py:914} INFO - Processing file /home/airflow/.local/lib/python3.12/site-packages/airflow/example_dags/example_task_group.py for tasks to queue
[2025-04-22T10:11:40.745+0000] {logging_mixin.py:190} INFO - [2025-04-22T10:11:40.745+0000] {dagbag.py:588} INFO - Filling up the DagBag from /home/airflow/.local/lib/python3.12/site-packages/airflow/example_dags/example_task_group.py
[2025-04-22T10:11:40.749+0000] {processor.py:925} INFO - DAG(s) 'example_task_group' retrieved from /home/airflow/.local/lib/python3.12/site-packages/airflow/example_dags/example_task_group.py
[2025-04-22T10:11:40.759+0000] {logging_mixin.py:190} INFO - [2025-04-22T10:11:40.759+0000] {dag.py:3239} INFO - Sync 1 DAGs
[2025-04-22T10:11:40.765+0000] {logging_mixin.py:190} INFO - [2025-04-22T10:11:40.765+0000] {dag.py:4180} INFO - Setting next_dagrun for example_task_group to None, run_after=None
[2025-04-22T10:11:40.772+0000] {processor.py:208} INFO - Processing /home/airflow/.local/lib/python3.12/site-packages/airflow/example_dags/example_task_group.py took 0.031 seconds
[2025-04-22T10:12:11.083+0000] {processor.py:186} INFO - Started process (PID=909) to work on /home/airflow/.local/lib/python3.12/site-packages/airflow/example_dags/example_task_group.py
[2025-04-22T10:12:11.083+0000] {processor.py:914} INFO - Processing file /home/airflow/.local/lib/python3.12/site-packages/airflow/example_dags/example_task_group.py for tasks to queue
[2025-04-22T10:12:11.084+0000] {logging_mixin.py:190} INFO - [2025-04-22T10:12:11.084+0000] {dagbag.py:588} INFO - Filling up the DagBag from /home/airflow/.local/lib/python3.12/site-packages/airflow/example_dags/example_task_group.py
[2025-04-22T10:12:11.089+0000] {processor.py:925} INFO - DAG(s) 'example_task_group' retrieved from /home/airflow/.local/lib/python3.12/site-packages/airflow/example_dags/example_task_group.py
[2025-04-22T10:12:11.098+0000] {logging_mixin.py:190} INFO - [2025-04-22T10:12:11.098+0000] {dag.py:3239} INFO - Sync 1 DAGs
[2025-04-22T10:12:11.105+0000] {logging_mixin.py:190} INFO - [2025-04-22T10:12:11.105+0000] {dag.py:4180} INFO - Setting next_dagrun for example_task_group to None, run_after=None
[2025-04-22T10:12:11.111+0000] {processor.py:208} INFO - Processing /home/airflow/.local/lib/python3.12/site-packages/airflow/example_dags/example_task_group.py took 0.032 seconds
[2025-04-22T10:12:41.560+0000] {processor.py:186} INFO - Started process (PID=972) to work on /home/airflow/.local/lib/python3.12/site-packages/airflow/example_dags/example_task_group.py
[2025-04-22T10:12:41.560+0000] {processor.py:914} INFO - Processing file /home/airflow/.local/lib/python3.12/site-packages/airflow/example_dags/example_task_group.py for tasks to queue
[2025-04-22T10:12:41.561+0000] {logging_mixin.py:190} INFO - [2025-04-22T10:12:41.561+0000] {dagbag.py:588} INFO - Filling up the DagBag from /home/airflow/.local/lib/python3.12/site-packages/airflow/example_dags/example_task_group.py
[2025-04-22T10:12:41.566+0000] {processor.py:925} INFO - DAG(s) 'example_task_group' retrieved from /home/airflow/.local/lib/python3.12/site-packages/airflow/example_dags/example_task_group.py
[2025-04-22T10:12:41.576+0000] {logging_mixin.py:190} INFO - [2025-04-22T10:12:41.576+0000] {dag.py:3239} INFO - Sync 1 DAGs
[2025-04-22T10:12:41.583+0000] {logging_mixin.py:190} INFO - [2025-04-22T10:12:41.583+0000] {dag.py:4180} INFO - Setting next_dagrun for example_task_group to None, run_after=None
[2025-04-22T10:12:41.590+0000] {processor.py:208} INFO - Processing /home/airflow/.local/lib/python3.12/site-packages/airflow/example_dags/example_task_group.py took 0.034 seconds
[2025-04-22T10:13:11.957+0000] {processor.py:186} INFO - Started process (PID=1035) to work on /home/airflow/.local/lib/python3.12/site-packages/airflow/example_dags/example_task_group.py
[2025-04-22T10:13:11.958+0000] {processor.py:914} INFO - Processing file /home/airflow/.local/lib/python3.12/site-packages/airflow/example_dags/example_task_group.py for tasks to queue
[2025-04-22T10:13:11.959+0000] {logging_mixin.py:190} INFO - [2025-04-22T10:13:11.958+0000] {dagbag.py:588} INFO - Filling up the DagBag from /home/airflow/.local/lib/python3.12/site-packages/airflow/example_dags/example_task_group.py
[2025-04-22T10:13:11.963+0000] {processor.py:925} INFO - DAG(s) 'example_task_group' retrieved from /home/airflow/.local/lib/python3.12/site-packages/airflow/example_dags/example_task_group.py
[2025-04-22T10:13:11.973+0000] {logging_mixin.py:190} INFO - [2025-04-22T10:13:11.973+0000] {dag.py:3239} INFO - Sync 1 DAGs
[2025-04-22T10:13:11.980+0000] {logging_mixin.py:190} INFO - [2025-04-22T10:13:11.980+0000] {dag.py:4180} INFO - Setting next_dagrun for example_task_group to None, run_after=None
[2025-04-22T10:13:11.986+0000] {processor.py:208} INFO - Processing /home/airflow/.local/lib/python3.12/site-packages/airflow/example_dags/example_task_group.py took 0.032 seconds
[2025-04-22T10:13:42.355+0000] {processor.py:186} INFO - Started process (PID=1098) to work on /home/airflow/.local/lib/python3.12/site-packages/airflow/example_dags/example_task_group.py
[2025-04-22T10:13:42.356+0000] {processor.py:914} INFO - Processing file /home/airflow/.local/lib/python3.12/site-packages/airflow/example_dags/example_task_group.py for tasks to queue
[2025-04-22T10:13:42.357+0000] {logging_mixin.py:190} INFO - [2025-04-22T10:13:42.357+0000] {dagbag.py:588} INFO - Filling up the DagBag from /home/airflow/.local/lib/python3.12/site-packages/airflow/example_dags/example_task_group.py
[2025-04-22T10:13:42.361+0000] {processor.py:925} INFO - DAG(s) 'example_task_group' retrieved from /home/airflow/.local/lib/python3.12/site-packages/airflow/example_dags/example_task_group.py
[2025-04-22T10:13:42.371+0000] {logging_mixin.py:190} INFO - [2025-04-22T10:13:42.371+0000] {dag.py:3239} INFO - Sync 1 DAGs
[2025-04-22T10:13:42.377+0000] {logging_mixin.py:190} INFO - [2025-04-22T10:13:42.377+0000] {dag.py:4180} INFO - Setting next_dagrun for example_task_group to None, run_after=None
[2025-04-22T10:13:42.384+0000] {processor.py:208} INFO - Processing /home/airflow/.local/lib/python3.12/site-packages/airflow/example_dags/example_task_group.py took 0.031 seconds
[2025-04-22T10:14:12.829+0000] {processor.py:186} INFO - Started process (PID=1161) to work on /home/airflow/.local/lib/python3.12/site-packages/airflow/example_dags/example_task_group.py
[2025-04-22T10:14:12.829+0000] {processor.py:914} INFO - Processing file /home/airflow/.local/lib/python3.12/site-packages/airflow/example_dags/example_task_group.py for tasks to queue
[2025-04-22T10:14:12.830+0000] {logging_mixin.py:190} INFO - [2025-04-22T10:14:12.830+0000] {dagbag.py:588} INFO - Filling up the DagBag from /home/airflow/.local/lib/python3.12/site-packages/airflow/example_dags/example_task_group.py
[2025-04-22T10:14:12.835+0000] {processor.py:925} INFO - DAG(s) 'example_task_group' retrieved from /home/airflow/.local/lib/python3.12/site-packages/airflow/example_dags/example_task_group.py
[2025-04-22T10:14:12.845+0000] {logging_mixin.py:190} INFO - [2025-04-22T10:14:12.845+0000] {dag.py:3239} INFO - Sync 1 DAGs
[2025-04-22T10:14:12.852+0000] {logging_mixin.py:190} INFO - [2025-04-22T10:14:12.851+0000] {dag.py:4180} INFO - Setting next_dagrun for example_task_group to None, run_after=None
[2025-04-22T10:14:12.858+0000] {processor.py:208} INFO - Processing /home/airflow/.local/lib/python3.12/site-packages/airflow/example_dags/example_task_group.py took 0.032 seconds
[2025-04-22T10:14:43.148+0000] {processor.py:186} INFO - Started process (PID=1224) to work on /home/airflow/.local/lib/python3.12/site-packages/airflow/example_dags/example_task_group.py
[2025-04-22T10:14:43.148+0000] {processor.py:914} INFO - Processing file /home/airflow/.local/lib/python3.12/site-packages/airflow/example_dags/example_task_group.py for tasks to queue
[2025-04-22T10:14:43.149+0000] {logging_mixin.py:190} INFO - [2025-04-22T10:14:43.149+0000] {dagbag.py:588} INFO - Filling up the DagBag from /home/airflow/.local/lib/python3.12/site-packages/airflow/example_dags/example_task_group.py
[2025-04-22T10:14:43.154+0000] {processor.py:925} INFO - DAG(s) 'example_task_group' retrieved from /home/airflow/.local/lib/python3.12/site-packages/airflow/example_dags/example_task_group.py
[2025-04-22T10:14:43.163+0000] {logging_mixin.py:190} INFO - [2025-04-22T10:14:43.163+0000] {dag.py:3239} INFO - Sync 1 DAGs
[2025-04-22T10:14:43.170+0000] {logging_mixin.py:190} INFO - [2025-04-22T10:14:43.169+0000] {dag.py:4180} INFO - Setting next_dagrun for example_task_group to None, run_after=None
[2025-04-22T10:14:43.176+0000] {processor.py:208} INFO - Processing /home/airflow/.local/lib/python3.12/site-packages/airflow/example_dags/example_task_group.py took 0.032 seconds
[2025-04-22T10:15:13.619+0000] {processor.py:186} INFO - Started process (PID=1287) to work on /home/airflow/.local/lib/python3.12/site-packages/airflow/example_dags/example_task_group.py
[2025-04-22T10:15:13.619+0000] {processor.py:914} INFO - Processing file /home/airflow/.local/lib/python3.12/site-packages/airflow/example_dags/example_task_group.py for tasks to queue
[2025-04-22T10:15:13.620+0000] {logging_mixin.py:190} INFO - [2025-04-22T10:15:13.620+0000] {dagbag.py:588} INFO - Filling up the DagBag from /home/airflow/.local/lib/python3.12/site-packages/airflow/example_dags/example_task_group.py
[2025-04-22T10:15:13.625+0000] {processor.py:925} INFO - DAG(s) 'example_task_group' retrieved from /home/airflow/.local/lib/python3.12/site-packages/airflow/example_dags/example_task_group.py
[2025-04-22T10:15:13.634+0000] {logging_mixin.py:190} INFO - [2025-04-22T10:15:13.634+0000] {dag.py:3239} INFO - Sync 1 DAGs
[2025-04-22T10:15:13.641+0000] {logging_mixin.py:190} INFO - [2025-04-22T10:15:13.640+0000] {dag.py:4180} INFO - Setting next_dagrun for example_task_group to None, run_after=None
[2025-04-22T10:15:13.647+0000] {processor.py:208} INFO - Processing /home/airflow/.local/lib/python3.12/site-packages/airflow/example_dags/example_task_group.py took 0.032 seconds
[2025-04-22T10:15:44.226+0000] {processor.py:186} INFO - Started process (PID=1351) to work on /home/airflow/.local/lib/python3.12/site-packages/airflow/example_dags/example_task_group.py
[2025-04-22T10:15:44.226+0000] {processor.py:914} INFO - Processing file /home/airflow/.local/lib/python3.12/site-packages/airflow/example_dags/example_task_group.py for tasks to queue
[2025-04-22T10:15:44.227+0000] {logging_mixin.py:190} INFO - [2025-04-22T10:15:44.227+0000] {dagbag.py:588} INFO - Filling up the DagBag from /home/airflow/.local/lib/python3.12/site-packages/airflow/example_dags/example_task_group.py
[2025-04-22T10:15:44.231+0000] {processor.py:925} INFO - DAG(s) 'example_task_group' retrieved from /home/airflow/.local/lib/python3.12/site-packages/airflow/example_dags/example_task_group.py
[2025-04-22T10:15:44.241+0000] {logging_mixin.py:190} INFO - [2025-04-22T10:15:44.241+0000] {dag.py:3239} INFO - Sync 1 DAGs
[2025-04-22T10:15:44.247+0000] {logging_mixin.py:190} INFO - [2025-04-22T10:15:44.247+0000] {dag.py:4180} INFO - Setting next_dagrun for example_task_group to None, run_after=None
[2025-04-22T10:15:44.254+0000] {processor.py:208} INFO - Processing /home/airflow/.local/lib/python3.12/site-packages/airflow/example_dags/example_task_group.py took 0.031 seconds
[2025-04-22T10:16:14.767+0000] {processor.py:186} INFO - Started process (PID=1414) to work on /home/airflow/.local/lib/python3.12/site-packages/airflow/example_dags/example_task_group.py
[2025-04-22T10:16:14.768+0000] {processor.py:914} INFO - Processing file /home/airflow/.local/lib/python3.12/site-packages/airflow/example_dags/example_task_group.py for tasks to queue
[2025-04-22T10:16:14.769+0000] {logging_mixin.py:190} INFO - [2025-04-22T10:16:14.769+0000] {dagbag.py:588} INFO - Filling up the DagBag from /home/airflow/.local/lib/python3.12/site-packages/airflow/example_dags/example_task_group.py
[2025-04-22T10:16:14.773+0000] {processor.py:925} INFO - DAG(s) 'example_task_group' retrieved from /home/airflow/.local/lib/python3.12/site-packages/airflow/example_dags/example_task_group.py
[2025-04-22T10:16:14.784+0000] {logging_mixin.py:190} INFO - [2025-04-22T10:16:14.783+0000] {dag.py:3239} INFO - Sync 1 DAGs
[2025-04-22T10:16:14.790+0000] {logging_mixin.py:190} INFO - [2025-04-22T10:16:14.790+0000] {dag.py:4180} INFO - Setting next_dagrun for example_task_group to None, run_after=None
[2025-04-22T10:16:14.797+0000] {processor.py:208} INFO - Processing /home/airflow/.local/lib/python3.12/site-packages/airflow/example_dags/example_task_group.py took 0.032 seconds
[2025-04-22T10:16:45.279+0000] {processor.py:186} INFO - Started process (PID=1477) to work on /home/airflow/.local/lib/python3.12/site-packages/airflow/example_dags/example_task_group.py
[2025-04-22T10:16:45.279+0000] {processor.py:914} INFO - Processing file /home/airflow/.local/lib/python3.12/site-packages/airflow/example_dags/example_task_group.py for tasks to queue
[2025-04-22T10:16:45.280+0000] {logging_mixin.py:190} INFO - [2025-04-22T10:16:45.280+0000] {dagbag.py:588} INFO - Filling up the DagBag from /home/airflow/.local/lib/python3.12/site-packages/airflow/example_dags/example_task_group.py
[2025-04-22T10:16:45.285+0000] {processor.py:925} INFO - DAG(s) 'example_task_group' retrieved from /home/airflow/.local/lib/python3.12/site-packages/airflow/example_dags/example_task_group.py
[2025-04-22T10:16:45.294+0000] {logging_mixin.py:190} INFO - [2025-04-22T10:16:45.294+0000] {dag.py:3239} INFO - Sync 1 DAGs
[2025-04-22T10:16:45.301+0000] {logging_mixin.py:190} INFO - [2025-04-22T10:16:45.300+0000] {dag.py:4180} INFO - Setting next_dagrun for example_task_group to None, run_after=None
[2025-04-22T10:16:45.307+0000] {processor.py:208} INFO - Processing /home/airflow/.local/lib/python3.12/site-packages/airflow/example_dags/example_task_group.py took 0.031 seconds
[2025-04-22T10:17:15.795+0000] {processor.py:186} INFO - Started process (PID=1540) to work on /home/airflow/.local/lib/python3.12/site-packages/airflow/example_dags/example_task_group.py
[2025-04-22T10:17:15.796+0000] {processor.py:914} INFO - Processing file /home/airflow/.local/lib/python3.12/site-packages/airflow/example_dags/example_task_group.py for tasks to queue
[2025-04-22T10:17:15.797+0000] {logging_mixin.py:190} INFO - [2025-04-22T10:17:15.797+0000] {dagbag.py:588} INFO - Filling up the DagBag from /home/airflow/.local/lib/python3.12/site-packages/airflow/example_dags/example_task_group.py
[2025-04-22T10:17:15.801+0000] {processor.py:925} INFO - DAG(s) 'example_task_group' retrieved from /home/airflow/.local/lib/python3.12/site-packages/airflow/example_dags/example_task_group.py
[2025-04-22T10:17:15.811+0000] {logging_mixin.py:190} INFO - [2025-04-22T10:17:15.810+0000] {dag.py:3239} INFO - Sync 1 DAGs
[2025-04-22T10:17:15.817+0000] {logging_mixin.py:190} INFO - [2025-04-22T10:17:15.817+0000] {dag.py:4180} INFO - Setting next_dagrun for example_task_group to None, run_after=None
[2025-04-22T10:17:15.823+0000] {processor.py:208} INFO - Processing /home/airflow/.local/lib/python3.12/site-packages/airflow/example_dags/example_task_group.py took 0.031 seconds
[2025-04-22T10:17:46.310+0000] {processor.py:186} INFO - Started process (PID=1603) to work on /home/airflow/.local/lib/python3.12/site-packages/airflow/example_dags/example_task_group.py
[2025-04-22T10:17:46.311+0000] {processor.py:914} INFO - Processing file /home/airflow/.local/lib/python3.12/site-packages/airflow/example_dags/example_task_group.py for tasks to queue
[2025-04-22T10:17:46.312+0000] {logging_mixin.py:190} INFO - [2025-04-22T10:17:46.312+0000] {dagbag.py:588} INFO - Filling up the DagBag from /home/airflow/.local/lib/python3.12/site-packages/airflow/example_dags/example_task_group.py
[2025-04-22T10:17:46.315+0000] {processor.py:925} INFO - DAG(s) 'example_task_group' retrieved from /home/airflow/.local/lib/python3.12/site-packages/airflow/example_dags/example_task_group.py
[2025-04-22T10:17:46.325+0000] {logging_mixin.py:190} INFO - [2025-04-22T10:17:46.325+0000] {dag.py:3239} INFO - Sync 1 DAGs
[2025-04-22T10:17:46.331+0000] {logging_mixin.py:190} INFO - [2025-04-22T10:17:46.331+0000] {dag.py:4180} INFO - Setting next_dagrun for example_task_group to None, run_after=None
[2025-04-22T10:17:46.337+0000] {processor.py:208} INFO - Processing /home/airflow/.local/lib/python3.12/site-packages/airflow/example_dags/example_task_group.py took 0.029 seconds
