[2025-04-22T09:53:50.109+0000] {processor.py:186} INFO - Started process (PID=118) to work on /home/airflow/.local/lib/python3.12/site-packages/airflow/example_dags/example_sensors.py
[2025-04-22T09:53:50.109+0000] {processor.py:914} INFO - Processing file /home/airflow/.local/lib/python3.12/site-packages/airflow/example_dags/example_sensors.py for tasks to queue
[2025-04-22T09:53:50.110+0000] {logging_mixin.py:190} INFO - [2025-04-22T09:53:50.110+0000] {dagbag.py:588} INFO - Filling up the DagBag from /home/airflow/.local/lib/python3.12/site-packages/airflow/example_dags/example_sensors.py
[2025-04-22T09:53:50.116+0000] {processor.py:925} INFO - DAG(s) 'example_sensors' retrieved from /home/airflow/.local/lib/python3.12/site-packages/airflow/example_dags/example_sensors.py
[2025-04-22T09:53:50.122+0000] {logging_mixin.py:190} INFO - [2025-04-22T09:53:50.122+0000] {dag.py:3239} INFO - Sync 1 DAGs
[2025-04-22T09:53:50.128+0000] {logging_mixin.py:190} INFO - [2025-04-22T09:53:50.128+0000] {dag.py:4180} INFO - Setting next_dagrun for example_sensors to None, run_after=None
[2025-04-22T09:53:50.134+0000] {processor.py:208} INFO - Processing /home/airflow/.local/lib/python3.12/site-packages/airflow/example_dags/example_sensors.py took 0.028 seconds
[2025-04-22T09:55:03.606+0000] {processor.py:186} INFO - Started process (PID=118) to work on /home/airflow/.local/lib/python3.12/site-packages/airflow/example_dags/example_sensors.py
[2025-04-22T09:55:03.606+0000] {processor.py:914} INFO - Processing file /home/airflow/.local/lib/python3.12/site-packages/airflow/example_dags/example_sensors.py for tasks to queue
[2025-04-22T09:55:03.607+0000] {logging_mixin.py:190} INFO - [2025-04-22T09:55:03.607+0000] {dagbag.py:588} INFO - Filling up the DagBag from /home/airflow/.local/lib/python3.12/site-packages/airflow/example_dags/example_sensors.py
[2025-04-22T09:55:03.613+0000] {processor.py:925} INFO - DAG(s) 'example_sensors' retrieved from /home/airflow/.local/lib/python3.12/site-packages/airflow/example_dags/example_sensors.py
[2025-04-22T09:55:03.663+0000] {logging_mixin.py:190} INFO - [2025-04-22T09:55:03.663+0000] {dag.py:3239} INFO - Sync 1 DAGs
[2025-04-22T09:55:03.669+0000] {logging_mixin.py:190} INFO - [2025-04-22T09:55:03.669+0000] {dag.py:4180} INFO - Setting next_dagrun for example_sensors to None, run_after=None
[2025-04-22T09:55:03.675+0000] {processor.py:208} INFO - Processing /home/airflow/.local/lib/python3.12/site-packages/airflow/example_dags/example_sensors.py took 0.072 seconds
[2025-04-22T09:55:34.018+0000] {processor.py:186} INFO - Started process (PID=181) to work on /home/airflow/.local/lib/python3.12/site-packages/airflow/example_dags/example_sensors.py
[2025-04-22T09:55:34.018+0000] {processor.py:914} INFO - Processing file /home/airflow/.local/lib/python3.12/site-packages/airflow/example_dags/example_sensors.py for tasks to queue
[2025-04-22T09:55:34.019+0000] {logging_mixin.py:190} INFO - [2025-04-22T09:55:34.019+0000] {dagbag.py:588} INFO - Filling up the DagBag from /home/airflow/.local/lib/python3.12/site-packages/airflow/example_dags/example_sensors.py
[2025-04-22T09:55:34.024+0000] {processor.py:925} INFO - DAG(s) 'example_sensors' retrieved from /home/airflow/.local/lib/python3.12/site-packages/airflow/example_dags/example_sensors.py
[2025-04-22T09:55:34.034+0000] {logging_mixin.py:190} INFO - [2025-04-22T09:55:34.034+0000] {dag.py:3239} INFO - Sync 1 DAGs
[2025-04-22T09:55:34.040+0000] {logging_mixin.py:190} INFO - [2025-04-22T09:55:34.040+0000] {dag.py:4180} INFO - Setting next_dagrun for example_sensors to None, run_after=None
[2025-04-22T09:55:34.046+0000] {processor.py:208} INFO - Processing /home/airflow/.local/lib/python3.12/site-packages/airflow/example_dags/example_sensors.py took 0.031 seconds
[2025-04-22T09:56:05.268+0000] {processor.py:186} INFO - Started process (PID=244) to work on /home/airflow/.local/lib/python3.12/site-packages/airflow/example_dags/example_sensors.py
[2025-04-22T09:56:05.268+0000] {processor.py:914} INFO - Processing file /home/airflow/.local/lib/python3.12/site-packages/airflow/example_dags/example_sensors.py for tasks to queue
[2025-04-22T09:56:05.269+0000] {logging_mixin.py:190} INFO - [2025-04-22T09:56:05.269+0000] {dagbag.py:588} INFO - Filling up the DagBag from /home/airflow/.local/lib/python3.12/site-packages/airflow/example_dags/example_sensors.py
[2025-04-22T09:56:05.274+0000] {processor.py:925} INFO - DAG(s) 'example_sensors' retrieved from /home/airflow/.local/lib/python3.12/site-packages/airflow/example_dags/example_sensors.py
[2025-04-22T09:56:05.285+0000] {logging_mixin.py:190} INFO - [2025-04-22T09:56:05.285+0000] {dag.py:3239} INFO - Sync 1 DAGs
[2025-04-22T09:56:05.290+0000] {logging_mixin.py:190} INFO - [2025-04-22T09:56:05.290+0000] {dag.py:4180} INFO - Setting next_dagrun for example_sensors to None, run_after=None
[2025-04-22T09:56:05.297+0000] {processor.py:208} INFO - Processing /home/airflow/.local/lib/python3.12/site-packages/airflow/example_dags/example_sensors.py took 0.032 seconds
[2025-04-22T09:56:36.534+0000] {processor.py:186} INFO - Started process (PID=307) to work on /home/airflow/.local/lib/python3.12/site-packages/airflow/example_dags/example_sensors.py
[2025-04-22T09:56:36.535+0000] {processor.py:914} INFO - Processing file /home/airflow/.local/lib/python3.12/site-packages/airflow/example_dags/example_sensors.py for tasks to queue
[2025-04-22T09:56:36.536+0000] {logging_mixin.py:190} INFO - [2025-04-22T09:56:36.536+0000] {dagbag.py:588} INFO - Filling up the DagBag from /home/airflow/.local/lib/python3.12/site-packages/airflow/example_dags/example_sensors.py
[2025-04-22T09:56:36.541+0000] {processor.py:925} INFO - DAG(s) 'example_sensors' retrieved from /home/airflow/.local/lib/python3.12/site-packages/airflow/example_dags/example_sensors.py
[2025-04-22T09:56:36.551+0000] {logging_mixin.py:190} INFO - [2025-04-22T09:56:36.551+0000] {dag.py:3239} INFO - Sync 1 DAGs
[2025-04-22T09:56:36.557+0000] {logging_mixin.py:190} INFO - [2025-04-22T09:56:36.557+0000] {dag.py:4180} INFO - Setting next_dagrun for example_sensors to None, run_after=None
[2025-04-22T09:56:36.563+0000] {processor.py:208} INFO - Processing /home/airflow/.local/lib/python3.12/site-packages/airflow/example_dags/example_sensors.py took 0.032 seconds
[2025-04-22T09:57:07.749+0000] {processor.py:186} INFO - Started process (PID=370) to work on /home/airflow/.local/lib/python3.12/site-packages/airflow/example_dags/example_sensors.py
[2025-04-22T09:57:07.750+0000] {processor.py:914} INFO - Processing file /home/airflow/.local/lib/python3.12/site-packages/airflow/example_dags/example_sensors.py for tasks to queue
[2025-04-22T09:57:07.751+0000] {logging_mixin.py:190} INFO - [2025-04-22T09:57:07.750+0000] {dagbag.py:588} INFO - Filling up the DagBag from /home/airflow/.local/lib/python3.12/site-packages/airflow/example_dags/example_sensors.py
[2025-04-22T09:57:07.755+0000] {processor.py:925} INFO - DAG(s) 'example_sensors' retrieved from /home/airflow/.local/lib/python3.12/site-packages/airflow/example_dags/example_sensors.py
[2025-04-22T09:57:07.766+0000] {logging_mixin.py:190} INFO - [2025-04-22T09:57:07.766+0000] {dag.py:3239} INFO - Sync 1 DAGs
[2025-04-22T09:57:07.772+0000] {logging_mixin.py:190} INFO - [2025-04-22T09:57:07.772+0000] {dag.py:4180} INFO - Setting next_dagrun for example_sensors to None, run_after=None
[2025-04-22T09:57:07.779+0000] {processor.py:208} INFO - Processing /home/airflow/.local/lib/python3.12/site-packages/airflow/example_dags/example_sensors.py took 0.032 seconds
[2025-04-22T09:57:39.083+0000] {processor.py:186} INFO - Started process (PID=433) to work on /home/airflow/.local/lib/python3.12/site-packages/airflow/example_dags/example_sensors.py
[2025-04-22T09:57:39.083+0000] {processor.py:914} INFO - Processing file /home/airflow/.local/lib/python3.12/site-packages/airflow/example_dags/example_sensors.py for tasks to queue
[2025-04-22T09:57:39.084+0000] {logging_mixin.py:190} INFO - [2025-04-22T09:57:39.084+0000] {dagbag.py:588} INFO - Filling up the DagBag from /home/airflow/.local/lib/python3.12/site-packages/airflow/example_dags/example_sensors.py
[2025-04-22T09:57:39.089+0000] {processor.py:925} INFO - DAG(s) 'example_sensors' retrieved from /home/airflow/.local/lib/python3.12/site-packages/airflow/example_dags/example_sensors.py
[2025-04-22T09:57:39.100+0000] {logging_mixin.py:190} INFO - [2025-04-22T09:57:39.100+0000] {dag.py:3239} INFO - Sync 1 DAGs
[2025-04-22T09:57:39.105+0000] {logging_mixin.py:190} INFO - [2025-04-22T09:57:39.105+0000] {dag.py:4180} INFO - Setting next_dagrun for example_sensors to None, run_after=None
[2025-04-22T09:57:39.112+0000] {processor.py:208} INFO - Processing /home/airflow/.local/lib/python3.12/site-packages/airflow/example_dags/example_sensors.py took 0.032 seconds
[2025-04-22T09:58:35.615+0000] {processor.py:186} INFO - Started process (PID=118) to work on /home/airflow/.local/lib/python3.12/site-packages/airflow/example_dags/example_sensors.py
[2025-04-22T09:58:35.615+0000] {processor.py:914} INFO - Processing file /home/airflow/.local/lib/python3.12/site-packages/airflow/example_dags/example_sensors.py for tasks to queue
[2025-04-22T09:58:35.616+0000] {logging_mixin.py:190} INFO - [2025-04-22T09:58:35.616+0000] {dagbag.py:588} INFO - Filling up the DagBag from /home/airflow/.local/lib/python3.12/site-packages/airflow/example_dags/example_sensors.py
[2025-04-22T09:58:35.622+0000] {processor.py:925} INFO - DAG(s) 'example_sensors' retrieved from /home/airflow/.local/lib/python3.12/site-packages/airflow/example_dags/example_sensors.py
[2025-04-22T09:58:35.633+0000] {logging_mixin.py:190} INFO - [2025-04-22T09:58:35.633+0000] {dag.py:3239} INFO - Sync 1 DAGs
[2025-04-22T09:58:35.639+0000] {logging_mixin.py:190} INFO - [2025-04-22T09:58:35.639+0000] {dag.py:4180} INFO - Setting next_dagrun for example_sensors to None, run_after=None
[2025-04-22T09:58:35.646+0000] {processor.py:208} INFO - Processing /home/airflow/.local/lib/python3.12/site-packages/airflow/example_dags/example_sensors.py took 0.036 seconds
[2025-04-22T09:59:06.060+0000] {processor.py:186} INFO - Started process (PID=181) to work on /home/airflow/.local/lib/python3.12/site-packages/airflow/example_dags/example_sensors.py
[2025-04-22T09:59:06.060+0000] {processor.py:914} INFO - Processing file /home/airflow/.local/lib/python3.12/site-packages/airflow/example_dags/example_sensors.py for tasks to queue
[2025-04-22T09:59:06.061+0000] {logging_mixin.py:190} INFO - [2025-04-22T09:59:06.061+0000] {dagbag.py:588} INFO - Filling up the DagBag from /home/airflow/.local/lib/python3.12/site-packages/airflow/example_dags/example_sensors.py
[2025-04-22T09:59:06.066+0000] {processor.py:925} INFO - DAG(s) 'example_sensors' retrieved from /home/airflow/.local/lib/python3.12/site-packages/airflow/example_dags/example_sensors.py
[2025-04-22T09:59:06.077+0000] {logging_mixin.py:190} INFO - [2025-04-22T09:59:06.077+0000] {dag.py:3239} INFO - Sync 1 DAGs
[2025-04-22T09:59:06.083+0000] {logging_mixin.py:190} INFO - [2025-04-22T09:59:06.083+0000] {dag.py:4180} INFO - Setting next_dagrun for example_sensors to None, run_after=None
[2025-04-22T09:59:06.089+0000] {processor.py:208} INFO - Processing /home/airflow/.local/lib/python3.12/site-packages/airflow/example_dags/example_sensors.py took 0.034 seconds
[2025-04-22T09:59:36.543+0000] {processor.py:186} INFO - Started process (PID=244) to work on /home/airflow/.local/lib/python3.12/site-packages/airflow/example_dags/example_sensors.py
[2025-04-22T09:59:36.544+0000] {processor.py:914} INFO - Processing file /home/airflow/.local/lib/python3.12/site-packages/airflow/example_dags/example_sensors.py for tasks to queue
[2025-04-22T09:59:36.545+0000] {logging_mixin.py:190} INFO - [2025-04-22T09:59:36.545+0000] {dagbag.py:588} INFO - Filling up the DagBag from /home/airflow/.local/lib/python3.12/site-packages/airflow/example_dags/example_sensors.py
[2025-04-22T09:59:36.549+0000] {processor.py:925} INFO - DAG(s) 'example_sensors' retrieved from /home/airflow/.local/lib/python3.12/site-packages/airflow/example_dags/example_sensors.py
[2025-04-22T09:59:36.560+0000] {logging_mixin.py:190} INFO - [2025-04-22T09:59:36.560+0000] {dag.py:3239} INFO - Sync 1 DAGs
[2025-04-22T09:59:36.566+0000] {logging_mixin.py:190} INFO - [2025-04-22T09:59:36.565+0000] {dag.py:4180} INFO - Setting next_dagrun for example_sensors to None, run_after=None
[2025-04-22T09:59:36.572+0000] {processor.py:208} INFO - Processing /home/airflow/.local/lib/python3.12/site-packages/airflow/example_dags/example_sensors.py took 0.033 seconds
[2025-04-22T10:00:06.967+0000] {processor.py:186} INFO - Started process (PID=307) to work on /home/airflow/.local/lib/python3.12/site-packages/airflow/example_dags/example_sensors.py
[2025-04-22T10:00:06.967+0000] {processor.py:914} INFO - Processing file /home/airflow/.local/lib/python3.12/site-packages/airflow/example_dags/example_sensors.py for tasks to queue
[2025-04-22T10:00:06.968+0000] {logging_mixin.py:190} INFO - [2025-04-22T10:00:06.968+0000] {dagbag.py:588} INFO - Filling up the DagBag from /home/airflow/.local/lib/python3.12/site-packages/airflow/example_dags/example_sensors.py
[2025-04-22T10:00:06.973+0000] {processor.py:925} INFO - DAG(s) 'example_sensors' retrieved from /home/airflow/.local/lib/python3.12/site-packages/airflow/example_dags/example_sensors.py
[2025-04-22T10:00:06.984+0000] {logging_mixin.py:190} INFO - [2025-04-22T10:00:06.984+0000] {dag.py:3239} INFO - Sync 1 DAGs
[2025-04-22T10:00:06.989+0000] {logging_mixin.py:190} INFO - [2025-04-22T10:00:06.989+0000] {dag.py:4180} INFO - Setting next_dagrun for example_sensors to None, run_after=None
[2025-04-22T10:00:06.996+0000] {processor.py:208} INFO - Processing /home/airflow/.local/lib/python3.12/site-packages/airflow/example_dags/example_sensors.py took 0.033 seconds
[2025-04-22T10:00:56.135+0000] {processor.py:186} INFO - Started process (PID=118) to work on /home/airflow/.local/lib/python3.12/site-packages/airflow/example_dags/example_sensors.py
[2025-04-22T10:00:56.136+0000] {processor.py:914} INFO - Processing file /home/airflow/.local/lib/python3.12/site-packages/airflow/example_dags/example_sensors.py for tasks to queue
[2025-04-22T10:00:56.137+0000] {logging_mixin.py:190} INFO - [2025-04-22T10:00:56.136+0000] {dagbag.py:588} INFO - Filling up the DagBag from /home/airflow/.local/lib/python3.12/site-packages/airflow/example_dags/example_sensors.py
[2025-04-22T10:00:56.143+0000] {processor.py:925} INFO - DAG(s) 'example_sensors' retrieved from /home/airflow/.local/lib/python3.12/site-packages/airflow/example_dags/example_sensors.py
[2025-04-22T10:00:56.154+0000] {logging_mixin.py:190} INFO - [2025-04-22T10:00:56.154+0000] {dag.py:3239} INFO - Sync 1 DAGs
[2025-04-22T10:00:56.160+0000] {logging_mixin.py:190} INFO - [2025-04-22T10:00:56.159+0000] {dag.py:4180} INFO - Setting next_dagrun for example_sensors to None, run_after=None
[2025-04-22T10:00:56.166+0000] {processor.py:208} INFO - Processing /home/airflow/.local/lib/python3.12/site-packages/airflow/example_dags/example_sensors.py took 0.034 seconds
[2025-04-22T10:01:26.478+0000] {processor.py:186} INFO - Started process (PID=181) to work on /home/airflow/.local/lib/python3.12/site-packages/airflow/example_dags/example_sensors.py
[2025-04-22T10:01:26.479+0000] {processor.py:914} INFO - Processing file /home/airflow/.local/lib/python3.12/site-packages/airflow/example_dags/example_sensors.py for tasks to queue
[2025-04-22T10:01:26.479+0000] {logging_mixin.py:190} INFO - [2025-04-22T10:01:26.479+0000] {dagbag.py:588} INFO - Filling up the DagBag from /home/airflow/.local/lib/python3.12/site-packages/airflow/example_dags/example_sensors.py
[2025-04-22T10:01:26.484+0000] {processor.py:925} INFO - DAG(s) 'example_sensors' retrieved from /home/airflow/.local/lib/python3.12/site-packages/airflow/example_dags/example_sensors.py
[2025-04-22T10:01:26.495+0000] {logging_mixin.py:190} INFO - [2025-04-22T10:01:26.495+0000] {dag.py:3239} INFO - Sync 1 DAGs
[2025-04-22T10:01:26.501+0000] {logging_mixin.py:190} INFO - [2025-04-22T10:01:26.501+0000] {dag.py:4180} INFO - Setting next_dagrun for example_sensors to None, run_after=None
[2025-04-22T10:01:26.507+0000] {processor.py:208} INFO - Processing /home/airflow/.local/lib/python3.12/site-packages/airflow/example_dags/example_sensors.py took 0.032 seconds
[2025-04-22T10:01:56.849+0000] {processor.py:186} INFO - Started process (PID=244) to work on /home/airflow/.local/lib/python3.12/site-packages/airflow/example_dags/example_sensors.py
[2025-04-22T10:01:56.849+0000] {processor.py:914} INFO - Processing file /home/airflow/.local/lib/python3.12/site-packages/airflow/example_dags/example_sensors.py for tasks to queue
[2025-04-22T10:01:56.850+0000] {logging_mixin.py:190} INFO - [2025-04-22T10:01:56.850+0000] {dagbag.py:588} INFO - Filling up the DagBag from /home/airflow/.local/lib/python3.12/site-packages/airflow/example_dags/example_sensors.py
[2025-04-22T10:01:56.854+0000] {processor.py:925} INFO - DAG(s) 'example_sensors' retrieved from /home/airflow/.local/lib/python3.12/site-packages/airflow/example_dags/example_sensors.py
[2025-04-22T10:01:56.866+0000] {logging_mixin.py:190} INFO - [2025-04-22T10:01:56.866+0000] {dag.py:3239} INFO - Sync 1 DAGs
[2025-04-22T10:01:56.872+0000] {logging_mixin.py:190} INFO - [2025-04-22T10:01:56.872+0000] {dag.py:4180} INFO - Setting next_dagrun for example_sensors to None, run_after=None
[2025-04-22T10:01:56.878+0000] {processor.py:208} INFO - Processing /home/airflow/.local/lib/python3.12/site-packages/airflow/example_dags/example_sensors.py took 0.032 seconds
[2025-04-22T10:02:27.386+0000] {processor.py:186} INFO - Started process (PID=307) to work on /home/airflow/.local/lib/python3.12/site-packages/airflow/example_dags/example_sensors.py
[2025-04-22T10:02:27.387+0000] {processor.py:914} INFO - Processing file /home/airflow/.local/lib/python3.12/site-packages/airflow/example_dags/example_sensors.py for tasks to queue
[2025-04-22T10:02:27.388+0000] {logging_mixin.py:190} INFO - [2025-04-22T10:02:27.388+0000] {dagbag.py:588} INFO - Filling up the DagBag from /home/airflow/.local/lib/python3.12/site-packages/airflow/example_dags/example_sensors.py
[2025-04-22T10:02:27.392+0000] {processor.py:925} INFO - DAG(s) 'example_sensors' retrieved from /home/airflow/.local/lib/python3.12/site-packages/airflow/example_dags/example_sensors.py
[2025-04-22T10:02:27.403+0000] {logging_mixin.py:190} INFO - [2025-04-22T10:02:27.403+0000] {dag.py:3239} INFO - Sync 1 DAGs
[2025-04-22T10:02:27.409+0000] {logging_mixin.py:190} INFO - [2025-04-22T10:02:27.409+0000] {dag.py:4180} INFO - Setting next_dagrun for example_sensors to None, run_after=None
[2025-04-22T10:02:27.416+0000] {processor.py:208} INFO - Processing /home/airflow/.local/lib/python3.12/site-packages/airflow/example_dags/example_sensors.py took 0.032 seconds
[2025-04-22T10:02:57.671+0000] {processor.py:186} INFO - Started process (PID=370) to work on /home/airflow/.local/lib/python3.12/site-packages/airflow/example_dags/example_sensors.py
[2025-04-22T10:02:57.671+0000] {processor.py:914} INFO - Processing file /home/airflow/.local/lib/python3.12/site-packages/airflow/example_dags/example_sensors.py for tasks to queue
[2025-04-22T10:02:57.672+0000] {logging_mixin.py:190} INFO - [2025-04-22T10:02:57.672+0000] {dagbag.py:588} INFO - Filling up the DagBag from /home/airflow/.local/lib/python3.12/site-packages/airflow/example_dags/example_sensors.py
[2025-04-22T10:02:57.677+0000] {processor.py:925} INFO - DAG(s) 'example_sensors' retrieved from /home/airflow/.local/lib/python3.12/site-packages/airflow/example_dags/example_sensors.py
[2025-04-22T10:02:57.689+0000] {logging_mixin.py:190} INFO - [2025-04-22T10:02:57.688+0000] {dag.py:3239} INFO - Sync 1 DAGs
[2025-04-22T10:02:57.695+0000] {logging_mixin.py:190} INFO - [2025-04-22T10:02:57.695+0000] {dag.py:4180} INFO - Setting next_dagrun for example_sensors to None, run_after=None
[2025-04-22T10:02:57.702+0000] {processor.py:208} INFO - Processing /home/airflow/.local/lib/python3.12/site-packages/airflow/example_dags/example_sensors.py took 0.034 seconds
[2025-04-22T10:03:27.801+0000] {processor.py:186} INFO - Started process (PID=433) to work on /home/airflow/.local/lib/python3.12/site-packages/airflow/example_dags/example_sensors.py
[2025-04-22T10:03:27.801+0000] {processor.py:914} INFO - Processing file /home/airflow/.local/lib/python3.12/site-packages/airflow/example_dags/example_sensors.py for tasks to queue
[2025-04-22T10:03:27.802+0000] {logging_mixin.py:190} INFO - [2025-04-22T10:03:27.802+0000] {dagbag.py:588} INFO - Filling up the DagBag from /home/airflow/.local/lib/python3.12/site-packages/airflow/example_dags/example_sensors.py
[2025-04-22T10:03:27.807+0000] {processor.py:925} INFO - DAG(s) 'example_sensors' retrieved from /home/airflow/.local/lib/python3.12/site-packages/airflow/example_dags/example_sensors.py
[2025-04-22T10:03:27.819+0000] {logging_mixin.py:190} INFO - [2025-04-22T10:03:27.819+0000] {dag.py:3239} INFO - Sync 1 DAGs
[2025-04-22T10:03:27.825+0000] {logging_mixin.py:190} INFO - [2025-04-22T10:03:27.825+0000] {dag.py:4180} INFO - Setting next_dagrun for example_sensors to None, run_after=None
[2025-04-22T10:03:27.831+0000] {processor.py:208} INFO - Processing /home/airflow/.local/lib/python3.12/site-packages/airflow/example_dags/example_sensors.py took 0.034 seconds
[2025-04-22T10:05:38.022+0000] {processor.py:186} INFO - Started process (PID=118) to work on /home/airflow/.local/lib/python3.12/site-packages/airflow/example_dags/example_sensors.py
[2025-04-22T10:05:38.022+0000] {processor.py:914} INFO - Processing file /home/airflow/.local/lib/python3.12/site-packages/airflow/example_dags/example_sensors.py for tasks to queue
[2025-04-22T10:05:38.023+0000] {logging_mixin.py:190} INFO - [2025-04-22T10:05:38.023+0000] {dagbag.py:588} INFO - Filling up the DagBag from /home/airflow/.local/lib/python3.12/site-packages/airflow/example_dags/example_sensors.py
[2025-04-22T10:05:38.029+0000] {processor.py:925} INFO - DAG(s) 'example_sensors' retrieved from /home/airflow/.local/lib/python3.12/site-packages/airflow/example_dags/example_sensors.py
[2025-04-22T10:05:38.041+0000] {logging_mixin.py:190} INFO - [2025-04-22T10:05:38.041+0000] {dag.py:3239} INFO - Sync 1 DAGs
[2025-04-22T10:05:38.046+0000] {logging_mixin.py:190} INFO - [2025-04-22T10:05:38.046+0000] {dag.py:4180} INFO - Setting next_dagrun for example_sensors to None, run_after=None
[2025-04-22T10:05:38.053+0000] {processor.py:208} INFO - Processing /home/airflow/.local/lib/python3.12/site-packages/airflow/example_dags/example_sensors.py took 0.033 seconds
[2025-04-22T10:06:08.371+0000] {processor.py:186} INFO - Started process (PID=181) to work on /home/airflow/.local/lib/python3.12/site-packages/airflow/example_dags/example_sensors.py
[2025-04-22T10:06:08.372+0000] {processor.py:914} INFO - Processing file /home/airflow/.local/lib/python3.12/site-packages/airflow/example_dags/example_sensors.py for tasks to queue
[2025-04-22T10:06:08.373+0000] {logging_mixin.py:190} INFO - [2025-04-22T10:06:08.372+0000] {dagbag.py:588} INFO - Filling up the DagBag from /home/airflow/.local/lib/python3.12/site-packages/airflow/example_dags/example_sensors.py
[2025-04-22T10:06:08.377+0000] {processor.py:925} INFO - DAG(s) 'example_sensors' retrieved from /home/airflow/.local/lib/python3.12/site-packages/airflow/example_dags/example_sensors.py
[2025-04-22T10:06:08.389+0000] {logging_mixin.py:190} INFO - [2025-04-22T10:06:08.389+0000] {dag.py:3239} INFO - Sync 1 DAGs
[2025-04-22T10:06:08.395+0000] {logging_mixin.py:190} INFO - [2025-04-22T10:06:08.395+0000] {dag.py:4180} INFO - Setting next_dagrun for example_sensors to None, run_after=None
[2025-04-22T10:06:08.401+0000] {processor.py:208} INFO - Processing /home/airflow/.local/lib/python3.12/site-packages/airflow/example_dags/example_sensors.py took 0.033 seconds
[2025-04-22T10:06:38.683+0000] {processor.py:186} INFO - Started process (PID=244) to work on /home/airflow/.local/lib/python3.12/site-packages/airflow/example_dags/example_sensors.py
[2025-04-22T10:06:38.683+0000] {processor.py:914} INFO - Processing file /home/airflow/.local/lib/python3.12/site-packages/airflow/example_dags/example_sensors.py for tasks to queue
[2025-04-22T10:06:38.684+0000] {logging_mixin.py:190} INFO - [2025-04-22T10:06:38.684+0000] {dagbag.py:588} INFO - Filling up the DagBag from /home/airflow/.local/lib/python3.12/site-packages/airflow/example_dags/example_sensors.py
[2025-04-22T10:06:38.689+0000] {processor.py:925} INFO - DAG(s) 'example_sensors' retrieved from /home/airflow/.local/lib/python3.12/site-packages/airflow/example_dags/example_sensors.py
[2025-04-22T10:06:38.700+0000] {logging_mixin.py:190} INFO - [2025-04-22T10:06:38.700+0000] {dag.py:3239} INFO - Sync 1 DAGs
[2025-04-22T10:06:38.706+0000] {logging_mixin.py:190} INFO - [2025-04-22T10:06:38.706+0000] {dag.py:4180} INFO - Setting next_dagrun for example_sensors to None, run_after=None
[2025-04-22T10:06:38.712+0000] {processor.py:208} INFO - Processing /home/airflow/.local/lib/python3.12/site-packages/airflow/example_dags/example_sensors.py took 0.032 seconds
[2025-04-22T10:07:09.076+0000] {processor.py:186} INFO - Started process (PID=307) to work on /home/airflow/.local/lib/python3.12/site-packages/airflow/example_dags/example_sensors.py
[2025-04-22T10:07:09.077+0000] {processor.py:914} INFO - Processing file /home/airflow/.local/lib/python3.12/site-packages/airflow/example_dags/example_sensors.py for tasks to queue
[2025-04-22T10:07:09.078+0000] {logging_mixin.py:190} INFO - [2025-04-22T10:07:09.078+0000] {dagbag.py:588} INFO - Filling up the DagBag from /home/airflow/.local/lib/python3.12/site-packages/airflow/example_dags/example_sensors.py
[2025-04-22T10:07:09.083+0000] {processor.py:925} INFO - DAG(s) 'example_sensors' retrieved from /home/airflow/.local/lib/python3.12/site-packages/airflow/example_dags/example_sensors.py
[2025-04-22T10:07:09.093+0000] {logging_mixin.py:190} INFO - [2025-04-22T10:07:09.093+0000] {dag.py:3239} INFO - Sync 1 DAGs
[2025-04-22T10:07:09.099+0000] {logging_mixin.py:190} INFO - [2025-04-22T10:07:09.099+0000] {dag.py:4180} INFO - Setting next_dagrun for example_sensors to None, run_after=None
[2025-04-22T10:07:09.105+0000] {processor.py:208} INFO - Processing /home/airflow/.local/lib/python3.12/site-packages/airflow/example_dags/example_sensors.py took 0.032 seconds
[2025-04-22T10:07:39.446+0000] {processor.py:186} INFO - Started process (PID=370) to work on /home/airflow/.local/lib/python3.12/site-packages/airflow/example_dags/example_sensors.py
[2025-04-22T10:07:39.446+0000] {processor.py:914} INFO - Processing file /home/airflow/.local/lib/python3.12/site-packages/airflow/example_dags/example_sensors.py for tasks to queue
[2025-04-22T10:07:39.447+0000] {logging_mixin.py:190} INFO - [2025-04-22T10:07:39.447+0000] {dagbag.py:588} INFO - Filling up the DagBag from /home/airflow/.local/lib/python3.12/site-packages/airflow/example_dags/example_sensors.py
[2025-04-22T10:07:39.452+0000] {processor.py:925} INFO - DAG(s) 'example_sensors' retrieved from /home/airflow/.local/lib/python3.12/site-packages/airflow/example_dags/example_sensors.py
[2025-04-22T10:07:39.462+0000] {logging_mixin.py:190} INFO - [2025-04-22T10:07:39.462+0000] {dag.py:3239} INFO - Sync 1 DAGs
[2025-04-22T10:07:39.468+0000] {logging_mixin.py:190} INFO - [2025-04-22T10:07:39.468+0000] {dag.py:4180} INFO - Setting next_dagrun for example_sensors to None, run_after=None
[2025-04-22T10:07:39.475+0000] {processor.py:208} INFO - Processing /home/airflow/.local/lib/python3.12/site-packages/airflow/example_dags/example_sensors.py took 0.032 seconds
[2025-04-22T10:08:09.828+0000] {processor.py:186} INFO - Started process (PID=433) to work on /home/airflow/.local/lib/python3.12/site-packages/airflow/example_dags/example_sensors.py
[2025-04-22T10:08:09.828+0000] {processor.py:914} INFO - Processing file /home/airflow/.local/lib/python3.12/site-packages/airflow/example_dags/example_sensors.py for tasks to queue
[2025-04-22T10:08:09.829+0000] {logging_mixin.py:190} INFO - [2025-04-22T10:08:09.829+0000] {dagbag.py:588} INFO - Filling up the DagBag from /home/airflow/.local/lib/python3.12/site-packages/airflow/example_dags/example_sensors.py
[2025-04-22T10:08:09.833+0000] {processor.py:925} INFO - DAG(s) 'example_sensors' retrieved from /home/airflow/.local/lib/python3.12/site-packages/airflow/example_dags/example_sensors.py
[2025-04-22T10:08:09.844+0000] {logging_mixin.py:190} INFO - [2025-04-22T10:08:09.844+0000] {dag.py:3239} INFO - Sync 1 DAGs
[2025-04-22T10:08:09.849+0000] {logging_mixin.py:190} INFO - [2025-04-22T10:08:09.849+0000] {dag.py:4180} INFO - Setting next_dagrun for example_sensors to None, run_after=None
[2025-04-22T10:08:09.855+0000] {processor.py:208} INFO - Processing /home/airflow/.local/lib/python3.12/site-packages/airflow/example_dags/example_sensors.py took 0.030 seconds
[2025-04-22T10:08:40.164+0000] {processor.py:186} INFO - Started process (PID=496) to work on /home/airflow/.local/lib/python3.12/site-packages/airflow/example_dags/example_sensors.py
[2025-04-22T10:08:40.164+0000] {processor.py:914} INFO - Processing file /home/airflow/.local/lib/python3.12/site-packages/airflow/example_dags/example_sensors.py for tasks to queue
[2025-04-22T10:08:40.165+0000] {logging_mixin.py:190} INFO - [2025-04-22T10:08:40.165+0000] {dagbag.py:588} INFO - Filling up the DagBag from /home/airflow/.local/lib/python3.12/site-packages/airflow/example_dags/example_sensors.py
[2025-04-22T10:08:40.170+0000] {processor.py:925} INFO - DAG(s) 'example_sensors' retrieved from /home/airflow/.local/lib/python3.12/site-packages/airflow/example_dags/example_sensors.py
[2025-04-22T10:08:40.181+0000] {logging_mixin.py:190} INFO - [2025-04-22T10:08:40.181+0000] {dag.py:3239} INFO - Sync 1 DAGs
[2025-04-22T10:08:40.187+0000] {logging_mixin.py:190} INFO - [2025-04-22T10:08:40.186+0000] {dag.py:4180} INFO - Setting next_dagrun for example_sensors to None, run_after=None
[2025-04-22T10:08:40.193+0000] {processor.py:208} INFO - Processing /home/airflow/.local/lib/python3.12/site-packages/airflow/example_dags/example_sensors.py took 0.032 seconds
[2025-04-22T10:09:10.547+0000] {processor.py:186} INFO - Started process (PID=559) to work on /home/airflow/.local/lib/python3.12/site-packages/airflow/example_dags/example_sensors.py
[2025-04-22T10:09:10.547+0000] {processor.py:914} INFO - Processing file /home/airflow/.local/lib/python3.12/site-packages/airflow/example_dags/example_sensors.py for tasks to queue
[2025-04-22T10:09:10.548+0000] {logging_mixin.py:190} INFO - [2025-04-22T10:09:10.548+0000] {dagbag.py:588} INFO - Filling up the DagBag from /home/airflow/.local/lib/python3.12/site-packages/airflow/example_dags/example_sensors.py
[2025-04-22T10:09:10.553+0000] {processor.py:925} INFO - DAG(s) 'example_sensors' retrieved from /home/airflow/.local/lib/python3.12/site-packages/airflow/example_dags/example_sensors.py
[2025-04-22T10:09:10.563+0000] {logging_mixin.py:190} INFO - [2025-04-22T10:09:10.563+0000] {dag.py:3239} INFO - Sync 1 DAGs
[2025-04-22T10:09:10.569+0000] {logging_mixin.py:190} INFO - [2025-04-22T10:09:10.568+0000] {dag.py:4180} INFO - Setting next_dagrun for example_sensors to None, run_after=None
[2025-04-22T10:09:10.575+0000] {processor.py:208} INFO - Processing /home/airflow/.local/lib/python3.12/site-packages/airflow/example_dags/example_sensors.py took 0.031 seconds
[2025-04-22T10:09:40.885+0000] {processor.py:186} INFO - Started process (PID=622) to work on /home/airflow/.local/lib/python3.12/site-packages/airflow/example_dags/example_sensors.py
[2025-04-22T10:09:40.885+0000] {processor.py:914} INFO - Processing file /home/airflow/.local/lib/python3.12/site-packages/airflow/example_dags/example_sensors.py for tasks to queue
[2025-04-22T10:09:40.886+0000] {logging_mixin.py:190} INFO - [2025-04-22T10:09:40.886+0000] {dagbag.py:588} INFO - Filling up the DagBag from /home/airflow/.local/lib/python3.12/site-packages/airflow/example_dags/example_sensors.py
[2025-04-22T10:09:40.891+0000] {processor.py:925} INFO - DAG(s) 'example_sensors' retrieved from /home/airflow/.local/lib/python3.12/site-packages/airflow/example_dags/example_sensors.py
[2025-04-22T10:09:40.902+0000] {logging_mixin.py:190} INFO - [2025-04-22T10:09:40.902+0000] {dag.py:3239} INFO - Sync 1 DAGs
[2025-04-22T10:09:40.907+0000] {logging_mixin.py:190} INFO - [2025-04-22T10:09:40.907+0000] {dag.py:4180} INFO - Setting next_dagrun for example_sensors to None, run_after=None
[2025-04-22T10:09:40.913+0000] {processor.py:208} INFO - Processing /home/airflow/.local/lib/python3.12/site-packages/airflow/example_dags/example_sensors.py took 0.031 seconds
[2025-04-22T10:10:11.244+0000] {processor.py:186} INFO - Started process (PID=685) to work on /home/airflow/.local/lib/python3.12/site-packages/airflow/example_dags/example_sensors.py
[2025-04-22T10:10:11.245+0000] {processor.py:914} INFO - Processing file /home/airflow/.local/lib/python3.12/site-packages/airflow/example_dags/example_sensors.py for tasks to queue
[2025-04-22T10:10:11.246+0000] {logging_mixin.py:190} INFO - [2025-04-22T10:10:11.245+0000] {dagbag.py:588} INFO - Filling up the DagBag from /home/airflow/.local/lib/python3.12/site-packages/airflow/example_dags/example_sensors.py
[2025-04-22T10:10:11.251+0000] {processor.py:925} INFO - DAG(s) 'example_sensors' retrieved from /home/airflow/.local/lib/python3.12/site-packages/airflow/example_dags/example_sensors.py
[2025-04-22T10:10:11.262+0000] {logging_mixin.py:190} INFO - [2025-04-22T10:10:11.261+0000] {dag.py:3239} INFO - Sync 1 DAGs
[2025-04-22T10:10:11.267+0000] {logging_mixin.py:190} INFO - [2025-04-22T10:10:11.267+0000] {dag.py:4180} INFO - Setting next_dagrun for example_sensors to None, run_after=None
[2025-04-22T10:10:11.274+0000] {processor.py:208} INFO - Processing /home/airflow/.local/lib/python3.12/site-packages/airflow/example_dags/example_sensors.py took 0.033 seconds
[2025-04-22T10:10:41.586+0000] {processor.py:186} INFO - Started process (PID=748) to work on /home/airflow/.local/lib/python3.12/site-packages/airflow/example_dags/example_sensors.py
[2025-04-22T10:10:41.586+0000] {processor.py:914} INFO - Processing file /home/airflow/.local/lib/python3.12/site-packages/airflow/example_dags/example_sensors.py for tasks to queue
[2025-04-22T10:10:41.587+0000] {logging_mixin.py:190} INFO - [2025-04-22T10:10:41.587+0000] {dagbag.py:588} INFO - Filling up the DagBag from /home/airflow/.local/lib/python3.12/site-packages/airflow/example_dags/example_sensors.py
[2025-04-22T10:10:41.592+0000] {processor.py:925} INFO - DAG(s) 'example_sensors' retrieved from /home/airflow/.local/lib/python3.12/site-packages/airflow/example_dags/example_sensors.py
[2025-04-22T10:10:41.603+0000] {logging_mixin.py:190} INFO - [2025-04-22T10:10:41.603+0000] {dag.py:3239} INFO - Sync 1 DAGs
[2025-04-22T10:10:41.609+0000] {logging_mixin.py:190} INFO - [2025-04-22T10:10:41.609+0000] {dag.py:4180} INFO - Setting next_dagrun for example_sensors to None, run_after=None
[2025-04-22T10:10:41.616+0000] {processor.py:208} INFO - Processing /home/airflow/.local/lib/python3.12/site-packages/airflow/example_dags/example_sensors.py took 0.033 seconds
[2025-04-22T10:11:11.930+0000] {processor.py:186} INFO - Started process (PID=811) to work on /home/airflow/.local/lib/python3.12/site-packages/airflow/example_dags/example_sensors.py
[2025-04-22T10:11:11.930+0000] {processor.py:914} INFO - Processing file /home/airflow/.local/lib/python3.12/site-packages/airflow/example_dags/example_sensors.py for tasks to queue
[2025-04-22T10:11:11.931+0000] {logging_mixin.py:190} INFO - [2025-04-22T10:11:11.931+0000] {dagbag.py:588} INFO - Filling up the DagBag from /home/airflow/.local/lib/python3.12/site-packages/airflow/example_dags/example_sensors.py
[2025-04-22T10:11:11.936+0000] {processor.py:925} INFO - DAG(s) 'example_sensors' retrieved from /home/airflow/.local/lib/python3.12/site-packages/airflow/example_dags/example_sensors.py
[2025-04-22T10:11:11.947+0000] {logging_mixin.py:190} INFO - [2025-04-22T10:11:11.947+0000] {dag.py:3239} INFO - Sync 1 DAGs
[2025-04-22T10:11:11.956+0000] {logging_mixin.py:190} INFO - [2025-04-22T10:11:11.956+0000] {dag.py:4180} INFO - Setting next_dagrun for example_sensors to None, run_after=None
[2025-04-22T10:11:11.964+0000] {processor.py:208} INFO - Processing /home/airflow/.local/lib/python3.12/site-packages/airflow/example_dags/example_sensors.py took 0.037 seconds
[2025-04-22T10:11:42.289+0000] {processor.py:186} INFO - Started process (PID=874) to work on /home/airflow/.local/lib/python3.12/site-packages/airflow/example_dags/example_sensors.py
[2025-04-22T10:11:42.290+0000] {processor.py:914} INFO - Processing file /home/airflow/.local/lib/python3.12/site-packages/airflow/example_dags/example_sensors.py for tasks to queue
[2025-04-22T10:11:42.291+0000] {logging_mixin.py:190} INFO - [2025-04-22T10:11:42.290+0000] {dagbag.py:588} INFO - Filling up the DagBag from /home/airflow/.local/lib/python3.12/site-packages/airflow/example_dags/example_sensors.py
[2025-04-22T10:11:42.295+0000] {processor.py:925} INFO - DAG(s) 'example_sensors' retrieved from /home/airflow/.local/lib/python3.12/site-packages/airflow/example_dags/example_sensors.py
[2025-04-22T10:11:42.307+0000] {logging_mixin.py:190} INFO - [2025-04-22T10:11:42.306+0000] {dag.py:3239} INFO - Sync 1 DAGs
[2025-04-22T10:11:42.312+0000] {logging_mixin.py:190} INFO - [2025-04-22T10:11:42.312+0000] {dag.py:4180} INFO - Setting next_dagrun for example_sensors to None, run_after=None
[2025-04-22T10:11:42.318+0000] {processor.py:208} INFO - Processing /home/airflow/.local/lib/python3.12/site-packages/airflow/example_dags/example_sensors.py took 0.032 seconds
[2025-04-22T10:12:12.673+0000] {processor.py:186} INFO - Started process (PID=937) to work on /home/airflow/.local/lib/python3.12/site-packages/airflow/example_dags/example_sensors.py
[2025-04-22T10:12:12.673+0000] {processor.py:914} INFO - Processing file /home/airflow/.local/lib/python3.12/site-packages/airflow/example_dags/example_sensors.py for tasks to queue
[2025-04-22T10:12:12.674+0000] {logging_mixin.py:190} INFO - [2025-04-22T10:12:12.674+0000] {dagbag.py:588} INFO - Filling up the DagBag from /home/airflow/.local/lib/python3.12/site-packages/airflow/example_dags/example_sensors.py
[2025-04-22T10:12:12.679+0000] {processor.py:925} INFO - DAG(s) 'example_sensors' retrieved from /home/airflow/.local/lib/python3.12/site-packages/airflow/example_dags/example_sensors.py
[2025-04-22T10:12:12.690+0000] {logging_mixin.py:190} INFO - [2025-04-22T10:12:12.690+0000] {dag.py:3239} INFO - Sync 1 DAGs
[2025-04-22T10:12:12.696+0000] {logging_mixin.py:190} INFO - [2025-04-22T10:12:12.696+0000] {dag.py:4180} INFO - Setting next_dagrun for example_sensors to None, run_after=None
[2025-04-22T10:12:12.702+0000] {processor.py:208} INFO - Processing /home/airflow/.local/lib/python3.12/site-packages/airflow/example_dags/example_sensors.py took 0.033 seconds
[2025-04-22T10:12:43.148+0000] {processor.py:186} INFO - Started process (PID=1000) to work on /home/airflow/.local/lib/python3.12/site-packages/airflow/example_dags/example_sensors.py
[2025-04-22T10:12:43.148+0000] {processor.py:914} INFO - Processing file /home/airflow/.local/lib/python3.12/site-packages/airflow/example_dags/example_sensors.py for tasks to queue
[2025-04-22T10:12:43.149+0000] {logging_mixin.py:190} INFO - [2025-04-22T10:12:43.149+0000] {dagbag.py:588} INFO - Filling up the DagBag from /home/airflow/.local/lib/python3.12/site-packages/airflow/example_dags/example_sensors.py
[2025-04-22T10:12:43.154+0000] {processor.py:925} INFO - DAG(s) 'example_sensors' retrieved from /home/airflow/.local/lib/python3.12/site-packages/airflow/example_dags/example_sensors.py
[2025-04-22T10:12:43.165+0000] {logging_mixin.py:190} INFO - [2025-04-22T10:12:43.165+0000] {dag.py:3239} INFO - Sync 1 DAGs
[2025-04-22T10:12:43.171+0000] {logging_mixin.py:190} INFO - [2025-04-22T10:12:43.171+0000] {dag.py:4180} INFO - Setting next_dagrun for example_sensors to None, run_after=None
[2025-04-22T10:12:43.177+0000] {processor.py:208} INFO - Processing /home/airflow/.local/lib/python3.12/site-packages/airflow/example_dags/example_sensors.py took 0.032 seconds
[2025-04-22T10:13:13.542+0000] {processor.py:186} INFO - Started process (PID=1063) to work on /home/airflow/.local/lib/python3.12/site-packages/airflow/example_dags/example_sensors.py
[2025-04-22T10:13:13.543+0000] {processor.py:914} INFO - Processing file /home/airflow/.local/lib/python3.12/site-packages/airflow/example_dags/example_sensors.py for tasks to queue
[2025-04-22T10:13:13.544+0000] {logging_mixin.py:190} INFO - [2025-04-22T10:13:13.544+0000] {dagbag.py:588} INFO - Filling up the DagBag from /home/airflow/.local/lib/python3.12/site-packages/airflow/example_dags/example_sensors.py
[2025-04-22T10:13:13.549+0000] {processor.py:925} INFO - DAG(s) 'example_sensors' retrieved from /home/airflow/.local/lib/python3.12/site-packages/airflow/example_dags/example_sensors.py
[2025-04-22T10:13:13.559+0000] {logging_mixin.py:190} INFO - [2025-04-22T10:13:13.559+0000] {dag.py:3239} INFO - Sync 1 DAGs
[2025-04-22T10:13:13.565+0000] {logging_mixin.py:190} INFO - [2025-04-22T10:13:13.565+0000] {dag.py:4180} INFO - Setting next_dagrun for example_sensors to None, run_after=None
[2025-04-22T10:13:13.571+0000] {processor.py:208} INFO - Processing /home/airflow/.local/lib/python3.12/site-packages/airflow/example_dags/example_sensors.py took 0.032 seconds
[2025-04-22T10:13:43.941+0000] {processor.py:186} INFO - Started process (PID=1126) to work on /home/airflow/.local/lib/python3.12/site-packages/airflow/example_dags/example_sensors.py
[2025-04-22T10:13:43.942+0000] {processor.py:914} INFO - Processing file /home/airflow/.local/lib/python3.12/site-packages/airflow/example_dags/example_sensors.py for tasks to queue
[2025-04-22T10:13:43.943+0000] {logging_mixin.py:190} INFO - [2025-04-22T10:13:43.943+0000] {dagbag.py:588} INFO - Filling up the DagBag from /home/airflow/.local/lib/python3.12/site-packages/airflow/example_dags/example_sensors.py
[2025-04-22T10:13:43.948+0000] {processor.py:925} INFO - DAG(s) 'example_sensors' retrieved from /home/airflow/.local/lib/python3.12/site-packages/airflow/example_dags/example_sensors.py
[2025-04-22T10:13:43.959+0000] {logging_mixin.py:190} INFO - [2025-04-22T10:13:43.959+0000] {dag.py:3239} INFO - Sync 1 DAGs
[2025-04-22T10:13:43.964+0000] {logging_mixin.py:190} INFO - [2025-04-22T10:13:43.964+0000] {dag.py:4180} INFO - Setting next_dagrun for example_sensors to None, run_after=None
[2025-04-22T10:13:43.971+0000] {processor.py:208} INFO - Processing /home/airflow/.local/lib/python3.12/site-packages/airflow/example_dags/example_sensors.py took 0.032 seconds
[2025-04-22T10:14:14.309+0000] {processor.py:186} INFO - Started process (PID=1189) to work on /home/airflow/.local/lib/python3.12/site-packages/airflow/example_dags/example_sensors.py
[2025-04-22T10:14:14.309+0000] {processor.py:914} INFO - Processing file /home/airflow/.local/lib/python3.12/site-packages/airflow/example_dags/example_sensors.py for tasks to queue
[2025-04-22T10:14:14.310+0000] {logging_mixin.py:190} INFO - [2025-04-22T10:14:14.310+0000] {dagbag.py:588} INFO - Filling up the DagBag from /home/airflow/.local/lib/python3.12/site-packages/airflow/example_dags/example_sensors.py
[2025-04-22T10:14:14.315+0000] {processor.py:925} INFO - DAG(s) 'example_sensors' retrieved from /home/airflow/.local/lib/python3.12/site-packages/airflow/example_dags/example_sensors.py
[2025-04-22T10:14:14.326+0000] {logging_mixin.py:190} INFO - [2025-04-22T10:14:14.326+0000] {dag.py:3239} INFO - Sync 1 DAGs
[2025-04-22T10:14:14.331+0000] {logging_mixin.py:190} INFO - [2025-04-22T10:14:14.331+0000] {dag.py:4180} INFO - Setting next_dagrun for example_sensors to None, run_after=None
[2025-04-22T10:14:14.338+0000] {processor.py:208} INFO - Processing /home/airflow/.local/lib/python3.12/site-packages/airflow/example_dags/example_sensors.py took 0.032 seconds
[2025-04-22T10:14:44.802+0000] {processor.py:186} INFO - Started process (PID=1252) to work on /home/airflow/.local/lib/python3.12/site-packages/airflow/example_dags/example_sensors.py
[2025-04-22T10:14:44.802+0000] {processor.py:914} INFO - Processing file /home/airflow/.local/lib/python3.12/site-packages/airflow/example_dags/example_sensors.py for tasks to queue
[2025-04-22T10:14:44.803+0000] {logging_mixin.py:190} INFO - [2025-04-22T10:14:44.803+0000] {dagbag.py:588} INFO - Filling up the DagBag from /home/airflow/.local/lib/python3.12/site-packages/airflow/example_dags/example_sensors.py
[2025-04-22T10:14:44.808+0000] {processor.py:925} INFO - DAG(s) 'example_sensors' retrieved from /home/airflow/.local/lib/python3.12/site-packages/airflow/example_dags/example_sensors.py
[2025-04-22T10:14:44.819+0000] {logging_mixin.py:190} INFO - [2025-04-22T10:14:44.819+0000] {dag.py:3239} INFO - Sync 1 DAGs
[2025-04-22T10:14:44.825+0000] {logging_mixin.py:190} INFO - [2025-04-22T10:14:44.825+0000] {dag.py:4180} INFO - Setting next_dagrun for example_sensors to None, run_after=None
[2025-04-22T10:14:44.831+0000] {processor.py:208} INFO - Processing /home/airflow/.local/lib/python3.12/site-packages/airflow/example_dags/example_sensors.py took 0.032 seconds
[2025-04-22T10:15:15.289+0000] {processor.py:186} INFO - Started process (PID=1315) to work on /home/airflow/.local/lib/python3.12/site-packages/airflow/example_dags/example_sensors.py
[2025-04-22T10:15:15.289+0000] {processor.py:914} INFO - Processing file /home/airflow/.local/lib/python3.12/site-packages/airflow/example_dags/example_sensors.py for tasks to queue
[2025-04-22T10:15:15.290+0000] {logging_mixin.py:190} INFO - [2025-04-22T10:15:15.290+0000] {dagbag.py:588} INFO - Filling up the DagBag from /home/airflow/.local/lib/python3.12/site-packages/airflow/example_dags/example_sensors.py
[2025-04-22T10:15:15.295+0000] {processor.py:925} INFO - DAG(s) 'example_sensors' retrieved from /home/airflow/.local/lib/python3.12/site-packages/airflow/example_dags/example_sensors.py
[2025-04-22T10:15:15.306+0000] {logging_mixin.py:190} INFO - [2025-04-22T10:15:15.306+0000] {dag.py:3239} INFO - Sync 1 DAGs
[2025-04-22T10:15:15.311+0000] {logging_mixin.py:190} INFO - [2025-04-22T10:15:15.311+0000] {dag.py:4180} INFO - Setting next_dagrun for example_sensors to None, run_after=None
[2025-04-22T10:15:15.318+0000] {processor.py:208} INFO - Processing /home/airflow/.local/lib/python3.12/site-packages/airflow/example_dags/example_sensors.py took 0.032 seconds
[2025-04-22T10:15:45.893+0000] {processor.py:186} INFO - Started process (PID=1378) to work on /home/airflow/.local/lib/python3.12/site-packages/airflow/example_dags/example_sensors.py
[2025-04-22T10:15:45.894+0000] {processor.py:914} INFO - Processing file /home/airflow/.local/lib/python3.12/site-packages/airflow/example_dags/example_sensors.py for tasks to queue
[2025-04-22T10:15:45.895+0000] {logging_mixin.py:190} INFO - [2025-04-22T10:15:45.895+0000] {dagbag.py:588} INFO - Filling up the DagBag from /home/airflow/.local/lib/python3.12/site-packages/airflow/example_dags/example_sensors.py
[2025-04-22T10:15:45.900+0000] {processor.py:925} INFO - DAG(s) 'example_sensors' retrieved from /home/airflow/.local/lib/python3.12/site-packages/airflow/example_dags/example_sensors.py
[2025-04-22T10:15:45.911+0000] {logging_mixin.py:190} INFO - [2025-04-22T10:15:45.910+0000] {dag.py:3239} INFO - Sync 1 DAGs
[2025-04-22T10:15:45.916+0000] {logging_mixin.py:190} INFO - [2025-04-22T10:15:45.916+0000] {dag.py:4180} INFO - Setting next_dagrun for example_sensors to None, run_after=None
[2025-04-22T10:15:45.922+0000] {processor.py:208} INFO - Processing /home/airflow/.local/lib/python3.12/site-packages/airflow/example_dags/example_sensors.py took 0.032 seconds
[2025-04-22T10:16:16.413+0000] {processor.py:186} INFO - Started process (PID=1441) to work on /home/airflow/.local/lib/python3.12/site-packages/airflow/example_dags/example_sensors.py
[2025-04-22T10:16:16.413+0000] {processor.py:914} INFO - Processing file /home/airflow/.local/lib/python3.12/site-packages/airflow/example_dags/example_sensors.py for tasks to queue
[2025-04-22T10:16:16.414+0000] {logging_mixin.py:190} INFO - [2025-04-22T10:16:16.414+0000] {dagbag.py:588} INFO - Filling up the DagBag from /home/airflow/.local/lib/python3.12/site-packages/airflow/example_dags/example_sensors.py
[2025-04-22T10:16:16.419+0000] {processor.py:925} INFO - DAG(s) 'example_sensors' retrieved from /home/airflow/.local/lib/python3.12/site-packages/airflow/example_dags/example_sensors.py
[2025-04-22T10:16:16.430+0000] {logging_mixin.py:190} INFO - [2025-04-22T10:16:16.430+0000] {dag.py:3239} INFO - Sync 1 DAGs
[2025-04-22T10:16:16.435+0000] {logging_mixin.py:190} INFO - [2025-04-22T10:16:16.435+0000] {dag.py:4180} INFO - Setting next_dagrun for example_sensors to None, run_after=None
[2025-04-22T10:16:16.442+0000] {processor.py:208} INFO - Processing /home/airflow/.local/lib/python3.12/site-packages/airflow/example_dags/example_sensors.py took 0.032 seconds
[2025-04-22T10:16:46.944+0000] {processor.py:186} INFO - Started process (PID=1504) to work on /home/airflow/.local/lib/python3.12/site-packages/airflow/example_dags/example_sensors.py
[2025-04-22T10:16:46.944+0000] {processor.py:914} INFO - Processing file /home/airflow/.local/lib/python3.12/site-packages/airflow/example_dags/example_sensors.py for tasks to queue
[2025-04-22T10:16:46.945+0000] {logging_mixin.py:190} INFO - [2025-04-22T10:16:46.945+0000] {dagbag.py:588} INFO - Filling up the DagBag from /home/airflow/.local/lib/python3.12/site-packages/airflow/example_dags/example_sensors.py
[2025-04-22T10:16:46.950+0000] {processor.py:925} INFO - DAG(s) 'example_sensors' retrieved from /home/airflow/.local/lib/python3.12/site-packages/airflow/example_dags/example_sensors.py
[2025-04-22T10:16:46.961+0000] {logging_mixin.py:190} INFO - [2025-04-22T10:16:46.961+0000] {dag.py:3239} INFO - Sync 1 DAGs
[2025-04-22T10:16:46.967+0000] {logging_mixin.py:190} INFO - [2025-04-22T10:16:46.967+0000] {dag.py:4180} INFO - Setting next_dagrun for example_sensors to None, run_after=None
[2025-04-22T10:16:46.973+0000] {processor.py:208} INFO - Processing /home/airflow/.local/lib/python3.12/site-packages/airflow/example_dags/example_sensors.py took 0.032 seconds
[2025-04-22T10:17:17.408+0000] {processor.py:186} INFO - Started process (PID=1567) to work on /home/airflow/.local/lib/python3.12/site-packages/airflow/example_dags/example_sensors.py
[2025-04-22T10:17:17.409+0000] {processor.py:914} INFO - Processing file /home/airflow/.local/lib/python3.12/site-packages/airflow/example_dags/example_sensors.py for tasks to queue
[2025-04-22T10:17:17.410+0000] {logging_mixin.py:190} INFO - [2025-04-22T10:17:17.410+0000] {dagbag.py:588} INFO - Filling up the DagBag from /home/airflow/.local/lib/python3.12/site-packages/airflow/example_dags/example_sensors.py
[2025-04-22T10:17:17.415+0000] {processor.py:925} INFO - DAG(s) 'example_sensors' retrieved from /home/airflow/.local/lib/python3.12/site-packages/airflow/example_dags/example_sensors.py
[2025-04-22T10:17:17.425+0000] {logging_mixin.py:190} INFO - [2025-04-22T10:17:17.425+0000] {dag.py:3239} INFO - Sync 1 DAGs
[2025-04-22T10:17:17.431+0000] {logging_mixin.py:190} INFO - [2025-04-22T10:17:17.431+0000] {dag.py:4180} INFO - Setting next_dagrun for example_sensors to None, run_after=None
[2025-04-22T10:17:17.438+0000] {processor.py:208} INFO - Processing /home/airflow/.local/lib/python3.12/site-packages/airflow/example_dags/example_sensors.py took 0.032 seconds
[2025-04-22T10:17:47.893+0000] {processor.py:186} INFO - Started process (PID=1630) to work on /home/airflow/.local/lib/python3.12/site-packages/airflow/example_dags/example_sensors.py
[2025-04-22T10:17:47.893+0000] {processor.py:914} INFO - Processing file /home/airflow/.local/lib/python3.12/site-packages/airflow/example_dags/example_sensors.py for tasks to queue
[2025-04-22T10:17:47.894+0000] {logging_mixin.py:190} INFO - [2025-04-22T10:17:47.894+0000] {dagbag.py:588} INFO - Filling up the DagBag from /home/airflow/.local/lib/python3.12/site-packages/airflow/example_dags/example_sensors.py
[2025-04-22T10:17:47.899+0000] {processor.py:925} INFO - DAG(s) 'example_sensors' retrieved from /home/airflow/.local/lib/python3.12/site-packages/airflow/example_dags/example_sensors.py
[2025-04-22T10:17:47.911+0000] {logging_mixin.py:190} INFO - [2025-04-22T10:17:47.911+0000] {dag.py:3239} INFO - Sync 1 DAGs
[2025-04-22T10:17:47.917+0000] {logging_mixin.py:190} INFO - [2025-04-22T10:17:47.917+0000] {dag.py:4180} INFO - Setting next_dagrun for example_sensors to None, run_after=None
[2025-04-22T10:17:47.923+0000] {processor.py:208} INFO - Processing /home/airflow/.local/lib/python3.12/site-packages/airflow/example_dags/example_sensors.py took 0.033 seconds
