[2025-04-22T09:53:48.920+0000] {processor.py:186} INFO - Started process (PID=90) to work on /home/airflow/.local/lib/python3.12/site-packages/airflow/example_dags/example_subdag_operator.py
[2025-04-22T09:53:48.920+0000] {processor.py:914} INFO - Processing file /home/airflow/.local/lib/python3.12/site-packages/airflow/example_dags/example_subdag_operator.py for tasks to queue
[2025-04-22T09:53:48.921+0000] {logging_mixin.py:190} INFO - [2025-04-22T09:53:48.921+0000] {dagbag.py:588} INFO - Filling up the DagBag from /home/airflow/.local/lib/python3.12/site-packages/airflow/example_dags/example_subdag_operator.py
[2025-04-22T09:53:48.934+0000] {processor.py:925} INFO - DAG(s) 'example_subdag_operator.section-1', 'example_subdag_operator.section-2', 'example_subdag_operator' retrieved from /home/airflow/.local/lib/python3.12/site-packages/airflow/example_dags/example_subdag_operator.py
[2025-04-22T09:53:48.935+0000] {logging_mixin.py:190} INFO - [2025-04-22T09:53:48.935+0000] {dag.py:3239} INFO - Sync 3 DAGs
[2025-04-22T09:53:48.945+0000] {logging_mixin.py:190} INFO - [2025-04-22T09:53:48.945+0000] {dag.py:4180} INFO - Setting next_dagrun for example_subdag_operator to 2022-01-01 00:00:00+00:00, run_after=2022-01-01 00:00:00+00:00
[2025-04-22T09:53:48.946+0000] {logging_mixin.py:190} INFO - [2025-04-22T09:53:48.946+0000] {dag.py:4180} INFO - Setting next_dagrun for example_subdag_operator.section-1 to None, run_after=None
[2025-04-22T09:53:48.947+0000] {logging_mixin.py:190} INFO - [2025-04-22T09:53:48.947+0000] {dag.py:4180} INFO - Setting next_dagrun for example_subdag_operator.section-2 to None, run_after=None
[2025-04-22T09:53:48.949+0000] {logging_mixin.py:190} INFO - [2025-04-22T09:53:48.949+0000] {dag.py:3239} INFO - Sync 2 DAGs
[2025-04-22T09:53:48.952+0000] {logging_mixin.py:190} INFO - [2025-04-22T09:53:48.952+0000] {dag.py:4180} INFO - Setting next_dagrun for example_subdag_operator.section-1 to None, run_after=None
[2025-04-22T09:53:48.952+0000] {logging_mixin.py:190} INFO - [2025-04-22T09:53:48.952+0000] {dag.py:4180} INFO - Setting next_dagrun for example_subdag_operator.section-2 to None, run_after=None
[2025-04-22T09:53:48.955+0000] {processor.py:208} INFO - Processing /home/airflow/.local/lib/python3.12/site-packages/airflow/example_dags/example_subdag_operator.py took 0.038 seconds
[2025-04-22T09:55:01.876+0000] {processor.py:186} INFO - Started process (PID=90) to work on /home/airflow/.local/lib/python3.12/site-packages/airflow/example_dags/example_subdag_operator.py
[2025-04-22T09:55:01.877+0000] {processor.py:914} INFO - Processing file /home/airflow/.local/lib/python3.12/site-packages/airflow/example_dags/example_subdag_operator.py for tasks to queue
[2025-04-22T09:55:01.878+0000] {logging_mixin.py:190} INFO - [2025-04-22T09:55:01.877+0000] {dagbag.py:588} INFO - Filling up the DagBag from /home/airflow/.local/lib/python3.12/site-packages/airflow/example_dags/example_subdag_operator.py
[2025-04-22T09:55:01.891+0000] {processor.py:925} INFO - DAG(s) 'example_subdag_operator.section-1', 'example_subdag_operator.section-2', 'example_subdag_operator' retrieved from /home/airflow/.local/lib/python3.12/site-packages/airflow/example_dags/example_subdag_operator.py
[2025-04-22T09:55:01.940+0000] {logging_mixin.py:190} INFO - [2025-04-22T09:55:01.940+0000] {dag.py:3239} INFO - Sync 3 DAGs
[2025-04-22T09:55:01.950+0000] {logging_mixin.py:190} INFO - [2025-04-22T09:55:01.950+0000] {dag.py:4180} INFO - Setting next_dagrun for example_subdag_operator to 2022-01-01 00:00:00+00:00, run_after=2022-01-01 00:00:00+00:00
[2025-04-22T09:55:01.951+0000] {logging_mixin.py:190} INFO - [2025-04-22T09:55:01.951+0000] {dag.py:4180} INFO - Setting next_dagrun for example_subdag_operator.section-1 to None, run_after=None
[2025-04-22T09:55:01.952+0000] {logging_mixin.py:190} INFO - [2025-04-22T09:55:01.952+0000] {dag.py:4180} INFO - Setting next_dagrun for example_subdag_operator.section-2 to None, run_after=None
[2025-04-22T09:55:01.956+0000] {logging_mixin.py:190} INFO - [2025-04-22T09:55:01.956+0000] {dag.py:3239} INFO - Sync 2 DAGs
[2025-04-22T09:55:01.958+0000] {logging_mixin.py:190} INFO - [2025-04-22T09:55:01.958+0000] {dag.py:4180} INFO - Setting next_dagrun for example_subdag_operator.section-1 to None, run_after=None
[2025-04-22T09:55:01.959+0000] {logging_mixin.py:190} INFO - [2025-04-22T09:55:01.959+0000] {dag.py:4180} INFO - Setting next_dagrun for example_subdag_operator.section-2 to None, run_after=None
[2025-04-22T09:55:01.962+0000] {processor.py:208} INFO - Processing /home/airflow/.local/lib/python3.12/site-packages/airflow/example_dags/example_subdag_operator.py took 0.089 seconds
[2025-04-22T09:55:32.878+0000] {processor.py:186} INFO - Started process (PID=153) to work on /home/airflow/.local/lib/python3.12/site-packages/airflow/example_dags/example_subdag_operator.py
[2025-04-22T09:55:32.878+0000] {processor.py:914} INFO - Processing file /home/airflow/.local/lib/python3.12/site-packages/airflow/example_dags/example_subdag_operator.py for tasks to queue
[2025-04-22T09:55:32.879+0000] {logging_mixin.py:190} INFO - [2025-04-22T09:55:32.879+0000] {dagbag.py:588} INFO - Filling up the DagBag from /home/airflow/.local/lib/python3.12/site-packages/airflow/example_dags/example_subdag_operator.py
[2025-04-22T09:55:32.891+0000] {processor.py:925} INFO - DAG(s) 'example_subdag_operator.section-1', 'example_subdag_operator.section-2', 'example_subdag_operator' retrieved from /home/airflow/.local/lib/python3.12/site-packages/airflow/example_dags/example_subdag_operator.py
[2025-04-22T09:55:32.896+0000] {logging_mixin.py:190} INFO - [2025-04-22T09:55:32.896+0000] {dag.py:3239} INFO - Sync 3 DAGs
[2025-04-22T09:55:32.906+0000] {logging_mixin.py:190} INFO - [2025-04-22T09:55:32.906+0000] {dag.py:4180} INFO - Setting next_dagrun for example_subdag_operator to 2022-01-01 00:00:00+00:00, run_after=2022-01-01 00:00:00+00:00
[2025-04-22T09:55:32.908+0000] {logging_mixin.py:190} INFO - [2025-04-22T09:55:32.908+0000] {dag.py:4180} INFO - Setting next_dagrun for example_subdag_operator.section-1 to None, run_after=None
[2025-04-22T09:55:32.908+0000] {logging_mixin.py:190} INFO - [2025-04-22T09:55:32.908+0000] {dag.py:4180} INFO - Setting next_dagrun for example_subdag_operator.section-2 to None, run_after=None
[2025-04-22T09:55:32.911+0000] {logging_mixin.py:190} INFO - [2025-04-22T09:55:32.911+0000] {dag.py:3239} INFO - Sync 2 DAGs
[2025-04-22T09:55:32.913+0000] {logging_mixin.py:190} INFO - [2025-04-22T09:55:32.913+0000] {dag.py:4180} INFO - Setting next_dagrun for example_subdag_operator.section-1 to None, run_after=None
[2025-04-22T09:55:32.913+0000] {logging_mixin.py:190} INFO - [2025-04-22T09:55:32.913+0000] {dag.py:4180} INFO - Setting next_dagrun for example_subdag_operator.section-2 to None, run_after=None
[2025-04-22T09:55:32.916+0000] {processor.py:208} INFO - Processing /home/airflow/.local/lib/python3.12/site-packages/airflow/example_dags/example_subdag_operator.py took 0.041 seconds
[2025-04-22T09:56:04.162+0000] {processor.py:186} INFO - Started process (PID=216) to work on /home/airflow/.local/lib/python3.12/site-packages/airflow/example_dags/example_subdag_operator.py
[2025-04-22T09:56:04.162+0000] {processor.py:914} INFO - Processing file /home/airflow/.local/lib/python3.12/site-packages/airflow/example_dags/example_subdag_operator.py for tasks to queue
[2025-04-22T09:56:04.163+0000] {logging_mixin.py:190} INFO - [2025-04-22T09:56:04.163+0000] {dagbag.py:588} INFO - Filling up the DagBag from /home/airflow/.local/lib/python3.12/site-packages/airflow/example_dags/example_subdag_operator.py
[2025-04-22T09:56:04.175+0000] {processor.py:925} INFO - DAG(s) 'example_subdag_operator.section-1', 'example_subdag_operator.section-2', 'example_subdag_operator' retrieved from /home/airflow/.local/lib/python3.12/site-packages/airflow/example_dags/example_subdag_operator.py
[2025-04-22T09:56:04.181+0000] {logging_mixin.py:190} INFO - [2025-04-22T09:56:04.181+0000] {dag.py:3239} INFO - Sync 3 DAGs
[2025-04-22T09:56:04.190+0000] {logging_mixin.py:190} INFO - [2025-04-22T09:56:04.190+0000] {dag.py:4180} INFO - Setting next_dagrun for example_subdag_operator to 2022-01-01 00:00:00+00:00, run_after=2022-01-01 00:00:00+00:00
[2025-04-22T09:56:04.192+0000] {logging_mixin.py:190} INFO - [2025-04-22T09:56:04.192+0000] {dag.py:4180} INFO - Setting next_dagrun for example_subdag_operator.section-1 to None, run_after=None
[2025-04-22T09:56:04.192+0000] {logging_mixin.py:190} INFO - [2025-04-22T09:56:04.192+0000] {dag.py:4180} INFO - Setting next_dagrun for example_subdag_operator.section-2 to None, run_after=None
[2025-04-22T09:56:04.195+0000] {logging_mixin.py:190} INFO - [2025-04-22T09:56:04.194+0000] {dag.py:3239} INFO - Sync 2 DAGs
[2025-04-22T09:56:04.197+0000] {logging_mixin.py:190} INFO - [2025-04-22T09:56:04.197+0000] {dag.py:4180} INFO - Setting next_dagrun for example_subdag_operator.section-1 to None, run_after=None
[2025-04-22T09:56:04.197+0000] {logging_mixin.py:190} INFO - [2025-04-22T09:56:04.197+0000] {dag.py:4180} INFO - Setting next_dagrun for example_subdag_operator.section-2 to None, run_after=None
[2025-04-22T09:56:04.200+0000] {processor.py:208} INFO - Processing /home/airflow/.local/lib/python3.12/site-packages/airflow/example_dags/example_subdag_operator.py took 0.041 seconds
[2025-04-22T09:56:35.409+0000] {processor.py:186} INFO - Started process (PID=279) to work on /home/airflow/.local/lib/python3.12/site-packages/airflow/example_dags/example_subdag_operator.py
[2025-04-22T09:56:35.410+0000] {processor.py:914} INFO - Processing file /home/airflow/.local/lib/python3.12/site-packages/airflow/example_dags/example_subdag_operator.py for tasks to queue
[2025-04-22T09:56:35.411+0000] {logging_mixin.py:190} INFO - [2025-04-22T09:56:35.410+0000] {dagbag.py:588} INFO - Filling up the DagBag from /home/airflow/.local/lib/python3.12/site-packages/airflow/example_dags/example_subdag_operator.py
[2025-04-22T09:56:35.422+0000] {processor.py:925} INFO - DAG(s) 'example_subdag_operator.section-1', 'example_subdag_operator.section-2', 'example_subdag_operator' retrieved from /home/airflow/.local/lib/python3.12/site-packages/airflow/example_dags/example_subdag_operator.py
[2025-04-22T09:56:35.428+0000] {logging_mixin.py:190} INFO - [2025-04-22T09:56:35.427+0000] {dag.py:3239} INFO - Sync 3 DAGs
[2025-04-22T09:56:35.437+0000] {logging_mixin.py:190} INFO - [2025-04-22T09:56:35.437+0000] {dag.py:4180} INFO - Setting next_dagrun for example_subdag_operator to 2022-01-01 00:00:00+00:00, run_after=2022-01-01 00:00:00+00:00
[2025-04-22T09:56:35.439+0000] {logging_mixin.py:190} INFO - [2025-04-22T09:56:35.438+0000] {dag.py:4180} INFO - Setting next_dagrun for example_subdag_operator.section-1 to None, run_after=None
[2025-04-22T09:56:35.439+0000] {logging_mixin.py:190} INFO - [2025-04-22T09:56:35.439+0000] {dag.py:4180} INFO - Setting next_dagrun for example_subdag_operator.section-2 to None, run_after=None
[2025-04-22T09:56:35.441+0000] {logging_mixin.py:190} INFO - [2025-04-22T09:56:35.441+0000] {dag.py:3239} INFO - Sync 2 DAGs
[2025-04-22T09:56:35.443+0000] {logging_mixin.py:190} INFO - [2025-04-22T09:56:35.443+0000] {dag.py:4180} INFO - Setting next_dagrun for example_subdag_operator.section-1 to None, run_after=None
[2025-04-22T09:56:35.443+0000] {logging_mixin.py:190} INFO - [2025-04-22T09:56:35.443+0000] {dag.py:4180} INFO - Setting next_dagrun for example_subdag_operator.section-2 to None, run_after=None
[2025-04-22T09:56:35.447+0000] {processor.py:208} INFO - Processing /home/airflow/.local/lib/python3.12/site-packages/airflow/example_dags/example_subdag_operator.py took 0.040 seconds
[2025-04-22T09:57:06.670+0000] {processor.py:186} INFO - Started process (PID=342) to work on /home/airflow/.local/lib/python3.12/site-packages/airflow/example_dags/example_subdag_operator.py
[2025-04-22T09:57:06.671+0000] {processor.py:914} INFO - Processing file /home/airflow/.local/lib/python3.12/site-packages/airflow/example_dags/example_subdag_operator.py for tasks to queue
[2025-04-22T09:57:06.672+0000] {logging_mixin.py:190} INFO - [2025-04-22T09:57:06.672+0000] {dagbag.py:588} INFO - Filling up the DagBag from /home/airflow/.local/lib/python3.12/site-packages/airflow/example_dags/example_subdag_operator.py
[2025-04-22T09:57:06.683+0000] {processor.py:925} INFO - DAG(s) 'example_subdag_operator.section-1', 'example_subdag_operator.section-2', 'example_subdag_operator' retrieved from /home/airflow/.local/lib/python3.12/site-packages/airflow/example_dags/example_subdag_operator.py
[2025-04-22T09:57:06.689+0000] {logging_mixin.py:190} INFO - [2025-04-22T09:57:06.689+0000] {dag.py:3239} INFO - Sync 3 DAGs
[2025-04-22T09:57:06.699+0000] {logging_mixin.py:190} INFO - [2025-04-22T09:57:06.699+0000] {dag.py:4180} INFO - Setting next_dagrun for example_subdag_operator to 2022-01-01 00:00:00+00:00, run_after=2022-01-01 00:00:00+00:00
[2025-04-22T09:57:06.700+0000] {logging_mixin.py:190} INFO - [2025-04-22T09:57:06.700+0000] {dag.py:4180} INFO - Setting next_dagrun for example_subdag_operator.section-1 to None, run_after=None
[2025-04-22T09:57:06.701+0000] {logging_mixin.py:190} INFO - [2025-04-22T09:57:06.701+0000] {dag.py:4180} INFO - Setting next_dagrun for example_subdag_operator.section-2 to None, run_after=None
[2025-04-22T09:57:06.703+0000] {logging_mixin.py:190} INFO - [2025-04-22T09:57:06.703+0000] {dag.py:3239} INFO - Sync 2 DAGs
[2025-04-22T09:57:06.705+0000] {logging_mixin.py:190} INFO - [2025-04-22T09:57:06.705+0000] {dag.py:4180} INFO - Setting next_dagrun for example_subdag_operator.section-1 to None, run_after=None
[2025-04-22T09:57:06.705+0000] {logging_mixin.py:190} INFO - [2025-04-22T09:57:06.705+0000] {dag.py:4180} INFO - Setting next_dagrun for example_subdag_operator.section-2 to None, run_after=None
[2025-04-22T09:57:06.709+0000] {processor.py:208} INFO - Processing /home/airflow/.local/lib/python3.12/site-packages/airflow/example_dags/example_subdag_operator.py took 0.041 seconds
[2025-04-22T09:57:37.968+0000] {processor.py:186} INFO - Started process (PID=405) to work on /home/airflow/.local/lib/python3.12/site-packages/airflow/example_dags/example_subdag_operator.py
[2025-04-22T09:57:37.969+0000] {processor.py:914} INFO - Processing file /home/airflow/.local/lib/python3.12/site-packages/airflow/example_dags/example_subdag_operator.py for tasks to queue
[2025-04-22T09:57:37.970+0000] {logging_mixin.py:190} INFO - [2025-04-22T09:57:37.969+0000] {dagbag.py:588} INFO - Filling up the DagBag from /home/airflow/.local/lib/python3.12/site-packages/airflow/example_dags/example_subdag_operator.py
[2025-04-22T09:57:37.980+0000] {processor.py:925} INFO - DAG(s) 'example_subdag_operator.section-1', 'example_subdag_operator.section-2', 'example_subdag_operator' retrieved from /home/airflow/.local/lib/python3.12/site-packages/airflow/example_dags/example_subdag_operator.py
[2025-04-22T09:57:37.986+0000] {logging_mixin.py:190} INFO - [2025-04-22T09:57:37.986+0000] {dag.py:3239} INFO - Sync 3 DAGs
[2025-04-22T09:57:37.995+0000] {logging_mixin.py:190} INFO - [2025-04-22T09:57:37.995+0000] {dag.py:4180} INFO - Setting next_dagrun for example_subdag_operator to 2022-01-01 00:00:00+00:00, run_after=2022-01-01 00:00:00+00:00
[2025-04-22T09:57:37.996+0000] {logging_mixin.py:190} INFO - [2025-04-22T09:57:37.996+0000] {dag.py:4180} INFO - Setting next_dagrun for example_subdag_operator.section-1 to None, run_after=None
[2025-04-22T09:57:37.997+0000] {logging_mixin.py:190} INFO - [2025-04-22T09:57:37.997+0000] {dag.py:4180} INFO - Setting next_dagrun for example_subdag_operator.section-2 to None, run_after=None
[2025-04-22T09:57:37.999+0000] {logging_mixin.py:190} INFO - [2025-04-22T09:57:37.999+0000] {dag.py:3239} INFO - Sync 2 DAGs
[2025-04-22T09:57:38.001+0000] {logging_mixin.py:190} INFO - [2025-04-22T09:57:38.001+0000] {dag.py:4180} INFO - Setting next_dagrun for example_subdag_operator.section-1 to None, run_after=None
[2025-04-22T09:57:38.001+0000] {logging_mixin.py:190} INFO - [2025-04-22T09:57:38.001+0000] {dag.py:4180} INFO - Setting next_dagrun for example_subdag_operator.section-2 to None, run_after=None
[2025-04-22T09:57:38.005+0000] {processor.py:208} INFO - Processing /home/airflow/.local/lib/python3.12/site-packages/airflow/example_dags/example_subdag_operator.py took 0.039 seconds
[2025-04-22T09:58:34.374+0000] {processor.py:186} INFO - Started process (PID=90) to work on /home/airflow/.local/lib/python3.12/site-packages/airflow/example_dags/example_subdag_operator.py
[2025-04-22T09:58:34.374+0000] {processor.py:914} INFO - Processing file /home/airflow/.local/lib/python3.12/site-packages/airflow/example_dags/example_subdag_operator.py for tasks to queue
[2025-04-22T09:58:34.375+0000] {logging_mixin.py:190} INFO - [2025-04-22T09:58:34.375+0000] {dagbag.py:588} INFO - Filling up the DagBag from /home/airflow/.local/lib/python3.12/site-packages/airflow/example_dags/example_subdag_operator.py
[2025-04-22T09:58:34.387+0000] {processor.py:925} INFO - DAG(s) 'example_subdag_operator.section-1', 'example_subdag_operator.section-2', 'example_subdag_operator' retrieved from /home/airflow/.local/lib/python3.12/site-packages/airflow/example_dags/example_subdag_operator.py
[2025-04-22T09:58:34.393+0000] {logging_mixin.py:190} INFO - [2025-04-22T09:58:34.393+0000] {dag.py:3239} INFO - Sync 3 DAGs
[2025-04-22T09:58:34.403+0000] {logging_mixin.py:190} INFO - [2025-04-22T09:58:34.403+0000] {dag.py:4180} INFO - Setting next_dagrun for example_subdag_operator to 2022-01-01 00:00:00+00:00, run_after=2022-01-01 00:00:00+00:00
[2025-04-22T09:58:34.405+0000] {logging_mixin.py:190} INFO - [2025-04-22T09:58:34.405+0000] {dag.py:4180} INFO - Setting next_dagrun for example_subdag_operator.section-1 to None, run_after=None
[2025-04-22T09:58:34.405+0000] {logging_mixin.py:190} INFO - [2025-04-22T09:58:34.405+0000] {dag.py:4180} INFO - Setting next_dagrun for example_subdag_operator.section-2 to None, run_after=None
[2025-04-22T09:58:34.408+0000] {logging_mixin.py:190} INFO - [2025-04-22T09:58:34.408+0000] {dag.py:3239} INFO - Sync 2 DAGs
[2025-04-22T09:58:34.410+0000] {logging_mixin.py:190} INFO - [2025-04-22T09:58:34.410+0000] {dag.py:4180} INFO - Setting next_dagrun for example_subdag_operator.section-1 to None, run_after=None
[2025-04-22T09:58:34.410+0000] {logging_mixin.py:190} INFO - [2025-04-22T09:58:34.410+0000] {dag.py:4180} INFO - Setting next_dagrun for example_subdag_operator.section-2 to None, run_after=None
[2025-04-22T09:58:34.413+0000] {processor.py:208} INFO - Processing /home/airflow/.local/lib/python3.12/site-packages/airflow/example_dags/example_subdag_operator.py took 0.044 seconds
[2025-04-22T09:59:04.777+0000] {processor.py:186} INFO - Started process (PID=153) to work on /home/airflow/.local/lib/python3.12/site-packages/airflow/example_dags/example_subdag_operator.py
[2025-04-22T09:59:04.778+0000] {processor.py:914} INFO - Processing file /home/airflow/.local/lib/python3.12/site-packages/airflow/example_dags/example_subdag_operator.py for tasks to queue
[2025-04-22T09:59:04.778+0000] {logging_mixin.py:190} INFO - [2025-04-22T09:59:04.778+0000] {dagbag.py:588} INFO - Filling up the DagBag from /home/airflow/.local/lib/python3.12/site-packages/airflow/example_dags/example_subdag_operator.py
[2025-04-22T09:59:04.790+0000] {processor.py:925} INFO - DAG(s) 'example_subdag_operator.section-1', 'example_subdag_operator.section-2', 'example_subdag_operator' retrieved from /home/airflow/.local/lib/python3.12/site-packages/airflow/example_dags/example_subdag_operator.py
[2025-04-22T09:59:04.796+0000] {logging_mixin.py:190} INFO - [2025-04-22T09:59:04.796+0000] {dag.py:3239} INFO - Sync 3 DAGs
[2025-04-22T09:59:04.805+0000] {logging_mixin.py:190} INFO - [2025-04-22T09:59:04.805+0000] {dag.py:4180} INFO - Setting next_dagrun for example_subdag_operator to 2022-01-01 00:00:00+00:00, run_after=2022-01-01 00:00:00+00:00
[2025-04-22T09:59:04.807+0000] {logging_mixin.py:190} INFO - [2025-04-22T09:59:04.807+0000] {dag.py:4180} INFO - Setting next_dagrun for example_subdag_operator.section-1 to None, run_after=None
[2025-04-22T09:59:04.807+0000] {logging_mixin.py:190} INFO - [2025-04-22T09:59:04.807+0000] {dag.py:4180} INFO - Setting next_dagrun for example_subdag_operator.section-2 to None, run_after=None
[2025-04-22T09:59:04.810+0000] {logging_mixin.py:190} INFO - [2025-04-22T09:59:04.809+0000] {dag.py:3239} INFO - Sync 2 DAGs
[2025-04-22T09:59:04.811+0000] {logging_mixin.py:190} INFO - [2025-04-22T09:59:04.811+0000] {dag.py:4180} INFO - Setting next_dagrun for example_subdag_operator.section-1 to None, run_after=None
[2025-04-22T09:59:04.812+0000] {logging_mixin.py:190} INFO - [2025-04-22T09:59:04.812+0000] {dag.py:4180} INFO - Setting next_dagrun for example_subdag_operator.section-2 to None, run_after=None
[2025-04-22T09:59:04.815+0000] {processor.py:208} INFO - Processing /home/airflow/.local/lib/python3.12/site-packages/airflow/example_dags/example_subdag_operator.py took 0.042 seconds
[2025-04-22T09:59:35.241+0000] {processor.py:186} INFO - Started process (PID=216) to work on /home/airflow/.local/lib/python3.12/site-packages/airflow/example_dags/example_subdag_operator.py
[2025-04-22T09:59:35.241+0000] {processor.py:914} INFO - Processing file /home/airflow/.local/lib/python3.12/site-packages/airflow/example_dags/example_subdag_operator.py for tasks to queue
[2025-04-22T09:59:35.242+0000] {logging_mixin.py:190} INFO - [2025-04-22T09:59:35.242+0000] {dagbag.py:588} INFO - Filling up the DagBag from /home/airflow/.local/lib/python3.12/site-packages/airflow/example_dags/example_subdag_operator.py
[2025-04-22T09:59:35.254+0000] {processor.py:925} INFO - DAG(s) 'example_subdag_operator.section-1', 'example_subdag_operator.section-2', 'example_subdag_operator' retrieved from /home/airflow/.local/lib/python3.12/site-packages/airflow/example_dags/example_subdag_operator.py
[2025-04-22T09:59:35.259+0000] {logging_mixin.py:190} INFO - [2025-04-22T09:59:35.259+0000] {dag.py:3239} INFO - Sync 3 DAGs
[2025-04-22T09:59:35.269+0000] {logging_mixin.py:190} INFO - [2025-04-22T09:59:35.269+0000] {dag.py:4180} INFO - Setting next_dagrun for example_subdag_operator to 2022-01-01 00:00:00+00:00, run_after=2022-01-01 00:00:00+00:00
[2025-04-22T09:59:35.270+0000] {logging_mixin.py:190} INFO - [2025-04-22T09:59:35.270+0000] {dag.py:4180} INFO - Setting next_dagrun for example_subdag_operator.section-1 to None, run_after=None
[2025-04-22T09:59:35.271+0000] {logging_mixin.py:190} INFO - [2025-04-22T09:59:35.271+0000] {dag.py:4180} INFO - Setting next_dagrun for example_subdag_operator.section-2 to None, run_after=None
[2025-04-22T09:59:35.274+0000] {logging_mixin.py:190} INFO - [2025-04-22T09:59:35.273+0000] {dag.py:3239} INFO - Sync 2 DAGs
[2025-04-22T09:59:35.276+0000] {logging_mixin.py:190} INFO - [2025-04-22T09:59:35.275+0000] {dag.py:4180} INFO - Setting next_dagrun for example_subdag_operator.section-1 to None, run_after=None
[2025-04-22T09:59:35.276+0000] {logging_mixin.py:190} INFO - [2025-04-22T09:59:35.276+0000] {dag.py:4180} INFO - Setting next_dagrun for example_subdag_operator.section-2 to None, run_after=None
[2025-04-22T09:59:35.279+0000] {processor.py:208} INFO - Processing /home/airflow/.local/lib/python3.12/site-packages/airflow/example_dags/example_subdag_operator.py took 0.043 seconds
[2025-04-22T10:00:05.619+0000] {processor.py:186} INFO - Started process (PID=279) to work on /home/airflow/.local/lib/python3.12/site-packages/airflow/example_dags/example_subdag_operator.py
[2025-04-22T10:00:05.620+0000] {processor.py:914} INFO - Processing file /home/airflow/.local/lib/python3.12/site-packages/airflow/example_dags/example_subdag_operator.py for tasks to queue
[2025-04-22T10:00:05.621+0000] {logging_mixin.py:190} INFO - [2025-04-22T10:00:05.621+0000] {dagbag.py:588} INFO - Filling up the DagBag from /home/airflow/.local/lib/python3.12/site-packages/airflow/example_dags/example_subdag_operator.py
[2025-04-22T10:00:05.633+0000] {processor.py:925} INFO - DAG(s) 'example_subdag_operator.section-1', 'example_subdag_operator.section-2', 'example_subdag_operator' retrieved from /home/airflow/.local/lib/python3.12/site-packages/airflow/example_dags/example_subdag_operator.py
[2025-04-22T10:00:05.638+0000] {logging_mixin.py:190} INFO - [2025-04-22T10:00:05.638+0000] {dag.py:3239} INFO - Sync 3 DAGs
[2025-04-22T10:00:05.647+0000] {logging_mixin.py:190} INFO - [2025-04-22T10:00:05.647+0000] {dag.py:4180} INFO - Setting next_dagrun for example_subdag_operator to 2022-01-01 00:00:00+00:00, run_after=2022-01-01 00:00:00+00:00
[2025-04-22T10:00:05.649+0000] {logging_mixin.py:190} INFO - [2025-04-22T10:00:05.649+0000] {dag.py:4180} INFO - Setting next_dagrun for example_subdag_operator.section-1 to None, run_after=None
[2025-04-22T10:00:05.649+0000] {logging_mixin.py:190} INFO - [2025-04-22T10:00:05.649+0000] {dag.py:4180} INFO - Setting next_dagrun for example_subdag_operator.section-2 to None, run_after=None
[2025-04-22T10:00:05.652+0000] {logging_mixin.py:190} INFO - [2025-04-22T10:00:05.652+0000] {dag.py:3239} INFO - Sync 2 DAGs
[2025-04-22T10:00:05.654+0000] {logging_mixin.py:190} INFO - [2025-04-22T10:00:05.653+0000] {dag.py:4180} INFO - Setting next_dagrun for example_subdag_operator.section-1 to None, run_after=None
[2025-04-22T10:00:05.654+0000] {logging_mixin.py:190} INFO - [2025-04-22T10:00:05.654+0000] {dag.py:4180} INFO - Setting next_dagrun for example_subdag_operator.section-2 to None, run_after=None
[2025-04-22T10:00:05.657+0000] {processor.py:208} INFO - Processing /home/airflow/.local/lib/python3.12/site-packages/airflow/example_dags/example_subdag_operator.py took 0.042 seconds
[2025-04-22T10:00:54.830+0000] {processor.py:186} INFO - Started process (PID=90) to work on /home/airflow/.local/lib/python3.12/site-packages/airflow/example_dags/example_subdag_operator.py
[2025-04-22T10:00:54.831+0000] {processor.py:914} INFO - Processing file /home/airflow/.local/lib/python3.12/site-packages/airflow/example_dags/example_subdag_operator.py for tasks to queue
[2025-04-22T10:00:54.832+0000] {logging_mixin.py:190} INFO - [2025-04-22T10:00:54.832+0000] {dagbag.py:588} INFO - Filling up the DagBag from /home/airflow/.local/lib/python3.12/site-packages/airflow/example_dags/example_subdag_operator.py
[2025-04-22T10:00:54.844+0000] {processor.py:925} INFO - DAG(s) 'example_subdag_operator.section-1', 'example_subdag_operator.section-2', 'example_subdag_operator' retrieved from /home/airflow/.local/lib/python3.12/site-packages/airflow/example_dags/example_subdag_operator.py
[2025-04-22T10:00:54.850+0000] {logging_mixin.py:190} INFO - [2025-04-22T10:00:54.850+0000] {dag.py:3239} INFO - Sync 3 DAGs
[2025-04-22T10:00:54.860+0000] {logging_mixin.py:190} INFO - [2025-04-22T10:00:54.860+0000] {dag.py:4180} INFO - Setting next_dagrun for example_subdag_operator to 2022-01-01 00:00:00+00:00, run_after=2022-01-01 00:00:00+00:00
[2025-04-22T10:00:54.862+0000] {logging_mixin.py:190} INFO - [2025-04-22T10:00:54.861+0000] {dag.py:4180} INFO - Setting next_dagrun for example_subdag_operator.section-1 to None, run_after=None
[2025-04-22T10:00:54.862+0000] {logging_mixin.py:190} INFO - [2025-04-22T10:00:54.862+0000] {dag.py:4180} INFO - Setting next_dagrun for example_subdag_operator.section-2 to None, run_after=None
[2025-04-22T10:00:54.865+0000] {logging_mixin.py:190} INFO - [2025-04-22T10:00:54.865+0000] {dag.py:3239} INFO - Sync 2 DAGs
[2025-04-22T10:00:54.867+0000] {logging_mixin.py:190} INFO - [2025-04-22T10:00:54.867+0000] {dag.py:4180} INFO - Setting next_dagrun for example_subdag_operator.section-1 to None, run_after=None
[2025-04-22T10:00:54.867+0000] {logging_mixin.py:190} INFO - [2025-04-22T10:00:54.867+0000] {dag.py:4180} INFO - Setting next_dagrun for example_subdag_operator.section-2 to None, run_after=None
[2025-04-22T10:00:54.870+0000] {processor.py:208} INFO - Processing /home/airflow/.local/lib/python3.12/site-packages/airflow/example_dags/example_subdag_operator.py took 0.043 seconds
[2025-04-22T10:01:25.269+0000] {processor.py:186} INFO - Started process (PID=153) to work on /home/airflow/.local/lib/python3.12/site-packages/airflow/example_dags/example_subdag_operator.py
[2025-04-22T10:01:25.269+0000] {processor.py:914} INFO - Processing file /home/airflow/.local/lib/python3.12/site-packages/airflow/example_dags/example_subdag_operator.py for tasks to queue
[2025-04-22T10:01:25.270+0000] {logging_mixin.py:190} INFO - [2025-04-22T10:01:25.270+0000] {dagbag.py:588} INFO - Filling up the DagBag from /home/airflow/.local/lib/python3.12/site-packages/airflow/example_dags/example_subdag_operator.py
[2025-04-22T10:01:25.281+0000] {processor.py:925} INFO - DAG(s) 'example_subdag_operator.section-1', 'example_subdag_operator.section-2', 'example_subdag_operator' retrieved from /home/airflow/.local/lib/python3.12/site-packages/airflow/example_dags/example_subdag_operator.py
[2025-04-22T10:01:25.287+0000] {logging_mixin.py:190} INFO - [2025-04-22T10:01:25.287+0000] {dag.py:3239} INFO - Sync 3 DAGs
[2025-04-22T10:01:25.297+0000] {logging_mixin.py:190} INFO - [2025-04-22T10:01:25.296+0000] {dag.py:4180} INFO - Setting next_dagrun for example_subdag_operator to 2022-01-01 00:00:00+00:00, run_after=2022-01-01 00:00:00+00:00
[2025-04-22T10:01:25.298+0000] {logging_mixin.py:190} INFO - [2025-04-22T10:01:25.298+0000] {dag.py:4180} INFO - Setting next_dagrun for example_subdag_operator.section-1 to None, run_after=None
[2025-04-22T10:01:25.298+0000] {logging_mixin.py:190} INFO - [2025-04-22T10:01:25.298+0000] {dag.py:4180} INFO - Setting next_dagrun for example_subdag_operator.section-2 to None, run_after=None
[2025-04-22T10:01:25.301+0000] {logging_mixin.py:190} INFO - [2025-04-22T10:01:25.301+0000] {dag.py:3239} INFO - Sync 2 DAGs
[2025-04-22T10:01:25.303+0000] {logging_mixin.py:190} INFO - [2025-04-22T10:01:25.303+0000] {dag.py:4180} INFO - Setting next_dagrun for example_subdag_operator.section-1 to None, run_after=None
[2025-04-22T10:01:25.303+0000] {logging_mixin.py:190} INFO - [2025-04-22T10:01:25.303+0000] {dag.py:4180} INFO - Setting next_dagrun for example_subdag_operator.section-2 to None, run_after=None
[2025-04-22T10:01:25.306+0000] {processor.py:208} INFO - Processing /home/airflow/.local/lib/python3.12/site-packages/airflow/example_dags/example_subdag_operator.py took 0.040 seconds
[2025-04-22T10:01:55.676+0000] {processor.py:186} INFO - Started process (PID=216) to work on /home/airflow/.local/lib/python3.12/site-packages/airflow/example_dags/example_subdag_operator.py
[2025-04-22T10:01:55.676+0000] {processor.py:914} INFO - Processing file /home/airflow/.local/lib/python3.12/site-packages/airflow/example_dags/example_subdag_operator.py for tasks to queue
[2025-04-22T10:01:55.677+0000] {logging_mixin.py:190} INFO - [2025-04-22T10:01:55.677+0000] {dagbag.py:588} INFO - Filling up the DagBag from /home/airflow/.local/lib/python3.12/site-packages/airflow/example_dags/example_subdag_operator.py
[2025-04-22T10:01:55.688+0000] {processor.py:925} INFO - DAG(s) 'example_subdag_operator.section-1', 'example_subdag_operator.section-2', 'example_subdag_operator' retrieved from /home/airflow/.local/lib/python3.12/site-packages/airflow/example_dags/example_subdag_operator.py
[2025-04-22T10:01:55.694+0000] {logging_mixin.py:190} INFO - [2025-04-22T10:01:55.694+0000] {dag.py:3239} INFO - Sync 3 DAGs
[2025-04-22T10:01:55.704+0000] {logging_mixin.py:190} INFO - [2025-04-22T10:01:55.703+0000] {dag.py:4180} INFO - Setting next_dagrun for example_subdag_operator to 2022-01-01 00:00:00+00:00, run_after=2022-01-01 00:00:00+00:00
[2025-04-22T10:01:55.705+0000] {logging_mixin.py:190} INFO - [2025-04-22T10:01:55.705+0000] {dag.py:4180} INFO - Setting next_dagrun for example_subdag_operator.section-1 to None, run_after=None
[2025-04-22T10:01:55.705+0000] {logging_mixin.py:190} INFO - [2025-04-22T10:01:55.705+0000] {dag.py:4180} INFO - Setting next_dagrun for example_subdag_operator.section-2 to None, run_after=None
[2025-04-22T10:01:55.708+0000] {logging_mixin.py:190} INFO - [2025-04-22T10:01:55.708+0000] {dag.py:3239} INFO - Sync 2 DAGs
[2025-04-22T10:01:55.710+0000] {logging_mixin.py:190} INFO - [2025-04-22T10:01:55.710+0000] {dag.py:4180} INFO - Setting next_dagrun for example_subdag_operator.section-1 to None, run_after=None
[2025-04-22T10:01:55.710+0000] {logging_mixin.py:190} INFO - [2025-04-22T10:01:55.710+0000] {dag.py:4180} INFO - Setting next_dagrun for example_subdag_operator.section-2 to None, run_after=None
[2025-04-22T10:01:55.714+0000] {processor.py:208} INFO - Processing /home/airflow/.local/lib/python3.12/site-packages/airflow/example_dags/example_subdag_operator.py took 0.041 seconds
[2025-04-22T10:02:25.906+0000] {processor.py:186} INFO - Started process (PID=279) to work on /home/airflow/.local/lib/python3.12/site-packages/airflow/example_dags/example_subdag_operator.py
[2025-04-22T10:02:25.906+0000] {processor.py:914} INFO - Processing file /home/airflow/.local/lib/python3.12/site-packages/airflow/example_dags/example_subdag_operator.py for tasks to queue
[2025-04-22T10:02:25.907+0000] {logging_mixin.py:190} INFO - [2025-04-22T10:02:25.907+0000] {dagbag.py:588} INFO - Filling up the DagBag from /home/airflow/.local/lib/python3.12/site-packages/airflow/example_dags/example_subdag_operator.py
[2025-04-22T10:02:25.918+0000] {processor.py:925} INFO - DAG(s) 'example_subdag_operator.section-1', 'example_subdag_operator.section-2', 'example_subdag_operator' retrieved from /home/airflow/.local/lib/python3.12/site-packages/airflow/example_dags/example_subdag_operator.py
[2025-04-22T10:02:25.924+0000] {logging_mixin.py:190} INFO - [2025-04-22T10:02:25.924+0000] {dag.py:3239} INFO - Sync 3 DAGs
[2025-04-22T10:02:25.933+0000] {logging_mixin.py:190} INFO - [2025-04-22T10:02:25.933+0000] {dag.py:4180} INFO - Setting next_dagrun for example_subdag_operator to 2022-01-01 00:00:00+00:00, run_after=2022-01-01 00:00:00+00:00
[2025-04-22T10:02:25.934+0000] {logging_mixin.py:190} INFO - [2025-04-22T10:02:25.934+0000] {dag.py:4180} INFO - Setting next_dagrun for example_subdag_operator.section-1 to None, run_after=None
[2025-04-22T10:02:25.935+0000] {logging_mixin.py:190} INFO - [2025-04-22T10:02:25.935+0000] {dag.py:4180} INFO - Setting next_dagrun for example_subdag_operator.section-2 to None, run_after=None
[2025-04-22T10:02:25.937+0000] {logging_mixin.py:190} INFO - [2025-04-22T10:02:25.937+0000] {dag.py:3239} INFO - Sync 2 DAGs
[2025-04-22T10:02:25.939+0000] {logging_mixin.py:190} INFO - [2025-04-22T10:02:25.939+0000] {dag.py:4180} INFO - Setting next_dagrun for example_subdag_operator.section-1 to None, run_after=None
[2025-04-22T10:02:25.939+0000] {logging_mixin.py:190} INFO - [2025-04-22T10:02:25.939+0000] {dag.py:4180} INFO - Setting next_dagrun for example_subdag_operator.section-2 to None, run_after=None
[2025-04-22T10:02:25.943+0000] {processor.py:208} INFO - Processing /home/airflow/.local/lib/python3.12/site-packages/airflow/example_dags/example_subdag_operator.py took 0.040 seconds
[2025-04-22T10:02:56.502+0000] {processor.py:186} INFO - Started process (PID=342) to work on /home/airflow/.local/lib/python3.12/site-packages/airflow/example_dags/example_subdag_operator.py
[2025-04-22T10:02:56.503+0000] {processor.py:914} INFO - Processing file /home/airflow/.local/lib/python3.12/site-packages/airflow/example_dags/example_subdag_operator.py for tasks to queue
[2025-04-22T10:02:56.504+0000] {logging_mixin.py:190} INFO - [2025-04-22T10:02:56.503+0000] {dagbag.py:588} INFO - Filling up the DagBag from /home/airflow/.local/lib/python3.12/site-packages/airflow/example_dags/example_subdag_operator.py
[2025-04-22T10:02:56.515+0000] {processor.py:925} INFO - DAG(s) 'example_subdag_operator.section-1', 'example_subdag_operator.section-2', 'example_subdag_operator' retrieved from /home/airflow/.local/lib/python3.12/site-packages/airflow/example_dags/example_subdag_operator.py
[2025-04-22T10:02:56.521+0000] {logging_mixin.py:190} INFO - [2025-04-22T10:02:56.521+0000] {dag.py:3239} INFO - Sync 3 DAGs
[2025-04-22T10:02:56.530+0000] {logging_mixin.py:190} INFO - [2025-04-22T10:02:56.530+0000] {dag.py:4180} INFO - Setting next_dagrun for example_subdag_operator to 2022-01-01 00:00:00+00:00, run_after=2022-01-01 00:00:00+00:00
[2025-04-22T10:02:56.532+0000] {logging_mixin.py:190} INFO - [2025-04-22T10:02:56.532+0000] {dag.py:4180} INFO - Setting next_dagrun for example_subdag_operator.section-1 to None, run_after=None
[2025-04-22T10:02:56.532+0000] {logging_mixin.py:190} INFO - [2025-04-22T10:02:56.532+0000] {dag.py:4180} INFO - Setting next_dagrun for example_subdag_operator.section-2 to None, run_after=None
[2025-04-22T10:02:56.535+0000] {logging_mixin.py:190} INFO - [2025-04-22T10:02:56.534+0000] {dag.py:3239} INFO - Sync 2 DAGs
[2025-04-22T10:02:56.536+0000] {logging_mixin.py:190} INFO - [2025-04-22T10:02:56.536+0000] {dag.py:4180} INFO - Setting next_dagrun for example_subdag_operator.section-1 to None, run_after=None
[2025-04-22T10:02:56.537+0000] {logging_mixin.py:190} INFO - [2025-04-22T10:02:56.536+0000] {dag.py:4180} INFO - Setting next_dagrun for example_subdag_operator.section-2 to None, run_after=None
[2025-04-22T10:02:56.540+0000] {processor.py:208} INFO - Processing /home/airflow/.local/lib/python3.12/site-packages/airflow/example_dags/example_subdag_operator.py took 0.040 seconds
[2025-04-22T10:03:26.682+0000] {processor.py:186} INFO - Started process (PID=405) to work on /home/airflow/.local/lib/python3.12/site-packages/airflow/example_dags/example_subdag_operator.py
[2025-04-22T10:03:26.683+0000] {processor.py:914} INFO - Processing file /home/airflow/.local/lib/python3.12/site-packages/airflow/example_dags/example_subdag_operator.py for tasks to queue
[2025-04-22T10:03:26.683+0000] {logging_mixin.py:190} INFO - [2025-04-22T10:03:26.683+0000] {dagbag.py:588} INFO - Filling up the DagBag from /home/airflow/.local/lib/python3.12/site-packages/airflow/example_dags/example_subdag_operator.py
[2025-04-22T10:03:26.695+0000] {processor.py:925} INFO - DAG(s) 'example_subdag_operator.section-1', 'example_subdag_operator.section-2', 'example_subdag_operator' retrieved from /home/airflow/.local/lib/python3.12/site-packages/airflow/example_dags/example_subdag_operator.py
[2025-04-22T10:03:26.700+0000] {logging_mixin.py:190} INFO - [2025-04-22T10:03:26.700+0000] {dag.py:3239} INFO - Sync 3 DAGs
[2025-04-22T10:03:26.710+0000] {logging_mixin.py:190} INFO - [2025-04-22T10:03:26.709+0000] {dag.py:4180} INFO - Setting next_dagrun for example_subdag_operator to 2022-01-01 00:00:00+00:00, run_after=2022-01-01 00:00:00+00:00
[2025-04-22T10:03:26.711+0000] {logging_mixin.py:190} INFO - [2025-04-22T10:03:26.711+0000] {dag.py:4180} INFO - Setting next_dagrun for example_subdag_operator.section-1 to None, run_after=None
[2025-04-22T10:03:26.711+0000] {logging_mixin.py:190} INFO - [2025-04-22T10:03:26.711+0000] {dag.py:4180} INFO - Setting next_dagrun for example_subdag_operator.section-2 to None, run_after=None
[2025-04-22T10:03:26.714+0000] {logging_mixin.py:190} INFO - [2025-04-22T10:03:26.714+0000] {dag.py:3239} INFO - Sync 2 DAGs
[2025-04-22T10:03:26.716+0000] {logging_mixin.py:190} INFO - [2025-04-22T10:03:26.715+0000] {dag.py:4180} INFO - Setting next_dagrun for example_subdag_operator.section-1 to None, run_after=None
[2025-04-22T10:03:26.716+0000] {logging_mixin.py:190} INFO - [2025-04-22T10:03:26.716+0000] {dag.py:4180} INFO - Setting next_dagrun for example_subdag_operator.section-2 to None, run_after=None
[2025-04-22T10:03:26.719+0000] {processor.py:208} INFO - Processing /home/airflow/.local/lib/python3.12/site-packages/airflow/example_dags/example_subdag_operator.py took 0.039 seconds
[2025-04-22T10:05:36.748+0000] {processor.py:186} INFO - Started process (PID=90) to work on /home/airflow/.local/lib/python3.12/site-packages/airflow/example_dags/example_subdag_operator.py
[2025-04-22T10:05:36.748+0000] {processor.py:914} INFO - Processing file /home/airflow/.local/lib/python3.12/site-packages/airflow/example_dags/example_subdag_operator.py for tasks to queue
[2025-04-22T10:05:36.749+0000] {logging_mixin.py:190} INFO - [2025-04-22T10:05:36.749+0000] {dagbag.py:588} INFO - Filling up the DagBag from /home/airflow/.local/lib/python3.12/site-packages/airflow/example_dags/example_subdag_operator.py
[2025-04-22T10:05:36.762+0000] {processor.py:925} INFO - DAG(s) 'example_subdag_operator.section-1', 'example_subdag_operator.section-2', 'example_subdag_operator' retrieved from /home/airflow/.local/lib/python3.12/site-packages/airflow/example_dags/example_subdag_operator.py
[2025-04-22T10:05:36.769+0000] {logging_mixin.py:190} INFO - [2025-04-22T10:05:36.769+0000] {dag.py:3239} INFO - Sync 3 DAGs
[2025-04-22T10:05:36.779+0000] {logging_mixin.py:190} INFO - [2025-04-22T10:05:36.779+0000] {dag.py:4180} INFO - Setting next_dagrun for example_subdag_operator to 2022-01-01 00:00:00+00:00, run_after=2022-01-01 00:00:00+00:00
[2025-04-22T10:05:36.780+0000] {logging_mixin.py:190} INFO - [2025-04-22T10:05:36.780+0000] {dag.py:4180} INFO - Setting next_dagrun for example_subdag_operator.section-1 to None, run_after=None
[2025-04-22T10:05:36.781+0000] {logging_mixin.py:190} INFO - [2025-04-22T10:05:36.781+0000] {dag.py:4180} INFO - Setting next_dagrun for example_subdag_operator.section-2 to None, run_after=None
[2025-04-22T10:05:36.783+0000] {logging_mixin.py:190} INFO - [2025-04-22T10:05:36.783+0000] {dag.py:3239} INFO - Sync 2 DAGs
[2025-04-22T10:05:36.785+0000] {logging_mixin.py:190} INFO - [2025-04-22T10:05:36.785+0000] {dag.py:4180} INFO - Setting next_dagrun for example_subdag_operator.section-1 to None, run_after=None
[2025-04-22T10:05:36.785+0000] {logging_mixin.py:190} INFO - [2025-04-22T10:05:36.785+0000] {dag.py:4180} INFO - Setting next_dagrun for example_subdag_operator.section-2 to None, run_after=None
[2025-04-22T10:05:36.789+0000] {processor.py:208} INFO - Processing /home/airflow/.local/lib/python3.12/site-packages/airflow/example_dags/example_subdag_operator.py took 0.044 seconds
[2025-04-22T10:06:07.137+0000] {processor.py:186} INFO - Started process (PID=153) to work on /home/airflow/.local/lib/python3.12/site-packages/airflow/example_dags/example_subdag_operator.py
[2025-04-22T10:06:07.137+0000] {processor.py:914} INFO - Processing file /home/airflow/.local/lib/python3.12/site-packages/airflow/example_dags/example_subdag_operator.py for tasks to queue
[2025-04-22T10:06:07.138+0000] {logging_mixin.py:190} INFO - [2025-04-22T10:06:07.138+0000] {dagbag.py:588} INFO - Filling up the DagBag from /home/airflow/.local/lib/python3.12/site-packages/airflow/example_dags/example_subdag_operator.py
[2025-04-22T10:06:07.150+0000] {processor.py:925} INFO - DAG(s) 'example_subdag_operator.section-1', 'example_subdag_operator.section-2', 'example_subdag_operator' retrieved from /home/airflow/.local/lib/python3.12/site-packages/airflow/example_dags/example_subdag_operator.py
[2025-04-22T10:06:07.156+0000] {logging_mixin.py:190} INFO - [2025-04-22T10:06:07.156+0000] {dag.py:3239} INFO - Sync 3 DAGs
[2025-04-22T10:06:07.166+0000] {logging_mixin.py:190} INFO - [2025-04-22T10:06:07.166+0000] {dag.py:4180} INFO - Setting next_dagrun for example_subdag_operator to 2022-01-01 00:00:00+00:00, run_after=2022-01-01 00:00:00+00:00
[2025-04-22T10:06:07.167+0000] {logging_mixin.py:190} INFO - [2025-04-22T10:06:07.167+0000] {dag.py:4180} INFO - Setting next_dagrun for example_subdag_operator.section-1 to None, run_after=None
[2025-04-22T10:06:07.167+0000] {logging_mixin.py:190} INFO - [2025-04-22T10:06:07.167+0000] {dag.py:4180} INFO - Setting next_dagrun for example_subdag_operator.section-2 to None, run_after=None
[2025-04-22T10:06:07.170+0000] {logging_mixin.py:190} INFO - [2025-04-22T10:06:07.170+0000] {dag.py:3239} INFO - Sync 2 DAGs
[2025-04-22T10:06:07.172+0000] {logging_mixin.py:190} INFO - [2025-04-22T10:06:07.172+0000] {dag.py:4180} INFO - Setting next_dagrun for example_subdag_operator.section-1 to None, run_after=None
[2025-04-22T10:06:07.172+0000] {logging_mixin.py:190} INFO - [2025-04-22T10:06:07.172+0000] {dag.py:4180} INFO - Setting next_dagrun for example_subdag_operator.section-2 to None, run_after=None
[2025-04-22T10:06:07.175+0000] {processor.py:208} INFO - Processing /home/airflow/.local/lib/python3.12/site-packages/airflow/example_dags/example_subdag_operator.py took 0.041 seconds
[2025-04-22T10:06:37.451+0000] {processor.py:186} INFO - Started process (PID=216) to work on /home/airflow/.local/lib/python3.12/site-packages/airflow/example_dags/example_subdag_operator.py
[2025-04-22T10:06:37.451+0000] {processor.py:914} INFO - Processing file /home/airflow/.local/lib/python3.12/site-packages/airflow/example_dags/example_subdag_operator.py for tasks to queue
[2025-04-22T10:06:37.452+0000] {logging_mixin.py:190} INFO - [2025-04-22T10:06:37.452+0000] {dagbag.py:588} INFO - Filling up the DagBag from /home/airflow/.local/lib/python3.12/site-packages/airflow/example_dags/example_subdag_operator.py
[2025-04-22T10:06:37.463+0000] {processor.py:925} INFO - DAG(s) 'example_subdag_operator.section-1', 'example_subdag_operator.section-2', 'example_subdag_operator' retrieved from /home/airflow/.local/lib/python3.12/site-packages/airflow/example_dags/example_subdag_operator.py
[2025-04-22T10:06:37.469+0000] {logging_mixin.py:190} INFO - [2025-04-22T10:06:37.469+0000] {dag.py:3239} INFO - Sync 3 DAGs
[2025-04-22T10:06:37.479+0000] {logging_mixin.py:190} INFO - [2025-04-22T10:06:37.479+0000] {dag.py:4180} INFO - Setting next_dagrun for example_subdag_operator to 2022-01-01 00:00:00+00:00, run_after=2022-01-01 00:00:00+00:00
[2025-04-22T10:06:37.480+0000] {logging_mixin.py:190} INFO - [2025-04-22T10:06:37.480+0000] {dag.py:4180} INFO - Setting next_dagrun for example_subdag_operator.section-1 to None, run_after=None
[2025-04-22T10:06:37.481+0000] {logging_mixin.py:190} INFO - [2025-04-22T10:06:37.480+0000] {dag.py:4180} INFO - Setting next_dagrun for example_subdag_operator.section-2 to None, run_after=None
[2025-04-22T10:06:37.483+0000] {logging_mixin.py:190} INFO - [2025-04-22T10:06:37.483+0000] {dag.py:3239} INFO - Sync 2 DAGs
[2025-04-22T10:06:37.485+0000] {logging_mixin.py:190} INFO - [2025-04-22T10:06:37.485+0000] {dag.py:4180} INFO - Setting next_dagrun for example_subdag_operator.section-1 to None, run_after=None
[2025-04-22T10:06:37.485+0000] {logging_mixin.py:190} INFO - [2025-04-22T10:06:37.485+0000] {dag.py:4180} INFO - Setting next_dagrun for example_subdag_operator.section-2 to None, run_after=None
[2025-04-22T10:06:37.489+0000] {processor.py:208} INFO - Processing /home/airflow/.local/lib/python3.12/site-packages/airflow/example_dags/example_subdag_operator.py took 0.041 seconds
[2025-04-22T10:07:07.842+0000] {processor.py:186} INFO - Started process (PID=279) to work on /home/airflow/.local/lib/python3.12/site-packages/airflow/example_dags/example_subdag_operator.py
[2025-04-22T10:07:07.842+0000] {processor.py:914} INFO - Processing file /home/airflow/.local/lib/python3.12/site-packages/airflow/example_dags/example_subdag_operator.py for tasks to queue
[2025-04-22T10:07:07.843+0000] {logging_mixin.py:190} INFO - [2025-04-22T10:07:07.843+0000] {dagbag.py:588} INFO - Filling up the DagBag from /home/airflow/.local/lib/python3.12/site-packages/airflow/example_dags/example_subdag_operator.py
[2025-04-22T10:07:07.854+0000] {processor.py:925} INFO - DAG(s) 'example_subdag_operator.section-1', 'example_subdag_operator.section-2', 'example_subdag_operator' retrieved from /home/airflow/.local/lib/python3.12/site-packages/airflow/example_dags/example_subdag_operator.py
[2025-04-22T10:07:07.860+0000] {logging_mixin.py:190} INFO - [2025-04-22T10:07:07.860+0000] {dag.py:3239} INFO - Sync 3 DAGs
[2025-04-22T10:07:07.870+0000] {logging_mixin.py:190} INFO - [2025-04-22T10:07:07.870+0000] {dag.py:4180} INFO - Setting next_dagrun for example_subdag_operator to 2022-01-01 00:00:00+00:00, run_after=2022-01-01 00:00:00+00:00
[2025-04-22T10:07:07.871+0000] {logging_mixin.py:190} INFO - [2025-04-22T10:07:07.871+0000] {dag.py:4180} INFO - Setting next_dagrun for example_subdag_operator.section-1 to None, run_after=None
[2025-04-22T10:07:07.871+0000] {logging_mixin.py:190} INFO - [2025-04-22T10:07:07.871+0000] {dag.py:4180} INFO - Setting next_dagrun for example_subdag_operator.section-2 to None, run_after=None
[2025-04-22T10:07:07.874+0000] {logging_mixin.py:190} INFO - [2025-04-22T10:07:07.874+0000] {dag.py:3239} INFO - Sync 2 DAGs
[2025-04-22T10:07:07.876+0000] {logging_mixin.py:190} INFO - [2025-04-22T10:07:07.876+0000] {dag.py:4180} INFO - Setting next_dagrun for example_subdag_operator.section-1 to None, run_after=None
[2025-04-22T10:07:07.876+0000] {logging_mixin.py:190} INFO - [2025-04-22T10:07:07.876+0000] {dag.py:4180} INFO - Setting next_dagrun for example_subdag_operator.section-2 to None, run_after=None
[2025-04-22T10:07:07.879+0000] {processor.py:208} INFO - Processing /home/airflow/.local/lib/python3.12/site-packages/airflow/example_dags/example_subdag_operator.py took 0.040 seconds
