[2025-04-22T09:53:49.825+0000] {processor.py:186} INFO - Started process (PID=108) to work on /home/airflow/.local/lib/python3.12/site-packages/airflow/example_dags/tutorial.py
[2025-04-22T09:53:49.825+0000] {processor.py:914} INFO - Processing file /home/airflow/.local/lib/python3.12/site-packages/airflow/example_dags/tutorial.py for tasks to queue
[2025-04-22T09:53:49.826+0000] {logging_mixin.py:190} INFO - [2025-04-22T09:53:49.826+0000] {dagbag.py:588} INFO - Filling up the DagBag from /home/airflow/.local/lib/python3.12/site-packages/airflow/example_dags/tutorial.py
[2025-04-22T09:53:49.830+0000] {processor.py:925} INFO - DAG(s) 'tutorial' retrieved from /home/airflow/.local/lib/python3.12/site-packages/airflow/example_dags/tutorial.py
[2025-04-22T09:53:49.836+0000] {logging_mixin.py:190} INFO - [2025-04-22T09:53:49.836+0000] {dag.py:3239} INFO - Sync 1 DAGs
[2025-04-22T09:53:49.846+0000] {logging_mixin.py:190} INFO - [2025-04-22T09:53:49.846+0000] {dag.py:4180} INFO - Setting next_dagrun for tutorial to 2025-04-21 00:00:00+00:00, run_after=2025-04-22 00:00:00+00:00
[2025-04-22T09:53:49.852+0000] {processor.py:208} INFO - Processing /home/airflow/.local/lib/python3.12/site-packages/airflow/example_dags/tutorial.py took 0.030 seconds
[2025-04-22T09:55:03.166+0000] {processor.py:186} INFO - Started process (PID=108) to work on /home/airflow/.local/lib/python3.12/site-packages/airflow/example_dags/tutorial.py
[2025-04-22T09:55:03.166+0000] {processor.py:914} INFO - Processing file /home/airflow/.local/lib/python3.12/site-packages/airflow/example_dags/tutorial.py for tasks to queue
[2025-04-22T09:55:03.167+0000] {logging_mixin.py:190} INFO - [2025-04-22T09:55:03.167+0000] {dagbag.py:588} INFO - Filling up the DagBag from /home/airflow/.local/lib/python3.12/site-packages/airflow/example_dags/tutorial.py
[2025-04-22T09:55:03.171+0000] {processor.py:925} INFO - DAG(s) 'tutorial' retrieved from /home/airflow/.local/lib/python3.12/site-packages/airflow/example_dags/tutorial.py
[2025-04-22T09:55:03.222+0000] {logging_mixin.py:190} INFO - [2025-04-22T09:55:03.222+0000] {dag.py:3239} INFO - Sync 1 DAGs
[2025-04-22T09:55:03.230+0000] {logging_mixin.py:190} INFO - [2025-04-22T09:55:03.230+0000] {dag.py:4180} INFO - Setting next_dagrun for tutorial to 2025-04-21 00:00:00+00:00, run_after=2025-04-22 00:00:00+00:00
[2025-04-22T09:55:03.237+0000] {processor.py:208} INFO - Processing /home/airflow/.local/lib/python3.12/site-packages/airflow/example_dags/tutorial.py took 0.074 seconds
[2025-04-22T09:55:33.781+0000] {processor.py:186} INFO - Started process (PID=171) to work on /home/airflow/.local/lib/python3.12/site-packages/airflow/example_dags/tutorial.py
[2025-04-22T09:55:33.781+0000] {processor.py:914} INFO - Processing file /home/airflow/.local/lib/python3.12/site-packages/airflow/example_dags/tutorial.py for tasks to queue
[2025-04-22T09:55:33.782+0000] {logging_mixin.py:190} INFO - [2025-04-22T09:55:33.782+0000] {dagbag.py:588} INFO - Filling up the DagBag from /home/airflow/.local/lib/python3.12/site-packages/airflow/example_dags/tutorial.py
[2025-04-22T09:55:33.786+0000] {processor.py:925} INFO - DAG(s) 'tutorial' retrieved from /home/airflow/.local/lib/python3.12/site-packages/airflow/example_dags/tutorial.py
[2025-04-22T09:55:33.795+0000] {logging_mixin.py:190} INFO - [2025-04-22T09:55:33.794+0000] {dag.py:3239} INFO - Sync 1 DAGs
[2025-04-22T09:55:33.804+0000] {logging_mixin.py:190} INFO - [2025-04-22T09:55:33.804+0000] {dag.py:4180} INFO - Setting next_dagrun for tutorial to 2025-04-21 00:00:00+00:00, run_after=2025-04-22 00:00:00+00:00
[2025-04-22T09:55:33.810+0000] {processor.py:208} INFO - Processing /home/airflow/.local/lib/python3.12/site-packages/airflow/example_dags/tutorial.py took 0.032 seconds
[2025-04-22T09:56:04.936+0000] {processor.py:186} INFO - Started process (PID=234) to work on /home/airflow/.local/lib/python3.12/site-packages/airflow/example_dags/tutorial.py
[2025-04-22T09:56:04.937+0000] {processor.py:914} INFO - Processing file /home/airflow/.local/lib/python3.12/site-packages/airflow/example_dags/tutorial.py for tasks to queue
[2025-04-22T09:56:04.937+0000] {logging_mixin.py:190} INFO - [2025-04-22T09:56:04.937+0000] {dagbag.py:588} INFO - Filling up the DagBag from /home/airflow/.local/lib/python3.12/site-packages/airflow/example_dags/tutorial.py
[2025-04-22T09:56:04.941+0000] {processor.py:925} INFO - DAG(s) 'tutorial' retrieved from /home/airflow/.local/lib/python3.12/site-packages/airflow/example_dags/tutorial.py
[2025-04-22T09:56:04.949+0000] {logging_mixin.py:190} INFO - [2025-04-22T09:56:04.949+0000] {dag.py:3239} INFO - Sync 1 DAGs
[2025-04-22T09:56:04.959+0000] {logging_mixin.py:190} INFO - [2025-04-22T09:56:04.959+0000] {dag.py:4180} INFO - Setting next_dagrun for tutorial to 2025-04-21 00:00:00+00:00, run_after=2025-04-22 00:00:00+00:00
[2025-04-22T09:56:04.965+0000] {processor.py:208} INFO - Processing /home/airflow/.local/lib/python3.12/site-packages/airflow/example_dags/tutorial.py took 0.032 seconds
[2025-04-22T09:56:36.163+0000] {processor.py:186} INFO - Started process (PID=297) to work on /home/airflow/.local/lib/python3.12/site-packages/airflow/example_dags/tutorial.py
[2025-04-22T09:56:36.163+0000] {processor.py:914} INFO - Processing file /home/airflow/.local/lib/python3.12/site-packages/airflow/example_dags/tutorial.py for tasks to queue
[2025-04-22T09:56:36.164+0000] {logging_mixin.py:190} INFO - [2025-04-22T09:56:36.164+0000] {dagbag.py:588} INFO - Filling up the DagBag from /home/airflow/.local/lib/python3.12/site-packages/airflow/example_dags/tutorial.py
[2025-04-22T09:56:36.167+0000] {processor.py:925} INFO - DAG(s) 'tutorial' retrieved from /home/airflow/.local/lib/python3.12/site-packages/airflow/example_dags/tutorial.py
[2025-04-22T09:56:36.176+0000] {logging_mixin.py:190} INFO - [2025-04-22T09:56:36.176+0000] {dag.py:3239} INFO - Sync 1 DAGs
[2025-04-22T09:56:36.185+0000] {logging_mixin.py:190} INFO - [2025-04-22T09:56:36.185+0000] {dag.py:4180} INFO - Setting next_dagrun for tutorial to 2025-04-21 00:00:00+00:00, run_after=2025-04-22 00:00:00+00:00
[2025-04-22T09:56:36.192+0000] {processor.py:208} INFO - Processing /home/airflow/.local/lib/python3.12/site-packages/airflow/example_dags/tutorial.py took 0.032 seconds
[2025-04-22T09:57:07.427+0000] {processor.py:186} INFO - Started process (PID=360) to work on /home/airflow/.local/lib/python3.12/site-packages/airflow/example_dags/tutorial.py
[2025-04-22T09:57:07.427+0000] {processor.py:914} INFO - Processing file /home/airflow/.local/lib/python3.12/site-packages/airflow/example_dags/tutorial.py for tasks to queue
[2025-04-22T09:57:07.428+0000] {logging_mixin.py:190} INFO - [2025-04-22T09:57:07.428+0000] {dagbag.py:588} INFO - Filling up the DagBag from /home/airflow/.local/lib/python3.12/site-packages/airflow/example_dags/tutorial.py
[2025-04-22T09:57:07.431+0000] {processor.py:925} INFO - DAG(s) 'tutorial' retrieved from /home/airflow/.local/lib/python3.12/site-packages/airflow/example_dags/tutorial.py
[2025-04-22T09:57:07.440+0000] {logging_mixin.py:190} INFO - [2025-04-22T09:57:07.440+0000] {dag.py:3239} INFO - Sync 1 DAGs
[2025-04-22T09:57:07.449+0000] {logging_mixin.py:190} INFO - [2025-04-22T09:57:07.449+0000] {dag.py:4180} INFO - Setting next_dagrun for tutorial to 2025-04-21 00:00:00+00:00, run_after=2025-04-22 00:00:00+00:00
[2025-04-22T09:57:07.455+0000] {processor.py:208} INFO - Processing /home/airflow/.local/lib/python3.12/site-packages/airflow/example_dags/tutorial.py took 0.031 seconds
[2025-04-22T09:57:38.724+0000] {processor.py:186} INFO - Started process (PID=423) to work on /home/airflow/.local/lib/python3.12/site-packages/airflow/example_dags/tutorial.py
[2025-04-22T09:57:38.725+0000] {processor.py:914} INFO - Processing file /home/airflow/.local/lib/python3.12/site-packages/airflow/example_dags/tutorial.py for tasks to queue
[2025-04-22T09:57:38.726+0000] {logging_mixin.py:190} INFO - [2025-04-22T09:57:38.725+0000] {dagbag.py:588} INFO - Filling up the DagBag from /home/airflow/.local/lib/python3.12/site-packages/airflow/example_dags/tutorial.py
[2025-04-22T09:57:38.729+0000] {processor.py:925} INFO - DAG(s) 'tutorial' retrieved from /home/airflow/.local/lib/python3.12/site-packages/airflow/example_dags/tutorial.py
[2025-04-22T09:57:38.737+0000] {logging_mixin.py:190} INFO - [2025-04-22T09:57:38.737+0000] {dag.py:3239} INFO - Sync 1 DAGs
[2025-04-22T09:57:38.747+0000] {logging_mixin.py:190} INFO - [2025-04-22T09:57:38.746+0000] {dag.py:4180} INFO - Setting next_dagrun for tutorial to 2025-04-21 00:00:00+00:00, run_after=2025-04-22 00:00:00+00:00
[2025-04-22T09:57:38.753+0000] {processor.py:208} INFO - Processing /home/airflow/.local/lib/python3.12/site-packages/airflow/example_dags/tutorial.py took 0.031 seconds
[2025-04-22T09:58:35.337+0000] {processor.py:186} INFO - Started process (PID=108) to work on /home/airflow/.local/lib/python3.12/site-packages/airflow/example_dags/tutorial.py
[2025-04-22T09:58:35.338+0000] {processor.py:914} INFO - Processing file /home/airflow/.local/lib/python3.12/site-packages/airflow/example_dags/tutorial.py for tasks to queue
[2025-04-22T09:58:35.339+0000] {logging_mixin.py:190} INFO - [2025-04-22T09:58:35.338+0000] {dagbag.py:588} INFO - Filling up the DagBag from /home/airflow/.local/lib/python3.12/site-packages/airflow/example_dags/tutorial.py
[2025-04-22T09:58:35.343+0000] {processor.py:925} INFO - DAG(s) 'tutorial' retrieved from /home/airflow/.local/lib/python3.12/site-packages/airflow/example_dags/tutorial.py
[2025-04-22T09:58:35.353+0000] {logging_mixin.py:190} INFO - [2025-04-22T09:58:35.353+0000] {dag.py:3239} INFO - Sync 1 DAGs
[2025-04-22T09:58:35.363+0000] {logging_mixin.py:190} INFO - [2025-04-22T09:58:35.363+0000] {dag.py:4180} INFO - Setting next_dagrun for tutorial to 2025-04-21 00:00:00+00:00, run_after=2025-04-22 00:00:00+00:00
[2025-04-22T09:58:35.369+0000] {processor.py:208} INFO - Processing /home/airflow/.local/lib/python3.12/site-packages/airflow/example_dags/tutorial.py took 0.037 seconds
[2025-04-22T09:59:05.787+0000] {processor.py:186} INFO - Started process (PID=171) to work on /home/airflow/.local/lib/python3.12/site-packages/airflow/example_dags/tutorial.py
[2025-04-22T09:59:05.788+0000] {processor.py:914} INFO - Processing file /home/airflow/.local/lib/python3.12/site-packages/airflow/example_dags/tutorial.py for tasks to queue
[2025-04-22T09:59:05.789+0000] {logging_mixin.py:190} INFO - [2025-04-22T09:59:05.789+0000] {dagbag.py:588} INFO - Filling up the DagBag from /home/airflow/.local/lib/python3.12/site-packages/airflow/example_dags/tutorial.py
[2025-04-22T09:59:05.793+0000] {processor.py:925} INFO - DAG(s) 'tutorial' retrieved from /home/airflow/.local/lib/python3.12/site-packages/airflow/example_dags/tutorial.py
[2025-04-22T09:59:05.802+0000] {logging_mixin.py:190} INFO - [2025-04-22T09:59:05.802+0000] {dag.py:3239} INFO - Sync 1 DAGs
[2025-04-22T09:59:05.811+0000] {logging_mixin.py:190} INFO - [2025-04-22T09:59:05.811+0000] {dag.py:4180} INFO - Setting next_dagrun for tutorial to 2025-04-21 00:00:00+00:00, run_after=2025-04-22 00:00:00+00:00
[2025-04-22T09:59:05.817+0000] {processor.py:208} INFO - Processing /home/airflow/.local/lib/python3.12/site-packages/airflow/example_dags/tutorial.py took 0.034 seconds
[2025-04-22T09:59:36.299+0000] {processor.py:186} INFO - Started process (PID=234) to work on /home/airflow/.local/lib/python3.12/site-packages/airflow/example_dags/tutorial.py
[2025-04-22T09:59:36.300+0000] {processor.py:914} INFO - Processing file /home/airflow/.local/lib/python3.12/site-packages/airflow/example_dags/tutorial.py for tasks to queue
[2025-04-22T09:59:36.301+0000] {logging_mixin.py:190} INFO - [2025-04-22T09:59:36.301+0000] {dagbag.py:588} INFO - Filling up the DagBag from /home/airflow/.local/lib/python3.12/site-packages/airflow/example_dags/tutorial.py
[2025-04-22T09:59:36.304+0000] {processor.py:925} INFO - DAG(s) 'tutorial' retrieved from /home/airflow/.local/lib/python3.12/site-packages/airflow/example_dags/tutorial.py
[2025-04-22T09:59:36.313+0000] {logging_mixin.py:190} INFO - [2025-04-22T09:59:36.312+0000] {dag.py:3239} INFO - Sync 1 DAGs
[2025-04-22T09:59:36.322+0000] {logging_mixin.py:190} INFO - [2025-04-22T09:59:36.322+0000] {dag.py:4180} INFO - Setting next_dagrun for tutorial to 2025-04-21 00:00:00+00:00, run_after=2025-04-22 00:00:00+00:00
[2025-04-22T09:59:36.328+0000] {processor.py:208} INFO - Processing /home/airflow/.local/lib/python3.12/site-packages/airflow/example_dags/tutorial.py took 0.034 seconds
[2025-04-22T10:00:06.717+0000] {processor.py:186} INFO - Started process (PID=297) to work on /home/airflow/.local/lib/python3.12/site-packages/airflow/example_dags/tutorial.py
[2025-04-22T10:00:06.718+0000] {processor.py:914} INFO - Processing file /home/airflow/.local/lib/python3.12/site-packages/airflow/example_dags/tutorial.py for tasks to queue
[2025-04-22T10:00:06.719+0000] {logging_mixin.py:190} INFO - [2025-04-22T10:00:06.719+0000] {dagbag.py:588} INFO - Filling up the DagBag from /home/airflow/.local/lib/python3.12/site-packages/airflow/example_dags/tutorial.py
[2025-04-22T10:00:06.722+0000] {processor.py:925} INFO - DAG(s) 'tutorial' retrieved from /home/airflow/.local/lib/python3.12/site-packages/airflow/example_dags/tutorial.py
[2025-04-22T10:00:06.731+0000] {logging_mixin.py:190} INFO - [2025-04-22T10:00:06.731+0000] {dag.py:3239} INFO - Sync 1 DAGs
[2025-04-22T10:00:06.741+0000] {logging_mixin.py:190} INFO - [2025-04-22T10:00:06.741+0000] {dag.py:4180} INFO - Setting next_dagrun for tutorial to 2025-04-21 00:00:00+00:00, run_after=2025-04-22 00:00:00+00:00
[2025-04-22T10:00:06.747+0000] {processor.py:208} INFO - Processing /home/airflow/.local/lib/python3.12/site-packages/airflow/example_dags/tutorial.py took 0.034 seconds
[2025-04-22T10:00:55.874+0000] {processor.py:186} INFO - Started process (PID=108) to work on /home/airflow/.local/lib/python3.12/site-packages/airflow/example_dags/tutorial.py
[2025-04-22T10:00:55.874+0000] {processor.py:914} INFO - Processing file /home/airflow/.local/lib/python3.12/site-packages/airflow/example_dags/tutorial.py for tasks to queue
[2025-04-22T10:00:55.875+0000] {logging_mixin.py:190} INFO - [2025-04-22T10:00:55.875+0000] {dagbag.py:588} INFO - Filling up the DagBag from /home/airflow/.local/lib/python3.12/site-packages/airflow/example_dags/tutorial.py
[2025-04-22T10:00:55.879+0000] {processor.py:925} INFO - DAG(s) 'tutorial' retrieved from /home/airflow/.local/lib/python3.12/site-packages/airflow/example_dags/tutorial.py
[2025-04-22T10:00:55.889+0000] {logging_mixin.py:190} INFO - [2025-04-22T10:00:55.888+0000] {dag.py:3239} INFO - Sync 1 DAGs
[2025-04-22T10:00:55.898+0000] {logging_mixin.py:190} INFO - [2025-04-22T10:00:55.898+0000] {dag.py:4180} INFO - Setting next_dagrun for tutorial to 2025-04-21 00:00:00+00:00, run_after=2025-04-22 00:00:00+00:00
[2025-04-22T10:00:55.905+0000] {processor.py:208} INFO - Processing /home/airflow/.local/lib/python3.12/site-packages/airflow/example_dags/tutorial.py took 0.033 seconds
[2025-04-22T10:01:26.238+0000] {processor.py:186} INFO - Started process (PID=171) to work on /home/airflow/.local/lib/python3.12/site-packages/airflow/example_dags/tutorial.py
[2025-04-22T10:01:26.240+0000] {processor.py:914} INFO - Processing file /home/airflow/.local/lib/python3.12/site-packages/airflow/example_dags/tutorial.py for tasks to queue
[2025-04-22T10:01:26.241+0000] {logging_mixin.py:190} INFO - [2025-04-22T10:01:26.240+0000] {dagbag.py:588} INFO - Filling up the DagBag from /home/airflow/.local/lib/python3.12/site-packages/airflow/example_dags/tutorial.py
[2025-04-22T10:01:26.244+0000] {processor.py:925} INFO - DAG(s) 'tutorial' retrieved from /home/airflow/.local/lib/python3.12/site-packages/airflow/example_dags/tutorial.py
[2025-04-22T10:01:26.253+0000] {logging_mixin.py:190} INFO - [2025-04-22T10:01:26.253+0000] {dag.py:3239} INFO - Sync 1 DAGs
[2025-04-22T10:01:26.262+0000] {logging_mixin.py:190} INFO - [2025-04-22T10:01:26.262+0000] {dag.py:4180} INFO - Setting next_dagrun for tutorial to 2025-04-21 00:00:00+00:00, run_after=2025-04-22 00:00:00+00:00
[2025-04-22T10:01:26.269+0000] {processor.py:208} INFO - Processing /home/airflow/.local/lib/python3.12/site-packages/airflow/example_dags/tutorial.py took 0.033 seconds
[2025-04-22T10:01:56.606+0000] {processor.py:186} INFO - Started process (PID=234) to work on /home/airflow/.local/lib/python3.12/site-packages/airflow/example_dags/tutorial.py
[2025-04-22T10:01:56.608+0000] {processor.py:914} INFO - Processing file /home/airflow/.local/lib/python3.12/site-packages/airflow/example_dags/tutorial.py for tasks to queue
[2025-04-22T10:01:56.609+0000] {logging_mixin.py:190} INFO - [2025-04-22T10:01:56.609+0000] {dagbag.py:588} INFO - Filling up the DagBag from /home/airflow/.local/lib/python3.12/site-packages/airflow/example_dags/tutorial.py
[2025-04-22T10:01:56.612+0000] {processor.py:925} INFO - DAG(s) 'tutorial' retrieved from /home/airflow/.local/lib/python3.12/site-packages/airflow/example_dags/tutorial.py
[2025-04-22T10:01:56.621+0000] {logging_mixin.py:190} INFO - [2025-04-22T10:01:56.621+0000] {dag.py:3239} INFO - Sync 1 DAGs
[2025-04-22T10:01:56.631+0000] {logging_mixin.py:190} INFO - [2025-04-22T10:01:56.630+0000] {dag.py:4180} INFO - Setting next_dagrun for tutorial to 2025-04-21 00:00:00+00:00, run_after=2025-04-22 00:00:00+00:00
[2025-04-22T10:01:56.637+0000] {processor.py:208} INFO - Processing /home/airflow/.local/lib/python3.12/site-packages/airflow/example_dags/tutorial.py took 0.033 seconds
[2025-04-22T10:02:27.002+0000] {processor.py:186} INFO - Started process (PID=297) to work on /home/airflow/.local/lib/python3.12/site-packages/airflow/example_dags/tutorial.py
[2025-04-22T10:02:27.003+0000] {processor.py:914} INFO - Processing file /home/airflow/.local/lib/python3.12/site-packages/airflow/example_dags/tutorial.py for tasks to queue
[2025-04-22T10:02:27.004+0000] {logging_mixin.py:190} INFO - [2025-04-22T10:02:27.004+0000] {dagbag.py:588} INFO - Filling up the DagBag from /home/airflow/.local/lib/python3.12/site-packages/airflow/example_dags/tutorial.py
[2025-04-22T10:02:27.007+0000] {processor.py:925} INFO - DAG(s) 'tutorial' retrieved from /home/airflow/.local/lib/python3.12/site-packages/airflow/example_dags/tutorial.py
[2025-04-22T10:02:27.017+0000] {logging_mixin.py:190} INFO - [2025-04-22T10:02:27.017+0000] {dag.py:3239} INFO - Sync 1 DAGs
[2025-04-22T10:02:27.027+0000] {logging_mixin.py:190} INFO - [2025-04-22T10:02:27.026+0000] {dag.py:4180} INFO - Setting next_dagrun for tutorial to 2025-04-21 00:00:00+00:00, run_after=2025-04-22 00:00:00+00:00
[2025-04-22T10:02:27.033+0000] {processor.py:208} INFO - Processing /home/airflow/.local/lib/python3.12/site-packages/airflow/example_dags/tutorial.py took 0.034 seconds
[2025-04-22T10:02:57.175+0000] {processor.py:186} INFO - Started process (PID=359) to work on /home/airflow/.local/lib/python3.12/site-packages/airflow/example_dags/tutorial.py
[2025-04-22T10:02:57.176+0000] {processor.py:914} INFO - Processing file /home/airflow/.local/lib/python3.12/site-packages/airflow/example_dags/tutorial.py for tasks to queue
[2025-04-22T10:02:57.177+0000] {logging_mixin.py:190} INFO - [2025-04-22T10:02:57.177+0000] {dagbag.py:588} INFO - Filling up the DagBag from /home/airflow/.local/lib/python3.12/site-packages/airflow/example_dags/tutorial.py
[2025-04-22T10:02:57.180+0000] {processor.py:925} INFO - DAG(s) 'tutorial' retrieved from /home/airflow/.local/lib/python3.12/site-packages/airflow/example_dags/tutorial.py
[2025-04-22T10:02:57.189+0000] {logging_mixin.py:190} INFO - [2025-04-22T10:02:57.189+0000] {dag.py:3239} INFO - Sync 1 DAGs
[2025-04-22T10:02:57.198+0000] {logging_mixin.py:190} INFO - [2025-04-22T10:02:57.198+0000] {dag.py:4180} INFO - Setting next_dagrun for tutorial to 2025-04-21 00:00:00+00:00, run_after=2025-04-22 00:00:00+00:00
[2025-04-22T10:02:57.204+0000] {processor.py:208} INFO - Processing /home/airflow/.local/lib/python3.12/site-packages/airflow/example_dags/tutorial.py took 0.031 seconds
[2025-04-22T10:03:27.238+0000] {processor.py:186} INFO - Started process (PID=421) to work on /home/airflow/.local/lib/python3.12/site-packages/airflow/example_dags/tutorial.py
[2025-04-22T10:03:27.238+0000] {processor.py:914} INFO - Processing file /home/airflow/.local/lib/python3.12/site-packages/airflow/example_dags/tutorial.py for tasks to queue
[2025-04-22T10:03:27.239+0000] {logging_mixin.py:190} INFO - [2025-04-22T10:03:27.239+0000] {dagbag.py:588} INFO - Filling up the DagBag from /home/airflow/.local/lib/python3.12/site-packages/airflow/example_dags/tutorial.py
[2025-04-22T10:03:27.243+0000] {processor.py:925} INFO - DAG(s) 'tutorial' retrieved from /home/airflow/.local/lib/python3.12/site-packages/airflow/example_dags/tutorial.py
[2025-04-22T10:03:27.251+0000] {logging_mixin.py:190} INFO - [2025-04-22T10:03:27.251+0000] {dag.py:3239} INFO - Sync 1 DAGs
[2025-04-22T10:03:27.261+0000] {logging_mixin.py:190} INFO - [2025-04-22T10:03:27.261+0000] {dag.py:4180} INFO - Setting next_dagrun for tutorial to 2025-04-21 00:00:00+00:00, run_after=2025-04-22 00:00:00+00:00
[2025-04-22T10:03:27.267+0000] {processor.py:208} INFO - Processing /home/airflow/.local/lib/python3.12/site-packages/airflow/example_dags/tutorial.py took 0.032 seconds
[2025-04-22T10:05:37.690+0000] {processor.py:186} INFO - Started process (PID=108) to work on /home/airflow/.local/lib/python3.12/site-packages/airflow/example_dags/tutorial.py
[2025-04-22T10:05:37.690+0000] {processor.py:914} INFO - Processing file /home/airflow/.local/lib/python3.12/site-packages/airflow/example_dags/tutorial.py for tasks to queue
[2025-04-22T10:05:37.691+0000] {logging_mixin.py:190} INFO - [2025-04-22T10:05:37.691+0000] {dagbag.py:588} INFO - Filling up the DagBag from /home/airflow/.local/lib/python3.12/site-packages/airflow/example_dags/tutorial.py
[2025-04-22T10:05:37.695+0000] {processor.py:925} INFO - DAG(s) 'tutorial' retrieved from /home/airflow/.local/lib/python3.12/site-packages/airflow/example_dags/tutorial.py
[2025-04-22T10:05:37.705+0000] {logging_mixin.py:190} INFO - [2025-04-22T10:05:37.705+0000] {dag.py:3239} INFO - Sync 1 DAGs
[2025-04-22T10:05:37.714+0000] {logging_mixin.py:190} INFO - [2025-04-22T10:05:37.714+0000] {dag.py:4180} INFO - Setting next_dagrun for tutorial to 2025-04-21 00:00:00+00:00, run_after=2025-04-22 00:00:00+00:00
[2025-04-22T10:05:37.720+0000] {processor.py:208} INFO - Processing /home/airflow/.local/lib/python3.12/site-packages/airflow/example_dags/tutorial.py took 0.033 seconds
[2025-04-22T10:06:08.093+0000] {processor.py:186} INFO - Started process (PID=171) to work on /home/airflow/.local/lib/python3.12/site-packages/airflow/example_dags/tutorial.py
[2025-04-22T10:06:08.095+0000] {processor.py:914} INFO - Processing file /home/airflow/.local/lib/python3.12/site-packages/airflow/example_dags/tutorial.py for tasks to queue
[2025-04-22T10:06:08.096+0000] {logging_mixin.py:190} INFO - [2025-04-22T10:06:08.095+0000] {dagbag.py:588} INFO - Filling up the DagBag from /home/airflow/.local/lib/python3.12/site-packages/airflow/example_dags/tutorial.py
[2025-04-22T10:06:08.099+0000] {processor.py:925} INFO - DAG(s) 'tutorial' retrieved from /home/airflow/.local/lib/python3.12/site-packages/airflow/example_dags/tutorial.py
[2025-04-22T10:06:08.108+0000] {logging_mixin.py:190} INFO - [2025-04-22T10:06:08.108+0000] {dag.py:3239} INFO - Sync 1 DAGs
[2025-04-22T10:06:08.117+0000] {logging_mixin.py:190} INFO - [2025-04-22T10:06:08.117+0000] {dag.py:4180} INFO - Setting next_dagrun for tutorial to 2025-04-21 00:00:00+00:00, run_after=2025-04-22 00:00:00+00:00
[2025-04-22T10:06:08.124+0000] {processor.py:208} INFO - Processing /home/airflow/.local/lib/python3.12/site-packages/airflow/example_dags/tutorial.py took 0.034 seconds
[2025-04-22T10:06:38.446+0000] {processor.py:186} INFO - Started process (PID=234) to work on /home/airflow/.local/lib/python3.12/site-packages/airflow/example_dags/tutorial.py
[2025-04-22T10:06:38.447+0000] {processor.py:914} INFO - Processing file /home/airflow/.local/lib/python3.12/site-packages/airflow/example_dags/tutorial.py for tasks to queue
[2025-04-22T10:06:38.448+0000] {logging_mixin.py:190} INFO - [2025-04-22T10:06:38.448+0000] {dagbag.py:588} INFO - Filling up the DagBag from /home/airflow/.local/lib/python3.12/site-packages/airflow/example_dags/tutorial.py
[2025-04-22T10:06:38.452+0000] {processor.py:925} INFO - DAG(s) 'tutorial' retrieved from /home/airflow/.local/lib/python3.12/site-packages/airflow/example_dags/tutorial.py
[2025-04-22T10:06:38.460+0000] {logging_mixin.py:190} INFO - [2025-04-22T10:06:38.460+0000] {dag.py:3239} INFO - Sync 1 DAGs
[2025-04-22T10:06:38.470+0000] {logging_mixin.py:190} INFO - [2025-04-22T10:06:38.470+0000] {dag.py:4180} INFO - Setting next_dagrun for tutorial to 2025-04-21 00:00:00+00:00, run_after=2025-04-22 00:00:00+00:00
[2025-04-22T10:06:38.477+0000] {processor.py:208} INFO - Processing /home/airflow/.local/lib/python3.12/site-packages/airflow/example_dags/tutorial.py took 0.034 seconds
[2025-04-22T10:07:08.842+0000] {processor.py:186} INFO - Started process (PID=297) to work on /home/airflow/.local/lib/python3.12/site-packages/airflow/example_dags/tutorial.py
[2025-04-22T10:07:08.843+0000] {processor.py:914} INFO - Processing file /home/airflow/.local/lib/python3.12/site-packages/airflow/example_dags/tutorial.py for tasks to queue
[2025-04-22T10:07:08.844+0000] {logging_mixin.py:190} INFO - [2025-04-22T10:07:08.844+0000] {dagbag.py:588} INFO - Filling up the DagBag from /home/airflow/.local/lib/python3.12/site-packages/airflow/example_dags/tutorial.py
[2025-04-22T10:07:08.847+0000] {processor.py:925} INFO - DAG(s) 'tutorial' retrieved from /home/airflow/.local/lib/python3.12/site-packages/airflow/example_dags/tutorial.py
[2025-04-22T10:07:08.856+0000] {logging_mixin.py:190} INFO - [2025-04-22T10:07:08.856+0000] {dag.py:3239} INFO - Sync 1 DAGs
[2025-04-22T10:07:08.865+0000] {logging_mixin.py:190} INFO - [2025-04-22T10:07:08.865+0000] {dag.py:4180} INFO - Setting next_dagrun for tutorial to 2025-04-21 00:00:00+00:00, run_after=2025-04-22 00:00:00+00:00
[2025-04-22T10:07:08.872+0000] {processor.py:208} INFO - Processing /home/airflow/.local/lib/python3.12/site-packages/airflow/example_dags/tutorial.py took 0.033 seconds
