[2025-04-23T11:15:48.058+0000] {local_task_job_runner.py:123} INFO - ::group::Pre task execution logs
[2025-04-23T11:15:48.068+0000] {taskinstance.py:2614} INFO - Dependencies all met for dep_context=non-requeueable deps ti=<TaskInstance: dbt_transform.dbt_task_group.dim_country_run manual__2025-04-23T11:15:40.898892+00:00 [queued]>
[2025-04-23T11:15:48.072+0000] {taskinstance.py:2614} INFO - Dependencies all met for dep_context=requeueable deps ti=<TaskInstance: dbt_transform.dbt_task_group.dim_country_run manual__2025-04-23T11:15:40.898892+00:00 [queued]>
[2025-04-23T11:15:48.072+0000] {taskinstance.py:2867} INFO - Starting attempt 1 of 3
[2025-04-23T11:15:48.077+0000] {taskinstance.py:2890} INFO - Executing <Task(DbtRunLocalOperator): dbt_task_group.dim_country_run> on 2025-04-23 11:15:40.898892+00:00
[2025-04-23T11:15:48.082+0000] {warnings.py:112} WARNING - /home/***/.local/lib/python3.12/site-packages/***/task/task_runner/standard_task_runner.py:70: DeprecationWarning: This process (pid=15574) is multi-threaded, use of fork() may lead to deadlocks in the child.
  pid = os.fork()

[2025-04-23T11:15:48.083+0000] {standard_task_runner.py:72} INFO - Started process 15575 to run task
[2025-04-23T11:15:48.083+0000] {standard_task_runner.py:104} INFO - Running: ['***', 'tasks', 'run', 'dbt_transform', 'dbt_task_group.dim_country_run', 'manual__2025-04-23T11:15:40.898892+00:00', '--job-id', '343', '--raw', '--subdir', 'DAGS_FOLDER/dbtdag.py', '--cfg-path', '/tmp/tmpg9eeeezg']
[2025-04-23T11:15:48.084+0000] {standard_task_runner.py:105} INFO - Job 343: Subtask dbt_task_group.dim_country_run
[2025-04-23T11:15:48.103+0000] {task_command.py:467} INFO - Running <TaskInstance: dbt_transform.dbt_task_group.dim_country_run manual__2025-04-23T11:15:40.898892+00:00 [running]> on host eb276ba0497d
[2025-04-23T11:15:48.139+0000] {taskinstance.py:3134} INFO - Exporting env vars: AIRFLOW_CTX_DAG_OWNER='***' AIRFLOW_CTX_DAG_ID='dbt_transform' AIRFLOW_CTX_TASK_ID='dbt_task_group.dim_country_run' AIRFLOW_CTX_EXECUTION_DATE='2025-04-23T11:15:40.898892+00:00' AIRFLOW_CTX_TRY_NUMBER='1' AIRFLOW_CTX_DAG_RUN_ID='manual__2025-04-23T11:15:40.898892+00:00'
[2025-04-23T11:15:48.140+0000] {taskinstance.py:732} INFO - ::endgroup::
[2025-04-23T11:15:48.761+0000] {local.py:213} INFO - dbtRunner is available. Using dbtRunner for invoking dbt.
[2025-04-23T11:15:48.761+0000] {local.py:416} INFO - Cloning project to writable temp directory /tmp/tmpzuq5_4pu from /opt/airflow/dags/dbt/weather
[2025-04-23T11:15:48.762+0000] {local.py:427} INFO - Partial parse is enabled and the latest partial parse file is /tmp/cosmos/dbt_transform__dbt_task_group/target/partial_parse.msgpack
[2025-04-23T11:15:48.765+0000] {config.py:360} INFO - Profile caching is enable.
[2025-04-23T11:15:48.770+0000] {base.py:84} INFO - Retrieving connection 'postgres'
[2025-04-23T11:15:48.770+0000] {config.py:340} INFO - Profile found in cache using profile: /tmp/cosmos/profile/e6e13df970e8fe3ebb4d61c03236437e24a01a4909ada5aa9ec817ff39ff3ca3/profiles.yml.
[2025-04-23T11:15:48.772+0000] {runner.py:60} INFO - Trying to run dbtRunner with:
 ['deps', '--project-dir', '/tmp/tmpzuq5_4pu', '--profiles-dir', '/tmp/cosmos/profile/e6e13df970e8fe3ebb4d61c03236437e24a01a4909ada5aa9ec817ff39ff3ca3', '--profile', 'default', '--target', 'dev']
 in /tmp/tmpzuq5_4pu
[2025-04-23T11:15:48.800+0000] {logging_mixin.py:190} INFO - 11:15:48  Running with dbt=1.8.7
[2025-04-23T11:15:49.233+0000] {logging_mixin.py:190} INFO - 11:15:49  Installing dbt-labs/dbt_utils
[2025-04-23T11:15:50.036+0000] {logging_mixin.py:190} INFO - 11:15:50  Installed from version 0.9.6
[2025-04-23T11:15:50.036+0000] {logging_mixin.py:190} INFO - 11:15:50  Updated version available: 1.3.0
[2025-04-23T11:15:50.037+0000] {logging_mixin.py:190} INFO - 11:15:50
[2025-04-23T11:15:50.037+0000] {logging_mixin.py:190} INFO - 11:15:50  Updates available for packages: ['dbt-labs/dbt_utils']                 
Update your versions in packages.yml, then run dbt deps
[2025-04-23T11:15:50.954+0000] {runner.py:60} INFO - Trying to run dbtRunner with:
 ['run', '--models', 'dim_country', '--project-dir', '/tmp/tmpzuq5_4pu', '--profiles-dir', '/tmp/cosmos/profile/e6e13df970e8fe3ebb4d61c03236437e24a01a4909ada5aa9ec817ff39ff3ca3', '--profile', 'default', '--target', 'dev']
 in /tmp/tmpzuq5_4pu
[2025-04-23T11:15:50.959+0000] {logging_mixin.py:190} INFO - 11:15:50  Running with dbt=1.8.7
[2025-04-23T11:15:51.033+0000] {logging_mixin.py:190} INFO - 11:15:51  Registered adapter: postgres=1.9.0
[2025-04-23T11:15:51.424+0000] {logging_mixin.py:190} INFO - 11:15:51  Found 4 models, 626 macros
[2025-04-23T11:15:51.425+0000] {logging_mixin.py:190} INFO - 11:15:51
[2025-04-23T11:15:51.470+0000] {logging_mixin.py:190} INFO - 11:15:51  Concurrency: 1 threads (target='dev')
[2025-04-23T11:15:51.470+0000] {logging_mixin.py:190} INFO - 11:15:51
[2025-04-23T11:15:51.471+0000] {logging_mixin.py:190} INFO - 11:15:51  1 of 1 START sql table model transformed.dim_country ........................... [RUN]
[2025-04-23T11:15:51.534+0000] {logging_mixin.py:190} INFO - 11:15:51  1 of 1 OK created sql table model transformed.dim_country ...................... [SELECT 1 in 0.06s]
[2025-04-23T11:15:51.539+0000] {logging_mixin.py:190} INFO - 11:15:51
[2025-04-23T11:15:51.539+0000] {logging_mixin.py:190} INFO - 11:15:51  Finished running 1 table model in 0 hours 0 minutes and 0.11 seconds (0.11s).
[2025-04-23T11:15:51.555+0000] {logging_mixin.py:190} INFO - 11:15:51
[2025-04-23T11:15:51.555+0000] {logging_mixin.py:190} INFO - 11:15:51  Completed successfully
[2025-04-23T11:15:51.556+0000] {logging_mixin.py:190} INFO - 11:15:51
[2025-04-23T11:15:51.556+0000] {logging_mixin.py:190} INFO - 11:15:51  Done. PASS=1 WARN=0 ERROR=0 SKIP=0 TOTAL=1
[2025-04-23T11:15:52.539+0000] {local.py:465} INFO - Inlets: [Dataset(uri='postgres://192.168.88.40:9878/postgres.transformed.stg_weather_data', extra=None)]
[2025-04-23T11:15:52.540+0000] {local.py:466} INFO - Outlets: [Dataset(uri='postgres://192.168.88.40:9878/postgres.transformed.dim_country', extra=None)]
[2025-04-23T11:15:52.540+0000] {local.py:656} INFO - Assigning inlets/outlets with DatasetAlias
[2025-04-23T11:15:52.567+0000] {taskinstance.py:341} INFO - ::group::Post task execution logs
[2025-04-23T11:15:52.567+0000] {taskinstance.py:353} INFO - Marking task as SUCCESS. dag_id=dbt_transform, task_id=dbt_task_group.dim_country_run, run_id=manual__2025-04-23T11:15:40.898892+00:00, execution_date=20250423T111540, start_date=20250423T111548, end_date=20250423T111552
[2025-04-23T11:15:52.571+0000] {taskinstance.py:3064} INFO - Creating event for DatasetModel(uri='postgres://192.168.88.40:9878/postgres.transformed.dim_country', extra={}) through aliases "dbt_transform__dbt_task_group__dim_country_run"
[2025-04-23T11:15:52.627+0000] {local_task_job_runner.py:266} INFO - Task exited with return code 0
[2025-04-23T11:15:52.642+0000] {taskinstance.py:3901} INFO - 1 downstream tasks scheduled from follow-on schedule check
[2025-04-23T11:15:52.644+0000] {local_task_job_runner.py:245} INFO - ::endgroup::
