[2025-04-23T07:00:04.365+0000] {local_task_job_runner.py:123} INFO - ::group::Pre task execution logs
[2025-04-23T07:00:04.374+0000] {taskinstance.py:2614} INFO - Dependencies all met for dep_context=non-requeueable deps ti=<TaskInstance: fetch_weather_data.load_to_postgres scheduled__2025-04-23T06:30:00+00:00 [queued]>
[2025-04-23T07:00:04.378+0000] {taskinstance.py:2614} INFO - Dependencies all met for dep_context=requeueable deps ti=<TaskInstance: fetch_weather_data.load_to_postgres scheduled__2025-04-23T06:30:00+00:00 [queued]>
[2025-04-23T07:00:04.378+0000] {taskinstance.py:2867} INFO - Starting attempt 1 of 2
[2025-04-23T07:00:04.384+0000] {taskinstance.py:2890} INFO - Executing <Task(_PythonDecoratedOperator): load_to_postgres> on 2025-04-23 06:30:00+00:00
[2025-04-23T07:00:04.390+0000] {warnings.py:112} WARNING - /home/***/.local/lib/python3.12/site-packages/***/task/task_runner/standard_task_runner.py:70: DeprecationWarning: This process (pid=12559) is multi-threaded, use of fork() may lead to deadlocks in the child.
  pid = os.fork()

[2025-04-23T07:00:04.391+0000] {standard_task_runner.py:72} INFO - Started process 12561 to run task
[2025-04-23T07:00:04.392+0000] {standard_task_runner.py:104} INFO - Running: ['***', 'tasks', 'run', 'fetch_weather_data', 'load_to_postgres', 'scheduled__2025-04-23T06:30:00+00:00', '--job-id', '82', '--raw', '--subdir', 'DAGS_FOLDER/el_30min.py', '--cfg-path', '/tmp/tmp0grji0yc']
[2025-04-23T07:00:04.393+0000] {standard_task_runner.py:105} INFO - Job 82: Subtask load_to_postgres
[2025-04-23T07:00:04.416+0000] {task_command.py:467} INFO - Running <TaskInstance: fetch_weather_data.load_to_postgres scheduled__2025-04-23T06:30:00+00:00 [running]> on host eb276ba0497d
[2025-04-23T07:00:04.500+0000] {taskinstance.py:3134} INFO - Exporting env vars: AIRFLOW_CTX_DAG_OWNER='***' AIRFLOW_CTX_DAG_ID='fetch_weather_data' AIRFLOW_CTX_TASK_ID='load_to_postgres' AIRFLOW_CTX_EXECUTION_DATE='2025-04-23T06:30:00+00:00' AIRFLOW_CTX_TRY_NUMBER='1' AIRFLOW_CTX_DAG_RUN_ID='scheduled__2025-04-23T06:30:00+00:00'
[2025-04-23T07:00:04.501+0000] {taskinstance.py:732} INFO - ::endgroup::
[2025-04-23T07:00:04.506+0000] {base.py:84} INFO - Retrieving connection 'postgres'
[2025-04-23T07:00:04.511+0000] {el_30min.py:205} INFO - Weather data with air quality loaded successfully into PostgreSQL
[2025-04-23T07:00:04.511+0000] {python.py:240} INFO - Done. Returned value was: None
[2025-04-23T07:00:04.516+0000] {taskinstance.py:341} INFO - ::group::Post task execution logs
[2025-04-23T07:00:04.517+0000] {taskinstance.py:353} INFO - Marking task as SUCCESS. dag_id=fetch_weather_data, task_id=load_to_postgres, run_id=scheduled__2025-04-23T06:30:00+00:00, execution_date=20250423T063000, start_date=20250423T070004, end_date=20250423T070004
[2025-04-23T07:00:04.564+0000] {local_task_job_runner.py:266} INFO - Task exited with return code 0
[2025-04-23T07:00:04.573+0000] {taskinstance.py:3901} INFO - 0 downstream tasks scheduled from follow-on schedule check
[2025-04-23T07:00:04.574+0000] {local_task_job_runner.py:245} INFO - ::endgroup::
[2025-04-23T07:28:57.380+0000] {local_task_job_runner.py:123} INFO - ::group::Pre task execution logs
[2025-04-23T07:28:57.391+0000] {taskinstance.py:2614} INFO - Dependencies all met for dep_context=non-requeueable deps ti=<TaskInstance: fetch_weather_data.load_to_postgres scheduled__2025-04-23T06:30:00+00:00 [queued]>
[2025-04-23T07:28:57.394+0000] {taskinstance.py:2614} INFO - Dependencies all met for dep_context=requeueable deps ti=<TaskInstance: fetch_weather_data.load_to_postgres scheduled__2025-04-23T06:30:00+00:00 [queued]>
[2025-04-23T07:28:57.394+0000] {taskinstance.py:2867} INFO - Starting attempt 1 of 2
[2025-04-23T07:28:57.399+0000] {taskinstance.py:2890} INFO - Executing <Task(_PythonDecoratedOperator): load_to_postgres> on 2025-04-23 06:30:00+00:00
[2025-04-23T07:28:57.406+0000] {warnings.py:112} WARNING - /home/***/.local/lib/python3.12/site-packages/***/task/task_runner/standard_task_runner.py:70: DeprecationWarning: This process (pid=15865) is multi-threaded, use of fork() may lead to deadlocks in the child.
  pid = os.fork()

[2025-04-23T07:28:57.406+0000] {standard_task_runner.py:72} INFO - Started process 15867 to run task
[2025-04-23T07:28:57.407+0000] {standard_task_runner.py:104} INFO - Running: ['***', 'tasks', 'run', 'fetch_weather_data', 'load_to_postgres', 'scheduled__2025-04-23T06:30:00+00:00', '--job-id', '164', '--raw', '--subdir', 'DAGS_FOLDER/el_30min.py', '--cfg-path', '/tmp/tmplhzs9a1z']
[2025-04-23T07:28:57.408+0000] {standard_task_runner.py:105} INFO - Job 164: Subtask load_to_postgres
[2025-04-23T07:28:57.431+0000] {task_command.py:467} INFO - Running <TaskInstance: fetch_weather_data.load_to_postgres scheduled__2025-04-23T06:30:00+00:00 [running]> on host eb276ba0497d
[2025-04-23T07:28:57.505+0000] {taskinstance.py:3134} INFO - Exporting env vars: AIRFLOW_CTX_DAG_OWNER='***' AIRFLOW_CTX_DAG_ID='fetch_weather_data' AIRFLOW_CTX_TASK_ID='load_to_postgres' AIRFLOW_CTX_EXECUTION_DATE='2025-04-23T06:30:00+00:00' AIRFLOW_CTX_TRY_NUMBER='1' AIRFLOW_CTX_DAG_RUN_ID='scheduled__2025-04-23T06:30:00+00:00'
[2025-04-23T07:28:57.506+0000] {taskinstance.py:732} INFO - ::endgroup::
[2025-04-23T07:28:57.510+0000] {base.py:84} INFO - Retrieving connection 'postgres'
[2025-04-23T07:28:57.514+0000] {el_30min.py:206} INFO - Weather data with air quality loaded successfully into PostgreSQL
[2025-04-23T07:28:57.515+0000] {python.py:240} INFO - Done. Returned value was: None
[2025-04-23T07:28:57.519+0000] {taskinstance.py:341} INFO - ::group::Post task execution logs
[2025-04-23T07:28:57.520+0000] {taskinstance.py:353} INFO - Marking task as SUCCESS. dag_id=fetch_weather_data, task_id=load_to_postgres, run_id=scheduled__2025-04-23T06:30:00+00:00, execution_date=20250423T063000, start_date=20250423T072857, end_date=20250423T072857
[2025-04-23T07:28:57.579+0000] {local_task_job_runner.py:266} INFO - Task exited with return code 0
[2025-04-23T07:28:57.587+0000] {taskinstance.py:3901} INFO - 0 downstream tasks scheduled from follow-on schedule check
[2025-04-23T07:28:57.588+0000] {local_task_job_runner.py:245} INFO - ::endgroup::
