[2025-04-23T06:25:00.368+0000] {local_task_job_runner.py:123} INFO - ::group::Pre task execution logs
[2025-04-23T06:25:00.375+0000] {taskinstance.py:2614} INFO - Dependencies all met for dep_context=non-requeueable deps ti=<TaskInstance: fetch_weather_data.extract_weather_data scheduled__2025-04-23T06:24:00+00:00 [queued]>
[2025-04-23T06:25:00.377+0000] {taskinstance.py:2614} INFO - Dependencies all met for dep_context=requeueable deps ti=<TaskInstance: fetch_weather_data.extract_weather_data scheduled__2025-04-23T06:24:00+00:00 [queued]>
[2025-04-23T06:25:00.377+0000] {taskinstance.py:2867} INFO - Starting attempt 1 of 2
[2025-04-23T06:25:00.383+0000] {taskinstance.py:2890} INFO - Executing <Task(_PythonDecoratedOperator): extract_weather_data> on 2025-04-23 06:24:00+00:00
[2025-04-23T06:25:00.389+0000] {warnings.py:112} WARNING - /home/***/.local/lib/python3.12/site-packages/***/task/task_runner/standard_task_runner.py:70: DeprecationWarning: This process (pid=9745) is multi-threaded, use of fork() may lead to deadlocks in the child.
  pid = os.fork()

[2025-04-23T06:25:00.389+0000] {standard_task_runner.py:72} INFO - Started process 9747 to run task
[2025-04-23T06:25:00.390+0000] {standard_task_runner.py:104} INFO - Running: ['***', 'tasks', 'run', 'fetch_weather_data', 'extract_weather_data', 'scheduled__2025-04-23T06:24:00+00:00', '--job-id', '70', '--raw', '--subdir', 'DAGS_FOLDER/el.py', '--cfg-path', '/tmp/tmppc6zqb28']
[2025-04-23T06:25:00.391+0000] {standard_task_runner.py:105} INFO - Job 70: Subtask extract_weather_data
[2025-04-23T06:25:00.412+0000] {task_command.py:467} INFO - Running <TaskInstance: fetch_weather_data.extract_weather_data scheduled__2025-04-23T06:24:00+00:00 [running]> on host eb276ba0497d
[2025-04-23T06:25:00.447+0000] {taskinstance.py:3134} INFO - Exporting env vars: AIRFLOW_CTX_DAG_OWNER='***' AIRFLOW_CTX_DAG_ID='fetch_weather_data' AIRFLOW_CTX_TASK_ID='extract_weather_data' AIRFLOW_CTX_EXECUTION_DATE='2025-04-23T06:24:00+00:00' AIRFLOW_CTX_TRY_NUMBER='1' AIRFLOW_CTX_DAG_RUN_ID='scheduled__2025-04-23T06:24:00+00:00'
[2025-04-23T06:25:00.448+0000] {taskinstance.py:732} INFO - ::endgroup::
[2025-04-23T06:25:00.755+0000] {el.py:28} INFO - Kathmandu Weather data fetched successfully
[2025-04-23T06:25:00.755+0000] {el.py:29} INFO - Response data: {'location': {'name': 'Kathmandu', 'region': '', 'country': 'Nepal', 'lat': 27.7167, 'lon': 85.3167, 'tz_id': 'Asia/Kathmandu', 'localtime_epoch': 1745388814, 'localtime': '2025-04-23 11:58'}, 'current': {'last_updated_epoch': 1745388000, 'last_updated': '2025-04-23 11:45', 'temp_c': 29.3, 'temp_f': 84.7, 'is_day': 1, 'condition': {'text': 'Sunny', 'icon': '//cdn.weatherapi.com/weather/64x64/day/113.png', 'code': 1000}, 'wind_mph': 4.3, 'wind_kph': 6.8, 'wind_degree': 244, 'wind_dir': 'WSW', 'pressure_mb': 1012.0, 'pressure_in': 29.88, 'precip_mm': 0.0, 'precip_in': 0.0, 'humidity': 27, 'cloud': 25, 'feelslike_c': 27.1, 'feelslike_f': 80.9, 'windchill_c': 30.5, 'windchill_f': 87.0, 'heatindex_c': 28.3, 'heatindex_f': 83.0, 'dewpoint_c': -1.3, 'dewpoint_f': 29.7, 'vis_km': 8.0, 'vis_miles': 4.0, 'uv': 11.2, 'gust_mph': 4.9, 'gust_kph': 7.9, 'air_quality': {'co': 995.3, 'no2': 25.53, 'o3': 112.0, 'so2': 13.875, 'pm2_5': 108.41, 'pm10': 206.83, 'us-epa-index': 4, 'gb-defra-index': 10}}}
[2025-04-23T06:25:00.758+0000] {python.py:240} INFO - Done. Returned value was:   location_name country      lat  ...    pm10 us_epa_index  gb_defra_index
0     Kathmandu   Nepal  27.7167  ...  206.83            4              10

[1 rows x 42 columns]
[2025-04-23T06:25:00.803+0000] {taskinstance.py:341} INFO - ::group::Post task execution logs
[2025-04-23T06:25:00.803+0000] {taskinstance.py:353} INFO - Marking task as SUCCESS. dag_id=fetch_weather_data, task_id=extract_weather_data, run_id=scheduled__2025-04-23T06:24:00+00:00, execution_date=20250423T062400, start_date=20250423T062500, end_date=20250423T062500
[2025-04-23T06:25:00.843+0000] {local_task_job_runner.py:266} INFO - Task exited with return code 0
[2025-04-23T06:25:00.855+0000] {taskinstance.py:3901} INFO - 1 downstream tasks scheduled from follow-on schedule check
[2025-04-23T06:25:00.857+0000] {local_task_job_runner.py:245} INFO - ::endgroup::
