[2025-04-23T07:20:01.580+0000] {local_task_job_runner.py:123} INFO - ::group::Pre task execution logs
[2025-04-23T07:20:01.590+0000] {taskinstance.py:2614} INFO - Dependencies all met for dep_context=non-requeueable deps ti=<TaskInstance: fetch_weather_data.extract_weather_data scheduled__2025-04-23T07:19:00+00:00 [queued]>
[2025-04-23T07:20:01.594+0000] {taskinstance.py:2614} INFO - Dependencies all met for dep_context=requeueable deps ti=<TaskInstance: fetch_weather_data.extract_weather_data scheduled__2025-04-23T07:19:00+00:00 [queued]>
[2025-04-23T07:20:01.594+0000] {taskinstance.py:2867} INFO - Starting attempt 1 of 2
[2025-04-23T07:20:01.600+0000] {taskinstance.py:2890} INFO - Executing <Task(_PythonDecoratedOperator): extract_weather_data> on 2025-04-23 07:19:00+00:00
[2025-04-23T07:20:01.606+0000] {warnings.py:112} WARNING - /home/***/.local/lib/python3.12/site-packages/***/task/task_runner/standard_task_runner.py:70: DeprecationWarning: This process (pid=14935) is multi-threaded, use of fork() may lead to deadlocks in the child.
  pid = os.fork()

[2025-04-23T07:20:01.607+0000] {standard_task_runner.py:72} INFO - Started process 14937 to run task
[2025-04-23T07:20:01.608+0000] {standard_task_runner.py:104} INFO - Running: ['***', 'tasks', 'run', 'fetch_weather_data', 'extract_weather_data', 'scheduled__2025-04-23T07:19:00+00:00', '--job-id', '141', '--raw', '--subdir', 'DAGS_FOLDER/el_30min.py', '--cfg-path', '/tmp/tmp7vxjl6_8']
[2025-04-23T07:20:01.609+0000] {standard_task_runner.py:105} INFO - Job 141: Subtask extract_weather_data
[2025-04-23T07:20:01.631+0000] {task_command.py:467} INFO - Running <TaskInstance: fetch_weather_data.extract_weather_data scheduled__2025-04-23T07:19:00+00:00 [running]> on host eb276ba0497d
[2025-04-23T07:20:01.667+0000] {taskinstance.py:3134} INFO - Exporting env vars: AIRFLOW_CTX_DAG_OWNER='***' AIRFLOW_CTX_DAG_ID='fetch_weather_data' AIRFLOW_CTX_TASK_ID='extract_weather_data' AIRFLOW_CTX_EXECUTION_DATE='2025-04-23T07:19:00+00:00' AIRFLOW_CTX_TRY_NUMBER='1' AIRFLOW_CTX_DAG_RUN_ID='scheduled__2025-04-23T07:19:00+00:00'
[2025-04-23T07:20:01.668+0000] {taskinstance.py:732} INFO - ::endgroup::
[2025-04-23T07:20:01.971+0000] {el_30min.py:94} INFO - Kathmandu Weather data fetched successfully
[2025-04-23T07:20:01.971+0000] {el_30min.py:95} INFO - Response data: {'location': {'name': 'Kathmandu', 'region': '', 'country': 'Nepal', 'lat': 27.7167, 'lon': 85.3167, 'tz_id': 'Asia/Kathmandu', 'localtime_epoch': 1745392233, 'localtime': '2025-04-23 12:55'}, 'current': {'last_updated_epoch': 1745391600, 'last_updated': '2025-04-23 12:45', 'temp_c': 31.3, 'temp_f': 88.3, 'is_day': 1, 'condition': {'text': 'Sunny', 'icon': '//cdn.weatherapi.com/weather/64x64/day/113.png', 'code': 1000}, 'wind_mph': 5.4, 'wind_kph': 8.6, 'wind_degree': 248, 'wind_dir': 'WSW', 'pressure_mb': 1011.0, 'pressure_in': 29.85, 'precip_mm': 0.0, 'precip_in': 0.0, 'humidity': 14, 'cloud': 25, 'feelslike_c': 29.1, 'feelslike_f': 84.3, 'windchill_c': 31.1, 'windchill_f': 88.0, 'heatindex_c': 28.8, 'heatindex_f': 83.9, 'dewpoint_c': -1.2, 'dewpoint_f': 29.9, 'vis_km': 10.0, 'vis_miles': 6.0, 'uv': 10.7, 'gust_mph': 6.2, 'gust_kph': 9.9, 'air_quality': {'co': 1008.25, 'no2': 14.43, 'o3': 142.0, 'so2': 13.505, 'pm2_5': 99.345, 'pm10': 172.235, 'us-epa-index': 4, 'gb-defra-index': 10}}}
[2025-04-23T07:20:01.974+0000] {python.py:240} INFO - Done. Returned value was:   location_name country      lat  ...     pm10 us_epa_index  gb_defra_index
0     Kathmandu   Nepal  27.7167  ...  172.235            4              10

[1 rows x 42 columns]
[2025-04-23T07:20:02.024+0000] {taskinstance.py:341} INFO - ::group::Post task execution logs
[2025-04-23T07:20:02.024+0000] {taskinstance.py:353} INFO - Marking task as SUCCESS. dag_id=fetch_weather_data, task_id=extract_weather_data, run_id=scheduled__2025-04-23T07:19:00+00:00, execution_date=20250423T071900, start_date=20250423T072001, end_date=20250423T072002
[2025-04-23T07:20:02.061+0000] {local_task_job_runner.py:266} INFO - Task exited with return code 0
[2025-04-23T07:20:02.072+0000] {taskinstance.py:3901} INFO - 1 downstream tasks scheduled from follow-on schedule check
[2025-04-23T07:20:02.074+0000] {local_task_job_runner.py:245} INFO - ::endgroup::
