[2025-04-23T09:28:02.833+0000] {local_task_job_runner.py:123} INFO - ::group::Pre task execution logs
[2025-04-23T09:28:02.844+0000] {taskinstance.py:2614} INFO - Dependencies all met for dep_context=non-requeueable deps ti=<TaskInstance: fetch_weather_data_daily.branch_table_check manual__2025-04-23T09:28:01.637816+00:00 [queued]>
[2025-04-23T09:28:02.848+0000] {taskinstance.py:2614} INFO - Dependencies all met for dep_context=requeueable deps ti=<TaskInstance: fetch_weather_data_daily.branch_table_check manual__2025-04-23T09:28:01.637816+00:00 [queued]>
[2025-04-23T09:28:02.848+0000] {taskinstance.py:2867} INFO - Starting attempt 1 of 2
[2025-04-23T09:28:02.854+0000] {taskinstance.py:2890} INFO - Executing <Task(BranchPythonOperator): branch_table_check> on 2025-04-23 09:28:01.637816+00:00
[2025-04-23T09:28:02.861+0000] {warnings.py:112} WARNING - /home/***/.local/lib/python3.12/site-packages/***/task/task_runner/standard_task_runner.py:70: DeprecationWarning: This process (pid=4685) is multi-threaded, use of fork() may lead to deadlocks in the child.
  pid = os.fork()

[2025-04-23T09:28:02.861+0000] {standard_task_runner.py:72} INFO - Started process 4708 to run task
[2025-04-23T09:28:02.862+0000] {standard_task_runner.py:104} INFO - Running: ['***', 'tasks', 'run', 'fetch_weather_data_daily', 'branch_table_check', 'manual__2025-04-23T09:28:01.637816+00:00', '--job-id', '208', '--raw', '--subdir', 'DAGS_FOLDER/el_daily.py', '--cfg-path', '/tmp/tmpv_mx9a9d']
[2025-04-23T09:28:02.863+0000] {standard_task_runner.py:105} INFO - Job 208: Subtask branch_table_check
[2025-04-23T09:28:02.885+0000] {task_command.py:467} INFO - Running <TaskInstance: fetch_weather_data_daily.branch_table_check manual__2025-04-23T09:28:01.637816+00:00 [running]> on host eb276ba0497d
[2025-04-23T09:28:02.922+0000] {taskinstance.py:3134} INFO - Exporting env vars: AIRFLOW_CTX_DAG_OWNER='***' AIRFLOW_CTX_DAG_ID='fetch_weather_data_daily' AIRFLOW_CTX_TASK_ID='branch_table_check' AIRFLOW_CTX_EXECUTION_DATE='2025-04-23T09:28:01.637816+00:00' AIRFLOW_CTX_TRY_NUMBER='1' AIRFLOW_CTX_DAG_RUN_ID='manual__2025-04-23T09:28:01.637816+00:00'
[2025-04-23T09:28:02.922+0000] {taskinstance.py:732} INFO - ::endgroup::
[2025-04-23T09:28:02.923+0000] {baseoperator.py:423} WARNING - BranchPythonOperator.execute cannot be called outside TaskInstance!
[2025-04-23T09:28:02.928+0000] {python.py:240} INFO - Done. Returned value was: extract_today_data
[2025-04-23T09:28:02.928+0000] {branch.py:38} INFO - Branch into extract_today_data
[2025-04-23T09:28:02.928+0000] {skipmixin.py:233} INFO - Following branch ('extract_today_data',)
[2025-04-23T09:28:02.933+0000] {skipmixin.py:281} INFO - Skipping tasks [('extract_backfill_data', -1)]
[2025-04-23T09:28:02.946+0000] {taskinstance.py:341} INFO - ::group::Post task execution logs
[2025-04-23T09:28:02.946+0000] {taskinstance.py:353} INFO - Marking task as SUCCESS. dag_id=fetch_weather_data_daily, task_id=branch_table_check, run_id=manual__2025-04-23T09:28:01.637816+00:00, execution_date=20250423T092801, start_date=20250423T092802, end_date=20250423T092802
[2025-04-23T09:28:02.994+0000] {local_task_job_runner.py:266} INFO - Task exited with return code 0
[2025-04-23T09:28:03.009+0000] {taskinstance.py:3901} INFO - 1 downstream tasks scheduled from follow-on schedule check
[2025-04-23T09:28:03.010+0000] {local_task_job_runner.py:245} INFO - ::endgroup::
