[2025-04-23T06:20:00.910+0000] {local_task_job_runner.py:123} INFO - ::group::Pre task execution logs
[2025-04-23T06:20:00.917+0000] {taskinstance.py:2614} INFO - Dependencies all met for dep_context=non-requeueable deps ti=<TaskInstance: fetch_weather_data.extract_weather_data scheduled__2025-04-23T06:19:00+00:00 [queued]>
[2025-04-23T06:20:00.920+0000] {taskinstance.py:2614} INFO - Dependencies all met for dep_context=requeueable deps ti=<TaskInstance: fetch_weather_data.extract_weather_data scheduled__2025-04-23T06:19:00+00:00 [queued]>
[2025-04-23T06:20:00.920+0000] {taskinstance.py:2867} INFO - Starting attempt 1 of 2
[2025-04-23T06:20:00.926+0000] {taskinstance.py:2890} INFO - Executing <Task(_PythonDecoratedOperator): extract_weather_data> on 2025-04-23 06:19:00+00:00
[2025-04-23T06:20:00.932+0000] {warnings.py:112} WARNING - /home/***/.local/lib/python3.12/site-packages/***/task/task_runner/standard_task_runner.py:70: DeprecationWarning: This process (pid=9177) is multi-threaded, use of fork() may lead to deadlocks in the child.
  pid = os.fork()

[2025-04-23T06:20:00.933+0000] {standard_task_runner.py:72} INFO - Started process 9179 to run task
[2025-04-23T06:20:00.934+0000] {standard_task_runner.py:104} INFO - Running: ['***', 'tasks', 'run', 'fetch_weather_data', 'extract_weather_data', 'scheduled__2025-04-23T06:19:00+00:00', '--job-id', '61', '--raw', '--subdir', 'DAGS_FOLDER/el.py', '--cfg-path', '/tmp/tmpmwgn_sn2']
[2025-04-23T06:20:00.935+0000] {standard_task_runner.py:105} INFO - Job 61: Subtask extract_weather_data
[2025-04-23T06:20:00.958+0000] {task_command.py:467} INFO - Running <TaskInstance: fetch_weather_data.extract_weather_data scheduled__2025-04-23T06:19:00+00:00 [running]> on host eb276ba0497d
[2025-04-23T06:20:00.994+0000] {taskinstance.py:3134} INFO - Exporting env vars: AIRFLOW_CTX_DAG_OWNER='***' AIRFLOW_CTX_DAG_ID='fetch_weather_data' AIRFLOW_CTX_TASK_ID='extract_weather_data' AIRFLOW_CTX_EXECUTION_DATE='2025-04-23T06:19:00+00:00' AIRFLOW_CTX_TRY_NUMBER='1' AIRFLOW_CTX_DAG_RUN_ID='scheduled__2025-04-23T06:19:00+00:00'
[2025-04-23T06:20:00.995+0000] {taskinstance.py:732} INFO - ::endgroup::
[2025-04-23T06:20:01.312+0000] {el.py:28} INFO - Kathmandu Weather data fetched successfully
[2025-04-23T06:20:01.312+0000] {el.py:29} INFO - Response data: {'location': {'name': 'Kathmandu', 'region': '', 'country': 'Nepal', 'lat': 27.7167, 'lon': 85.3167, 'tz_id': 'Asia/Kathmandu', 'localtime_epoch': 1745389130, 'localtime': '2025-04-23 12:03'}, 'current': {'last_updated_epoch': 1745388900, 'last_updated': '2025-04-23 12:00', 'temp_c': 29.3, 'temp_f': 84.7, 'is_day': 1, 'condition': {'text': 'Sunny', 'icon': '//cdn.weatherapi.com/weather/64x64/day/113.png', 'code': 1000}, 'wind_mph': 5.4, 'wind_kph': 8.6, 'wind_degree': 248, 'wind_dir': 'WSW', 'pressure_mb': 1012.0, 'pressure_in': 29.88, 'precip_mm': 0.0, 'precip_in': 0.0, 'humidity': 27, 'cloud': 25, 'feelslike_c': 27.1, 'feelslike_f': 80.9, 'windchill_c': 31.1, 'windchill_f': 88.0, 'heatindex_c': 28.8, 'heatindex_f': 83.9, 'dewpoint_c': -1.2, 'dewpoint_f': 29.9, 'vis_km': 8.0, 'vis_miles': 4.0, 'uv': 10.7, 'gust_mph': 6.2, 'gust_kph': 9.9}}
[2025-04-23T06:20:01.314+0000] {python.py:240} INFO - Done. Returned value was:   location_name country  ...  last_updated_epoch        last_updated
0     Kathmandu   Nepal  ...          1745388900 2025-04-23 06:15:00

[1 rows x 34 columns]
[2025-04-23T06:20:01.359+0000] {taskinstance.py:341} INFO - ::group::Post task execution logs
[2025-04-23T06:20:01.359+0000] {taskinstance.py:353} INFO - Marking task as SUCCESS. dag_id=fetch_weather_data, task_id=extract_weather_data, run_id=scheduled__2025-04-23T06:19:00+00:00, execution_date=20250423T061900, start_date=20250423T062000, end_date=20250423T062001
[2025-04-23T06:20:01.387+0000] {local_task_job_runner.py:266} INFO - Task exited with return code 0
[2025-04-23T06:20:01.400+0000] {taskinstance.py:3901} INFO - 1 downstream tasks scheduled from follow-on schedule check
[2025-04-23T06:20:01.402+0000] {local_task_job_runner.py:245} INFO - ::endgroup::
