[2025-04-23T06:22:01.533+0000] {local_task_job_runner.py:123} INFO - ::group::Pre task execution logs
[2025-04-23T06:22:01.543+0000] {taskinstance.py:2614} INFO - Dependencies all met for dep_context=non-requeueable deps ti=<TaskInstance: fetch_weather_data.load_to_postgres scheduled__2025-04-23T06:21:00+00:00 [queued]>
[2025-04-23T06:22:01.547+0000] {taskinstance.py:2614} INFO - Dependencies all met for dep_context=requeueable deps ti=<TaskInstance: fetch_weather_data.load_to_postgres scheduled__2025-04-23T06:21:00+00:00 [queued]>
[2025-04-23T06:22:01.547+0000] {taskinstance.py:2867} INFO - Starting attempt 1 of 2
[2025-04-23T06:22:01.553+0000] {taskinstance.py:2890} INFO - Executing <Task(_PythonDecoratedOperator): load_to_postgres> on 2025-04-23 06:21:00+00:00
[2025-04-23T06:22:01.559+0000] {warnings.py:112} WARNING - /home/***/.local/lib/python3.12/site-packages/***/task/task_runner/standard_task_runner.py:70: DeprecationWarning: This process (pid=9386) is multi-threaded, use of fork() may lead to deadlocks in the child.
  pid = os.fork()

[2025-04-23T06:22:01.560+0000] {standard_task_runner.py:72} INFO - Started process 9388 to run task
[2025-04-23T06:22:01.560+0000] {standard_task_runner.py:104} INFO - Running: ['***', 'tasks', 'run', 'fetch_weather_data', 'load_to_postgres', 'scheduled__2025-04-23T06:21:00+00:00', '--job-id', '65', '--raw', '--subdir', 'DAGS_FOLDER/el.py', '--cfg-path', '/tmp/tmpyjvl5bh7']
[2025-04-23T06:22:01.562+0000] {standard_task_runner.py:105} INFO - Job 65: Subtask load_to_postgres
[2025-04-23T06:22:01.584+0000] {task_command.py:467} INFO - Running <TaskInstance: fetch_weather_data.load_to_postgres scheduled__2025-04-23T06:21:00+00:00 [running]> on host eb276ba0497d
[2025-04-23T06:22:01.662+0000] {taskinstance.py:3134} INFO - Exporting env vars: AIRFLOW_CTX_DAG_OWNER='***' AIRFLOW_CTX_DAG_ID='fetch_weather_data' AIRFLOW_CTX_TASK_ID='load_to_postgres' AIRFLOW_CTX_EXECUTION_DATE='2025-04-23T06:21:00+00:00' AIRFLOW_CTX_TRY_NUMBER='1' AIRFLOW_CTX_DAG_RUN_ID='scheduled__2025-04-23T06:21:00+00:00'
[2025-04-23T06:22:01.663+0000] {taskinstance.py:732} INFO - ::endgroup::
[2025-04-23T06:22:01.667+0000] {base.py:84} INFO - Retrieving connection 'postgres'
[2025-04-23T06:22:01.675+0000] {el.py:192} INFO - Weather data with air quality loaded successfully into PostgreSQL
[2025-04-23T06:22:01.675+0000] {python.py:240} INFO - Done. Returned value was: None
[2025-04-23T06:22:01.680+0000] {taskinstance.py:341} INFO - ::group::Post task execution logs
[2025-04-23T06:22:01.680+0000] {taskinstance.py:353} INFO - Marking task as SUCCESS. dag_id=fetch_weather_data, task_id=load_to_postgres, run_id=scheduled__2025-04-23T06:21:00+00:00, execution_date=20250423T062100, start_date=20250423T062201, end_date=20250423T062201
[2025-04-23T06:22:01.733+0000] {local_task_job_runner.py:266} INFO - Task exited with return code 0
[2025-04-23T06:22:01.737+0000] {local_task_job_runner.py:245} INFO - ::endgroup::
