[2025-04-23T10:39:39.732+0000] {local_task_job_runner.py:123} INFO - ::group::Pre task execution logs
[2025-04-23T10:39:39.744+0000] {taskinstance.py:2614} INFO - Dependencies all met for dep_context=non-requeueable deps ti=<TaskInstance: dbt_transform.dbt_task_group.fact_weather_data_run manual__2025-04-23T10:38:30.409166+00:00 [queued]>
[2025-04-23T10:39:39.748+0000] {taskinstance.py:2614} INFO - Dependencies all met for dep_context=requeueable deps ti=<TaskInstance: dbt_transform.dbt_task_group.fact_weather_data_run manual__2025-04-23T10:38:30.409166+00:00 [queued]>
[2025-04-23T10:39:39.748+0000] {taskinstance.py:2867} INFO - Starting attempt 1 of 3
[2025-04-23T10:39:39.754+0000] {taskinstance.py:2890} INFO - Executing <Task(DbtRunLocalOperator): dbt_task_group.fact_weather_data_run> on 2025-04-23 10:38:30.409166+00:00
[2025-04-23T10:39:39.760+0000] {warnings.py:112} WARNING - /home/***/.local/lib/python3.12/site-packages/***/task/task_runner/standard_task_runner.py:70: DeprecationWarning: This process (pid=11997) is multi-threaded, use of fork() may lead to deadlocks in the child.
  pid = os.fork()

[2025-04-23T10:39:39.760+0000] {standard_task_runner.py:72} INFO - Started process 11998 to run task
[2025-04-23T10:39:39.761+0000] {standard_task_runner.py:104} INFO - Running: ['***', 'tasks', 'run', 'dbt_transform', 'dbt_task_group.fact_weather_data_run', 'manual__2025-04-23T10:38:30.409166+00:00', '--job-id', '303', '--raw', '--subdir', 'DAGS_FOLDER/dbtdag.py', '--cfg-path', '/tmp/tmp_coflfoc']
[2025-04-23T10:39:39.761+0000] {standard_task_runner.py:105} INFO - Job 303: Subtask dbt_task_group.fact_weather_data_run
[2025-04-23T10:39:39.783+0000] {task_command.py:467} INFO - Running <TaskInstance: dbt_transform.dbt_task_group.fact_weather_data_run manual__2025-04-23T10:38:30.409166+00:00 [running]> on host eb276ba0497d
[2025-04-23T10:39:39.820+0000] {taskinstance.py:3134} INFO - Exporting env vars: AIRFLOW_CTX_DAG_OWNER='***' AIRFLOW_CTX_DAG_ID='dbt_transform' AIRFLOW_CTX_TASK_ID='dbt_task_group.fact_weather_data_run' AIRFLOW_CTX_EXECUTION_DATE='2025-04-23T10:38:30.409166+00:00' AIRFLOW_CTX_TRY_NUMBER='1' AIRFLOW_CTX_DAG_RUN_ID='manual__2025-04-23T10:38:30.409166+00:00'
[2025-04-23T10:39:39.821+0000] {taskinstance.py:732} INFO - ::endgroup::
[2025-04-23T10:39:40.459+0000] {local.py:213} INFO - dbtRunner is available. Using dbtRunner for invoking dbt.
[2025-04-23T10:39:40.459+0000] {local.py:416} INFO - Cloning project to writable temp directory /tmp/tmpp_418_kr from /opt/airflow/dags/dbt/weather
[2025-04-23T10:39:40.460+0000] {local.py:427} INFO - Partial parse is enabled and the latest partial parse file is /tmp/cosmos/dbt_transform__dbt_task_group/target/partial_parse.msgpack
[2025-04-23T10:39:40.464+0000] {config.py:360} INFO - Profile caching is enable.
[2025-04-23T10:39:40.468+0000] {base.py:84} INFO - Retrieving connection 'postgres'
[2025-04-23T10:39:40.469+0000] {config.py:340} INFO - Profile found in cache using profile: /tmp/cosmos/profile/e6e13df970e8fe3ebb4d61c03236437e24a01a4909ada5aa9ec817ff39ff3ca3/profiles.yml.
[2025-04-23T10:39:40.471+0000] {runner.py:60} INFO - Trying to run dbtRunner with:
 ['deps', '--project-dir', '/tmp/tmpp_418_kr', '--profiles-dir', '/tmp/cosmos/profile/e6e13df970e8fe3ebb4d61c03236437e24a01a4909ada5aa9ec817ff39ff3ca3', '--profile', 'default', '--target', 'dev']
 in /tmp/tmpp_418_kr
[2025-04-23T10:39:40.498+0000] {logging_mixin.py:190} INFO - 10:39:40  Running with dbt=1.8.7
[2025-04-23T10:39:40.949+0000] {logging_mixin.py:190} INFO - 10:39:40  Installing dbt-labs/dbt_utils
[2025-04-23T10:39:41.792+0000] {logging_mixin.py:190} INFO - 10:39:41  Installed from version 0.9.6
[2025-04-23T10:39:41.792+0000] {logging_mixin.py:190} INFO - 10:39:41  Updated version available: 1.3.0
[2025-04-23T10:39:41.793+0000] {logging_mixin.py:190} INFO - 10:39:41
[2025-04-23T10:39:41.793+0000] {logging_mixin.py:190} INFO - 10:39:41  Updates available for packages: ['dbt-labs/dbt_utils']                 
Update your versions in packages.yml, then run dbt deps
[2025-04-23T10:39:42.716+0000] {runner.py:60} INFO - Trying to run dbtRunner with:
 ['run', '--models', 'fact_weather_data', '--project-dir', '/tmp/tmpp_418_kr', '--profiles-dir', '/tmp/cosmos/profile/e6e13df970e8fe3ebb4d61c03236437e24a01a4909ada5aa9ec817ff39ff3ca3', '--profile', 'default', '--target', 'dev']
 in /tmp/tmpp_418_kr
[2025-04-23T10:39:42.720+0000] {logging_mixin.py:190} INFO - 10:39:42  Running with dbt=1.8.7
[2025-04-23T10:39:42.796+0000] {logging_mixin.py:190} INFO - 10:39:42  Registered adapter: postgres=1.9.0
[2025-04-23T10:39:43.185+0000] {logging_mixin.py:190} INFO - 10:39:43  Found 5 models, 626 macros
[2025-04-23T10:39:43.187+0000] {logging_mixin.py:190} INFO - 10:39:43
[2025-04-23T10:39:43.228+0000] {logging_mixin.py:190} INFO - 10:39:43  Concurrency: 1 threads (target='dev')
[2025-04-23T10:39:43.228+0000] {logging_mixin.py:190} INFO - 10:39:43
[2025-04-23T10:39:43.230+0000] {logging_mixin.py:190} INFO - 10:39:43  1 of 1 START sql table model transformed.fact_weather_data ..................... [RUN]
[2025-04-23T10:39:43.289+0000] {logging_mixin.py:190} INFO - 10:39:43  1 of 1 OK created sql table model transformed.fact_weather_data ................ [SELECT 192 in 0.06s]
[2025-04-23T10:39:43.294+0000] {logging_mixin.py:190} INFO - 10:39:43
[2025-04-23T10:39:43.294+0000] {logging_mixin.py:190} INFO - 10:39:43  Finished running 1 table model in 0 hours 0 minutes and 0.11 seconds (0.11s).
[2025-04-23T10:39:43.310+0000] {logging_mixin.py:190} INFO - 10:39:43
[2025-04-23T10:39:43.310+0000] {logging_mixin.py:190} INFO - 10:39:43  Completed successfully
[2025-04-23T10:39:43.310+0000] {logging_mixin.py:190} INFO - 10:39:43
[2025-04-23T10:39:43.311+0000] {logging_mixin.py:190} INFO - 10:39:43  Done. PASS=1 WARN=0 ERROR=0 SKIP=0 TOTAL=1
[2025-04-23T10:39:44.307+0000] {local.py:465} INFO - Inlets: [Dataset(uri='postgres://192.168.88.40:9878/postgres.transformed.dim_district', extra=None), Dataset(uri='postgres://192.168.88.40:9878/postgres.transformed.stg_weather_data', extra=None)]
[2025-04-23T10:39:44.307+0000] {local.py:466} INFO - Outlets: [Dataset(uri='postgres://192.168.88.40:9878/postgres.transformed.fact_weather_data', extra=None)]
[2025-04-23T10:39:44.307+0000] {local.py:656} INFO - Assigning inlets/outlets with DatasetAlias
[2025-04-23T10:39:44.335+0000] {taskinstance.py:341} INFO - ::group::Post task execution logs
[2025-04-23T10:39:44.335+0000] {taskinstance.py:353} INFO - Marking task as SUCCESS. dag_id=dbt_transform, task_id=dbt_task_group.fact_weather_data_run, run_id=manual__2025-04-23T10:38:30.409166+00:00, execution_date=20250423T103830, start_date=20250423T103939, end_date=20250423T103944
[2025-04-23T10:39:44.338+0000] {taskinstance.py:3054} WARNING - Created a new DatasetModel(uri='postgres://192.168.88.40:9878/postgres.transformed.fact_weather_data', extra={}) as it did not exist.
[2025-04-23T10:39:44.341+0000] {taskinstance.py:3064} INFO - Creating event for DatasetModel(uri='postgres://192.168.88.40:9878/postgres.transformed.fact_weather_data', extra={}) through aliases "dbt_transform__dbt_task_group__fact_weather_data_run"
[2025-04-23T10:39:44.424+0000] {local_task_job_runner.py:266} INFO - Task exited with return code 0
[2025-04-23T10:39:44.436+0000] {taskinstance.py:3901} INFO - 0 downstream tasks scheduled from follow-on schedule check
[2025-04-23T10:39:44.438+0000] {local_task_job_runner.py:245} INFO - ::endgroup::
