[2025-04-23T10:39:34.354+0000] {local_task_job_runner.py:123} INFO - ::group::Pre task execution logs
[2025-04-23T10:39:34.365+0000] {taskinstance.py:2614} INFO - Dependencies all met for dep_context=non-requeueable deps ti=<TaskInstance: dbt_transform.dbt_task_group.dim_district_run manual__2025-04-23T10:38:30.409166+00:00 [queued]>
[2025-04-23T10:39:34.369+0000] {taskinstance.py:2614} INFO - Dependencies all met for dep_context=requeueable deps ti=<TaskInstance: dbt_transform.dbt_task_group.dim_district_run manual__2025-04-23T10:38:30.409166+00:00 [queued]>
[2025-04-23T10:39:34.369+0000] {taskinstance.py:2867} INFO - Starting attempt 1 of 3
[2025-04-23T10:39:34.375+0000] {taskinstance.py:2890} INFO - Executing <Task(DbtRunLocalOperator): dbt_task_group.dim_district_run> on 2025-04-23 10:38:30.409166+00:00
[2025-04-23T10:39:34.380+0000] {warnings.py:112} WARNING - /home/***/.local/lib/python3.12/site-packages/***/task/task_runner/standard_task_runner.py:70: DeprecationWarning: This process (pid=11947) is multi-threaded, use of fork() may lead to deadlocks in the child.
  pid = os.fork()

[2025-04-23T10:39:34.381+0000] {standard_task_runner.py:72} INFO - Started process 11948 to run task
[2025-04-23T10:39:34.381+0000] {standard_task_runner.py:104} INFO - Running: ['***', 'tasks', 'run', 'dbt_transform', 'dbt_task_group.dim_district_run', 'manual__2025-04-23T10:38:30.409166+00:00', '--job-id', '302', '--raw', '--subdir', 'DAGS_FOLDER/dbtdag.py', '--cfg-path', '/tmp/tmpdujb4u_1']
[2025-04-23T10:39:34.382+0000] {standard_task_runner.py:105} INFO - Job 302: Subtask dbt_task_group.dim_district_run
[2025-04-23T10:39:34.403+0000] {task_command.py:467} INFO - Running <TaskInstance: dbt_transform.dbt_task_group.dim_district_run manual__2025-04-23T10:38:30.409166+00:00 [running]> on host eb276ba0497d
[2025-04-23T10:39:34.440+0000] {taskinstance.py:3134} INFO - Exporting env vars: AIRFLOW_CTX_DAG_OWNER='***' AIRFLOW_CTX_DAG_ID='dbt_transform' AIRFLOW_CTX_TASK_ID='dbt_task_group.dim_district_run' AIRFLOW_CTX_EXECUTION_DATE='2025-04-23T10:38:30.409166+00:00' AIRFLOW_CTX_TRY_NUMBER='1' AIRFLOW_CTX_DAG_RUN_ID='manual__2025-04-23T10:38:30.409166+00:00'
[2025-04-23T10:39:34.441+0000] {taskinstance.py:732} INFO - ::endgroup::
[2025-04-23T10:39:35.071+0000] {local.py:213} INFO - dbtRunner is available. Using dbtRunner for invoking dbt.
[2025-04-23T10:39:35.071+0000] {local.py:416} INFO - Cloning project to writable temp directory /tmp/tmpp9ztvpjp from /opt/airflow/dags/dbt/weather
[2025-04-23T10:39:35.072+0000] {local.py:427} INFO - Partial parse is enabled and the latest partial parse file is /tmp/cosmos/dbt_transform__dbt_task_group/target/partial_parse.msgpack
[2025-04-23T10:39:35.076+0000] {config.py:360} INFO - Profile caching is enable.
[2025-04-23T10:39:35.080+0000] {base.py:84} INFO - Retrieving connection 'postgres'
[2025-04-23T10:39:35.080+0000] {config.py:340} INFO - Profile found in cache using profile: /tmp/cosmos/profile/e6e13df970e8fe3ebb4d61c03236437e24a01a4909ada5aa9ec817ff39ff3ca3/profiles.yml.
[2025-04-23T10:39:35.082+0000] {runner.py:60} INFO - Trying to run dbtRunner with:
 ['deps', '--project-dir', '/tmp/tmpp9ztvpjp', '--profiles-dir', '/tmp/cosmos/profile/e6e13df970e8fe3ebb4d61c03236437e24a01a4909ada5aa9ec817ff39ff3ca3', '--profile', 'default', '--target', 'dev']
 in /tmp/tmpp9ztvpjp
[2025-04-23T10:39:35.110+0000] {logging_mixin.py:190} INFO - 10:39:35  Running with dbt=1.8.7
[2025-04-23T10:39:35.713+0000] {logging_mixin.py:190} INFO - 10:39:35  Installing dbt-labs/dbt_utils
[2025-04-23T10:39:36.570+0000] {logging_mixin.py:190} INFO - 10:39:36  Installed from version 0.9.6
[2025-04-23T10:39:36.570+0000] {logging_mixin.py:190} INFO - 10:39:36  Updated version available: 1.3.0
[2025-04-23T10:39:36.571+0000] {logging_mixin.py:190} INFO - 10:39:36
[2025-04-23T10:39:36.571+0000] {logging_mixin.py:190} INFO - 10:39:36  Updates available for packages: ['dbt-labs/dbt_utils']                 
Update your versions in packages.yml, then run dbt deps
[2025-04-23T10:39:37.482+0000] {runner.py:60} INFO - Trying to run dbtRunner with:
 ['run', '--models', 'dim_district', '--project-dir', '/tmp/tmpp9ztvpjp', '--profiles-dir', '/tmp/cosmos/profile/e6e13df970e8fe3ebb4d61c03236437e24a01a4909ada5aa9ec817ff39ff3ca3', '--profile', 'default', '--target', 'dev']
 in /tmp/tmpp9ztvpjp
[2025-04-23T10:39:37.486+0000] {logging_mixin.py:190} INFO - 10:39:37  Running with dbt=1.8.7
[2025-04-23T10:39:37.553+0000] {logging_mixin.py:190} INFO - 10:39:37  Registered adapter: postgres=1.9.0
[2025-04-23T10:39:37.908+0000] {logging_mixin.py:190} INFO - 10:39:37  Found 5 models, 626 macros
[2025-04-23T10:39:37.909+0000] {logging_mixin.py:190} INFO - 10:39:37
[2025-04-23T10:39:37.948+0000] {logging_mixin.py:190} INFO - 10:39:37  Concurrency: 1 threads (target='dev')
[2025-04-23T10:39:37.949+0000] {logging_mixin.py:190} INFO - 10:39:37
[2025-04-23T10:39:37.951+0000] {logging_mixin.py:190} INFO - 10:39:37  1 of 1 START sql table model transformed.dim_district .......................... [RUN]
[2025-04-23T10:39:38.010+0000] {logging_mixin.py:190} INFO - 10:39:38  1 of 1 OK created sql table model transformed.dim_district ..................... [SELECT 1 in 0.06s]
[2025-04-23T10:39:38.015+0000] {logging_mixin.py:190} INFO - 10:39:38
[2025-04-23T10:39:38.015+0000] {logging_mixin.py:190} INFO - 10:39:38  Finished running 1 table model in 0 hours 0 minutes and 0.10 seconds (0.10s).
[2025-04-23T10:39:38.031+0000] {logging_mixin.py:190} INFO - 10:39:38
[2025-04-23T10:39:38.031+0000] {logging_mixin.py:190} INFO - 10:39:38  Completed successfully
[2025-04-23T10:39:38.031+0000] {logging_mixin.py:190} INFO - 10:39:38
[2025-04-23T10:39:38.032+0000] {logging_mixin.py:190} INFO - 10:39:38  Done. PASS=1 WARN=0 ERROR=0 SKIP=0 TOTAL=1
[2025-04-23T10:39:39.043+0000] {local.py:465} INFO - Inlets: [Dataset(uri='postgres://192.168.88.40:9878/postgres.transformed.dim_country', extra=None), Dataset(uri='postgres://192.168.88.40:9878/postgres.transformed.stg_weather_data', extra=None)]
[2025-04-23T10:39:39.043+0000] {local.py:466} INFO - Outlets: [Dataset(uri='postgres://192.168.88.40:9878/postgres.transformed.dim_district', extra=None)]
[2025-04-23T10:39:39.043+0000] {local.py:656} INFO - Assigning inlets/outlets with DatasetAlias
[2025-04-23T10:39:39.069+0000] {taskinstance.py:341} INFO - ::group::Post task execution logs
[2025-04-23T10:39:39.069+0000] {taskinstance.py:353} INFO - Marking task as SUCCESS. dag_id=dbt_transform, task_id=dbt_task_group.dim_district_run, run_id=manual__2025-04-23T10:38:30.409166+00:00, execution_date=20250423T103830, start_date=20250423T103934, end_date=20250423T103939
[2025-04-23T10:39:39.072+0000] {taskinstance.py:3054} WARNING - Created a new DatasetModel(uri='postgres://192.168.88.40:9878/postgres.transformed.dim_district', extra={}) as it did not exist.
[2025-04-23T10:39:39.074+0000] {taskinstance.py:3064} INFO - Creating event for DatasetModel(uri='postgres://192.168.88.40:9878/postgres.transformed.dim_district', extra={}) through aliases "dbt_transform__dbt_task_group__dim_district_run"
[2025-04-23T10:39:39.123+0000] {local_task_job_runner.py:266} INFO - Task exited with return code 0
[2025-04-23T10:39:39.136+0000] {taskinstance.py:3901} INFO - 1 downstream tasks scheduled from follow-on schedule check
[2025-04-23T10:39:39.137+0000] {local_task_job_runner.py:245} INFO - ::endgroup::
