[2025-04-23T09:43:01.826+0000] {local_task_job_runner.py:123} INFO - ::group::Pre task execution logs
[2025-04-23T09:43:01.835+0000] {taskinstance.py:2614} INFO - Dependencies all met for dep_context=non-requeueable deps ti=<TaskInstance: fetch_weather_data_daily.extract_today_data manual__2025-04-23T09:42:57.833245+00:00 [queued]>
[2025-04-23T09:43:01.838+0000] {taskinstance.py:2614} INFO - Dependencies all met for dep_context=requeueable deps ti=<TaskInstance: fetch_weather_data_daily.extract_today_data manual__2025-04-23T09:42:57.833245+00:00 [queued]>
[2025-04-23T09:43:01.838+0000] {taskinstance.py:2867} INFO - Starting attempt 1 of 2
[2025-04-23T09:43:01.844+0000] {taskinstance.py:2890} INFO - Executing <Task(_PythonDecoratedOperator): extract_today_data> on 2025-04-23 09:42:57.833245+00:00
[2025-04-23T09:43:01.850+0000] {warnings.py:112} WARNING - /home/***/.local/lib/python3.12/site-packages/***/task/task_runner/standard_task_runner.py:70: DeprecationWarning: This process (pid=7206) is multi-threaded, use of fork() may lead to deadlocks in the child.
  pid = os.fork()

[2025-04-23T09:43:01.851+0000] {standard_task_runner.py:72} INFO - Started process 7208 to run task
[2025-04-23T09:43:01.851+0000] {standard_task_runner.py:104} INFO - Running: ['***', 'tasks', 'run', 'fetch_weather_data_daily', 'extract_today_data', 'manual__2025-04-23T09:42:57.833245+00:00', '--job-id', '274', '--raw', '--subdir', 'DAGS_FOLDER/el_daily.py', '--cfg-path', '/tmp/tmpm3n1_hba']
[2025-04-23T09:43:01.853+0000] {standard_task_runner.py:105} INFO - Job 274: Subtask extract_today_data
[2025-04-23T09:43:01.875+0000] {task_command.py:467} INFO - Running <TaskInstance: fetch_weather_data_daily.extract_today_data manual__2025-04-23T09:42:57.833245+00:00 [running]> on host eb276ba0497d
[2025-04-23T09:43:01.911+0000] {taskinstance.py:3134} INFO - Exporting env vars: AIRFLOW_CTX_DAG_OWNER='***' AIRFLOW_CTX_DAG_ID='fetch_weather_data_daily' AIRFLOW_CTX_TASK_ID='extract_today_data' AIRFLOW_CTX_EXECUTION_DATE='2025-04-23T09:42:57.833245+00:00' AIRFLOW_CTX_TRY_NUMBER='1' AIRFLOW_CTX_DAG_RUN_ID='manual__2025-04-23T09:42:57.833245+00:00'
[2025-04-23T09:43:01.912+0000] {taskinstance.py:732} INFO - ::endgroup::
[2025-04-23T09:43:02.705+0000] {python.py:240} INFO - Done. Returned value was:          name region country      lat  ...  vis_miles gust_mph  gust_kph   uv
0   Kathmandu          Nepal  27.7167  ...        6.0      6.6      10.6  0.0
1   Kathmandu          Nepal  27.7167  ...        6.0      5.6       9.1  0.0
2   Kathmandu          Nepal  27.7167  ...        6.0      5.6       9.1  0.0
3   Kathmandu          Nepal  27.7167  ...        6.0      6.1       9.8  0.0
4   Kathmandu          Nepal  27.7167  ...        6.0      6.1       9.8  0.0
5   Kathmandu          Nepal  27.7167  ...        6.0      6.1       9.8  0.0
6   Kathmandu          Nepal  27.7167  ...        6.0      4.6       7.3  6.0
7   Kathmandu          Nepal  27.7167  ...        6.0      2.6       4.1  7.0
8   Kathmandu          Nepal  27.7167  ...        6.0      2.1       3.3  7.0
9   Kathmandu          Nepal  27.7167  ...        6.0      4.4       7.1  8.0
10  Kathmandu          Nepal  27.7167  ...        6.0      6.4      10.4  8.0
11  Kathmandu          Nepal  27.7167  ...        6.0      7.7      12.4  8.0
12  Kathmandu          Nepal  27.7167  ...        6.0      8.7      14.1  8.0
13  Kathmandu          Nepal  27.7167  ...        6.0      9.8      15.7  8.0
14  Kathmandu          Nepal  27.7167  ...        6.0     10.0      16.2  8.0
15  Kathmandu          Nepal  27.7167  ...        6.0      9.3      14.9  8.0
16  Kathmandu          Nepal  27.7167  ...        6.0      8.5      13.7  8.0
17  Kathmandu          Nepal  27.7167  ...        6.0      7.5      12.0  7.0
18  Kathmandu          Nepal  27.7167  ...        6.0      8.5      13.6  6.0
19  Kathmandu          Nepal  27.7167  ...        6.0      6.1       9.8  0.0
20  Kathmandu          Nepal  27.7167  ...        6.0      4.7       7.6  0.0
21  Kathmandu          Nepal  27.7167  ...        6.0      3.8       6.0  0.0
22  Kathmandu          Nepal  27.7167  ...        6.0      3.3       5.3  0.0
23  Kathmandu          Nepal  27.7167  ...        6.0      4.2       6.8  0.0

[24 rows x 41 columns]
[2025-04-23T09:43:02.759+0000] {taskinstance.py:341} INFO - ::group::Post task execution logs
[2025-04-23T09:43:02.760+0000] {taskinstance.py:353} INFO - Marking task as SUCCESS. dag_id=fetch_weather_data_daily, task_id=extract_today_data, run_id=manual__2025-04-23T09:42:57.833245+00:00, execution_date=20250423T094257, start_date=20250423T094301, end_date=20250423T094302
[2025-04-23T09:43:02.786+0000] {local_task_job_runner.py:266} INFO - Task exited with return code 0
[2025-04-23T09:43:02.800+0000] {taskinstance.py:3901} INFO - 1 downstream tasks scheduled from follow-on schedule check
[2025-04-23T09:43:02.803+0000] {local_task_job_runner.py:245} INFO - ::endgroup::
