[2025-04-23T07:29:01.318+0000] {local_task_job_runner.py:123} INFO - ::group::Pre task execution logs
[2025-04-23T07:29:01.327+0000] {taskinstance.py:2614} INFO - Dependencies all met for dep_context=non-requeueable deps ti=<TaskInstance: fetch_weather_data.extract_weather_data manual__2025-04-23T07:28:59.882567+00:00 [queued]>
[2025-04-23T07:29:01.330+0000] {taskinstance.py:2614} INFO - Dependencies all met for dep_context=requeueable deps ti=<TaskInstance: fetch_weather_data.extract_weather_data manual__2025-04-23T07:28:59.882567+00:00 [queued]>
[2025-04-23T07:29:01.331+0000] {taskinstance.py:2867} INFO - Starting attempt 1 of 2
[2025-04-23T07:29:01.337+0000] {taskinstance.py:2890} INFO - Executing <Task(_PythonDecoratedOperator): extract_weather_data> on 2025-04-23 07:28:59.882567+00:00
[2025-04-23T07:29:01.343+0000] {warnings.py:112} WARNING - /home/***/.local/lib/python3.12/site-packages/***/task/task_runner/standard_task_runner.py:70: DeprecationWarning: This process (pid=15906) is multi-threaded, use of fork() may lead to deadlocks in the child.
  pid = os.fork()

[2025-04-23T07:29:01.343+0000] {standard_task_runner.py:72} INFO - Started process 15908 to run task
[2025-04-23T07:29:01.344+0000] {standard_task_runner.py:104} INFO - Running: ['***', 'tasks', 'run', 'fetch_weather_data', 'extract_weather_data', 'manual__2025-04-23T07:28:59.882567+00:00', '--job-id', '166', '--raw', '--subdir', 'DAGS_FOLDER/el_30min.py', '--cfg-path', '/tmp/tmpx24c6fkp']
[2025-04-23T07:29:01.345+0000] {standard_task_runner.py:105} INFO - Job 166: Subtask extract_weather_data
[2025-04-23T07:29:01.368+0000] {task_command.py:467} INFO - Running <TaskInstance: fetch_weather_data.extract_weather_data manual__2025-04-23T07:28:59.882567+00:00 [running]> on host eb276ba0497d
[2025-04-23T07:29:01.407+0000] {taskinstance.py:3134} INFO - Exporting env vars: AIRFLOW_CTX_DAG_OWNER='***' AIRFLOW_CTX_DAG_ID='fetch_weather_data' AIRFLOW_CTX_TASK_ID='extract_weather_data' AIRFLOW_CTX_EXECUTION_DATE='2025-04-23T07:28:59.882567+00:00' AIRFLOW_CTX_TRY_NUMBER='1' AIRFLOW_CTX_DAG_RUN_ID='manual__2025-04-23T07:28:59.882567+00:00'
[2025-04-23T07:29:01.408+0000] {taskinstance.py:732} INFO - ::endgroup::
[2025-04-23T07:29:01.623+0000] {el_30min.py:94} INFO - Kathmandu Weather data fetched successfully
[2025-04-23T07:29:01.623+0000] {el_30min.py:95} INFO - Response data: {'location': {'name': 'Kathmandu', 'region': '', 'country': 'Nepal', 'lat': 27.7167, 'lon': 85.3167, 'tz_id': 'Asia/Kathmandu', 'localtime_epoch': 1745392977, 'localtime': '2025-04-23 13:07'}, 'current': {'last_updated_epoch': 1745392500, 'last_updated': '2025-04-23 13:00', 'temp_c': 31.3, 'temp_f': 88.3, 'is_day': 1, 'condition': {'text': 'Sunny', 'icon': '//cdn.weatherapi.com/weather/64x64/day/113.png', 'code': 1000}, 'wind_mph': 6.5, 'wind_kph': 10.4, 'wind_degree': 251, 'wind_dir': 'WSW', 'pressure_mb': 1011.0, 'pressure_in': 29.85, 'precip_mm': 0.0, 'precip_in': 0.0, 'humidity': 14, 'cloud': 25, 'feelslike_c': 29.1, 'feelslike_f': 84.3, 'windchill_c': 31.5, 'windchill_f': 88.6, 'heatindex_c': 29.2, 'heatindex_f': 84.6, 'dewpoint_c': -0.9, 'dewpoint_f': 30.4, 'vis_km': 10.0, 'vis_miles': 6.0, 'uv': 8.8, 'gust_mph': 7.5, 'gust_kph': 12.0, 'air_quality': {'co': 978.65, 'no2': 5.92, 'o3': 164.0, 'so2': 13.135, 'pm2_5': 59.385, 'pm10': 183.89, 'us-epa-index': 3, 'gb-defra-index': 8}}}
[2025-04-23T07:29:01.626+0000] {python.py:240} INFO - Done. Returned value was:   location_name country      lat  ...    pm10 us_epa_index  gb_defra_index
0     Kathmandu   Nepal  27.7167  ...  183.89            3               8

[1 rows x 42 columns]
[2025-04-23T07:29:01.675+0000] {taskinstance.py:341} INFO - ::group::Post task execution logs
[2025-04-23T07:29:01.675+0000] {taskinstance.py:353} INFO - Marking task as SUCCESS. dag_id=fetch_weather_data, task_id=extract_weather_data, run_id=manual__2025-04-23T07:28:59.882567+00:00, execution_date=20250423T072859, start_date=20250423T072901, end_date=20250423T072901
[2025-04-23T07:29:01.717+0000] {local_task_job_runner.py:266} INFO - Task exited with return code 0
[2025-04-23T07:29:01.730+0000] {taskinstance.py:3901} INFO - 1 downstream tasks scheduled from follow-on schedule check
[2025-04-23T07:29:01.731+0000] {local_task_job_runner.py:245} INFO - ::endgroup::
