[2025-04-23T11:04:03.088+0000] {local_task_job_runner.py:123} INFO - ::group::Pre task execution logs
[2025-04-23T11:04:03.100+0000] {taskinstance.py:2614} INFO - Dependencies all met for dep_context=non-requeueable deps ti=<TaskInstance: dbt_transform.dbt_task_group.fact_weather_data_run manual__2025-04-23T10:57:01.209842+00:00 [queued]>
[2025-04-23T11:04:03.104+0000] {taskinstance.py:2614} INFO - Dependencies all met for dep_context=requeueable deps ti=<TaskInstance: dbt_transform.dbt_task_group.fact_weather_data_run manual__2025-04-23T10:57:01.209842+00:00 [queued]>
[2025-04-23T11:04:03.104+0000] {taskinstance.py:2867} INFO - Starting attempt 7 of 9
[2025-04-23T11:04:03.110+0000] {taskinstance.py:2890} INFO - Executing <Task(DbtRunLocalOperator): dbt_task_group.fact_weather_data_run> on 2025-04-23 10:57:01.209842+00:00
[2025-04-23T11:04:03.116+0000] {warnings.py:112} WARNING - /home/***/.local/lib/python3.12/site-packages/***/task/task_runner/standard_task_runner.py:70: DeprecationWarning: This process (pid=14514) is multi-threaded, use of fork() may lead to deadlocks in the child.
  pid = os.fork()

[2025-04-23T11:04:03.117+0000] {standard_task_runner.py:72} INFO - Started process 14515 to run task
[2025-04-23T11:04:03.117+0000] {standard_task_runner.py:104} INFO - Running: ['***', 'tasks', 'run', 'dbt_transform', 'dbt_task_group.fact_weather_data_run', 'manual__2025-04-23T10:57:01.209842+00:00', '--job-id', '333', '--raw', '--subdir', 'DAGS_FOLDER/dbtdag.py', '--cfg-path', '/tmp/tmpdz0_m70f']
[2025-04-23T11:04:03.118+0000] {standard_task_runner.py:105} INFO - Job 333: Subtask dbt_task_group.fact_weather_data_run
[2025-04-23T11:04:03.138+0000] {task_command.py:467} INFO - Running <TaskInstance: dbt_transform.dbt_task_group.fact_weather_data_run manual__2025-04-23T10:57:01.209842+00:00 [running]> on host eb276ba0497d
[2025-04-23T11:04:03.177+0000] {taskinstance.py:3134} INFO - Exporting env vars: AIRFLOW_CTX_DAG_OWNER='***' AIRFLOW_CTX_DAG_ID='dbt_transform' AIRFLOW_CTX_TASK_ID='dbt_task_group.fact_weather_data_run' AIRFLOW_CTX_EXECUTION_DATE='2025-04-23T10:57:01.209842+00:00' AIRFLOW_CTX_TRY_NUMBER='7' AIRFLOW_CTX_DAG_RUN_ID='manual__2025-04-23T10:57:01.209842+00:00'
[2025-04-23T11:04:03.179+0000] {taskinstance.py:732} INFO - ::endgroup::
[2025-04-23T11:04:03.816+0000] {local.py:213} INFO - dbtRunner is available. Using dbtRunner for invoking dbt.
[2025-04-23T11:04:03.816+0000] {local.py:416} INFO - Cloning project to writable temp directory /tmp/tmpyz7b_318 from /opt/airflow/dags/dbt/weather
[2025-04-23T11:04:03.817+0000] {local.py:427} INFO - Partial parse is enabled and the latest partial parse file is /tmp/cosmos/dbt_transform__dbt_task_group/target/partial_parse.msgpack
[2025-04-23T11:04:03.821+0000] {config.py:360} INFO - Profile caching is enable.
[2025-04-23T11:04:03.825+0000] {base.py:84} INFO - Retrieving connection 'postgres'
[2025-04-23T11:04:03.826+0000] {config.py:340} INFO - Profile found in cache using profile: /tmp/cosmos/profile/e6e13df970e8fe3ebb4d61c03236437e24a01a4909ada5aa9ec817ff39ff3ca3/profiles.yml.
[2025-04-23T11:04:03.828+0000] {runner.py:60} INFO - Trying to run dbtRunner with:
 ['deps', '--project-dir', '/tmp/tmpyz7b_318', '--profiles-dir', '/tmp/cosmos/profile/e6e13df970e8fe3ebb4d61c03236437e24a01a4909ada5aa9ec817ff39ff3ca3', '--profile', 'default', '--target', 'dev']
 in /tmp/tmpyz7b_318
[2025-04-23T11:04:03.855+0000] {logging_mixin.py:190} INFO - 11:04:03  Running with dbt=1.8.7
[2025-04-23T11:04:04.737+0000] {logging_mixin.py:190} INFO - 11:04:04  Installing dbt-labs/dbt_utils
[2025-04-23T11:04:05.572+0000] {logging_mixin.py:190} INFO - 11:04:05  Installed from version 0.9.6
[2025-04-23T11:04:05.573+0000] {logging_mixin.py:190} INFO - 11:04:05  Updated version available: 1.3.0
[2025-04-23T11:04:05.573+0000] {logging_mixin.py:190} INFO - 11:04:05
[2025-04-23T11:04:05.574+0000] {logging_mixin.py:190} INFO - 11:04:05  Updates available for packages: ['dbt-labs/dbt_utils']                 
Update your versions in packages.yml, then run dbt deps
[2025-04-23T11:04:06.495+0000] {runner.py:60} INFO - Trying to run dbtRunner with:
 ['run', '--models', 'fact_weather_data', '--project-dir', '/tmp/tmpyz7b_318', '--profiles-dir', '/tmp/cosmos/profile/e6e13df970e8fe3ebb4d61c03236437e24a01a4909ada5aa9ec817ff39ff3ca3', '--profile', 'default', '--target', 'dev']
 in /tmp/tmpyz7b_318
[2025-04-23T11:04:06.500+0000] {logging_mixin.py:190} INFO - 11:04:06  Running with dbt=1.8.7
[2025-04-23T11:04:06.574+0000] {logging_mixin.py:190} INFO - 11:04:06  Registered adapter: postgres=1.9.0
[2025-04-23T11:04:06.977+0000] {logging_mixin.py:190} INFO - 11:04:06  Found 5 models, 626 macros
[2025-04-23T11:04:06.978+0000] {logging_mixin.py:190} INFO - 11:04:06
[2025-04-23T11:04:07.019+0000] {logging_mixin.py:190} INFO - 11:04:07  Concurrency: 1 threads (target='dev')
[2025-04-23T11:04:07.020+0000] {logging_mixin.py:190} INFO - 11:04:07
[2025-04-23T11:04:07.021+0000] {logging_mixin.py:190} INFO - 11:04:07  1 of 1 START sql table model transformed.fact_weather_data ..................... [RUN]
[2025-04-23T11:04:07.087+0000] {logging_mixin.py:190} INFO - 11:04:07  1 of 1 OK created sql table model transformed.fact_weather_data ................ [SELECT 192 in 0.06s]
[2025-04-23T11:04:07.092+0000] {logging_mixin.py:190} INFO - 11:04:07
[2025-04-23T11:04:07.092+0000] {logging_mixin.py:190} INFO - 11:04:07  Finished running 1 table model in 0 hours 0 minutes and 0.11 seconds (0.11s).
[2025-04-23T11:04:07.108+0000] {logging_mixin.py:190} INFO - 11:04:07
[2025-04-23T11:04:07.108+0000] {logging_mixin.py:190} INFO - 11:04:07  Completed successfully
[2025-04-23T11:04:07.109+0000] {logging_mixin.py:190} INFO - 11:04:07
[2025-04-23T11:04:07.109+0000] {logging_mixin.py:190} INFO - 11:04:07  Done. PASS=1 WARN=0 ERROR=0 SKIP=0 TOTAL=1
[2025-04-23T11:04:08.128+0000] {local.py:465} INFO - Inlets: [Dataset(uri='postgres://192.168.88.40:9878/postgres.transformed.dim_district', extra=None), Dataset(uri='postgres://192.168.88.40:9878/postgres.transformed.stg_weather_data', extra=None)]
[2025-04-23T11:04:08.129+0000] {local.py:466} INFO - Outlets: [Dataset(uri='postgres://192.168.88.40:9878/postgres.transformed.fact_weather_data', extra=None)]
[2025-04-23T11:04:08.129+0000] {local.py:656} INFO - Assigning inlets/outlets with DatasetAlias
[2025-04-23T11:04:08.155+0000] {taskinstance.py:341} INFO - ::group::Post task execution logs
[2025-04-23T11:04:08.155+0000] {taskinstance.py:353} INFO - Marking task as SUCCESS. dag_id=dbt_transform, task_id=dbt_task_group.fact_weather_data_run, run_id=manual__2025-04-23T10:57:01.209842+00:00, execution_date=20250423T105701, start_date=20250423T110403, end_date=20250423T110408
[2025-04-23T11:04:08.159+0000] {taskinstance.py:3064} INFO - Creating event for DatasetModel(uri='postgres://192.168.88.40:9878/postgres.transformed.fact_weather_data', extra={}) through aliases "dbt_transform__dbt_task_group__fact_weather_data_run"
[2025-04-23T11:04:08.206+0000] {local_task_job_runner.py:266} INFO - Task exited with return code 0
[2025-04-23T11:04:08.216+0000] {taskinstance.py:3901} INFO - 0 downstream tasks scheduled from follow-on schedule check
[2025-04-23T11:04:08.218+0000] {local_task_job_runner.py:245} INFO - ::endgroup::
