[2025-04-23T10:59:04.268+0000] {local_task_job_runner.py:123} INFO - ::group::Pre task execution logs
[2025-04-23T10:59:04.279+0000] {taskinstance.py:2614} INFO - Dependencies all met for dep_context=non-requeueable deps ti=<TaskInstance: dbt_transform.dbt_task_group.fact_weather_data_run manual__2025-04-23T10:57:01.209842+00:00 [queued]>
[2025-04-23T10:59:04.283+0000] {taskinstance.py:2614} INFO - Dependencies all met for dep_context=requeueable deps ti=<TaskInstance: dbt_transform.dbt_task_group.fact_weather_data_run manual__2025-04-23T10:57:01.209842+00:00 [queued]>
[2025-04-23T10:59:04.283+0000] {taskinstance.py:2867} INFO - Starting attempt 2 of 4
[2025-04-23T10:59:04.289+0000] {taskinstance.py:2890} INFO - Executing <Task(DbtRunLocalOperator): dbt_task_group.fact_weather_data_run> on 2025-04-23 10:57:01.209842+00:00
[2025-04-23T10:59:04.296+0000] {warnings.py:112} WARNING - /home/***/.local/lib/python3.12/site-packages/***/task/task_runner/standard_task_runner.py:70: DeprecationWarning: This process (pid=13792) is multi-threaded, use of fork() may lead to deadlocks in the child.
  pid = os.fork()

[2025-04-23T10:59:04.297+0000] {standard_task_runner.py:72} INFO - Started process 13866 to run task
[2025-04-23T10:59:04.297+0000] {standard_task_runner.py:104} INFO - Running: ['***', 'tasks', 'run', 'dbt_transform', 'dbt_task_group.fact_weather_data_run', 'manual__2025-04-23T10:57:01.209842+00:00', '--job-id', '320', '--raw', '--subdir', 'DAGS_FOLDER/dbtdag.py', '--cfg-path', '/tmp/tmp_kxemhf1']
[2025-04-23T10:59:04.298+0000] {standard_task_runner.py:105} INFO - Job 320: Subtask dbt_task_group.fact_weather_data_run
[2025-04-23T10:59:04.318+0000] {task_command.py:467} INFO - Running <TaskInstance: dbt_transform.dbt_task_group.fact_weather_data_run manual__2025-04-23T10:57:01.209842+00:00 [running]> on host eb276ba0497d
[2025-04-23T10:59:04.357+0000] {taskinstance.py:3134} INFO - Exporting env vars: AIRFLOW_CTX_DAG_OWNER='***' AIRFLOW_CTX_DAG_ID='dbt_transform' AIRFLOW_CTX_TASK_ID='dbt_task_group.fact_weather_data_run' AIRFLOW_CTX_EXECUTION_DATE='2025-04-23T10:57:01.209842+00:00' AIRFLOW_CTX_TRY_NUMBER='2' AIRFLOW_CTX_DAG_RUN_ID='manual__2025-04-23T10:57:01.209842+00:00'
[2025-04-23T10:59:04.359+0000] {taskinstance.py:732} INFO - ::endgroup::
[2025-04-23T10:59:04.360+0000] {local.py:213} INFO - dbtRunner is available. Using dbtRunner for invoking dbt.
[2025-04-23T10:59:04.360+0000] {local.py:416} INFO - Cloning project to writable temp directory /tmp/tmpz5tcex8d from /opt/airflow/dags/dbt/weather
[2025-04-23T10:59:04.361+0000] {local.py:427} INFO - Partial parse is enabled and the latest partial parse file is /tmp/cosmos/dbt_transform__dbt_task_group/target/partial_parse.msgpack
[2025-04-23T10:59:04.366+0000] {config.py:360} INFO - Profile caching is enable.
[2025-04-23T10:59:04.370+0000] {base.py:84} INFO - Retrieving connection 'postgres'
[2025-04-23T10:59:04.370+0000] {config.py:340} INFO - Profile found in cache using profile: /tmp/cosmos/profile/e6e13df970e8fe3ebb4d61c03236437e24a01a4909ada5aa9ec817ff39ff3ca3/profiles.yml.
[2025-04-23T10:59:04.372+0000] {runner.py:60} INFO - Trying to run dbtRunner with:
 ['deps', '--project-dir', '/tmp/tmpz5tcex8d', '--profiles-dir', '/tmp/cosmos/profile/e6e13df970e8fe3ebb4d61c03236437e24a01a4909ada5aa9ec817ff39ff3ca3', '--profile', 'default', '--target', 'dev']
 in /tmp/tmpz5tcex8d
[2025-04-23T10:59:04.379+0000] {logging_mixin.py:190} INFO - 10:59:04  Running with dbt=1.8.7
[2025-04-23T10:59:04.401+0000] {logging_mixin.py:190} INFO - 10:59:04  Installing dbt-labs/dbt_utils
[2025-04-23T10:59:05.208+0000] {logging_mixin.py:190} INFO - 10:59:05  Installed from version 0.9.6
[2025-04-23T10:59:05.209+0000] {logging_mixin.py:190} INFO - 10:59:05  Updated version available: 1.3.0
[2025-04-23T10:59:05.209+0000] {logging_mixin.py:190} INFO - 10:59:05
[2025-04-23T10:59:05.210+0000] {logging_mixin.py:190} INFO - 10:59:05  Updates available for packages: ['dbt-labs/dbt_utils']                 
Update your versions in packages.yml, then run dbt deps
[2025-04-23T10:59:06.165+0000] {runner.py:60} INFO - Trying to run dbtRunner with:
 ['run', '--models', 'fact_weather_data', '--project-dir', '/tmp/tmpz5tcex8d', '--profiles-dir', '/tmp/cosmos/profile/e6e13df970e8fe3ebb4d61c03236437e24a01a4909ada5aa9ec817ff39ff3ca3', '--profile', 'default', '--target', 'dev']
 in /tmp/tmpz5tcex8d
[2025-04-23T10:59:06.169+0000] {logging_mixin.py:190} INFO - 10:59:06  Running with dbt=1.8.7
[2025-04-23T10:59:06.193+0000] {logging_mixin.py:190} INFO - 10:59:06  Registered adapter: postgres=1.9.0
[2025-04-23T10:59:06.226+0000] {logging_mixin.py:190} INFO - 10:59:06  Unable to do partial parsing because profile has changed
[2025-04-23T10:59:06.710+0000] {logging_mixin.py:190} INFO - 10:59:06  Found 5 models, 626 macros
[2025-04-23T10:59:06.712+0000] {logging_mixin.py:190} INFO - 10:59:06
[2025-04-23T10:59:06.753+0000] {logging_mixin.py:190} INFO - 10:59:06  Concurrency: 1 threads (target='dev')
[2025-04-23T10:59:06.753+0000] {logging_mixin.py:190} INFO - 10:59:06
[2025-04-23T10:59:06.755+0000] {logging_mixin.py:190} INFO - 10:59:06  1 of 1 START sql table model transformed.fact_weather_data ..................... [RUN]
[2025-04-23T10:59:06.990+0000] {logging_mixin.py:190} INFO - 10:59:06  1 of 1 OK created sql table model transformed.fact_weather_data ................ [SELECT 192 in 0.23s]
[2025-04-23T10:59:06.995+0000] {logging_mixin.py:190} INFO - 10:59:06
[2025-04-23T10:59:06.996+0000] {logging_mixin.py:190} INFO - 10:59:06  Finished running 1 table model in 0 hours 0 minutes and 0.28 seconds (0.28s).
[2025-04-23T10:59:07.011+0000] {logging_mixin.py:190} INFO - 10:59:07
[2025-04-23T10:59:07.012+0000] {logging_mixin.py:190} INFO - 10:59:07  Completed successfully
[2025-04-23T10:59:07.012+0000] {logging_mixin.py:190} INFO - 10:59:07
[2025-04-23T10:59:07.012+0000] {logging_mixin.py:190} INFO - 10:59:07  Done. PASS=1 WARN=0 ERROR=0 SKIP=0 TOTAL=1
[2025-04-23T10:59:08.049+0000] {warnings.py:112} WARNING - /home/***/.local/lib/python3.12/site-packages/cosmos/operators/local.py:616: UserWarning: The dataset URI postgres://192.168.88.40:9878/postgres.transformed.dim_district is not AIP-60 compliant: URI format postgres:// must contain database, schema, and table names. In Airflow 3, this will raise an exception.
  datasets = [Dataset(uri) for uri in uris]

[2025-04-23T10:59:08.049+0000] {warnings.py:112} WARNING - /home/***/.local/lib/python3.12/site-packages/cosmos/operators/local.py:616: UserWarning: The dataset URI postgres://192.168.88.40:9878/postgres.transformed.stg_weather_data is not AIP-60 compliant: URI format postgres:// must contain database, schema, and table names. In Airflow 3, this will raise an exception.
  datasets = [Dataset(uri) for uri in uris]

[2025-04-23T10:59:08.049+0000] {warnings.py:112} WARNING - /home/***/.local/lib/python3.12/site-packages/cosmos/operators/local.py:616: UserWarning: The dataset URI postgres://192.168.88.40:9878/postgres.transformed.fact_weather_data is not AIP-60 compliant: URI format postgres:// must contain database, schema, and table names. In Airflow 3, this will raise an exception.
  datasets = [Dataset(uri) for uri in uris]

[2025-04-23T10:59:08.049+0000] {local.py:465} INFO - Inlets: [Dataset(uri='postgres://192.168.88.40:9878/postgres.transformed.dim_district', extra=None), Dataset(uri='postgres://192.168.88.40:9878/postgres.transformed.stg_weather_data', extra=None)]
[2025-04-23T10:59:08.049+0000] {local.py:466} INFO - Outlets: [Dataset(uri='postgres://192.168.88.40:9878/postgres.transformed.fact_weather_data', extra=None)]
[2025-04-23T10:59:08.050+0000] {local.py:656} INFO - Assigning inlets/outlets with DatasetAlias
[2025-04-23T10:59:08.077+0000] {taskinstance.py:341} INFO - ::group::Post task execution logs
[2025-04-23T10:59:08.077+0000] {taskinstance.py:353} INFO - Marking task as SUCCESS. dag_id=dbt_transform, task_id=dbt_task_group.fact_weather_data_run, run_id=manual__2025-04-23T10:57:01.209842+00:00, execution_date=20250423T105701, start_date=20250423T105904, end_date=20250423T105908
[2025-04-23T10:59:08.080+0000] {taskinstance.py:3064} INFO - Creating event for DatasetModel(uri='postgres://192.168.88.40:9878/postgres.transformed.fact_weather_data', extra={}) through aliases "dbt_transform__dbt_task_group__fact_weather_data_run"
[2025-04-23T10:59:08.160+0000] {local_task_job_runner.py:266} INFO - Task exited with return code 0
[2025-04-23T10:59:08.173+0000] {taskinstance.py:3901} INFO - 0 downstream tasks scheduled from follow-on schedule check
[2025-04-23T10:59:08.174+0000] {local_task_job_runner.py:245} INFO - ::endgroup::
