[2025-04-23T09:40:58.994+0000] {local_task_job_runner.py:123} INFO - ::group::Pre task execution logs
[2025-04-23T09:40:59.003+0000] {taskinstance.py:2614} INFO - Dependencies all met for dep_context=non-requeueable deps ti=<TaskInstance: fetch_weather_data_daily.extract_backfill_data_4 manual__2025-04-23T09:40:46.395557+00:00 [queued]>
[2025-04-23T09:40:59.006+0000] {taskinstance.py:2614} INFO - Dependencies all met for dep_context=requeueable deps ti=<TaskInstance: fetch_weather_data_daily.extract_backfill_data_4 manual__2025-04-23T09:40:46.395557+00:00 [queued]>
[2025-04-23T09:40:59.006+0000] {taskinstance.py:2867} INFO - Starting attempt 1 of 2
[2025-04-23T09:40:59.012+0000] {taskinstance.py:2890} INFO - Executing <Task(_PythonDecoratedOperator): extract_backfill_data_4> on 2025-04-23 09:40:46.395557+00:00
[2025-04-23T09:40:59.018+0000] {warnings.py:112} WARNING - /home/***/.local/lib/python3.12/site-packages/***/task/task_runner/standard_task_runner.py:70: DeprecationWarning: This process (pid=6670) is multi-threaded, use of fork() may lead to deadlocks in the child.
  pid = os.fork()

[2025-04-23T09:40:59.019+0000] {standard_task_runner.py:72} INFO - Started process 6672 to run task
[2025-04-23T09:40:59.019+0000] {standard_task_runner.py:104} INFO - Running: ['***', 'tasks', 'run', 'fetch_weather_data_daily', 'extract_backfill_data_4', 'manual__2025-04-23T09:40:46.395557+00:00', '--job-id', '254', '--raw', '--subdir', 'DAGS_FOLDER/el_daily.py', '--cfg-path', '/tmp/tmp2q_jvf8p']
[2025-04-23T09:40:59.020+0000] {standard_task_runner.py:105} INFO - Job 254: Subtask extract_backfill_data_4
[2025-04-23T09:40:59.042+0000] {task_command.py:467} INFO - Running <TaskInstance: fetch_weather_data_daily.extract_backfill_data_4 manual__2025-04-23T09:40:46.395557+00:00 [running]> on host eb276ba0497d
[2025-04-23T09:40:59.077+0000] {taskinstance.py:3134} INFO - Exporting env vars: AIRFLOW_CTX_DAG_OWNER='***' AIRFLOW_CTX_DAG_ID='fetch_weather_data_daily' AIRFLOW_CTX_TASK_ID='extract_backfill_data_4' AIRFLOW_CTX_EXECUTION_DATE='2025-04-23T09:40:46.395557+00:00' AIRFLOW_CTX_TRY_NUMBER='1' AIRFLOW_CTX_DAG_RUN_ID='manual__2025-04-23T09:40:46.395557+00:00'
[2025-04-23T09:40:59.078+0000] {taskinstance.py:732} INFO - ::endgroup::
[2025-04-23T09:40:59.483+0000] {python.py:240} INFO - Done. Returned value was:          name region country      lat  ...  vis_miles gust_mph  gust_kph   uv
0   Kathmandu          Nepal  27.7167  ...        5.0      5.9       9.4  0.0
1   Kathmandu          Nepal  27.7167  ...        6.0      5.6       9.0  0.0
2   Kathmandu          Nepal  27.7167  ...        6.0      3.7       6.0  0.0
3   Kathmandu          Nepal  27.7167  ...        6.0      1.5       2.4  0.0
4   Kathmandu          Nepal  27.7167  ...        6.0      1.5       2.4  0.0
5   Kathmandu          Nepal  27.7167  ...        6.0      0.4       0.6  0.0
6   Kathmandu          Nepal  27.7167  ...        6.0      1.2       2.0  5.0
7   Kathmandu          Nepal  27.7167  ...        6.0      3.7       5.9  4.0
8   Kathmandu          Nepal  27.7167  ...        5.0      8.0      12.9  5.0
9   Kathmandu          Nepal  27.7167  ...        5.0     10.6      17.1  5.0
10  Kathmandu          Nepal  27.7167  ...        5.0      9.8      15.8  5.0
11  Kathmandu          Nepal  27.7167  ...        5.0      6.8      11.0  5.0
12  Kathmandu          Nepal  27.7167  ...        5.0      7.8      12.5  5.0
13  Kathmandu          Nepal  27.7167  ...        5.0      6.8      10.9  5.0
14  Kathmandu          Nepal  27.7167  ...        6.0     10.9      17.5  5.0
15  Kathmandu          Nepal  27.7167  ...        6.0      9.5      15.3  5.0
16  Kathmandu          Nepal  27.7167  ...        6.0      2.9       4.7  5.0
17  Kathmandu          Nepal  27.7167  ...        5.0      4.3       6.8  5.0
18  Kathmandu          Nepal  27.7167  ...        5.0      4.1       6.6  4.0
19  Kathmandu          Nepal  27.7167  ...        4.0      7.5      12.1  0.0
20  Kathmandu          Nepal  27.7167  ...        4.0      9.1      14.7  0.0
21  Kathmandu          Nepal  27.7167  ...        5.0      5.0       8.1  0.0
22  Kathmandu          Nepal  27.7167  ...        4.0      8.3      13.3  0.0
23  Kathmandu          Nepal  27.7167  ...        6.0      6.0       9.6  0.0

[24 rows x 41 columns]
[2025-04-23T09:40:59.537+0000] {taskinstance.py:341} INFO - ::group::Post task execution logs
[2025-04-23T09:40:59.537+0000] {taskinstance.py:353} INFO - Marking task as SUCCESS. dag_id=fetch_weather_data_daily, task_id=extract_backfill_data_4, run_id=manual__2025-04-23T09:40:46.395557+00:00, execution_date=20250423T094046, start_date=20250423T094059, end_date=20250423T094059
[2025-04-23T09:40:59.593+0000] {local_task_job_runner.py:266} INFO - Task exited with return code 0
[2025-04-23T09:40:59.607+0000] {taskinstance.py:3901} INFO - 1 downstream tasks scheduled from follow-on schedule check
[2025-04-23T09:40:59.609+0000] {local_task_job_runner.py:245} INFO - ::endgroup::
