[2025-04-23T11:15:58.466+0000] {local_task_job_runner.py:123} INFO - ::group::Pre task execution logs
[2025-04-23T11:15:58.477+0000] {taskinstance.py:2614} INFO - Dependencies all met for dep_context=non-requeueable deps ti=<TaskInstance: dbt_transform.dbt_task_group.fact_weather_data_run manual__2025-04-23T11:15:40.898892+00:00 [queued]>
[2025-04-23T11:15:58.482+0000] {taskinstance.py:2614} INFO - Dependencies all met for dep_context=requeueable deps ti=<TaskInstance: dbt_transform.dbt_task_group.fact_weather_data_run manual__2025-04-23T11:15:40.898892+00:00 [queued]>
[2025-04-23T11:15:58.482+0000] {taskinstance.py:2867} INFO - Starting attempt 1 of 3
[2025-04-23T11:15:58.488+0000] {taskinstance.py:2890} INFO - Executing <Task(DbtRunLocalOperator): dbt_task_group.fact_weather_data_run> on 2025-04-23 11:15:40.898892+00:00
[2025-04-23T11:15:58.494+0000] {warnings.py:112} WARNING - /home/***/.local/lib/python3.12/site-packages/***/task/task_runner/standard_task_runner.py:70: DeprecationWarning: This process (pid=15594) is multi-threaded, use of fork() may lead to deadlocks in the child.
  pid = os.fork()

[2025-04-23T11:15:58.495+0000] {standard_task_runner.py:72} INFO - Started process 15595 to run task
[2025-04-23T11:15:58.495+0000] {standard_task_runner.py:104} INFO - Running: ['***', 'tasks', 'run', 'dbt_transform', 'dbt_task_group.fact_weather_data_run', 'manual__2025-04-23T11:15:40.898892+00:00', '--job-id', '345', '--raw', '--subdir', 'DAGS_FOLDER/dbtdag.py', '--cfg-path', '/tmp/tmprjyuq3bs']
[2025-04-23T11:15:58.496+0000] {standard_task_runner.py:105} INFO - Job 345: Subtask dbt_task_group.fact_weather_data_run
[2025-04-23T11:15:58.517+0000] {task_command.py:467} INFO - Running <TaskInstance: dbt_transform.dbt_task_group.fact_weather_data_run manual__2025-04-23T11:15:40.898892+00:00 [running]> on host eb276ba0497d
[2025-04-23T11:15:58.556+0000] {taskinstance.py:3134} INFO - Exporting env vars: AIRFLOW_CTX_DAG_OWNER='***' AIRFLOW_CTX_DAG_ID='dbt_transform' AIRFLOW_CTX_TASK_ID='dbt_task_group.fact_weather_data_run' AIRFLOW_CTX_EXECUTION_DATE='2025-04-23T11:15:40.898892+00:00' AIRFLOW_CTX_TRY_NUMBER='1' AIRFLOW_CTX_DAG_RUN_ID='manual__2025-04-23T11:15:40.898892+00:00'
[2025-04-23T11:15:58.557+0000] {taskinstance.py:732} INFO - ::endgroup::
[2025-04-23T11:15:59.179+0000] {local.py:213} INFO - dbtRunner is available. Using dbtRunner for invoking dbt.
[2025-04-23T11:15:59.179+0000] {local.py:416} INFO - Cloning project to writable temp directory /tmp/tmpmyaovv47 from /opt/airflow/dags/dbt/weather
[2025-04-23T11:15:59.180+0000] {local.py:427} INFO - Partial parse is enabled and the latest partial parse file is /tmp/cosmos/dbt_transform__dbt_task_group/target/partial_parse.msgpack
[2025-04-23T11:15:59.183+0000] {config.py:360} INFO - Profile caching is enable.
[2025-04-23T11:15:59.188+0000] {base.py:84} INFO - Retrieving connection 'postgres'
[2025-04-23T11:15:59.188+0000] {config.py:340} INFO - Profile found in cache using profile: /tmp/cosmos/profile/e6e13df970e8fe3ebb4d61c03236437e24a01a4909ada5aa9ec817ff39ff3ca3/profiles.yml.
[2025-04-23T11:15:59.190+0000] {runner.py:60} INFO - Trying to run dbtRunner with:
 ['deps', '--project-dir', '/tmp/tmpmyaovv47', '--profiles-dir', '/tmp/cosmos/profile/e6e13df970e8fe3ebb4d61c03236437e24a01a4909ada5aa9ec817ff39ff3ca3', '--profile', 'default', '--target', 'dev']
 in /tmp/tmpmyaovv47
[2025-04-23T11:15:59.217+0000] {logging_mixin.py:190} INFO - 11:15:59  Running with dbt=1.8.7
[2025-04-23T11:15:59.690+0000] {logging_mixin.py:190} INFO - 11:15:59  Installing dbt-labs/dbt_utils
[2025-04-23T11:16:01.362+0000] {logging_mixin.py:190} INFO - 11:16:01  Installed from version 0.9.6
[2025-04-23T11:16:01.363+0000] {logging_mixin.py:190} INFO - 11:16:01  Updated version available: 1.3.0
[2025-04-23T11:16:01.364+0000] {logging_mixin.py:190} INFO - 11:16:01
[2025-04-23T11:16:01.364+0000] {logging_mixin.py:190} INFO - 11:16:01  Updates available for packages: ['dbt-labs/dbt_utils']                 
Update your versions in packages.yml, then run dbt deps
[2025-04-23T11:16:02.319+0000] {runner.py:60} INFO - Trying to run dbtRunner with:
 ['run', '--models', 'fact_weather_data', '--project-dir', '/tmp/tmpmyaovv47', '--profiles-dir', '/tmp/cosmos/profile/e6e13df970e8fe3ebb4d61c03236437e24a01a4909ada5aa9ec817ff39ff3ca3', '--profile', 'default', '--target', 'dev']
 in /tmp/tmpmyaovv47
[2025-04-23T11:16:02.323+0000] {logging_mixin.py:190} INFO - 11:16:02  Running with dbt=1.8.7
[2025-04-23T11:16:02.398+0000] {logging_mixin.py:190} INFO - 11:16:02  Registered adapter: postgres=1.9.0
[2025-04-23T11:16:02.789+0000] {logging_mixin.py:190} INFO - 11:16:02  Found 4 models, 626 macros
[2025-04-23T11:16:02.790+0000] {logging_mixin.py:190} INFO - 11:16:02
[2025-04-23T11:16:02.834+0000] {logging_mixin.py:190} INFO - 11:16:02  Concurrency: 1 threads (target='dev')
[2025-04-23T11:16:02.834+0000] {logging_mixin.py:190} INFO - 11:16:02
[2025-04-23T11:16:02.835+0000] {logging_mixin.py:190} INFO - 11:16:02  1 of 1 START sql table model transformed.fact_weather_data ..................... [RUN]
[2025-04-23T11:16:02.900+0000] {logging_mixin.py:190} INFO - 11:16:02  1 of 1 OK created sql table model transformed.fact_weather_data ................ [SELECT 216 in 0.06s]
[2025-04-23T11:16:02.905+0000] {logging_mixin.py:190} INFO - 11:16:02
[2025-04-23T11:16:02.905+0000] {logging_mixin.py:190} INFO - 11:16:02  Finished running 1 table model in 0 hours 0 minutes and 0.11 seconds (0.11s).
[2025-04-23T11:16:02.921+0000] {logging_mixin.py:190} INFO - 11:16:02
[2025-04-23T11:16:02.921+0000] {logging_mixin.py:190} INFO - 11:16:02  Completed successfully
[2025-04-23T11:16:02.922+0000] {logging_mixin.py:190} INFO - 11:16:02
[2025-04-23T11:16:02.922+0000] {logging_mixin.py:190} INFO - 11:16:02  Done. PASS=1 WARN=0 ERROR=0 SKIP=0 TOTAL=1
[2025-04-23T11:16:03.957+0000] {local.py:465} INFO - Inlets: [Dataset(uri='postgres://192.168.88.40:9878/postgres.transformed.dim_district', extra=None), Dataset(uri='postgres://192.168.88.40:9878/postgres.transformed.stg_weather_data', extra=None)]
[2025-04-23T11:16:03.957+0000] {local.py:466} INFO - Outlets: [Dataset(uri='postgres://192.168.88.40:9878/postgres.transformed.fact_weather_data', extra=None)]
[2025-04-23T11:16:03.957+0000] {local.py:656} INFO - Assigning inlets/outlets with DatasetAlias
[2025-04-23T11:16:03.984+0000] {taskinstance.py:341} INFO - ::group::Post task execution logs
[2025-04-23T11:16:03.985+0000] {taskinstance.py:353} INFO - Marking task as SUCCESS. dag_id=dbt_transform, task_id=dbt_task_group.fact_weather_data_run, run_id=manual__2025-04-23T11:15:40.898892+00:00, execution_date=20250423T111540, start_date=20250423T111558, end_date=20250423T111603
[2025-04-23T11:16:03.989+0000] {taskinstance.py:3064} INFO - Creating event for DatasetModel(uri='postgres://192.168.88.40:9878/postgres.transformed.fact_weather_data', extra={}) through aliases "dbt_transform__dbt_task_group__fact_weather_data_run"
[2025-04-23T11:16:04.067+0000] {local_task_job_runner.py:266} INFO - Task exited with return code 0
[2025-04-23T11:16:04.076+0000] {taskinstance.py:3901} INFO - 0 downstream tasks scheduled from follow-on schedule check
[2025-04-23T11:16:04.077+0000] {local_task_job_runner.py:245} INFO - ::endgroup::
