[2025-04-23T06:06:43.845+0000] {local_task_job_runner.py:123} INFO - ::group::Pre task execution logs
[2025-04-23T06:06:43.854+0000] {taskinstance.py:2614} INFO - Dependencies all met for dep_context=non-requeueable deps ti=<TaskInstance: fetch_weather_data.load_to_postgres manual__2025-04-23T05:59:57.139793+00:00 [queued]>
[2025-04-23T06:06:43.858+0000] {taskinstance.py:2614} INFO - Dependencies all met for dep_context=requeueable deps ti=<TaskInstance: fetch_weather_data.load_to_postgres manual__2025-04-23T05:59:57.139793+00:00 [queued]>
[2025-04-23T06:06:43.858+0000] {taskinstance.py:2867} INFO - Starting attempt 2 of 3
[2025-04-23T06:06:43.864+0000] {taskinstance.py:2890} INFO - Executing <Task(_PythonDecoratedOperator): load_to_postgres> on 2025-04-23 05:59:57.139793+00:00
[2025-04-23T06:06:43.870+0000] {warnings.py:112} WARNING - /home/***/.local/lib/python3.12/site-packages/***/task/task_runner/standard_task_runner.py:70: DeprecationWarning: This process (pid=7823) is multi-threaded, use of fork() may lead to deadlocks in the child.
  pid = os.fork()

[2025-04-23T06:06:43.871+0000] {standard_task_runner.py:72} INFO - Started process 7825 to run task
[2025-04-23T06:06:43.871+0000] {standard_task_runner.py:104} INFO - Running: ['***', 'tasks', 'run', 'fetch_weather_data', 'load_to_postgres', 'manual__2025-04-23T05:59:57.139793+00:00', '--job-id', '45', '--raw', '--subdir', 'DAGS_FOLDER/el.py', '--cfg-path', '/tmp/tmp2x8vfdb7']
[2025-04-23T06:06:43.872+0000] {standard_task_runner.py:105} INFO - Job 45: Subtask load_to_postgres
[2025-04-23T06:06:43.893+0000] {task_command.py:467} INFO - Running <TaskInstance: fetch_weather_data.load_to_postgres manual__2025-04-23T05:59:57.139793+00:00 [running]> on host eb276ba0497d
[2025-04-23T06:06:43.971+0000] {taskinstance.py:3134} INFO - Exporting env vars: AIRFLOW_CTX_DAG_OWNER='***' AIRFLOW_CTX_DAG_ID='fetch_weather_data' AIRFLOW_CTX_TASK_ID='load_to_postgres' AIRFLOW_CTX_EXECUTION_DATE='2025-04-23T05:59:57.139793+00:00' AIRFLOW_CTX_TRY_NUMBER='2' AIRFLOW_CTX_DAG_RUN_ID='manual__2025-04-23T05:59:57.139793+00:00'
[2025-04-23T06:06:43.971+0000] {taskinstance.py:732} INFO - ::endgroup::
[2025-04-23T06:06:43.976+0000] {base.py:84} INFO - Retrieving connection 'postgres'
[2025-04-23T06:06:43.981+0000] {logging_mixin.py:190} INFO - {'user': '***', 'channel_binding': 'prefer', 'dbname': 'postgres', 'host': '192.168.88.40', 'port': '9878', 'options': '', 'sslmode': 'prefer', 'sslcompression': '0', 'sslcertmode': 'allow', 'sslsni': '1', 'ssl_min_protocol_version': 'TLSv1.2', 'gssencmode': 'prefer', 'krbsrvname': 'postgres', 'gssdelegation': '0', 'target_session_attrs': 'any', 'load_balance_hosts': 'disable'}
[2025-04-23T06:06:43.981+0000] {python.py:240} INFO - Done. Returned value was: None
[2025-04-23T06:06:43.986+0000] {taskinstance.py:341} INFO - ::group::Post task execution logs
[2025-04-23T06:06:43.986+0000] {taskinstance.py:353} INFO - Marking task as SUCCESS. dag_id=fetch_weather_data, task_id=load_to_postgres, run_id=manual__2025-04-23T05:59:57.139793+00:00, execution_date=20250423T055957, start_date=20250423T060643, end_date=20250423T060643
[2025-04-23T06:06:44.044+0000] {local_task_job_runner.py:266} INFO - Task exited with return code 0
[2025-04-23T06:06:44.053+0000] {taskinstance.py:3901} INFO - 0 downstream tasks scheduled from follow-on schedule check
[2025-04-23T06:06:44.053+0000] {local_task_job_runner.py:245} INFO - ::endgroup::
